t =     0.0250
           x          rho            u            p
    -1.00000      0.99960      0.01495    999.44063
    -0.99800      0.99952      0.01812    999.32232
    -0.99600      0.99942      0.02182    999.18373
    -0.99400      0.99930      0.02614    999.02239
    -0.99200      0.99917      0.03113    998.83574
    -0.99000      0.99901      0.03687    998.62116
    -0.98800      0.99884      0.04343    998.37596
    -0.98600      0.99864      0.05089    998.09746
    -0.98400      0.99842      0.05931    997.78298
    -0.98200      0.99816      0.06876    997.42992
    -0.98000      0.99788      0.07932    997.03580
    -0.97800      0.99757      0.09105    996.59824
    -0.97600      0.99722      0.10400    996.11506
    -0.97400      0.99684      0.11824    995.58427
    -0.97200      0.99643      0.13381    995.00412
    -0.97000      0.99598      0.15075    994.37309
    -0.96800      0.99549      0.16910    993.68997
    -0.96600      0.99496      0.18889    992.95377
    -0.96400      0.99440      0.21013    992.16382
    -0.96200      0.99379      0.23285    991.31972
    -0.96000      0.99315      0.25705    990.42134
    -0.95800      0.99247      0.28273    989.46881
    -0.95600      0.99174      0.30988    988.46253
    -0.95400      0.99099      0.33849    987.40311
    -0.95200      0.99019      0.36854    986.29137
    -0.95000      0.98935      0.40001    985.12832
    -0.94800      0.98848      0.43287    983.91516
    -0.94600      0.98758      0.46709    982.65321
    -0.94400      0.98664      0.50263    981.34390
    -0.94200      0.98566      0.53945    979.98880
    -0.94000      0.98466      0.57753    978.58951
    -0.93800      0.98362      0.61680    977.14772
    -0.93600      0.98255      0.65724    975.66515
    -0.93400      0.98146      0.69880    974.14354
    -0.93200      0.98034      0.74144    972.58465
    -0.93000      0.97919      0.78511    970.99021
    -0.92800      0.97802      0.82977    969.36196
    -0.92600      0.97682      0.87538    967.70160
    -0.92400      0.97560      0.92189    966.01080
    -0.92200      0.97436      0.96926    964.29119
    -0.92000      0.97310      1.01746    962.54436
    -0.91800      0.97182      1.06644    960.77184
    -0.91600      0.97052      1.11618    958.97511
    -0.91400      0.96920      1.16662    957.15559
    -0.91200      0.96787      1.21774    955.31466
    -0.91000      0.96652      1.26951    953.45362
    -0.90800      0.96516      1.32189    951.57372
    -0.90600      0.96378      1.37485    949.67617
    -0.90400      0.96240      1.42837    947.76209
    -0.90200      0.96100      1.48240    945.83259
    -0.90000      0.95958      1.53694    943.88867
    -0.89800      0.95816      1.59196    941.93134
    -0.89600      0.95673      1.64742    939.96150
    -0.89400      0.95529      1.70331    937.98004
    -0.89200      0.95384      1.75961    935.98780
    -0.89000      0.95238      1.81629    933.98555
    -0.88800      0.95091      1.87334    931.97405
    -0.88600      0.94944      1.93074    929.95399
    -0.88400      0.94796      1.98847    927.92605
    -0.88200      0.94648      2.04651    925.89086
    -0.88000      0.94498      2.10486    923.84899
    -0.87800      0.94349      2.16349    921.80103
    -0.87600      0.94199      2.22239    919.74749
    -0.87400      0.94048      2.28156    917.68888
    -0.87200      0.93897      2.34097    915.62567
    -0.87000      0.93745      2.40061    913.55830
    -0.86800      0.93593      2.46048    911.48720
    -0.86600      0.93441      2.52056    909.41275
    -0.86400      0.93288      2.58084    907.33535
    -0.86200      0.93136      2.64132    905.25534
    -0.86000      0.92983      2.70198    903.17306
    -0.85800      0.92829      2.76282    901.08882
    -0.85600      0.92676      2.82384    899.00292
    -0.85400      0.92522      2.88501    896.91565
    -0.85200      0.92368      2.94633    894.82727
    -0.85000      0.92214      3.00781    892.73803
    -0.84800      0.92059      3.06943    890.64818
    -0.84600      0.91905      3.13118    888.55793
    -0.84400      0.91750      3.19306    886.46751
    -0.84200      0.91596      3.25507    884.37711
    -0.84000      0.91441      3.31719    882.28693
    -0.83800      0.91286      3.37943    880.19715
    -0.83600      0.91131      3.44178    878.10794
    -0.83400      0.90976      3.50424    876.01946
    -0.83200      0.90822      3.56680    873.93186
    -0.83000      0.90667      3.62945    871.84530
    -0.82800      0.90512      3.69220    869.75991
    -0.82600      0.90357      3.75503    867.67582
    -0.82400      0.90202      3.81796    865.59316
    -0.82200      0.90047      3.88096    863.51205
    -0.82000      0.89892      3.94405    861.43259
    -0.81800      0.89737      4.00721    859.35490
    -0.81600      0.89582      4.07045    857.27908
    -0.81400      0.89427      4.13376    855.20521
    -0.81200      0.89272      4.19714    853.13340
    -0.81000      0.89117      4.26058    851.06373
    -0.80800      0.88962      4.32409    848.99628
    -0.80600      0.88808      4.38766    846.93114
    -0.80400      0.88653      4.45129    844.86836
    -0.80200      0.88499      4.51498    842.80804
    -0.80000      0.88344      4.57872    840.75023
    -0.79800      0.88190      4.64252    838.69499
    -0.79600      0.88035      4.70637    836.64240
    -0.79400      0.87881      4.77026    834.59250
    -0.79200      0.87727      4.83421    832.54535
    -0.79000      0.87573      4.89821    830.50101
    -0.78800      0.87419      4.96225    828.45952
    -0.78600      0.87266      5.02633    826.42094
    -0.78400      0.87112      5.09046    824.38530
    -0.78200      0.86958      5.15463    822.35265
    -0.78000      0.86805      5.21883    820.32304
    -0.77800      0.86652      5.28308    818.29649
    -0.77600      0.86499      5.34737    816.27306
    -0.77400      0.86346      5.41169    814.25277
    -0.77200      0.86193      5.47604    812.23565
    -0.77000      0.86040      5.54044    810.22175
    -0.76800      0.85887      5.60486    808.21109
    -0.76600      0.85735      5.66932    806.20369
    -0.76400      0.85583      5.73381    804.19960
    -0.76200      0.85430      5.79833    802.19883
    -0.76000      0.85278      5.86287    800.20141
    -0.75800      0.85126      5.92745    798.20736
    -0.75600      0.84975      5.99206    796.21670
    -0.75400      0.84823      6.05669    794.22947
    -0.75200      0.84672      6.12135    792.24567
    -0.75000      0.84520      6.18604    790.26533
    -0.74800      0.84369      6.25075    788.28847
    -0.74600      0.84218      6.31548    786.31510
    -0.74400      0.84067      6.38024    784.34525
    -0.74200      0.83917      6.44502    782.37892
    -0.74000      0.83766      6.50983    780.41613
    -0.73800      0.83616      6.57466    778.45690
    -0.73600      0.83466      6.63951    776.50124
    -0.73400      0.83316      6.70438    774.54917
    -0.73200      0.83166      6.76927    772.60069
    -0.73000      0.83016      6.83417    770.65582
    -0.72800      0.82867      6.89910    768.71457
    -0.72600      0.82718      6.96405    766.77695
    -0.72400      0.82568      7.02902    764.84296
    -0.72200      0.82420      7.09400    762.91263
    -0.72000      0.82271      7.15901    760.98595
    -0.71800      0.82122      7.22403    759.06294
    -0.71600      0.81974      7.28906    757.14361
    -0.71400      0.81825      7.35411    755.22795
    -0.71200      0.81677      7.41918    753.31598
    -0.71000      0.81529      7.48427    751.40771
    -0.70800      0.81382      7.54937    749.50313
    -0.70600      0.81234      7.61448    747.60227
    -0.70400      0.81087      7.67961    745.70511
    -0.70200      0.80940      7.74475    743.81167
    -0.70000      0.80793      7.80991    741.92196
    -0.69800      0.80646      7.87508    740.03597
    -0.69600      0.80499      7.94026    738.15370
    -0.69400      0.80353      8.00546    736.27517
    -0.69200      0.80207      8.07067    734.40038
    -0.69000      0.80061      8.13589    732.52933
    -0.68800      0.79915      8.20112    730.66202
    -0.68600      0.79769      8.26637    728.79845
    -0.68400      0.79623      8.33162    726.93863
    -0.68200      0.79478      8.39689    725.08256
    -0.68000      0.79333      8.46217    723.23025
    -0.67800      0.79188      8.52746    721.38168
    -0.67600      0.79043      8.59276    719.53687
    -0.67400      0.78899      8.65807    717.69581
    -0.67200      0.78754      8.72339    715.85851
    -0.67000      0.78610      8.78872    714.02497
    -0.66800      0.78466      8.85406    712.19519
    -0.66600      0.78322      8.91941    710.36916
    -0.66400      0.78179      8.98477    708.54689
    -0.66200      0.78035      9.05014    706.72838
    -0.66000      0.77892      9.11552    704.91363
    -0.65800      0.77749      9.18090    703.10264
    -0.65600      0.77606      9.24630    701.29540
    -0.65400      0.77463      9.31170    699.49193
    -0.65200      0.77321      9.37711    697.69221
    -0.65000      0.77179      9.44252    695.89624
    -0.64800      0.77037      9.50795    694.10403
    -0.64600      0.76895      9.57338    692.31558
    -0.64400      0.76753      9.63882    690.53088
    -0.64200      0.76612      9.70427    688.74993
    -0.64000      0.76470      9.76972    686.97273
    -0.63800      0.76329      9.83519    685.19929
    -0.63600      0.76188      9.90065    683.42959
    -0.63400      0.76047      9.96613    681.66363
    -0.63200      0.75907     10.03161    679.90143
    -0.63000      0.75767     10.09709    678.14296
    -0.62800      0.75626     10.16259    676.38824
    -0.62600      0.75487     10.22808    674.63726
    -0.62400      0.75347     10.29359    672.89002
    -0.62200      0.75207     10.35910    671.14651
    -0.62000      0.75068     10.42461    669.40674
    -0.61800      0.74929     10.49013    667.67070
    -0.61600      0.74790     10.55566    665.93839
    -0.61400      0.74651     10.62118    664.20981
    -0.61200      0.74512     10.68672    662.48495
    -0.61000      0.74374     10.75226    660.76382
    -0.60800      0.74236     10.81780    659.04641
    -0.60600      0.74098     10.88335    657.33272
    -0.60400      0.73960     10.94890    655.62275
    -0.60200      0.73822     11.01445    653.91649
    -0.60000      0.73685     11.08001    652.21395
    -0.59800      0.73548     11.14557    650.51511
    -0.59600      0.73411     11.21114    648.81999
    -0.59400      0.73274     11.27670    647.12857
    -0.59200      0.73137     11.34228    645.44085
    -0.59000      0.73001     11.40785    643.75684
    -0.58800      0.72865     11.47343    642.07653
    -0.58600      0.72729     11.53901    640.39991
    -0.58400      0.72593     11.60459    638.72699
    -0.58200      0.72457     11.67017    637.05776
    -0.58000      0.72322     11.73576    635.39222
    -0.57800      0.72187     11.80135    633.73037
    -0.57600      0.72052     11.86693    632.07221
    -0.57400      0.71917     11.93253    630.41773
    -0.57200      0.71782     11.99812    628.76693
    -0.57000      0.71648     12.06371    627.11981
    -0.56800      0.71514     12.12930    625.47638
    -0.56600      0.71380     12.19490    623.83661
    -0.56400      0.71246     12.26049    622.20053
    -0.56200      0.71112     12.32609    620.56811
    -0.56000      0.70979     12.39168    618.93937
    -0.55800      0.70846     12.45728    617.31430
    -0.55600      0.70712     12.52287    615.69290
    -0.55400      0.70580     12.58847    614.07516
    -0.55200      0.70447     12.65406    612.46109
    -0.55000      0.70315     12.71965    610.85069
    -0.54800      0.70182     12.78525    609.24395
    -0.54600      0.70050     12.85084    607.64087
    -0.54400      0.69919     12.91642    606.04146
    -0.54200      0.69787     12.98201    604.44570
    -0.54000      0.69656     13.04759    602.85361
    -0.53800      0.69524     13.11317    601.26518
    -0.53600      0.69393     13.17875    599.68041
    -0.53400      0.69263     13.24432    598.09930
    -0.53200      0.69132     13.30989    596.52185
    -0.53000      0.69002     13.37546    594.94806
    -0.52800      0.68871     13.44102    593.37794
    -0.52600      0.68741     13.50658    591.81147
    -0.52400      0.68612     13.57214    590.24867
    -0.52200      0.68482     13.63768    588.68954
    -0.52000      0.68353     13.70323    587.13407
    -0.51800      0.68224     13.76876    585.58227
    -0.51600      0.68095     13.83429    584.03414
    -0.51400      0.67966     13.89981    582.48968
    -0.51200      0.67837     13.96533    580.94890
    -0.51000      0.67709     14.03084    579.41180
    -0.50800      0.67581     14.09634    577.87838
    -0.50600      0.67453     14.16183    576.34865
    -0.50400      0.67325     14.22731    574.82260
    -0.50200      0.67198     14.29278    573.30025
    -0.50000      0.67071     14.35824    571.78160
    -0.49800      0.66944     14.42369    570.26666
    -0.49600      0.66817     14.48913    568.75542
    -0.49400      0.66690     14.55455    567.24790
    -0.49200      0.66564     14.61997    565.74411
    -0.49000      0.66438     14.68537    564.24405
    -0.48800      0.66312     14.75075    562.74773
    -0.48600      0.66186     14.81612    561.25516
    -0.48400      0.66061     14.88147    559.76635
    -0.48200      0.65935     14.94681    558.28130
    -0.48000      0.65810     15.01213    556.80004
    -0.47800      0.65685     15.07743    555.32257
    -0.47600      0.65561     15.14271    553.84890
    -0.47400      0.65436     15.20797    552.37905
    -0.47200      0.65312     15.27321    550.91304
    -0.47000      0.65188     15.33843    549.45087
    -0.46800      0.65065     15.40362    547.99257
    -0.46600      0.64941     15.46878    546.53815
    -0.46400      0.64818     15.53392    545.08764
    -0.46200      0.64695     15.59904    543.64105
    -0.46000      0.64572     15.66412    542.19840
    -0.45800      0.64450     15.72917    540.75972
    -0.45600      0.64327     15.79419    539.32504
    -0.45400      0.64205     15.85917    537.89438
    -0.45200      0.64084     15.92412    536.46777
    -0.45000      0.63962     15.98903    535.04523
    -0.44800      0.63841     16.05390    533.62681
    -0.44600      0.63720     16.11873    532.21254
    -0.44400      0.63599     16.18351    530.80245
    -0.44200      0.63479     16.24825    529.39658
    -0.44000      0.63359     16.31293    527.99499
    -0.43800      0.63239     16.37757    526.59770
    -0.43600      0.63119     16.44215    525.20478
    -0.43400      0.63000     16.50667    523.81627
    -0.43200      0.62881     16.57113    522.43223
    -0.43000      0.62762     16.63552    521.05272
    -0.42800      0.62644     16.69984    519.67780
    -0.42600      0.62526     16.76410    518.30754
    -0.42400      0.62408     16.82827    516.94202
    -0.42200      0.62291     16.89237    515.58131
    -0.42000      0.62174     16.95637    514.22550
    -0.41800      0.62057     17.02029    512.87467
    -0.41600      0.61940     17.08411    511.52893
    -0.41400      0.61824     17.14782    510.18837
    -0.41200      0.61709     17.21143    508.85312
    -0.41000      0.61593     17.27492    507.52329
    -0.40800      0.61479     17.33829    506.19900
    -0.40600      0.61364     17.40153    504.88040
    -0.40400      0.61250     17.46463    503.56764
    -0.40200      0.61136     17.52758    502.26088
    -0.40000      0.61023     17.59037    500.96029
    -0.39800      0.60910     17.65300    499.66605
    -0.39600      0.60798     17.71544    498.37838
    -0.39400      0.60687     17.77770    497.09749
    -0.39200      0.60575     17.83975    495.82360
    -0.39000      0.60465     17.90158    494.55698
    -0.38800      0.60355     17.96318    493.29791
    -0.38600      0.60245     18.02453    492.04667
    -0.38400      0.60136     18.08561    490.80359
    -0.38200      0.60028     18.14641    489.56901
    -0.38000      0.59921     18.20689    488.34331
    -0.37800      0.59814     18.26705    487.12690
    -0.37600      0.59708     18.32686    485.92022
    -0.37400      0.59603     18.38628    484.72374
    -0.37200      0.59499     18.44530    483.53799
    -0.37000      0.59396     18.50388    482.36352
    -0.36800      0.59293     18.56198    481.20094
    -0.36600      0.59192     18.61958    480.05090
    -0.36400      0.59092     18.67663    478.91412
    -0.36200      0.58993     18.73309    477.79136
    -0.36000      0.58895     18.78891    476.68346
    -0.35800      0.58798     18.84405    475.59130
    -0.35600      0.58703     18.89845    474.51587
    -0.35400      0.58610     18.95206    473.45819
    -0.35200      0.58518     19.00481    472.41939
    -0.35000      0.58428     19.05664    471.40066
    -0.34800      0.58339     19.10747    470.40328
    -0.34600      0.58253     19.15724    469.42862
    -0.34400      0.58169     19.20585    468.47813
    -0.34200      0.58087     19.25324    467.55332
    -0.34000      0.58007     19.29930    466.65581
    -0.33800      0.57930     19.34395    465.78728
    -0.33600      0.57855     19.38709    464.94946
    -0.33400      0.57784     19.42861    464.14414
    -0.33200      0.57715     19.46843    463.37313
    -0.33000      0.57649     19.50643    462.63826
    -0.32800      0.57587     19.54252    461.94132
    -0.32600      0.57529     19.57660    461.28405
    -0.32400      0.57474     19.60857    460.66812
    -0.32200      0.57423     19.63835    460.09504
    -0.32000      0.57376     19.66586    459.56614
    -0.31800      0.57332     19.69105    459.08252
    -0.31600      0.57293     19.71385    458.64500
    -0.31400      0.57258     19.73424    458.25405
    -0.31200      0.57228     19.75220    457.90977
    -0.31000      0.57201     19.76776    457.61182
    -0.30800      0.57179     19.78095    457.35943
    -0.30600      0.57160     19.79183    457.15133
    -0.30400      0.57145     19.80048    456.98582
    -0.30200      0.57134     19.80702    456.86070
    -0.30000      0.57126     19.81159    456.77340
    -0.29800      0.57121     19.81433    456.72096
    -0.29600      0.57119     19.81542    456.70014
    -0.29400      0.57120     19.81504    456.70749
    -0.29200      0.57123     19.81336    456.73943
    -0.29000      0.57128     19.81059    456.79237
    -0.28800      0.57134     19.80691    456.86277
    -0.28600      0.57141     19.80249    456.94723
    -0.28400      0.57150     19.79750    457.04261
    -0.28200      0.57159     19.79210    457.14598
    -0.28000      0.57169     19.78641    457.25477
    -0.27800      0.57179     19.78056    457.36673
    -0.27600      0.57189     19.77464    457.47995
    -0.27400      0.57199     19.76874    457.59285
    -0.27200      0.57209     19.76292    457.70418
    -0.27000      0.57218     19.75724    457.81296
    -0.26800      0.57228     19.75173    457.91848
    -0.26600      0.57237     19.74642    458.02024
    -0.26400      0.57246     19.74132    458.11795
    -0.26200      0.57254     19.73644    458.21143
    -0.26000      0.57262     19.73178    458.30065
    -0.25800      0.57269     19.72735    458.38566
    -0.25600      0.57277     19.72313    458.46658
    -0.25400      0.57283     19.71911    458.54355
    -0.25200      0.57290     19.71529    458.61679
    -0.25000      0.57296     19.71166    458.68648
    -0.24800      0.57302     19.70820    458.75284
    -0.24600      0.57308     19.70490    458.81608
    -0.24400      0.57313     19.70176    458.87640
    -0.24200      0.57318     19.69875    458.93400
    -0.24000      0.57323     19.69588    458.98905
    -0.23800      0.57328     19.69314    459.04172
    -0.23600      0.57332     19.69051    459.09218
    -0.23400      0.57336     19.68799    459.14057
    -0.23200      0.57340     19.68557    459.18701
    -0.23000      0.57344     19.68324    459.23162
    -0.22800      0.57348     19.68101    459.27453
    -0.22600      0.57352     19.67886    459.31582
    -0.22400      0.57355     19.67679    459.35560
    -0.22200      0.57359     19.67479    459.39394
    -0.22000      0.57362     19.67286    459.43093
    -0.21800      0.57365     19.67100    459.46663
    -0.21600      0.57368     19.66921    459.50111
    -0.21400      0.57371     19.66747    459.53444
    -0.21200      0.57374     19.66579    459.56666
    -0.21000      0.57377     19.66417    459.59783
    -0.20800      0.57379     19.66260    459.62800
    -0.20600      0.57382     19.66108    459.65722
    -0.20400      0.57384     19.65960    459.68552
    -0.20200      0.57387     19.65818    459.71295
    -0.20000      0.57389     19.65679    459.73954
    -0.19800      0.57391     19.65545    459.76534
    -0.19600      0.57394     19.65415    459.79036
    -0.19400      0.57396     19.65288    459.81464
    -0.19200      0.57398     19.65165    459.83822
    -0.19000      0.57400     19.65046    459.86112
    -0.18800      0.57402     19.64930    459.88336
    -0.18600      0.57404     19.64818    459.90497
    -0.18400      0.57405     19.64709    459.92597
    -0.18200      0.57407     19.64602    459.94640
    -0.18000      0.57409     19.64499    459.96625
    -0.17800      0.57411     19.64398    459.98557
    -0.17600      0.57412     19.64301    460.00436
    -0.17400      0.57414     19.64205    460.02265
    -0.17200      0.57415     19.64113    460.04045
    -0.17000      0.57417     19.64023    460.05778
    -0.16800      0.57418     19.63935    460.07465
    -0.16600      0.57420     19.63849    460.09109
    -0.16400      0.57421     19.63766    460.10710
    -0.16200      0.57422     19.63685    460.12270
    -0.16000      0.57424     19.63606    460.13790
    -0.15800      0.57425     19.63528    460.15272
    -0.15600      0.57426     19.63453    460.16716
    -0.15400      0.57427     19.63380    460.18125
    -0.15200      0.57429     19.63308    460.19498
    -0.15000      0.57430     19.63239    460.20838
    -0.14800      0.57431     19.63171    460.22145
    -0.14600      0.57432     19.63104    460.23420
    -0.14400      0.57433     19.63039    460.24664
    -0.14200      0.57434     19.62976    460.25879
    -0.14000      0.57435     19.62915    460.27064
    -0.13800      0.57436     19.62854    460.28222
    -0.13600      0.57437     19.62795    460.29352
    -0.13400      0.57438     19.62738    460.30455
    -0.13200      0.57439     19.62682    460.31533
    -0.13000      0.57440     19.62627    460.32586
    -0.12800      0.57441     19.62574    460.33614
    -0.12600      0.57442     19.62521    460.34619
    -0.12400      0.57442     19.62470    460.35601
    -0.12200      0.57443     19.62420    460.36560
    -0.12000      0.57444     19.62371    460.37498
    -0.11800      0.57445     19.62324    460.38415
    -0.11600      0.57445     19.62277    460.39311
    -0.11400      0.57446     19.62231    460.40187
    -0.11200      0.57447     19.62187    460.41044
    -0.11000      0.57448     19.62143    460.41882
    -0.10800      0.57448     19.62100    460.42702
    -0.10600      0.57449     19.62059    460.43503
    -0.10400      0.57450     19.62018    460.44288
    -0.10200      0.57450     19.61978    460.45055
    -0.10000      0.57451     19.61939    460.45806
    -0.09800      0.57451     19.61900    460.46540
    -0.09600      0.57452     19.61863    460.47259
    -0.09400      0.57453     19.61826    460.47963
    -0.09200      0.57453     19.61790    460.48652
    -0.09000      0.57454     19.61755    460.49326
    -0.08800      0.57454     19.61721    460.49987
    -0.08600      0.57455     19.61687    460.50633
    -0.08400      0.57455     19.61654    460.51266
    -0.08200      0.57456     19.61622    460.51886
    -0.08000      0.57456     19.61590    460.52493
    -0.07800      0.57457     19.61559    460.53088
    -0.07600      0.57457     19.61529    460.53670
    -0.07400      0.57458     19.61499    460.54241
    -0.07200      0.57458     19.61470    460.54800
    -0.07000      0.57459     19.61441    460.55347
    -0.06800      0.57459     19.61413    460.55884
    -0.06600      0.57459     19.61386    460.56410
    -0.06400      0.57460     19.61359    460.56926
    -0.06200      0.57460     19.61333    460.57431
    -0.06000      0.57461     19.61307    460.57926
    -0.05800      0.57461     19.61282    460.58412
    -0.05600      0.57461     19.61257    460.58888
    -0.05400      0.57462     19.61232    460.59355
    -0.05200      0.57462     19.61209    460.59812
    -0.05000      0.57462     19.61185    460.60261
    -0.04800      0.57463     19.61162    460.60702
    -0.04600      0.57463     19.61140    460.61134
    -0.04400      0.57463     19.61118    460.61557
    -0.04200      0.57464     19.61096    460.61973
    -0.04000      0.57464     19.61075    460.62381
    -0.03800      0.57464     19.61054    460.62782
    -0.03600      0.57464     19.61033    460.63175
    -0.03400      0.57465     19.61013    460.63561
    -0.03200      0.57465     19.60993    460.63940
    -0.03000      0.57465     19.60974    460.64313
    -0.02800      0.57466     19.60955    460.64679
    -0.02600      0.57466     19.60936    460.65038
    -0.02400      0.57466     19.60917    460.65391
    -0.02200      0.57466     19.60899    460.65738
    -0.02000      0.57466     19.60881    460.66079
    -0.01800      0.57467     19.60864    460.66415
    -0.01600      0.57467     19.60847    460.66745
    -0.01400      0.57467     19.60830    460.67069
    -0.01200      0.57467     19.60813    460.67387
    -0.01000      0.57468     19.60797    460.67701
    -0.00800      0.57468     19.60781    460.68009
    -0.00600      0.57468     19.60765    460.68311
    -0.00400      0.57468     19.60749    460.68609
    -0.00200      0.57468     19.60734    460.68902
     0.00000      0.57469     19.60719    460.69189
     0.00200      0.57469     19.60704    460.69472
     0.00400      0.57469     19.60689    460.69750
     0.00600      0.57469     19.60675    460.70023
     0.00800      0.57469     19.60661    460.70291
     0.01000      0.57469     19.60647    460.70554
     0.01200      0.57470     19.60634    460.70812
     0.01400      0.57470     19.60621    460.71066
     0.01600      0.57470     19.60607    460.71315
     0.01800      0.57470     19.60595    460.71559
     0.02000      0.57470     19.60582    460.71799
     0.02200      0.57470     19.60570    460.72035
     0.02400      0.57470     19.60558    460.72266
     0.02600      0.57470     19.60546    460.72492
     0.02800      0.57471     19.60534    460.72715
     0.03000      0.57471     19.60523    460.72933
     0.03200      0.57471     19.60511    460.73147
     0.03400      0.57471     19.60500    460.73357
     0.03600      0.57471     19.60490    460.73563
     0.03800      0.57471     19.60479    460.73766
     0.04000      0.57471     19.60469    460.73964
     0.04200      0.57471     19.60458    460.74159
     0.04400      0.57471     19.60448    460.74350
     0.04600      0.57471     19.60438    460.74538
     0.04800      0.57471     19.60429    460.74723
     0.05000      0.57472     19.60419    460.74904
     0.05200      0.57472     19.60410    460.75082
     0.05400      0.57472     19.60401    460.75256
     0.05600      0.57472     19.60392    460.75428
     0.05800      0.57472     19.60383    460.75597
     0.06000      0.57472     19.60374    460.75763
     0.06200      0.57472     19.60365    460.75926
     0.06400      0.57472     19.60357    460.76087
     0.06600      0.57472     19.60349    460.76245
     0.06800      0.57472     19.60340    460.76400
     0.07000      0.57472     19.60332    460.76553
     0.07200      0.57472     19.60324    460.76703
     0.07400      0.57472     19.60317    460.76852
     0.07600      0.57472     19.60309    460.76998
     0.07800      0.57472     19.60301    460.77142
     0.08000      0.57472     19.60294    460.77284
     0.08200      0.57472     19.60286    460.77424
     0.08400      0.57472     19.60279    460.77562
     0.08600      0.57472     19.60272    460.77699
     0.08800      0.57472     19.60265    460.77834
     0.09000      0.57472     19.60258    460.77966
     0.09200      0.57472     19.60251    460.78098
     0.09400      0.57472     19.60244    460.78227
     0.09600      0.57472     19.60237    460.78356
     0.09800      0.57472     19.60230    460.78482
     0.10000      0.57472     19.60224    460.78607
     0.10200      0.57472     19.60217    460.78730
     0.10400      0.57472     19.60211    460.78852
     0.10600      0.57472     19.60204    460.78972
     0.10800      0.57472     19.60198    460.79091
     0.11000      0.57472     19.60192    460.79208
     0.11200      0.57472     19.60186    460.79324
     0.11400      0.57472     19.60180    460.79437
     0.11600      0.57472     19.60174    460.79549
     0.11800      0.57472     19.60168    460.79660
     0.12000      0.57472     19.60162    460.79768
     0.12200      0.57472     19.60156    460.79875
     0.12400      0.57472     19.60151    460.79980
     0.12600      0.57472     19.60145    460.80084
     0.12800      0.57472     19.60140    460.80185
     0.13000      0.57472     19.60135    460.80285
     0.13200      0.57472     19.60129    460.80383
     0.13400      0.57472     19.60124    460.80479
     0.13600      0.57472     19.60119    460.80573
     0.13800      0.57472     19.60114    460.80665
     0.14000      0.57472     19.60109    460.80756
     0.14200      0.57472     19.60105    460.80845
     0.14400      0.57471     19.60100    460.80932
     0.14600      0.57471     19.60095    460.81018
     0.14800      0.57471     19.60091    460.81102
     0.15000      0.57471     19.60087    460.81184
     0.15200      0.57471     19.60082    460.81265
     0.15400      0.57471     19.60078    460.81344
     0.15600      0.57471     19.60074    460.81422
     0.15800      0.57471     19.60070    460.81499
     0.16000      0.57471     19.60066    460.81574
     0.16200      0.57471     19.60062    460.81647
     0.16400      0.57471     19.60058    460.81720
     0.16600      0.57471     19.60054    460.81791
     0.16800      0.57470     19.60050    460.81861
     0.17000      0.57470     19.60046    460.81930
     0.17200      0.57470     19.60043    460.81998
     0.17400      0.57470     19.60039    460.82065
     0.17600      0.57470     19.60036    460.82131
     0.17800      0.57470     19.60032    460.82196
     0.18000      0.57470     19.60029    460.82261
     0.18200      0.57470     19.60025    460.82324
     0.18400      0.57469     19.60022    460.82387
     0.18600      0.57469     19.60018    460.82449
     0.18800      0.57469     19.60015    460.82511
     0.19000      0.57469     19.60012    460.82572
     0.19200      0.57469     19.60008    460.82633
     0.19400      0.57469     19.60005    460.82693
     0.19600      0.57469     19.60002    460.82752
     0.19800      0.57468     19.59999    460.82811
     0.20000      0.57468     19.59995    460.82870
     0.20200      0.57468     19.59992    460.82929
     0.20400      0.57468     19.59989    460.82987
     0.20600      0.57468     19.59986    460.83044
     0.20800      0.57468     19.59983    460.83101
     0.21000      0.57468     19.59980    460.83158
     0.21200      0.57467     19.59977    460.83214
     0.21400      0.57467     19.59974    460.83270
     0.21600      0.57467     19.59971    460.83325
     0.21800      0.57467     19.59968    460.83380
     0.22000      0.57467     19.59965    460.83434
     0.22200      0.57466     19.59962    460.83487
     0.22400      0.57466     19.59959    460.83539
     0.22600      0.57466     19.59956    460.83591
     0.22800      0.57466     19.59953    460.83642
     0.23000      0.57466     19.59950    460.83693
     0.23200      0.57465     19.59948    460.83742
     0.23400      0.57465     19.59945    460.83791
     0.23600      0.57465     19.59942    460.83838
     0.23800      0.57465     19.59940    460.83885
     0.24000      0.57465     19.59937    460.83931
     0.24200      0.57464     19.59935    460.83976
     0.24400      0.57464     19.59932    460.84020
     0.24600      0.57464     19.59930    460.84063
     0.24800      0.57464     19.59927    460.84105
     0.25000      0.57463     19.59925    460.84146
     0.25200      0.57463     19.59923    460.84186
     0.25400      0.57463     19.59921    460.84225
     0.25600      0.57463     19.59919    460.84264
     0.25800      0.57462     19.59916    460.84301
     0.26000      0.57462     19.59914    460.84338
     0.26200      0.57462     19.59912    460.84374
     0.26400      0.57461     19.59910    460.84410
     0.26600      0.57461     19.59908    460.84444
     0.26800      0.57461     19.59906    460.84478
     0.27000      0.57461     19.59904    460.84511
     0.27200      0.57460     19.59903    460.84544
     0.27400      0.57460     19.59901    460.84576
     0.27600      0.57460     19.59899    460.84607
     0.27800      0.57459     19.59897    460.84639
     0.28000      0.57459     19.59895    460.84669
     0.28200      0.57458     19.59894    460.84699
     0.28400      0.57458     19.59892    460.84729
     0.28600      0.57458     19.59890    460.84759
     0.28800      0.57457     19.59889    460.84788
     0.29000      0.57457     19.59887    460.84817
     0.29200      0.57457     19.59885    460.84846
     0.29400      0.57456     19.59883    460.84875
     0.29600      0.57456     19.59882    460.84904
     0.29800      0.57455     19.59880    460.84932
     0.30000      0.57455     19.59878    460.84961
     0.30200      0.57454     19.59877    460.84990
     0.30400      0.57454     19.59875    460.85019
     0.30600      0.57454     19.59873    460.85047
     0.30800      0.57453     19.59872    460.85076
     0.31000      0.57453     19.59870    460.85105
     0.31200      0.57452     19.59868    460.85133
     0.31400      0.57452     19.59867    460.85162
     0.31600      0.57451     19.59865    460.85191
     0.31800      0.57451     19.59863    460.85220
     0.32000      0.57450     19.59862    460.85248
     0.32200      0.57450     19.59860    460.85276
     0.32400      0.57449     19.59858    460.85305
     0.32600      0.57448     19.59857    460.85333
     0.32800      0.57448     19.59855    460.85360
     0.33000      0.57447     19.59854    460.85388
     0.33200      0.57447     19.59852    460.85415
     0.33400      0.57446     19.59850    460.85442
     0.33600      0.57445     19.59849    460.85468
     0.33800      0.57445     19.59847    460.85494
     0.34000      0.57444     19.59846    460.85519
     0.34200      0.57443     19.59844    460.85544
     0.34400      0.57442     19.59843    460.85568
     0.34600      0.57442     19.59841    460.85592
     0.34800      0.57441     19.59840    460.85615
     0.35000      0.57440     19.59839    460.85638
     0.35200      0.57439     19.59837    460.85660
     0.35400      0.57438     19.59836    460.85681
     0.35600      0.57437     19.59835    460.85702
     0.35800      0.57437     19.59833    460.85722
     0.36000      0.57436     19.59832    460.85742
     0.36200      0.57435     19.59831    460.85761
     0.36400      0.57434     19.59830    460.85779
     0.36600      0.57433     19.59829    460.85797
     0.36800      0.57432     19.59828    460.85815
     0.37000      0.57431     19.59826    460.85832
     0.37200      0.57430     19.59825    460.85848
     0.37400      0.57429     19.59824    460.85864
     0.37600      0.57428     19.59823    460.85880
     0.37800      0.57427     19.59822    460.85895
     0.38000      0.57426     19.59821    460.85910
     0.38200      0.57426     19.59820    460.85925
     0.38400      0.57426     19.59819    460.85939
     0.38600      0.57427     19.59818    460.85953
     0.38800      0.57428     19.59818    460.85967
     0.39000      0.57430     19.59817    460.85981
     0.39200      0.57435     19.59816    460.85994
     0.39400      0.57441     19.59815    460.86008
     0.39600      0.57450     19.59814    460.86021
     0.39800      0.57463     19.59813    460.86035
     0.40000      0.57481     19.59812    460.86049
     0.40200      0.57506     19.59811    460.86062
     0.40400      0.57540     19.59810    460.86076
     0.40600      0.57585     19.59809    460.86090
     0.40800      0.57646     19.59808    460.86104
     0.41000      0.57725     19.59807    460.86118
     0.41200      0.57830     19.59806    460.86132
     0.41400      0.57964     19.59805    460.86147
     0.41600      0.58138     19.59804    460.86162
     0.41800      0.58359     19.59803    460.86177
     0.42000      0.58639     19.59802    460.86192
     0.42200      0.58992     19.59801    460.86208
     0.42400      0.59431     19.59800    460.86223
     0.42600      0.59977     19.59799    460.86239
     0.42800      0.60649     19.59798    460.86255
     0.43000      0.61471     19.59797    460.86272
     0.43200      0.62470     19.59796    460.86288
     0.43400      0.63675     19.59795    460.86305
     0.43600      0.65121     19.59794    460.86322
     0.43800      0.66842     19.59793    460.86339
     0.44000      0.68879     19.59792    460.86356
     0.44200      0.71274     19.59791    460.86374
     0.44400      0.74071     19.59790    460.86392
     0.44600      0.77316     19.59789    460.86410
     0.44800      0.81057     19.59788    460.86428
     0.45000      0.85342     19.59787    460.86447
     0.45200      0.90219     19.59786    460.86467
     0.45400      0.95733     19.59785    460.86486
     0.45600      1.01929     19.59784    460.86506
     0.45800      1.08845     19.59784    460.86527
     0.46000      1.16517     19.59783    460.86548
     0.46200      1.24973     19.59782    460.86570
     0.46400      1.34234     19.59781    460.86592
     0.46600      1.44313     19.59781    460.86615
     0.46800      1.55214     19.59780    460.86639
     0.47000      1.66928     19.59780    460.86663
     0.47200      1.79437     19.59779    460.86687
     0.47400      1.92712     19.59779    460.86712
     0.47600      2.06710     19.59778    460.86738
     0.47800      2.21380     19.59778    460.86766
     0.48000      2.36658     19.59777    460.86795
     0.48200      2.52469     19.59777    460.86827
     0.48400      2.68730     19.59776    460.86861
     0.48600      2.85350     19.59776    460.86899
     0.48800      3.02231     19.59776    460.86941
     0.49000      3.19272     19.59775    460.86987
     0.49200      3.36367     19.59775    460.87038
     0.49400      3.53410     19.59774    460.87094
     0.49600      3.70295     19.59774    460.87155
     0.49800      3.86922     19.59773    460.87222
     0.50000      4.03193     19.59772    460.87292
     0.50200      4.19017     19.59772    460.87367
     0.50400      4.34312     19.59771    460.87443
     0.50600      4.49003     19.59771    460.87521
     0.50800      4.63028     19.59771    460.87600
     0.51000      4.76335     19.59771    460.87677
     0.51200      4.88881     19.59770    460.87753
     0.51400      5.00638     19.59770    460.87827
     0.51600      5.11587     19.59771    460.87900
     0.51800      5.21720     19.59771    460.87971
     0.52000      5.31041     19.59771    460.88041
     0.52200      5.39560     19.59772    460.88111
     0.52400      5.47300     19.59772    460.88182
     0.52600      5.54287     19.59773    460.88257
     0.52800      5.60556     19.59773    460.88337
     0.53000      5.66145     19.59774    460.88425
     0.53200      5.71098     19.59774    460.88522
     0.53400      5.75458     19.59775    460.88631
     0.53600      5.79273     19.59775    460.88751
     0.53800      5.82590     19.59775    460.88881
     0.54000      5.85455     19.59776    460.89016
     0.54200      5.87915     19.59776    460.89154
     0.54400      5.90014     19.59777    460.89292
     0.54600      5.91792     19.59777    460.89426
     0.54800      5.93290     19.59778    460.89556
     0.55000      5.94543     19.59780    460.89681
     0.55200      5.95585     19.59781    460.89803
     0.55400      5.96446     19.59782    460.89922
     0.55600      5.97152     19.59784    460.90038
     0.55800      5.97727     19.59786    460.90148
     0.56000      5.98193     19.59787    460.90241
     0.56200      5.98567     19.59788    460.90288
     0.56400      5.98866     19.59787    460.90213
     0.56600      5.99099     19.59781    460.89836
     0.56800      5.99276     19.59763    460.88702
     0.57000      5.99395     19.59714    460.85722
     0.57200      5.99439     19.59591    460.78157
     0.57400      5.99352     19.59286    460.59378
     0.57600      5.98988     19.58537    460.12908
     0.57800      5.97980     19.56694    458.98840
     0.58000      5.95422     19.52176    456.19560
     0.58200      5.89144     19.41100    449.42018
     0.58400      5.74069     19.14041    433.23582
     0.58600      5.39262     18.48276    396.10038
     0.58800      4.65569     16.91109    318.52406
     0.59000      3.37632     13.34062    188.42402
     0.59200      1.91246      6.68017     53.94199
     0.59400      1.13586      0.83659      2.82578
     0.59600      1.00542      0.00704      0.01422
     0.59800      1.00001      0.00000      0.01000
     0.60000      1.00000      0.00000      0.01000
     0.60200      1.00000      0.00000      0.01000
     0.60400      1.00000      0.00000      0.01000
     0.60600      1.00000      0.00000      0.01000
     0.60800      1.00000      0.00000      0.01000
     0.61000      1.00000      0.00000      0.01000
     0.61200      1.00000      0.00000      0.01000
     0.61400      1.00000      0.00000      0.01000
     0.61600      1.00000      0.00000      0.01000
     0.61800      1.00000      0.00000      0.01000
     0.62000      1.00000      0.00000      0.01000
     0.62200      1.00000      0.00000      0.01000
     0.62400      1.00000      0.00000      0.01000
     0.62600      1.00000      0.00000      0.01000
     0.62800      1.00000      0.00000      0.01000
     0.63000      1.00000      0.00000      0.01000
     0.63200      1.00000      0.00000      0.01000
     0.63400      1.00000      0.00000      0.01000
     0.63600      1.00000      0.00000      0.01000
     0.63800      1.00000      0.00000      0.01000
     0.64000      1.00000      0.00000      0.01000
     0.64200      1.00000      0.00000      0.01000
     0.64400      1.00000      0.00000      0.01000
     0.64600      1.00000      0.00000      0.01000
     0.64800      1.00000      0.00000      0.01000
     0.65000      1.00000      0.00000      0.01000
     0.65200      1.00000      0.00000      0.01000
     0.65400      1.00000      0.00000      0.01000
     0.65600      1.00000      0.00000      0.01000
     0.65800      1.00000      0.00000      0.01000
     0.66000      1.00000      0.00000      0.01000
     0.66200      1.00000      0.00000      0.01000
     0.66400      1.00000      0.00000      0.01000
     0.66600      1.00000      0.00000      0.01000
     0.66800      1.00000      0.00000      0.01000
     0.67000      1.00000      0.00000      0.01000
     0.67200      1.00000      0.00000      0.01000
     0.67400      1.00000      0.00000      0.01000
     0.67600      1.00000      0.00000      0.01000
     0.67800      1.00000      0.00000      0.01000
     0.68000      1.00000      0.00000      0.01000
     0.68200      1.00000      0.00000      0.01000
     0.68400      1.00000      0.00000      0.01000
     0.68600      1.00000      0.00000      0.01000
     0.68800      1.00000      0.00000      0.01000
     0.69000      1.00000      0.00000      0.01000
     0.69200      1.00000      0.00000      0.01000
     0.69400      1.00000      0.00000      0.01000
     0.69600      1.00000      0.00000      0.01000
     0.69800      1.00000      0.00000      0.01000
     0.70000      1.00000      0.00000      0.01000
     0.70200      1.00000      0.00000      0.01000
     0.70400      1.00000      0.00000      0.01000
     0.70600      1.00000      0.00000      0.01000
     0.70800      1.00000      0.00000      0.01000
     0.71000      1.00000      0.00000      0.01000
     0.71200      1.00000      0.00000      0.01000
     0.71400      1.00000      0.00000      0.01000
     0.71600      1.00000      0.00000      0.01000
     0.71800      1.00000      0.00000      0.01000
     0.72000      1.00000      0.00000      0.01000
     0.72200      1.00000      0.00000      0.01000
     0.72400      1.00000      0.00000      0.01000
     0.72600      1.00000      0.00000      0.01000
     0.72800      1.00000      0.00000      0.01000
     0.73000      1.00000      0.00000      0.01000
     0.73200      1.00000      0.00000      0.01000
     0.73400      1.00000      0.00000      0.01000
     0.73600      1.00000      0.00000      0.01000
     0.73800      1.00000      0.00000      0.01000
     0.74000      1.00000      0.00000      0.01000
     0.74200      1.00000      0.00000      0.01000
     0.74400      1.00000      0.00000      0.01000
     0.74600      1.00000      0.00000      0.01000
     0.74800      1.00000      0.00000      0.01000
     0.75000      1.00000      0.00000      0.01000
     0.75200      1.00000      0.00000      0.01000
     0.75400      1.00000      0.00000      0.01000
     0.75600      1.00000      0.00000      0.01000
     0.75800      1.00000      0.00000      0.01000
     0.76000      1.00000      0.00000      0.01000
     0.76200      1.00000      0.00000      0.01000
     0.76400      1.00000      0.00000      0.01000
     0.76600      1.00000      0.00000      0.01000
     0.76800      1.00000      0.00000      0.01000
     0.77000      1.00000      0.00000      0.01000
     0.77200      1.00000      0.00000      0.01000
     0.77400      1.00000      0.00000      0.01000
     0.77600      1.00000      0.00000      0.01000
     0.77800      1.00000      0.00000      0.01000
     0.78000      1.00000      0.00000      0.01000
     0.78200      1.00000      0.00000      0.01000
     0.78400      1.00000      0.00000      0.01000
     0.78600      1.00000      0.00000      0.01000
     0.78800      1.00000      0.00000      0.01000
     0.79000      1.00000      0.00000      0.01000
     0.79200      1.00000      0.00000      0.01000
     0.79400      1.00000      0.00000      0.01000
     0.79600      1.00000      0.00000      0.01000
     0.79800      1.00000      0.00000      0.01000
     0.80000      1.00000      0.00000      0.01000
     0.80200      1.00000      0.00000      0.01000
     0.80400      1.00000      0.00000      0.01000
     0.80600      1.00000      0.00000      0.01000
     0.80800      1.00000      0.00000      0.01000
     0.81000      1.00000      0.00000      0.01000
     0.81200      1.00000      0.00000      0.01000
     0.81400      1.00000      0.00000      0.01000
     0.81600      1.00000      0.00000      0.01000
     0.81800      1.00000      0.00000      0.01000
     0.82000      1.00000      0.00000      0.01000
     0.82200      1.00000      0.00000      0.01000
     0.82400      1.00000      0.00000      0.01000
     0.82600      1.00000      0.00000      0.01000
     0.82800      1.00000      0.00000      0.01000
     0.83000      1.00000      0.00000      0.01000
     0.83200      1.00000      0.00000      0.01000
     0.83400      1.00000      0.00000      0.01000
     0.83600      1.00000      0.00000      0.01000
     0.83800      1.00000      0.00000      0.01000
     0.84000      1.00000      0.00000      0.01000
     0.84200      1.00000      0.00000      0.01000
     0.84400      1.00000      0.00000      0.01000
     0.84600      1.00000      0.00000      0.01000
     0.84800      1.00000      0.00000      0.01000
     0.85000      1.00000      0.00000      0.01000
     0.85200      1.00000      0.00000      0.01000
     0.85400      1.00000      0.00000      0.01000
     0.85600      1.00000      0.00000      0.01000
     0.85800      1.00000      0.00000      0.01000
     0.86000      1.00000      0.00000      0.01000
     0.86200      1.00000      0.00000      0.01000
     0.86400      1.00000      0.00000      0.01000
     0.86600      1.00000      0.00000      0.01000
     0.86800      1.00000      0.00000      0.01000
     0.87000      1.00000      0.00000      0.01000
     0.87200      1.00000      0.00000      0.01000
     0.87400      1.00000      0.00000      0.01000
     0.87600      1.00000      0.00000      0.01000
     0.87800      1.00000      0.00000      0.01000
     0.88000      1.00000      0.00000      0.01000
     0.88200      1.00000      0.00000      0.01000
     0.88400      1.00000      0.00000      0.01000
     0.88600      1.00000      0.00000      0.01000
     0.88800      1.00000      0.00000      0.01000
     0.89000      1.00000      0.00000      0.01000
     0.89200      1.00000      0.00000      0.01000
     0.89400      1.00000      0.00000      0.01000
     0.89600      1.00000      0.00000      0.01000
     0.89800      1.00000      0.00000      0.01000
     0.90000      1.00000      0.00000      0.01000
     0.90200      1.00000      0.00000      0.01000
     0.90400      1.00000      0.00000      0.01000
     0.90600      1.00000      0.00000      0.01000
     0.90800      1.00000      0.00000      0.01000
     0.91000      1.00000      0.00000      0.01000
     0.91200      1.00000      0.00000      0.01000
     0.91400      1.00000      0.00000      0.01000
     0.91600      1.00000      0.00000      0.01000
     0.91800      1.00000      0.00000      0.01000
     0.92000      1.00000      0.00000      0.01000
     0.92200      1.00000      0.00000      0.01000
     0.92400      1.00000      0.00000      0.01000
     0.92600      1.00000      0.00000      0.01000
     0.92800      1.00000      0.00000      0.01000
     0.93000      1.00000      0.00000      0.01000
     0.93200      1.00000      0.00000      0.01000
     0.93400      1.00000      0.00000      0.01000
     0.93600      1.00000      0.00000      0.01000
     0.93800      1.00000      0.00000      0.01000
     0.94000      1.00000      0.00000      0.01000
     0.94200      1.00000      0.00000      0.01000
     0.94400      1.00000      0.00000      0.01000
     0.94600      1.00000      0.00000      0.01000
     0.94800      1.00000      0.00000      0.01000
     0.95000      1.00000      0.00000      0.01000
     0.95200      1.00000      0.00000      0.01000
     0.95400      1.00000      0.00000      0.01000
     0.95600      1.00000      0.00000      0.01000
     0.95800      1.00000      0.00000      0.01000
     0.96000      1.00000      0.00000      0.01000
     0.96200      1.00000      0.00000      0.01000
     0.96400      1.00000      0.00000      0.01000
     0.96600      1.00000      0.00000      0.01000
     0.96800      1.00000      0.00000      0.01000
     0.97000      1.00000      0.00000      0.01000
     0.97200      1.00000      0.00000      0.01000
     0.97400      1.00000      0.00000      0.01000
     0.97600      1.00000      0.00000      0.01000
     0.97800      1.00000      0.00000      0.01000
     0.98000      1.00000      0.00000      0.01000
     0.98200      1.00000      0.00000      0.01000
     0.98400      1.00000      0.00000      0.01000
     0.98600      1.00000      0.00000      0.01000
     0.98800      1.00000      0.00000      0.01000
     0.99000      1.00000      0.00000      0.01000
     0.99200      1.00000      0.00000      0.01000
     0.99400      1.00000      0.00000      0.01000
     0.99600      1.00000      0.00000      0.01000
     0.99800      1.00000      0.00000      0.01000
