t =     0.0350
           x          rho            u            p
    -1.00000      5.99924     19.59750    460.89400
    -0.99800      5.99924     19.59750    460.89400
    -0.99600      5.99924     19.59750    460.89400
    -0.99400      5.99924     19.59750    460.89400
    -0.99200      5.99924     19.59750    460.89400
    -0.99000      5.99924     19.59750    460.89400
    -0.98800      5.99924     19.59750    460.89400
    -0.98600      5.99924     19.59750    460.89400
    -0.98400      5.99924     19.59750    460.89400
    -0.98200      5.99924     19.59750    460.89400
    -0.98000      5.99924     19.59750    460.89400
    -0.97800      5.99924     19.59750    460.89400
    -0.97600      5.99924     19.59750    460.89400
    -0.97400      5.99924     19.59750    460.89400
    -0.97200      5.99924     19.59750    460.89400
    -0.97000      5.99924     19.59750    460.89400
    -0.96800      5.99924     19.59750    460.89400
    -0.96600      5.99924     19.59750    460.89400
    -0.96400      5.99924     19.59750    460.89400
    -0.96200      5.99924     19.59750    460.89400
    -0.96000      5.99924     19.59750    460.89400
    -0.95800      5.99924     19.59750    460.89400
    -0.95600      5.99924     19.59750    460.89400
    -0.95400      5.99924     19.59750    460.89400
    -0.95200      5.99924     19.59750    460.89400
    -0.95000      5.99924     19.59750    460.89400
    -0.94800      5.99924     19.59750    460.89400
    -0.94600      5.99924     19.59750    460.89400
    -0.94400      5.99924     19.59750    460.89400
    -0.94200      5.99924     19.59750    460.89400
    -0.94000      5.99924     19.59750    460.89400
    -0.93800      5.99924     19.59750    460.89400
    -0.93600      5.99924     19.59750    460.89400
    -0.93400      5.99924     19.59750    460.89400
    -0.93200      5.99924     19.59750    460.89400
    -0.93000      5.99924     19.59750    460.89400
    -0.92800      5.99924     19.59750    460.89400
    -0.92600      5.99924     19.59750    460.89400
    -0.92400      5.99924     19.59750    460.89400
    -0.92200      5.99924     19.59750    460.89400
    -0.92000      5.99924     19.59750    460.89400
    -0.91800      5.99924     19.59750    460.89400
    -0.91600      5.99924     19.59750    460.89400
    -0.91400      5.99924     19.59750    460.89400
    -0.91200      5.99924     19.59750    460.89400
    -0.91000      5.99924     19.59750    460.89400
    -0.90800      5.99924     19.59750    460.89400
    -0.90600      5.99924     19.59750    460.89400
    -0.90400      5.99924     19.59750    460.89400
    -0.90200      5.99924     19.59750    460.89400
    -0.90000      5.99924     19.59750    460.89400
    -0.89800      5.99924     19.59750    460.89400
    -0.89600      5.99924     19.59750    460.89400
    -0.89400      5.99924     19.59750    460.89400
    -0.89200      5.99924     19.59750    460.89400
    -0.89000      5.99924     19.59750    460.89400
    -0.88800      5.99924     19.59750    460.89400
    -0.88600      5.99924     19.59750    460.89400
    -0.88400      5.99924     19.59750    460.89400
    -0.88200      5.99924     19.59750    460.89400
    -0.88000      5.99924     19.59750    460.89400
    -0.87800      5.99924     19.59750    460.89400
    -0.87600      5.99924     19.59750    460.89400
    -0.87400      5.99924     19.59750    460.89400
    -0.87200      5.99924     19.59750    460.89400
    -0.87000      5.99924     19.59750    460.89400
    -0.86800      5.99924     19.59750    460.89400
    -0.86600      5.99924     19.59750    460.89400
    -0.86400      5.99924     19.59750    460.89400
    -0.86200      5.99924     19.59750    460.89400
    -0.86000      5.99924     19.59750    460.89400
    -0.85800      5.99924     19.59750    460.89400
    -0.85600      5.99924     19.59750    460.89400
    -0.85400      5.99924     19.59750    460.89400
    -0.85200      5.99924     19.59750    460.89400
    -0.85000      5.99924     19.59750    460.89400
    -0.84800      5.99924     19.59750    460.89400
    -0.84600      5.99924     19.59750    460.89400
    -0.84400      5.99924     19.59750    460.89400
    -0.84200      5.99924     19.59750    460.89400
    -0.84000      5.99924     19.59750    460.89400
    -0.83800      5.99924     19.59750    460.89400
    -0.83600      5.99924     19.59750    460.89400
    -0.83400      5.99924     19.59750    460.89400
    -0.83200      5.99924     19.59750    460.89400
    -0.83000      5.99924     19.59750    460.89400
    -0.82800      5.99924     19.59750    460.89400
    -0.82600      5.99924     19.59750    460.89400
    -0.82400      5.99924     19.59750    460.89400
    -0.82200      5.99924     19.59750    460.89400
    -0.82000      5.99924     19.59750    460.89400
    -0.81800      5.99924     19.59750    460.89400
    -0.81600      5.99924     19.59750    460.89400
    -0.81400      5.99924     19.59750    460.89400
    -0.81200      5.99924     19.59750    460.89400
    -0.81000      5.99924     19.59750    460.89400
    -0.80800      5.99924     19.59750    460.89400
    -0.80600      5.99924     19.59750    460.89400
    -0.80400      5.99924     19.59750    460.89400
    -0.80200      5.99924     19.59750    460.89400
    -0.80000      5.99924     19.59750    460.89400
    -0.79800      5.99924     19.59750    460.89400
    -0.79600      5.99924     19.59750    460.89400
    -0.79400      5.99924     19.59750    460.89400
    -0.79200      5.99924     19.59750    460.89400
    -0.79000      5.99924     19.59750    460.89400
    -0.78800      5.99924     19.59750    460.89400
    -0.78600      5.99924     19.59750    460.89400
    -0.78400      5.99924     19.59750    460.89400
    -0.78200      5.99924     19.59750    460.89400
    -0.78000      5.99924     19.59750    460.89400
    -0.77800      5.99924     19.59750    460.89400
    -0.77600      5.99924     19.59750    460.89400
    -0.77400      5.99924     19.59750    460.89400
    -0.77200      5.99924     19.59750    460.89400
    -0.77000      5.99924     19.59750    460.89400
    -0.76800      5.99924     19.59750    460.89400
    -0.76600      5.99924     19.59750    460.89400
    -0.76400      5.99924     19.59750    460.89400
    -0.76200      5.99924     19.59750    460.89400
    -0.76000      5.99924     19.59750    460.89400
    -0.75800      5.99924     19.59750    460.89400
    -0.75600      5.99924     19.59750    460.89400
    -0.75400      5.99924     19.59750    460.89400
    -0.75200      5.99924     19.59750    460.89400
    -0.75000      5.99924     19.59750    460.89400
    -0.74800      5.99924     19.59750    460.89400
    -0.74600      5.99924     19.59750    460.89400
    -0.74400      5.99924     19.59750    460.89400
    -0.74200      5.99924     19.59750    460.89400
    -0.74000      5.99924     19.59750    460.89400
    -0.73800      5.99924     19.59750    460.89400
    -0.73600      5.99924     19.59750    460.89400
    -0.73400      5.99924     19.59750    460.89400
    -0.73200      5.99924     19.59750    460.89400
    -0.73000      5.99924     19.59750    460.89400
    -0.72800      5.99924     19.59750    460.89400
    -0.72600      5.99924     19.59750    460.89400
    -0.72400      5.99924     19.59750    460.89400
    -0.72200      5.99924     19.59750    460.89400
    -0.72000      5.99924     19.59750    460.89400
    -0.71800      5.99924     19.59750    460.89400
    -0.71600      5.99924     19.59750    460.89400
    -0.71400      5.99924     19.59750    460.89400
    -0.71200      5.99924     19.59750    460.89400
    -0.71000      5.99924     19.59750    460.89400
    -0.70800      5.99924     19.59750    460.89400
    -0.70600      5.99924     19.59750    460.89400
    -0.70400      5.99924     19.59750    460.89400
    -0.70200      5.99924     19.59750    460.89400
    -0.70000      5.99924     19.59750    460.89400
    -0.69800      5.99924     19.59750    460.89400
    -0.69600      5.99924     19.59750    460.89400
    -0.69400      5.99924     19.59750    460.89400
    -0.69200      5.99924     19.59750    460.89400
    -0.69000      5.99924     19.59750    460.89400
    -0.68800      5.99924     19.59750    460.89400
    -0.68600      5.99924     19.59750    460.89400
    -0.68400      5.99924     19.59750    460.89400
    -0.68200      5.99924     19.59750    460.89400
    -0.68000      5.99924     19.59750    460.89400
    -0.67800      5.99924     19.59750    460.89400
    -0.67600      5.99924     19.59750    460.89400
    -0.67400      5.99924     19.59750    460.89400
    -0.67200      5.99924     19.59750    460.89400
    -0.67000      5.99924     19.59750    460.89400
    -0.66800      5.99924     19.59750    460.89400
    -0.66600      5.99924     19.59750    460.89400
    -0.66400      5.99924     19.59750    460.89400
    -0.66200      5.99924     19.59750    460.89400
    -0.66000      5.99924     19.59750    460.89400
    -0.65800      5.99924     19.59750    460.89400
    -0.65600      5.99924     19.59750    460.89400
    -0.65400      5.99924     19.59750    460.89400
    -0.65200      5.99924     19.59750    460.89400
    -0.65000      5.99924     19.59750    460.89400
    -0.64800      5.99924     19.59750    460.89400
    -0.64600      5.99924     19.59750    460.89400
    -0.64400      5.99924     19.59750    460.89400
    -0.64200      5.99924     19.59750    460.89400
    -0.64000      5.99924     19.59750    460.89400
    -0.63800      5.99924     19.59750    460.89400
    -0.63600      5.99924     19.59750    460.89400
    -0.63400      5.99924     19.59750    460.89400
    -0.63200      5.99924     19.59750    460.89400
    -0.63000      5.99924     19.59750    460.89400
    -0.62800      5.99924     19.59750    460.89400
    -0.62600      5.99924     19.59750    460.89400
    -0.62400      5.99924     19.59750    460.89400
    -0.62200      5.99924     19.59750    460.89400
    -0.62000      5.99924     19.59750    460.89400
    -0.61800      5.99924     19.59750    460.89400
    -0.61600      5.99924     19.59750    460.89400
    -0.61400      5.99924     19.59750    460.89400
    -0.61200      5.99924     19.59750    460.89400
    -0.61000      5.99924     19.59750    460.89400
    -0.60800      5.99924     19.59750    460.89400
    -0.60600      5.99924     19.59750    460.89400
    -0.60400      5.99924     19.59750    460.89400
    -0.60200      5.99924     19.59750    460.89400
    -0.60000      5.99924     19.59750    460.89400
    -0.59800      5.99924     19.59750    460.89400
    -0.59600      5.99924     19.59750    460.89400
    -0.59400      5.99924     19.59750    460.89400
    -0.59200      5.99924     19.59750    460.89400
    -0.59000      5.99924     19.59750    460.89400
    -0.58800      5.99924     19.59750    460.89400
    -0.58600      5.99924     19.59750    460.89400
    -0.58400      5.99924     19.59750    460.89400
    -0.58200      5.99924     19.59750    460.89400
    -0.58000      5.99924     19.59750    460.89400
    -0.57800      5.99924     19.59750    460.89400
    -0.57600      5.99924     19.59750    460.89400
    -0.57400      5.99924     19.59750    460.89400
    -0.57200      5.99924     19.59750    460.89400
    -0.57000      5.99924     19.59750    460.89400
    -0.56800      5.99924     19.59750    460.89400
    -0.56600      5.99924     19.59750    460.89400
    -0.56400      5.99924     19.59750    460.89400
    -0.56200      5.99924     19.59750    460.89400
    -0.56000      5.99924     19.59750    460.89400
    -0.55800      5.99924     19.59750    460.89400
    -0.55600      5.99924     19.59750    460.89400
    -0.55400      5.99924     19.59750    460.89400
    -0.55200      5.99924     19.59750    460.89400
    -0.55000      5.99924     19.59750    460.89400
    -0.54800      5.99924     19.59750    460.89400
    -0.54600      5.99924     19.59750    460.89400
    -0.54400      5.99924     19.59750    460.89400
    -0.54200      5.99924     19.59750    460.89400
    -0.54000      5.99924     19.59750    460.89400
    -0.53800      5.99924     19.59750    460.89400
    -0.53600      5.99924     19.59750    460.89400
    -0.53400      5.99924     19.59750    460.89400
    -0.53200      5.99924     19.59750    460.89400
    -0.53000      5.99924     19.59750    460.89400
    -0.52800      5.99924     19.59750    460.89400
    -0.52600      5.99924     19.59750    460.89400
    -0.52400      5.99924     19.59750    460.89400
    -0.52200      5.99924     19.59750    460.89400
    -0.52000      5.99924     19.59750    460.89400
    -0.51800      5.99924     19.59750    460.89400
    -0.51600      5.99924     19.59750    460.89400
    -0.51400      5.99924     19.59750    460.89400
    -0.51200      5.99924     19.59750    460.89400
    -0.51000      5.99924     19.59750    460.89400
    -0.50800      5.99924     19.59750    460.89400
    -0.50600      5.99924     19.59750    460.89400
    -0.50400      5.99924     19.59750    460.89400
    -0.50200      5.99924     19.59750    460.89400
    -0.50000      5.99924     19.59750    460.89400
    -0.49800      5.99924     19.59750    460.89400
    -0.49600      5.99924     19.59750    460.89400
    -0.49400      5.99924     19.59750    460.89400
    -0.49200      5.99924     19.59750    460.89400
    -0.49000      5.99924     19.59750    460.89400
    -0.48800      5.99924     19.59750    460.89400
    -0.48600      5.99924     19.59750    460.89400
    -0.48400      5.99924     19.59750    460.89400
    -0.48200      5.99924     19.59750    460.89400
    -0.48000      5.99924     19.59750    460.89400
    -0.47800      5.99924     19.59750    460.89400
    -0.47600      5.99924     19.59750    460.89400
    -0.47400      5.99924     19.59750    460.89400
    -0.47200      5.99924     19.59750    460.89400
    -0.47000      5.99924     19.59750    460.89400
    -0.46800      5.99924     19.59750    460.89400
    -0.46600      5.99924     19.59750    460.89400
    -0.46400      5.99924     19.59750    460.89400
    -0.46200      5.99924     19.59750    460.89400
    -0.46000      5.99924     19.59750    460.89400
    -0.45800      5.99924     19.59750    460.89400
    -0.45600      5.99924     19.59750    460.89400
    -0.45400      5.99924     19.59750    460.89400
    -0.45200      5.99924     19.59750    460.89400
    -0.45000      5.99924     19.59750    460.89400
    -0.44800      5.99924     19.59750    460.89400
    -0.44600      5.99924     19.59750    460.89400
    -0.44400      5.99924     19.59750    460.89400
    -0.44200      5.99924     19.59750    460.89400
    -0.44000      5.99924     19.59750    460.89400
    -0.43800      5.99924     19.59750    460.89400
    -0.43600      5.99924     19.59750    460.89400
    -0.43400      5.99924     19.59750    460.89400
    -0.43200      5.99924     19.59750    460.89400
    -0.43000      5.99924     19.59750    460.89400
    -0.42800      5.99924     19.59750    460.89400
    -0.42600      5.99924     19.59750    460.89400
    -0.42400      5.99924     19.59750    460.89400
    -0.42200      5.99924     19.59750    460.89400
    -0.42000      5.99924     19.59750    460.89400
    -0.41800      5.99924     19.59750    460.89400
    -0.41600      5.99924     19.59750    460.89400
    -0.41400      5.99924     19.59750    460.89400
    -0.41200      5.99924     19.59750    460.89400
    -0.41000      5.99924     19.59750    460.89400
    -0.40800      5.99924     19.59750    460.89400
    -0.40600      5.99924     19.59750    460.89400
    -0.40400      5.99924     19.59750    460.89400
    -0.40200      5.99924     19.59750    460.89400
    -0.40000      5.99924     19.59750    460.89400
    -0.39800      5.99924     19.59750    460.89400
    -0.39600      5.99924     19.59750    460.89400
    -0.39400      5.99924     19.59750    460.89400
    -0.39200      5.99924     19.59750    460.89400
    -0.39000      5.99924     19.59750    460.89400
    -0.38800      5.99924     19.59750    460.89400
    -0.38600      5.99924     19.59750    460.89400
    -0.38400      5.99924     19.59750    460.89400
    -0.38200      5.99924     19.59750    460.89400
    -0.38000      5.99924     19.59750    460.89400
    -0.37800      5.99924     19.59750    460.89400
    -0.37600      5.99924     19.59750    460.89400
    -0.37400      5.99924     19.59750    460.89400
    -0.37200      5.99924     19.59750    460.89400
    -0.37000      5.99924     19.59750    460.89400
    -0.36800      5.99924     19.59750    460.89400
    -0.36600      5.99924     19.59750    460.89400
    -0.36400      5.99924     19.59750    460.89400
    -0.36200      5.99924     19.59750    460.89400
    -0.36000      5.99924     19.59750    460.89400
    -0.35800      5.99924     19.59750    460.89400
    -0.35600      5.99924     19.59750    460.89400
    -0.35400      5.99924     19.59750    460.89400
    -0.35200      5.99924     19.59750    460.89400
    -0.35000      5.99924     19.59750    460.89400
    -0.34800      5.99924     19.59750    460.89400
    -0.34600      5.99924     19.59750    460.89400
    -0.34400      5.99924     19.59750    460.89400
    -0.34200      5.99924     19.59750    460.89400
    -0.34000      5.99924     19.59750    460.89400
    -0.33800      5.99924     19.59750    460.89400
    -0.33600      5.99924     19.59750    460.89400
    -0.33400      5.99924     19.59750    460.89400
    -0.33200      5.99924     19.59750    460.89400
    -0.33000      5.99924     19.59750    460.89400
    -0.32800      5.99924     19.59750    460.89400
    -0.32600      5.99924     19.59750    460.89400
    -0.32400      5.99924     19.59750    460.89400
    -0.32200      5.99924     19.59750    460.89400
    -0.32000      5.99924     19.59750    460.89400
    -0.31800      5.99924     19.59750    460.89400
    -0.31600      5.99924     19.59750    460.89400
    -0.31400      5.99924     19.59750    460.89400
    -0.31200      5.99924     19.59750    460.89400
    -0.31000      5.99924     19.59750    460.89400
    -0.30800      5.99924     19.59750    460.89400
    -0.30600      5.99924     19.59750    460.89400
    -0.30400      5.99924     19.59750    460.89400
    -0.30200      5.99924     19.59750    460.89400
    -0.30000      5.99924     19.59750    460.89400
    -0.29800      5.99924     19.59750    460.89400
    -0.29600      5.99924     19.59750    460.89400
    -0.29400      5.99924     19.59750    460.89400
    -0.29200      5.99924     19.59750    460.89400
    -0.29000      5.99924     19.59750    460.89400
    -0.28800      5.99924     19.59750    460.89400
    -0.28600      5.99924     19.59750    460.89400
    -0.28400      5.99924     19.59750    460.89400
    -0.28200      5.99924     19.59750    460.89400
    -0.28000      5.99924     19.59750    460.89400
    -0.27800      5.99924     19.59750    460.89400
    -0.27600      5.99924     19.59750    460.89400
    -0.27400      5.99924     19.59750    460.89400
    -0.27200      5.99924     19.59750    460.89400
    -0.27000      5.99924     19.59750    460.89400
    -0.26800      5.99924     19.59750    460.89400
    -0.26600      5.99924     19.59750    460.89400
    -0.26400      5.99924     19.59750    460.89400
    -0.26200      5.99924     19.59750    460.89400
    -0.26000      5.99924     19.59750    460.89400
    -0.25800      5.99924     19.59750    460.89400
    -0.25600      5.99924     19.59750    460.89400
    -0.25400      5.99924     19.59750    460.89400
    -0.25200      5.99924     19.59750    460.89400
    -0.25000      5.99924     19.59750    460.89400
    -0.24800      5.99924     19.59750    460.89400
    -0.24600      5.99924     19.59750    460.89400
    -0.24400      5.99924     19.59750    460.89400
    -0.24200      5.99924     19.59750    460.89400
    -0.24000      5.99924     19.59750    460.89400
    -0.23800      5.99924     19.59750    460.89400
    -0.23600      5.99924     19.59750    460.89400
    -0.23400      5.99924     19.59750    460.89400
    -0.23200      5.99924     19.59750    460.89400
    -0.23000      5.99924     19.59750    460.89400
    -0.22800      5.99924     19.59750    460.89400
    -0.22600      5.99924     19.59750    460.89400
    -0.22400      5.99924     19.59750    460.89400
    -0.22200      5.99924     19.59750    460.89400
    -0.22000      5.99924     19.59750    460.89400
    -0.21800      5.99924     19.59750    460.89400
    -0.21600      5.99924     19.59750    460.89400
    -0.21400      5.99924     19.59750    460.89400
    -0.21200      5.99924     19.59750    460.89400
    -0.21000      5.99924     19.59750    460.89400
    -0.20800      5.99924     19.59750    460.89400
    -0.20600      5.99924     19.59750    460.89400
    -0.20400      5.99924     19.59750    460.89400
    -0.20200      5.99924     19.59750    460.89400
    -0.20000      5.99924     19.59750    460.89400
    -0.19800      5.99924     19.59750    460.89400
    -0.19600      5.99924     19.59750    460.89400
    -0.19400      5.99924     19.59750    460.89400
    -0.19200      5.99924     19.59750    460.89400
    -0.19000      5.99924     19.59750    460.89400
    -0.18800      5.99924     19.59750    460.89400
    -0.18600      5.99924     19.59750    460.89400
    -0.18400      5.99924     19.59750    460.89400
    -0.18200      5.99924     19.59750    460.89400
    -0.18000      5.99924     19.59750    460.89400
    -0.17800      5.99924     19.59750    460.89400
    -0.17600      5.99924     19.59750    460.89400
    -0.17400      5.99924     19.59750    460.89400
    -0.17200      5.99924     19.59750    460.89400
    -0.17000      5.99924     19.59750    460.89400
    -0.16800      5.99924     19.59750    460.89400
    -0.16600      5.99924     19.59750    460.89400
    -0.16400      5.99924     19.59750    460.89400
    -0.16200      5.99924     19.59750    460.89400
    -0.16000      5.99924     19.59750    460.89400
    -0.15800      5.99924     19.59750    460.89400
    -0.15600      5.99924     19.59750    460.89400
    -0.15400      5.99924     19.59750    460.89400
    -0.15200      5.99924     19.59750    460.89400
    -0.15000      5.99924     19.59750    460.89400
    -0.14800      5.99924     19.59750    460.89400
    -0.14600      5.99924     19.59750    460.89400
    -0.14400      5.99924     19.59750    460.89400
    -0.14200      5.99924     19.59750    460.89400
    -0.14000      5.99924     19.59750    460.89400
    -0.13800      5.99924     19.59750    460.89400
    -0.13600      5.99924     19.59750    460.89400
    -0.13400      5.99924     19.59750    460.89400
    -0.13200      5.99924     19.59750    460.89400
    -0.13000      5.99924     19.59750    460.89400
    -0.12800      5.99924     19.59750    460.89400
    -0.12600      5.99924     19.59750    460.89400
    -0.12400      5.99924     19.59750    460.89400
    -0.12200      5.99924     19.59750    460.89400
    -0.12000      5.99924     19.59750    460.89400
    -0.11800      5.99924     19.59750    460.89400
    -0.11600      5.99924     19.59750    460.89400
    -0.11400      5.99924     19.59750    460.89400
    -0.11200      5.99924     19.59750    460.89400
    -0.11000      5.99924     19.59750    460.89400
    -0.10800      5.99924     19.59750    460.89400
    -0.10600      5.99924     19.59750    460.89400
    -0.10400      5.99924     19.59750    460.89400
    -0.10200      5.99924     19.59750    460.89400
    -0.10000      5.99924     19.59750    460.89400
    -0.09800      5.99924     19.59750    460.89400
    -0.09600      5.99924     19.59750    460.89400
    -0.09400      5.99924     19.59750    460.89400
    -0.09200      5.99924     19.59750    460.89400
    -0.09000      5.99924     19.59750    460.89400
    -0.08800      5.99924     19.59750    460.89400
    -0.08600      5.99924     19.59750    460.89400
    -0.08400      5.99924     19.59750    460.89400
    -0.08200      5.99924     19.59750    460.89400
    -0.08000      5.99924     19.59750    460.89400
    -0.07800      5.99924     19.59750    460.89400
    -0.07600      5.99924     19.59750    460.89400
    -0.07400      5.99924     19.59750    460.89400
    -0.07200      5.99924     19.59750    460.89400
    -0.07000      5.99924     19.59750    460.89400
    -0.06800      5.99924     19.59750    460.89400
    -0.06600      5.99924     19.59750    460.89400
    -0.06400      5.99924     19.59750    460.89400
    -0.06200      5.99924     19.59750    460.89400
    -0.06000      5.99924     19.59750    460.89400
    -0.05800      5.99924     19.59750    460.89400
    -0.05600      5.99924     19.59750    460.89400
    -0.05400      5.99924     19.59750    460.89400
    -0.05200      5.99924     19.59750    460.89400
    -0.05000      5.99924     19.59750    460.89400
    -0.04800      5.99924     19.59750    460.89400
    -0.04600      5.99924     19.59750    460.89400
    -0.04400      5.99924     19.59750    460.89400
    -0.04200      5.99924     19.59750    460.89400
    -0.04000      5.99924     19.59750    460.89400
    -0.03800      5.99924     19.59750    460.89400
    -0.03600      5.99924     19.59750    460.89400
    -0.03400      5.99924     19.59750    460.89400
    -0.03200      5.99924     19.59750    460.89400
    -0.03000      5.99924     19.59750    460.89400
    -0.02800      5.99924     19.59750    460.89400
    -0.02600      5.99924     19.59750    460.89400
    -0.02400      5.99924     19.59750    460.89400
    -0.02200      5.99924     19.59750    460.89400
    -0.02000      5.99924     19.59750    460.89400
    -0.01800      5.99924     19.59750    460.89400
    -0.01600      5.99924     19.59750    460.89400
    -0.01400      5.99924     19.59750    460.89400
    -0.01200      5.99924     19.59750    460.89400
    -0.01000      5.99924     19.59750    460.89400
    -0.00800      5.99924     19.59750    460.89400
    -0.00600      5.99924     19.59750    460.89400
    -0.00400      5.99924     19.59750    460.89400
    -0.00200      5.99924     19.59750    460.89400
     0.00000      5.99924     19.59750    460.89400
     0.00200      5.99924     19.59750    460.89400
     0.00400      5.99924     19.59750    460.89400
     0.00600      5.99924     19.59750    460.89400
     0.00800      5.99924     19.59750    460.89400
     0.01000      5.99924     19.59750    460.89400
     0.01200      5.99924     19.59750    460.89400
     0.01400      5.99924     19.59750    460.89400
     0.01600      5.99924     19.59750    460.89400
     0.01800      5.99924     19.59750    460.89400
     0.02000      5.99924     19.59750    460.89400
     0.02200      5.99924     19.59750    460.89400
     0.02400      5.99924     19.59750    460.89400
     0.02600      6.00798     19.58239    461.83489
     0.02800     12.20089     10.58722   1368.07947
     0.03000     14.20758      8.67489   1688.51440
     0.03200     14.26001      8.67585   1688.69413
     0.03400     14.30799      8.67793   1689.08495
     0.03600     14.33225      8.68148   1689.74876
     0.03800     14.33108      8.68666   1690.71597
     0.04000     14.31531      8.69326   1691.94291
     0.04200     14.29731      8.70046   1693.28252
     0.04400     14.28464      8.70701   1694.50295
     0.04600     14.27965      8.71162   1695.36772
     0.04800     14.28147      8.71353   1695.73710
     0.05000     14.28774      8.71279   1695.61748
     0.05200     14.29549      8.71002   1695.12655
     0.05400     14.30177      8.70608   1694.41897
     0.05600     14.30440      8.70170   1693.63259
     0.05800     14.30252      8.69743   1692.86661
     0.06000     14.29667      8.69356   1692.17515
     0.06200     14.28848      8.69017   1691.57300
     0.06400     14.27994      8.68723   1691.05336
     0.06600     14.27281      8.68467   1690.60487
     0.06800     14.26812      8.68245   1690.21891
     0.07000     14.26605      8.68055   1689.89084
     0.07200     14.26609      8.67898   1689.61998
     0.07400     14.26732      8.67774   1689.40997
     0.07600     14.26886      8.67689   1689.26892
     0.07800     14.27011      8.67649   1689.20933
     0.08000     14.27086      8.67662   1689.24702
     0.08200     14.27133      8.67739   1689.39893
     0.08400     14.27196      8.67886   1689.67942
     0.08600     14.27326      8.68107   1690.09532
     0.08800     14.27558      8.68399   1690.64056
     0.09000     14.27901      8.68750   1691.29198
     0.09200     14.28334      8.69137   1692.00772
     0.09400     14.28809      8.69528   1692.72989
     0.09600     14.29266      8.69886   1693.39165
     0.09800     14.29643      8.70177   1693.92774
     0.10000     14.29895      8.70372   1694.28586
     0.10200     14.29997      8.70454   1694.43601
     0.10400     14.29949      8.70422   1694.37494
     0.10600     14.29775      8.70287   1694.12471
     0.10800     14.29508      8.70071   1693.72604
     0.11000     14.29189      8.69802   1693.22880
     0.11200     14.28850      8.69506   1692.68251
     0.11400     14.28520      8.69208   1692.12938
     0.11600     14.28212      8.68924   1691.60080
     0.11800     14.27936      8.68667   1691.11738
     0.12000     14.27693      8.68443   1690.69122
     0.12200     14.27484      8.68256   1690.32921
     0.12400     14.27311      8.68109   1690.03605
     0.12600     14.27178      8.68003   1689.81650
     0.12800     14.27090      8.67942   1689.67631
     0.13000     14.27054      8.67926   1689.62208
     0.13200     14.27074      8.67959   1689.66019
     0.13400     14.27156      8.68042   1689.79499
     0.13600     14.27299      8.68174   1690.02684
     0.13800     14.27499      8.68354   1690.35014
     0.14000     14.27747      8.68574   1690.75203
     0.14200     14.28030      8.68826   1691.21195
     0.14400     14.28331      8.69094   1691.70245
     0.14600     14.28629      8.69362   1692.19114
     0.14800     14.28905      8.69611   1692.64366
     0.15000     14.29138      8.69823   1693.02729
     0.15200     14.29314      8.69982   1693.31443
     0.15400     14.29420      8.70075   1693.48562
     0.15600     14.29451      8.70097   1693.53135
     0.15800     14.29407      8.70049   1693.45267
     0.16000     14.29296      8.69937   1693.26038
     0.16200     14.29128      8.69774   1692.97322
     0.16400     14.28917      8.69573   1692.61536
     0.16600     14.28679      8.69352   1692.21374
     0.16800     14.28432      8.69124   1691.79557
     0.17000     14.28189      8.68902   1691.38630
     0.17200     14.27966      8.68696   1691.00816
     0.17400     14.27772      8.68514   1690.67924
     0.17600     14.27616      8.68363   1690.41309
     0.17800     14.27504      8.68246   1690.21877
     0.18000     14.27439      8.68169   1690.10126
     0.18200     14.27421      8.68133   1690.06215
     0.18400     14.27450      8.68142   1690.10035
     0.18600     14.27524      8.68195   1690.21272
     0.18800     14.27640      8.68291   1690.39438
     0.19000     14.27794      8.68426   1690.63848
     0.19200     14.27980      8.68591   1690.93566
     0.19400     14.28191      8.68777   1691.27335
     0.19600     14.28417      8.68973   1691.63523
     0.19800     14.28645      8.69167   1692.00136
     0.20000     14.28864      8.69348   1692.34922
     0.20200     14.29057      8.69504   1692.65554
     0.20400     14.29214      8.69628   1692.89897
     0.20600     14.29323      8.69713   1693.06264
     0.20800     14.29379      8.69753   1693.13635
     0.21000     14.29379      8.69748   1693.11763
     0.21200     14.29329      8.69697   1693.01156
     0.21400     14.29234      8.69604   1692.82949
     0.21600     14.29106      8.69476   1692.58699
     0.21800     14.28955      8.69321   1692.30176
     0.22000     14.28794      8.69151   1691.99177
     0.22200     14.28635      8.68976   1691.67430
     0.22400     14.28490      8.68807   1691.36552
     0.22600     14.28373      8.68655   1691.08061
     0.22800     14.28297      8.68526   1690.83374
     0.23000     14.28278      8.68425   1690.63748
     0.23200     14.28330      8.68356   1690.50174
     0.23400     14.28471      8.68321   1690.43264
     0.23600     14.28719      8.68320   1690.43185
     0.23800     14.29096      8.68353   1690.49669
     0.24000     14.29627      8.68420   1690.62071
     0.24200     14.30346      8.68519   1690.79467
     0.24400     14.31292      8.68644   1691.00806
     0.24600     14.32522      8.68788   1691.25086
     0.24800     14.34102      8.68940   1691.51452
     0.25000     14.36119      8.69089   1691.79085
     0.25200     14.38671      8.69223   1692.06873
     0.25400     14.41876      8.69335   1692.33102
     0.25600     14.45867      8.69424   1692.55487
     0.25800     14.50798      8.69489   1692.71623
     0.26000     14.56846      8.69532   1692.79558
     0.26200     14.64215      8.69555   1692.78163
     0.26400     14.73133      8.69558   1692.67354
     0.26600     14.83851      8.69538   1692.48508
     0.26800     14.96646      8.69486   1692.24921
     0.27000     15.11807      8.69388   1692.01303
     0.27200     15.29620      8.69239   1691.81492
     0.27400     15.50338      8.69054   1691.65662
     0.27600     15.74172      8.68871   1691.50186
     0.27800     16.01303      8.68723   1691.31572
     0.28000     16.31903      8.68621   1691.10692
     0.28200     16.66118      8.68558   1690.91355
     0.28400     17.04018      8.68539   1690.74240
     0.28600     17.45582      8.68585   1690.56455
     0.28800     17.90771      8.68679   1690.42072
     0.29000     18.39582      8.68733   1690.48558
     0.29200     18.91913      8.68688   1690.87602
     0.29400     19.47317      8.68644   1691.36775
     0.29600     20.05137      8.68751   1691.60864
     0.29800     20.64988      8.68953   1691.67225
     0.30000     21.26725      8.69057   1691.93918
     0.30200     21.89824      8.69060   1692.38077
     0.30400     22.52933      8.69313   1692.16172
     0.30600     23.15847      8.69606   1691.71419
     0.30800     23.79240      8.69409   1692.26362
     0.31000     24.41837      8.69064   1693.02332
     0.31200     25.01886      8.69058   1692.83600
     0.31400     25.58554      8.69482   1691.47392
     0.31600     26.14914      8.69049   1692.13053
     0.31800     26.68200      8.68701   1692.55234
     0.32000     27.16055      8.69145   1690.99516
     0.32200     27.61579      8.69233   1690.38537
     0.32400     28.05654      8.68677   1691.51597
     0.32600     28.46232      8.68164   1692.67318
     0.32800     28.78426      8.69214   1689.90216
     0.33000     29.11208      8.68999   1690.54455
     0.33200     29.41914      8.68424   1692.25208
     0.33400     29.66415      8.68772   1691.60814
     0.33600     29.86828      8.69423   1690.20333
     0.33800     30.07859      8.69036   1691.56516
     0.34000     30.27737      8.68211   1694.07456
     0.34200     30.37626      8.69572   1690.67241
     0.34400     30.50052      8.69530   1690.94659
     0.34600     30.62540      8.68886   1692.74829
     0.34800     30.71482      8.68744   1693.10652
     0.35000     30.75278      8.69620   1690.63797
     0.35200     30.82684      8.69082   1691.91848
     0.35400     30.91192      8.67916   1694.86099
     0.35600     30.87866      8.69843   1689.42618
     0.35800     30.91971      8.69454   1690.26717
     0.36000     30.96202      8.68869   1691.67744
     0.36200     31.00084      8.68259   1693.20822
     0.36400     30.97369      8.69416   1690.01313
     0.36600     30.99883      8.69028   1691.06650
     0.36800     31.04859      8.67894   1694.20097
     0.37000     30.99890      8.69520   1689.89975
     0.37200     31.00615      8.69508   1690.07058
     0.37400     31.02571      8.69118   1691.27594
     0.37600     31.06679      8.68095   1694.19688
     0.37800     31.01915      8.69541   1690.40114
     0.38000     31.03104      8.69284   1691.18977
     0.38200     31.07179      8.68190   1694.21144
     0.38400     31.03044      8.69382   1690.99020
     0.38600     31.02236      8.69618   1690.32374
     0.38800     31.03568      8.69234   1691.30156
     0.39000     31.07803      8.68023   1694.50505
     0.39200     31.02407      8.69514   1690.36592
     0.39400     31.02949      8.69332   1690.76517
     0.39600     31.06541      8.68294   1693.49624
     0.39800     31.03939      8.69004   1691.50653
     0.40000     31.02039      8.69525   1690.05625
     0.40200     31.03191      8.69196   1690.93587
     0.40400     31.07868      8.67885   1694.50700
     0.40600     31.02325      8.69459   1690.27670
     0.40800     31.02572      8.69411   1690.46153
     0.41000     31.05815      8.68522   1692.92822
     0.41200     31.05106      8.68741   1692.37474
     0.41400     31.02190      8.69556   1690.13216
     0.41600     31.02974      8.69227   1690.72141
     0.41800     31.07211      8.67567   1693.95302
     0.42000     30.98488      8.68291   1687.20330
     0.42200     30.86798      8.65068   1678.27097
     0.42400     30.46530      8.52328   1648.17015
     0.42600     29.01277      8.08235   1536.83843
     0.42800     24.39830      6.57310   1193.20237
     0.43000     14.72175      1.95361    515.62129
     0.43200      6.66326     -5.39900     65.04285
     0.43400      5.99242     -6.19633     46.09500
     0.43600      5.99242     -6.19633     46.09500
     0.43800      5.99242     -6.19633     46.09500
     0.44000      5.99242     -6.19633     46.09500
     0.44200      5.99242     -6.19633     46.09500
     0.44400      5.99242     -6.19633     46.09500
     0.44600      5.99242     -6.19633     46.09500
     0.44800      5.99242     -6.19633     46.09500
     0.45000      5.99242     -6.19633     46.09500
     0.45200      5.99242     -6.19633     46.09500
     0.45400      5.99242     -6.19633     46.09500
     0.45600      5.99242     -6.19633     46.09500
     0.45800      5.99242     -6.19633     46.09500
     0.46000      5.99242     -6.19633     46.09500
     0.46200      5.99242     -6.19633     46.09500
     0.46400      5.99242     -6.19633     46.09500
     0.46600      5.99242     -6.19633     46.09500
     0.46800      5.99242     -6.19633     46.09500
     0.47000      5.99242     -6.19633     46.09500
     0.47200      5.99242     -6.19633     46.09500
     0.47400      5.99242     -6.19633     46.09500
     0.47600      5.99242     -6.19633     46.09500
     0.47800      5.99242     -6.19633     46.09500
     0.48000      5.99242     -6.19633     46.09500
     0.48200      5.99242     -6.19633     46.09500
     0.48400      5.99242     -6.19633     46.09500
     0.48600      5.99242     -6.19633     46.09500
     0.48800      5.99242     -6.19633     46.09500
     0.49000      5.99242     -6.19633     46.09500
     0.49200      5.99242     -6.19633     46.09500
     0.49400      5.99242     -6.19633     46.09500
     0.49600      5.99242     -6.19633     46.09500
     0.49800      5.99242     -6.19633     46.09500
     0.50000      5.99242     -6.19633     46.09500
     0.50200      5.99242     -6.19633     46.09500
     0.50400      5.99242     -6.19633     46.09500
     0.50600      5.99242     -6.19633     46.09500
     0.50800      5.99242     -6.19633     46.09500
     0.51000      5.99242     -6.19633     46.09500
     0.51200      5.99242     -6.19633     46.09500
     0.51400      5.99242     -6.19633     46.09500
     0.51600      5.99242     -6.19633     46.09500
     0.51800      5.99242     -6.19633     46.09500
     0.52000      5.99242     -6.19633     46.09500
     0.52200      5.99242     -6.19633     46.09500
     0.52400      5.99242     -6.19633     46.09500
     0.52600      5.99242     -6.19633     46.09500
     0.52800      5.99242     -6.19633     46.09500
     0.53000      5.99242     -6.19633     46.09500
     0.53200      5.99242     -6.19633     46.09500
     0.53400      5.99242     -6.19633     46.09500
     0.53600      5.99242     -6.19633     46.09500
     0.53800      5.99242     -6.19633     46.09500
     0.54000      5.99242     -6.19633     46.09500
     0.54200      5.99242     -6.19633     46.09500
     0.54400      5.99242     -6.19633     46.09500
     0.54600      5.99242     -6.19633     46.09500
     0.54800      5.99242     -6.19633     46.09500
     0.55000      5.99242     -6.19633     46.09500
     0.55200      5.99242     -6.19633     46.09500
     0.55400      5.99242     -6.19633     46.09500
     0.55600      5.99242     -6.19633     46.09500
     0.55800      5.99242     -6.19633     46.09500
     0.56000      5.99242     -6.19633     46.09500
     0.56200      5.99242     -6.19633     46.09500
     0.56400      5.99242     -6.19633     46.09500
     0.56600      5.99242     -6.19633     46.09500
     0.56800      5.99242     -6.19633     46.09500
     0.57000      5.99242     -6.19633     46.09500
     0.57200      5.99242     -6.19633     46.09500
     0.57400      5.99242     -6.19633     46.09500
     0.57600      5.99242     -6.19633     46.09500
     0.57800      5.99242     -6.19633     46.09500
     0.58000      5.99242     -6.19633     46.09500
     0.58200      5.99242     -6.19633     46.09500
     0.58400      5.99242     -6.19633     46.09500
     0.58600      5.99242     -6.19633     46.09500
     0.58800      5.99242     -6.19633     46.09500
     0.59000      5.99242     -6.19633     46.09500
     0.59200      5.99242     -6.19633     46.09500
     0.59400      5.99242     -6.19633     46.09500
     0.59600      5.99242     -6.19633     46.09500
     0.59800      5.99242     -6.19633     46.09500
     0.60000      5.99242     -6.19633     46.09500
     0.60200      5.99242     -6.19633     46.09500
     0.60400      5.99242     -6.19633     46.09500
     0.60600      5.99242     -6.19633     46.09500
     0.60800      5.99242     -6.19633     46.09500
     0.61000      5.99242     -6.19633     46.09500
     0.61200      5.99242     -6.19633     46.09500
     0.61400      5.99242     -6.19633     46.09500
     0.61600      5.99242     -6.19633     46.09500
     0.61800      5.99242     -6.19633     46.09500
     0.62000      5.99242     -6.19633     46.09500
     0.62200      5.99242     -6.19633     46.09500
     0.62400      5.99242     -6.19633     46.09500
     0.62600      5.99242     -6.19633     46.09500
     0.62800      5.99242     -6.19633     46.09500
     0.63000      5.99242     -6.19633     46.09500
     0.63200      5.99242     -6.19633     46.09500
     0.63400      5.99242     -6.19633     46.09500
     0.63600      5.99242     -6.19633     46.09500
     0.63800      5.99242     -6.19633     46.09500
     0.64000      5.99242     -6.19633     46.09500
     0.64200      5.99242     -6.19633     46.09500
     0.64400      5.99242     -6.19633     46.09500
     0.64600      5.99242     -6.19633     46.09500
     0.64800      5.99242     -6.19633     46.09500
     0.65000      5.99242     -6.19633     46.09500
     0.65200      5.99242     -6.19633     46.09500
     0.65400      5.99242     -6.19633     46.09500
     0.65600      5.99242     -6.19633     46.09500
     0.65800      5.99242     -6.19633     46.09500
     0.66000      5.99242     -6.19633     46.09500
     0.66200      5.99242     -6.19633     46.09500
     0.66400      5.99242     -6.19633     46.09500
     0.66600      5.99242     -6.19633     46.09500
     0.66800      5.99242     -6.19633     46.09500
     0.67000      5.99242     -6.19633     46.09500
     0.67200      5.99242     -6.19633     46.09500
     0.67400      5.99242     -6.19633     46.09500
     0.67600      5.99242     -6.19633     46.09500
     0.67800      5.99242     -6.19633     46.09500
     0.68000      5.99242     -6.19633     46.09500
     0.68200      5.99242     -6.19633     46.09500
     0.68400      5.99242     -6.19633     46.09500
     0.68600      5.99242     -6.19633     46.09500
     0.68800      5.99242     -6.19633     46.09500
     0.69000      5.99242     -6.19633     46.09500
     0.69200      5.99242     -6.19633     46.09500
     0.69400      5.99242     -6.19633     46.09500
     0.69600      5.99242     -6.19633     46.09500
     0.69800      5.99242     -6.19633     46.09500
     0.70000      5.99242     -6.19633     46.09500
     0.70200      5.99242     -6.19633     46.09500
     0.70400      5.99242     -6.19633     46.09500
     0.70600      5.99242     -6.19633     46.09500
     0.70800      5.99242     -6.19633     46.09500
     0.71000      5.99242     -6.19633     46.09500
     0.71200      5.99242     -6.19633     46.09500
     0.71400      5.99242     -6.19633     46.09500
     0.71600      5.99242     -6.19633     46.09500
     0.71800      5.99242     -6.19633     46.09500
     0.72000      5.99242     -6.19633     46.09500
     0.72200      5.99242     -6.19633     46.09500
     0.72400      5.99242     -6.19633     46.09500
     0.72600      5.99242     -6.19633     46.09500
     0.72800      5.99242     -6.19633     46.09500
     0.73000      5.99242     -6.19633     46.09500
     0.73200      5.99242     -6.19633     46.09500
     0.73400      5.99242     -6.19633     46.09500
     0.73600      5.99242     -6.19633     46.09500
     0.73800      5.99242     -6.19633     46.09500
     0.74000      5.99242     -6.19633     46.09500
     0.74200      5.99242     -6.19633     46.09500
     0.74400      5.99242     -6.19633     46.09500
     0.74600      5.99242     -6.19633     46.09500
     0.74800      5.99242     -6.19633     46.09500
     0.75000      5.99242     -6.19633     46.09500
     0.75200      5.99242     -6.19633     46.09500
     0.75400      5.99242     -6.19633     46.09500
     0.75600      5.99242     -6.19633     46.09500
     0.75800      5.99242     -6.19633     46.09500
     0.76000      5.99242     -6.19633     46.09500
     0.76200      5.99242     -6.19633     46.09500
     0.76400      5.99242     -6.19633     46.09500
     0.76600      5.99242     -6.19633     46.09500
     0.76800      5.99242     -6.19633     46.09500
     0.77000      5.99242     -6.19633     46.09500
     0.77200      5.99242     -6.19633     46.09500
     0.77400      5.99242     -6.19633     46.09500
     0.77600      5.99242     -6.19633     46.09500
     0.77800      5.99242     -6.19633     46.09500
     0.78000      5.99242     -6.19633     46.09500
     0.78200      5.99242     -6.19633     46.09500
     0.78400      5.99242     -6.19633     46.09500
     0.78600      5.99242     -6.19633     46.09500
     0.78800      5.99242     -6.19633     46.09500
     0.79000      5.99242     -6.19633     46.09500
     0.79200      5.99242     -6.19633     46.09500
     0.79400      5.99242     -6.19633     46.09500
     0.79600      5.99242     -6.19633     46.09500
     0.79800      5.99242     -6.19633     46.09500
     0.80000      5.99242     -6.19633     46.09500
     0.80200      5.99242     -6.19633     46.09500
     0.80400      5.99242     -6.19633     46.09500
     0.80600      5.99242     -6.19633     46.09500
     0.80800      5.99242     -6.19633     46.09500
     0.81000      5.99242     -6.19633     46.09500
     0.81200      5.99242     -6.19633     46.09500
     0.81400      5.99242     -6.19633     46.09500
     0.81600      5.99242     -6.19633     46.09500
     0.81800      5.99242     -6.19633     46.09500
     0.82000      5.99242     -6.19633     46.09500
     0.82200      5.99242     -6.19633     46.09500
     0.82400      5.99242     -6.19633     46.09500
     0.82600      5.99242     -6.19633     46.09500
     0.82800      5.99242     -6.19633     46.09500
     0.83000      5.99242     -6.19633     46.09500
     0.83200      5.99242     -6.19633     46.09500
     0.83400      5.99242     -6.19633     46.09500
     0.83600      5.99242     -6.19633     46.09500
     0.83800      5.99242     -6.19633     46.09500
     0.84000      5.99242     -6.19633     46.09500
     0.84200      5.99242     -6.19633     46.09500
     0.84400      5.99242     -6.19633     46.09500
     0.84600      5.99242     -6.19633     46.09500
     0.84800      5.99242     -6.19633     46.09500
     0.85000      5.99242     -6.19633     46.09500
     0.85200      5.99242     -6.19633     46.09500
     0.85400      5.99242     -6.19633     46.09500
     0.85600      5.99242     -6.19633     46.09500
     0.85800      5.99242     -6.19633     46.09500
     0.86000      5.99242     -6.19633     46.09500
     0.86200      5.99242     -6.19633     46.09500
     0.86400      5.99242     -6.19633     46.09500
     0.86600      5.99242     -6.19633     46.09500
     0.86800      5.99242     -6.19633     46.09500
     0.87000      5.99242     -6.19633     46.09500
     0.87200      5.99242     -6.19633     46.09500
     0.87400      5.99242     -6.19633     46.09500
     0.87600      5.99242     -6.19633     46.09500
     0.87800      5.99242     -6.19633     46.09500
     0.88000      5.99242     -6.19633     46.09500
     0.88200      5.99242     -6.19633     46.09500
     0.88400      5.99242     -6.19633     46.09500
     0.88600      5.99242     -6.19633     46.09500
     0.88800      5.99242     -6.19633     46.09500
     0.89000      5.99242     -6.19633     46.09500
     0.89200      5.99242     -6.19633     46.09500
     0.89400      5.99242     -6.19633     46.09500
     0.89600      5.99242     -6.19633     46.09500
     0.89800      5.99242     -6.19633     46.09500
     0.90000      5.99242     -6.19633     46.09500
     0.90200      5.99242     -6.19633     46.09500
     0.90400      5.99242     -6.19633     46.09500
     0.90600      5.99242     -6.19633     46.09500
     0.90800      5.99242     -6.19633     46.09500
     0.91000      5.99242     -6.19633     46.09500
     0.91200      5.99242     -6.19633     46.09500
     0.91400      5.99242     -6.19633     46.09500
     0.91600      5.99242     -6.19633     46.09500
     0.91800      5.99242     -6.19633     46.09500
     0.92000      5.99242     -6.19633     46.09500
     0.92200      5.99242     -6.19633     46.09500
     0.92400      5.99242     -6.19633     46.09500
     0.92600      5.99242     -6.19633     46.09500
     0.92800      5.99242     -6.19633     46.09500
     0.93000      5.99242     -6.19633     46.09500
     0.93200      5.99242     -6.19633     46.09500
     0.93400      5.99242     -6.19633     46.09500
     0.93600      5.99242     -6.19633     46.09500
     0.93800      5.99242     -6.19633     46.09500
     0.94000      5.99242     -6.19633     46.09500
     0.94200      5.99242     -6.19633     46.09500
     0.94400      5.99242     -6.19633     46.09500
     0.94600      5.99242     -6.19633     46.09500
     0.94800      5.99242     -6.19633     46.09500
     0.95000      5.99242     -6.19633     46.09500
     0.95200      5.99242     -6.19633     46.09500
     0.95400      5.99242     -6.19633     46.09500
     0.95600      5.99242     -6.19633     46.09500
     0.95800      5.99242     -6.19633     46.09500
     0.96000      5.99242     -6.19633     46.09500
     0.96200      5.99242     -6.19633     46.09500
     0.96400      5.99242     -6.19633     46.09500
     0.96600      5.99242     -6.19633     46.09500
     0.96800      5.99242     -6.19633     46.09500
     0.97000      5.99242     -6.19633     46.09500
     0.97200      5.99242     -6.19633     46.09500
     0.97400      5.99242     -6.19633     46.09500
     0.97600      5.99242     -6.19633     46.09500
     0.97800      5.99242     -6.19633     46.09500
     0.98000      5.99242     -6.19633     46.09500
     0.98200      5.99242     -6.19633     46.09500
     0.98400      5.99242     -6.19633     46.09500
     0.98600      5.99242     -6.19633     46.09500
     0.98800      5.99242     -6.19633     46.09500
     0.99000      5.99242     -6.19633     46.09500
     0.99200      5.99242     -6.19633     46.09500
     0.99400      5.99242     -6.19633     46.09500
     0.99600      5.99242     -6.19633     46.09500
     0.99800      5.99242     -6.19633     46.09500
