t =     0.0350
           x          rho            u            p
    -1.00000      5.99924     19.59750    460.89400
    -0.99800      5.99924     19.59750    460.89400
    -0.99600      5.99924     19.59750    460.89400
    -0.99400      5.99924     19.59750    460.89400
    -0.99200      5.99924     19.59750    460.89400
    -0.99000      5.99924     19.59750    460.89400
    -0.98800      5.99924     19.59750    460.89400
    -0.98600      5.99924     19.59750    460.89400
    -0.98400      5.99924     19.59750    460.89400
    -0.98200      5.99924     19.59750    460.89400
    -0.98000      5.99924     19.59750    460.89400
    -0.97800      5.99924     19.59750    460.89400
    -0.97600      5.99924     19.59750    460.89400
    -0.97400      5.99924     19.59750    460.89400
    -0.97200      5.99924     19.59750    460.89400
    -0.97000      5.99924     19.59750    460.89400
    -0.96800      5.99924     19.59750    460.89400
    -0.96600      5.99924     19.59750    460.89400
    -0.96400      5.99924     19.59750    460.89400
    -0.96200      5.99924     19.59750    460.89400
    -0.96000      5.99924     19.59750    460.89400
    -0.95800      5.99924     19.59750    460.89400
    -0.95600      5.99924     19.59750    460.89400
    -0.95400      5.99924     19.59750    460.89400
    -0.95200      5.99924     19.59750    460.89400
    -0.95000      5.99924     19.59750    460.89400
    -0.94800      5.99924     19.59750    460.89400
    -0.94600      5.99924     19.59750    460.89400
    -0.94400      5.99924     19.59750    460.89400
    -0.94200      5.99924     19.59750    460.89400
    -0.94000      5.99924     19.59750    460.89400
    -0.93800      5.99924     19.59750    460.89400
    -0.93600      5.99924     19.59750    460.89400
    -0.93400      5.99924     19.59750    460.89400
    -0.93200      5.99924     19.59750    460.89400
    -0.93000      5.99924     19.59750    460.89400
    -0.92800      5.99924     19.59750    460.89400
    -0.92600      5.99924     19.59750    460.89400
    -0.92400      5.99924     19.59750    460.89400
    -0.92200      5.99924     19.59750    460.89400
    -0.92000      5.99924     19.59750    460.89400
    -0.91800      5.99924     19.59750    460.89400
    -0.91600      5.99924     19.59750    460.89400
    -0.91400      5.99924     19.59750    460.89400
    -0.91200      5.99924     19.59750    460.89400
    -0.91000      5.99924     19.59750    460.89400
    -0.90800      5.99924     19.59750    460.89400
    -0.90600      5.99924     19.59750    460.89400
    -0.90400      5.99924     19.59750    460.89400
    -0.90200      5.99924     19.59750    460.89400
    -0.90000      5.99924     19.59750    460.89400
    -0.89800      5.99924     19.59750    460.89400
    -0.89600      5.99924     19.59750    460.89400
    -0.89400      5.99924     19.59750    460.89400
    -0.89200      5.99924     19.59750    460.89400
    -0.89000      5.99924     19.59750    460.89400
    -0.88800      5.99924     19.59750    460.89400
    -0.88600      5.99924     19.59750    460.89400
    -0.88400      5.99924     19.59750    460.89400
    -0.88200      5.99924     19.59750    460.89400
    -0.88000      5.99924     19.59750    460.89400
    -0.87800      5.99924     19.59750    460.89400
    -0.87600      5.99924     19.59750    460.89400
    -0.87400      5.99924     19.59750    460.89400
    -0.87200      5.99924     19.59750    460.89400
    -0.87000      5.99924     19.59750    460.89400
    -0.86800      5.99924     19.59750    460.89400
    -0.86600      5.99924     19.59750    460.89400
    -0.86400      5.99924     19.59750    460.89400
    -0.86200      5.99924     19.59750    460.89400
    -0.86000      5.99924     19.59750    460.89400
    -0.85800      5.99924     19.59750    460.89400
    -0.85600      5.99924     19.59750    460.89400
    -0.85400      5.99924     19.59750    460.89400
    -0.85200      5.99924     19.59750    460.89400
    -0.85000      5.99924     19.59750    460.89400
    -0.84800      5.99924     19.59750    460.89400
    -0.84600      5.99924     19.59750    460.89400
    -0.84400      5.99924     19.59750    460.89400
    -0.84200      5.99924     19.59750    460.89400
    -0.84000      5.99924     19.59750    460.89400
    -0.83800      5.99924     19.59750    460.89400
    -0.83600      5.99924     19.59750    460.89400
    -0.83400      5.99924     19.59750    460.89400
    -0.83200      5.99924     19.59750    460.89400
    -0.83000      5.99924     19.59750    460.89400
    -0.82800      5.99924     19.59750    460.89400
    -0.82600      5.99924     19.59750    460.89400
    -0.82400      5.99924     19.59750    460.89400
    -0.82200      5.99924     19.59750    460.89400
    -0.82000      5.99924     19.59750    460.89400
    -0.81800      5.99924     19.59750    460.89400
    -0.81600      5.99924     19.59750    460.89400
    -0.81400      5.99924     19.59750    460.89400
    -0.81200      5.99924     19.59750    460.89400
    -0.81000      5.99924     19.59750    460.89400
    -0.80800      5.99924     19.59750    460.89400
    -0.80600      5.99924     19.59750    460.89400
    -0.80400      5.99924     19.59750    460.89400
    -0.80200      5.99924     19.59750    460.89400
    -0.80000      5.99924     19.59750    460.89400
    -0.79800      5.99924     19.59750    460.89400
    -0.79600      5.99924     19.59750    460.89400
    -0.79400      5.99924     19.59750    460.89400
    -0.79200      5.99924     19.59750    460.89400
    -0.79000      5.99924     19.59750    460.89400
    -0.78800      5.99924     19.59750    460.89400
    -0.78600      5.99924     19.59750    460.89400
    -0.78400      5.99924     19.59750    460.89400
    -0.78200      5.99924     19.59750    460.89400
    -0.78000      5.99924     19.59750    460.89400
    -0.77800      5.99924     19.59750    460.89400
    -0.77600      5.99924     19.59750    460.89400
    -0.77400      5.99924     19.59750    460.89400
    -0.77200      5.99924     19.59750    460.89400
    -0.77000      5.99924     19.59750    460.89400
    -0.76800      5.99924     19.59750    460.89400
    -0.76600      5.99924     19.59750    460.89400
    -0.76400      5.99924     19.59750    460.89400
    -0.76200      5.99924     19.59750    460.89400
    -0.76000      5.99924     19.59750    460.89400
    -0.75800      5.99924     19.59750    460.89400
    -0.75600      5.99924     19.59750    460.89400
    -0.75400      5.99924     19.59750    460.89400
    -0.75200      5.99924     19.59750    460.89400
    -0.75000      5.99924     19.59750    460.89400
    -0.74800      5.99924     19.59750    460.89400
    -0.74600      5.99924     19.59750    460.89400
    -0.74400      5.99924     19.59750    460.89400
    -0.74200      5.99924     19.59750    460.89400
    -0.74000      5.99924     19.59750    460.89400
    -0.73800      5.99924     19.59750    460.89400
    -0.73600      5.99924     19.59750    460.89400
    -0.73400      5.99924     19.59750    460.89400
    -0.73200      5.99924     19.59750    460.89400
    -0.73000      5.99924     19.59750    460.89400
    -0.72800      5.99924     19.59750    460.89400
    -0.72600      5.99924     19.59750    460.89400
    -0.72400      5.99924     19.59750    460.89400
    -0.72200      5.99924     19.59750    460.89400
    -0.72000      5.99924     19.59750    460.89400
    -0.71800      5.99924     19.59750    460.89400
    -0.71600      5.99924     19.59750    460.89400
    -0.71400      5.99924     19.59750    460.89400
    -0.71200      5.99924     19.59750    460.89400
    -0.71000      5.99924     19.59750    460.89400
    -0.70800      5.99924     19.59750    460.89400
    -0.70600      5.99924     19.59750    460.89400
    -0.70400      5.99924     19.59750    460.89400
    -0.70200      5.99924     19.59750    460.89400
    -0.70000      5.99924     19.59750    460.89400
    -0.69800      5.99924     19.59750    460.89400
    -0.69600      5.99924     19.59750    460.89400
    -0.69400      5.99924     19.59750    460.89400
    -0.69200      5.99924     19.59750    460.89400
    -0.69000      5.99924     19.59750    460.89400
    -0.68800      5.99924     19.59750    460.89400
    -0.68600      5.99924     19.59750    460.89400
    -0.68400      5.99924     19.59750    460.89400
    -0.68200      5.99924     19.59750    460.89400
    -0.68000      5.99924     19.59750    460.89400
    -0.67800      5.99924     19.59750    460.89400
    -0.67600      5.99924     19.59750    460.89400
    -0.67400      5.99924     19.59750    460.89400
    -0.67200      5.99924     19.59750    460.89400
    -0.67000      5.99924     19.59750    460.89400
    -0.66800      5.99924     19.59750    460.89400
    -0.66600      5.99924     19.59750    460.89400
    -0.66400      5.99924     19.59750    460.89400
    -0.66200      5.99924     19.59750    460.89400
    -0.66000      5.99924     19.59750    460.89400
    -0.65800      5.99924     19.59750    460.89400
    -0.65600      5.99924     19.59750    460.89400
    -0.65400      5.99924     19.59750    460.89400
    -0.65200      5.99924     19.59750    460.89400
    -0.65000      5.99924     19.59750    460.89400
    -0.64800      5.99924     19.59750    460.89400
    -0.64600      5.99924     19.59750    460.89400
    -0.64400      5.99924     19.59750    460.89400
    -0.64200      5.99924     19.59750    460.89400
    -0.64000      5.99924     19.59750    460.89400
    -0.63800      5.99924     19.59750    460.89400
    -0.63600      5.99924     19.59750    460.89400
    -0.63400      5.99924     19.59750    460.89400
    -0.63200      5.99924     19.59750    460.89400
    -0.63000      5.99924     19.59750    460.89400
    -0.62800      5.99924     19.59750    460.89400
    -0.62600      5.99924     19.59750    460.89400
    -0.62400      5.99924     19.59750    460.89400
    -0.62200      5.99924     19.59750    460.89400
    -0.62000      5.99924     19.59750    460.89400
    -0.61800      5.99924     19.59750    460.89400
    -0.61600      5.99924     19.59750    460.89400
    -0.61400      5.99924     19.59750    460.89400
    -0.61200      5.99924     19.59750    460.89400
    -0.61000      5.99924     19.59750    460.89400
    -0.60800      5.99924     19.59750    460.89400
    -0.60600      5.99924     19.59750    460.89400
    -0.60400      5.99924     19.59750    460.89400
    -0.60200      5.99924     19.59750    460.89400
    -0.60000      5.99924     19.59750    460.89400
    -0.59800      5.99924     19.59750    460.89400
    -0.59600      5.99924     19.59750    460.89400
    -0.59400      5.99924     19.59750    460.89400
    -0.59200      5.99924     19.59750    460.89400
    -0.59000      5.99924     19.59750    460.89400
    -0.58800      5.99924     19.59750    460.89400
    -0.58600      5.99924     19.59750    460.89400
    -0.58400      5.99924     19.59750    460.89400
    -0.58200      5.99924     19.59750    460.89400
    -0.58000      5.99924     19.59750    460.89400
    -0.57800      5.99924     19.59750    460.89400
    -0.57600      5.99924     19.59750    460.89400
    -0.57400      5.99924     19.59750    460.89400
    -0.57200      5.99924     19.59750    460.89400
    -0.57000      5.99924     19.59750    460.89400
    -0.56800      5.99924     19.59750    460.89400
    -0.56600      5.99924     19.59750    460.89400
    -0.56400      5.99924     19.59750    460.89400
    -0.56200      5.99924     19.59750    460.89400
    -0.56000      5.99924     19.59750    460.89400
    -0.55800      5.99924     19.59750    460.89400
    -0.55600      5.99924     19.59750    460.89400
    -0.55400      5.99924     19.59750    460.89400
    -0.55200      5.99924     19.59750    460.89400
    -0.55000      5.99924     19.59750    460.89400
    -0.54800      5.99924     19.59750    460.89400
    -0.54600      5.99924     19.59750    460.89400
    -0.54400      5.99924     19.59750    460.89400
    -0.54200      5.99924     19.59750    460.89400
    -0.54000      5.99924     19.59750    460.89400
    -0.53800      5.99924     19.59750    460.89400
    -0.53600      5.99924     19.59750    460.89400
    -0.53400      5.99924     19.59750    460.89400
    -0.53200      5.99924     19.59750    460.89400
    -0.53000      5.99924     19.59750    460.89400
    -0.52800      5.99924     19.59750    460.89400
    -0.52600      5.99924     19.59750    460.89400
    -0.52400      5.99924     19.59750    460.89400
    -0.52200      5.99924     19.59750    460.89400
    -0.52000      5.99924     19.59750    460.89400
    -0.51800      5.99924     19.59750    460.89400
    -0.51600      5.99924     19.59750    460.89400
    -0.51400      5.99924     19.59750    460.89400
    -0.51200      5.99924     19.59750    460.89400
    -0.51000      5.99924     19.59750    460.89400
    -0.50800      5.99924     19.59750    460.89400
    -0.50600      5.99924     19.59750    460.89400
    -0.50400      5.99924     19.59750    460.89400
    -0.50200      5.99924     19.59750    460.89400
    -0.50000      5.99924     19.59750    460.89400
    -0.49800      5.99924     19.59750    460.89400
    -0.49600      5.99924     19.59750    460.89400
    -0.49400      5.99924     19.59750    460.89400
    -0.49200      5.99924     19.59750    460.89400
    -0.49000      5.99924     19.59750    460.89400
    -0.48800      5.99924     19.59750    460.89400
    -0.48600      5.99924     19.59750    460.89400
    -0.48400      5.99924     19.59750    460.89400
    -0.48200      5.99924     19.59750    460.89400
    -0.48000      5.99924     19.59750    460.89400
    -0.47800      5.99924     19.59750    460.89400
    -0.47600      5.99924     19.59750    460.89400
    -0.47400      5.99924     19.59750    460.89400
    -0.47200      5.99924     19.59750    460.89400
    -0.47000      5.99924     19.59750    460.89400
    -0.46800      5.99924     19.59750    460.89400
    -0.46600      5.99924     19.59750    460.89400
    -0.46400      5.99924     19.59750    460.89400
    -0.46200      5.99924     19.59750    460.89400
    -0.46000      5.99924     19.59750    460.89400
    -0.45800      5.99924     19.59750    460.89400
    -0.45600      5.99924     19.59750    460.89400
    -0.45400      5.99924     19.59750    460.89400
    -0.45200      5.99924     19.59750    460.89400
    -0.45000      5.99924     19.59750    460.89400
    -0.44800      5.99924     19.59750    460.89400
    -0.44600      5.99924     19.59750    460.89400
    -0.44400      5.99924     19.59750    460.89400
    -0.44200      5.99924     19.59750    460.89400
    -0.44000      5.99924     19.59750    460.89400
    -0.43800      5.99924     19.59750    460.89400
    -0.43600      5.99924     19.59750    460.89400
    -0.43400      5.99924     19.59750    460.89400
    -0.43200      5.99924     19.59750    460.89400
    -0.43000      5.99924     19.59750    460.89400
    -0.42800      5.99924     19.59750    460.89400
    -0.42600      5.99924     19.59750    460.89400
    -0.42400      5.99924     19.59750    460.89400
    -0.42200      5.99924     19.59750    460.89400
    -0.42000      5.99924     19.59750    460.89400
    -0.41800      5.99924     19.59750    460.89400
    -0.41600      5.99924     19.59750    460.89400
    -0.41400      5.99924     19.59750    460.89400
    -0.41200      5.99924     19.59750    460.89400
    -0.41000      5.99924     19.59750    460.89400
    -0.40800      5.99924     19.59750    460.89400
    -0.40600      5.99924     19.59750    460.89400
    -0.40400      5.99924     19.59750    460.89400
    -0.40200      5.99924     19.59750    460.89400
    -0.40000      5.99924     19.59750    460.89400
    -0.39800      5.99924     19.59750    460.89400
    -0.39600      5.99924     19.59750    460.89400
    -0.39400      5.99924     19.59750    460.89400
    -0.39200      5.99924     19.59750    460.89400
    -0.39000      5.99924     19.59750    460.89400
    -0.38800      5.99924     19.59750    460.89400
    -0.38600      5.99924     19.59750    460.89400
    -0.38400      5.99924     19.59750    460.89400
    -0.38200      5.99924     19.59750    460.89400
    -0.38000      5.99924     19.59750    460.89400
    -0.37800      5.99924     19.59750    460.89400
    -0.37600      5.99924     19.59750    460.89400
    -0.37400      5.99924     19.59750    460.89400
    -0.37200      5.99924     19.59750    460.89400
    -0.37000      5.99924     19.59750    460.89400
    -0.36800      5.99924     19.59750    460.89400
    -0.36600      5.99924     19.59750    460.89400
    -0.36400      5.99924     19.59750    460.89400
    -0.36200      5.99924     19.59750    460.89400
    -0.36000      5.99924     19.59750    460.89400
    -0.35800      5.99924     19.59750    460.89400
    -0.35600      5.99924     19.59750    460.89400
    -0.35400      5.99924     19.59750    460.89400
    -0.35200      5.99924     19.59750    460.89400
    -0.35000      5.99924     19.59750    460.89400
    -0.34800      5.99924     19.59750    460.89400
    -0.34600      5.99924     19.59750    460.89400
    -0.34400      5.99924     19.59750    460.89400
    -0.34200      5.99924     19.59750    460.89400
    -0.34000      5.99924     19.59750    460.89400
    -0.33800      5.99924     19.59750    460.89400
    -0.33600      5.99924     19.59750    460.89400
    -0.33400      5.99924     19.59750    460.89400
    -0.33200      5.99924     19.59750    460.89400
    -0.33000      5.99924     19.59750    460.89400
    -0.32800      5.99924     19.59750    460.89400
    -0.32600      5.99924     19.59750    460.89400
    -0.32400      5.99924     19.59750    460.89400
    -0.32200      5.99924     19.59750    460.89400
    -0.32000      5.99924     19.59750    460.89400
    -0.31800      5.99924     19.59750    460.89400
    -0.31600      5.99924     19.59750    460.89400
    -0.31400      5.99924     19.59750    460.89400
    -0.31200      5.99924     19.59750    460.89400
    -0.31000      5.99924     19.59750    460.89400
    -0.30800      5.99924     19.59750    460.89400
    -0.30600      5.99924     19.59750    460.89400
    -0.30400      5.99924     19.59750    460.89400
    -0.30200      5.99924     19.59750    460.89400
    -0.30000      5.99924     19.59750    460.89400
    -0.29800      5.99924     19.59750    460.89400
    -0.29600      5.99924     19.59750    460.89400
    -0.29400      5.99924     19.59750    460.89400
    -0.29200      5.99924     19.59750    460.89400
    -0.29000      5.99924     19.59750    460.89400
    -0.28800      5.99924     19.59750    460.89400
    -0.28600      5.99924     19.59750    460.89400
    -0.28400      5.99924     19.59750    460.89400
    -0.28200      5.99924     19.59750    460.89400
    -0.28000      5.99924     19.59750    460.89400
    -0.27800      5.99924     19.59750    460.89400
    -0.27600      5.99924     19.59750    460.89400
    -0.27400      5.99924     19.59750    460.89400
    -0.27200      5.99924     19.59750    460.89400
    -0.27000      5.99924     19.59750    460.89400
    -0.26800      5.99924     19.59750    460.89400
    -0.26600      5.99924     19.59750    460.89400
    -0.26400      5.99924     19.59750    460.89400
    -0.26200      5.99924     19.59750    460.89400
    -0.26000      5.99924     19.59750    460.89400
    -0.25800      5.99924     19.59750    460.89400
    -0.25600      5.99924     19.59750    460.89400
    -0.25400      5.99924     19.59750    460.89400
    -0.25200      5.99924     19.59750    460.89400
    -0.25000      5.99924     19.59750    460.89400
    -0.24800      5.99924     19.59750    460.89400
    -0.24600      5.99924     19.59750    460.89400
    -0.24400      5.99924     19.59750    460.89400
    -0.24200      5.99924     19.59750    460.89400
    -0.24000      5.99924     19.59750    460.89400
    -0.23800      5.99924     19.59750    460.89400
    -0.23600      5.99924     19.59750    460.89400
    -0.23400      5.99924     19.59750    460.89400
    -0.23200      5.99924     19.59750    460.89400
    -0.23000      5.99924     19.59750    460.89400
    -0.22800      5.99924     19.59750    460.89400
    -0.22600      5.99924     19.59750    460.89400
    -0.22400      5.99924     19.59750    460.89400
    -0.22200      5.99924     19.59750    460.89400
    -0.22000      5.99924     19.59750    460.89400
    -0.21800      5.99924     19.59750    460.89400
    -0.21600      5.99924     19.59750    460.89400
    -0.21400      5.99924     19.59750    460.89400
    -0.21200      5.99924     19.59750    460.89400
    -0.21000      5.99924     19.59750    460.89400
    -0.20800      5.99924     19.59750    460.89400
    -0.20600      5.99924     19.59750    460.89400
    -0.20400      5.99924     19.59750    460.89400
    -0.20200      5.99924     19.59750    460.89400
    -0.20000      5.99924     19.59750    460.89400
    -0.19800      5.99924     19.59750    460.89400
    -0.19600      5.99924     19.59750    460.89400
    -0.19400      5.99924     19.59750    460.89400
    -0.19200      5.99924     19.59750    460.89400
    -0.19000      5.99924     19.59750    460.89400
    -0.18800      5.99924     19.59750    460.89400
    -0.18600      5.99924     19.59750    460.89400
    -0.18400      5.99924     19.59750    460.89400
    -0.18200      5.99924     19.59750    460.89400
    -0.18000      5.99924     19.59750    460.89400
    -0.17800      5.99924     19.59750    460.89400
    -0.17600      5.99924     19.59750    460.89400
    -0.17400      5.99924     19.59750    460.89400
    -0.17200      5.99924     19.59750    460.89400
    -0.17000      5.99924     19.59750    460.89400
    -0.16800      5.99924     19.59750    460.89400
    -0.16600      5.99924     19.59750    460.89400
    -0.16400      5.99924     19.59750    460.89400
    -0.16200      5.99924     19.59750    460.89400
    -0.16000      5.99924     19.59750    460.89400
    -0.15800      5.99924     19.59750    460.89400
    -0.15600      5.99924     19.59750    460.89400
    -0.15400      5.99924     19.59750    460.89400
    -0.15200      5.99924     19.59750    460.89400
    -0.15000      5.99924     19.59750    460.89400
    -0.14800      5.99924     19.59750    460.89400
    -0.14600      5.99924     19.59750    460.89400
    -0.14400      5.99924     19.59750    460.89400
    -0.14200      5.99924     19.59750    460.89400
    -0.14000      5.99924     19.59750    460.89400
    -0.13800      5.99924     19.59750    460.89400
    -0.13600      5.99924     19.59750    460.89400
    -0.13400      5.99924     19.59750    460.89400
    -0.13200      5.99924     19.59750    460.89400
    -0.13000      5.99924     19.59750    460.89400
    -0.12800      5.99924     19.59750    460.89400
    -0.12600      5.99924     19.59750    460.89400
    -0.12400      5.99924     19.59750    460.89400
    -0.12200      5.99924     19.59750    460.89400
    -0.12000      5.99924     19.59750    460.89400
    -0.11800      5.99924     19.59750    460.89400
    -0.11600      5.99924     19.59750    460.89400
    -0.11400      5.99924     19.59750    460.89400
    -0.11200      5.99924     19.59750    460.89400
    -0.11000      5.99924     19.59750    460.89400
    -0.10800      5.99924     19.59750    460.89400
    -0.10600      5.99924     19.59750    460.89400
    -0.10400      5.99924     19.59750    460.89400
    -0.10200      5.99924     19.59750    460.89400
    -0.10000      5.99924     19.59750    460.89400
    -0.09800      5.99924     19.59750    460.89400
    -0.09600      5.99924     19.59750    460.89400
    -0.09400      5.99924     19.59750    460.89400
    -0.09200      5.99924     19.59750    460.89400
    -0.09000      5.99924     19.59750    460.89400
    -0.08800      5.99924     19.59750    460.89400
    -0.08600      5.99924     19.59750    460.89400
    -0.08400      5.99924     19.59750    460.89400
    -0.08200      5.99924     19.59750    460.89400
    -0.08000      5.99924     19.59750    460.89400
    -0.07800      5.99924     19.59750    460.89400
    -0.07600      5.99924     19.59750    460.89400
    -0.07400      5.99924     19.59750    460.89400
    -0.07200      5.99924     19.59750    460.89400
    -0.07000      5.99924     19.59750    460.89400
    -0.06800      5.99924     19.59750    460.89400
    -0.06600      5.99924     19.59750    460.89400
    -0.06400      5.99924     19.59750    460.89400
    -0.06200      5.99924     19.59750    460.89400
    -0.06000      5.99924     19.59750    460.89400
    -0.05800      5.99924     19.59750    460.89400
    -0.05600      5.99924     19.59750    460.89400
    -0.05400      5.99924     19.59750    460.89400
    -0.05200      5.99924     19.59750    460.89400
    -0.05000      5.99924     19.59750    460.89400
    -0.04800      5.99924     19.59750    460.89400
    -0.04600      5.99924     19.59750    460.89400
    -0.04400      5.99924     19.59750    460.89400
    -0.04200      5.99924     19.59750    460.89400
    -0.04000      5.99924     19.59750    460.89400
    -0.03800      5.99924     19.59750    460.89400
    -0.03600      5.99924     19.59750    460.89400
    -0.03400      5.99924     19.59750    460.89400
    -0.03200      5.99924     19.59750    460.89400
    -0.03000      5.99924     19.59750    460.89400
    -0.02800      5.99924     19.59750    460.89400
    -0.02600      5.99924     19.59750    460.89400
    -0.02400      5.99924     19.59750    460.89400
    -0.02200      5.99924     19.59750    460.89400
    -0.02000      5.99924     19.59750    460.89400
    -0.01800      5.99924     19.59750    460.89400
    -0.01600      5.99924     19.59750    460.89400
    -0.01400      5.99924     19.59750    460.89400
    -0.01200      5.99924     19.59750    460.89400
    -0.01000      5.99924     19.59750    460.89400
    -0.00800      5.99924     19.59750    460.89400
    -0.00600      5.99924     19.59750    460.89400
    -0.00400      5.99924     19.59750    460.89400
    -0.00200      5.99924     19.59750    460.89400
     0.00000      5.99924     19.59750    460.89400
     0.00200      5.99924     19.59750    460.89400
     0.00400      5.99924     19.59750    460.89400
     0.00600      5.99924     19.59750    460.89400
     0.00800      5.99924     19.59750    460.89400
     0.01000      5.99924     19.59750    460.89400
     0.01200      5.99924     19.59750    460.89400
     0.01400      5.99924     19.59750    460.89400
     0.01600      5.99924     19.59750    460.89400
     0.01800      5.99924     19.59750    460.89400
     0.02000      5.99924     19.59750    460.89400
     0.02200      5.99924     19.59750    460.89400
     0.02400      5.99924     19.59750    460.89400
     0.02600      6.01547     19.56941    462.64389
     0.02800     12.51419     10.27125   1417.00979
     0.03000     14.23110      8.67585   1688.74414
     0.03200     14.29166      8.67817   1689.17116
     0.03400     14.33333      8.68205   1689.88769
     0.03600     14.34391      8.68752   1690.90170
     0.03800     14.33108      8.69404   1692.10915
     0.04000     14.30935      8.70039   1693.28500
     0.04200     14.28959      8.70526   1694.18816
     0.04400     14.27728      8.70817   1694.73136
     0.04600     14.27425      8.70968   1695.02013
     0.04800     14.27953      8.71040   1695.16485
     0.05000     14.28935      8.70999   1695.10260
     0.05200     14.29878      8.70773   1694.70124
     0.05400     14.30425      8.70376   1693.98846
     0.05600     14.30451      8.69915   1693.15740
     0.05800     14.30002      8.69483   1692.37993
     0.06000     14.29222      8.69109   1691.71214
     0.06200     14.28311      8.68790   1691.14464
     0.06400     14.27474      8.68515   1690.66028
     0.06600     14.26862      8.68280   1690.24770
     0.06800     14.26537      8.68081   1689.90044
     0.07000     14.26471      8.67916   1689.61671
     0.07200     14.26583      8.67788   1689.39931
     0.07400     14.26771      8.67701   1689.25559
     0.07600     14.26953      8.67662   1689.19700
     0.07800     14.27088      8.67678   1689.23775
     0.08000     14.27176      8.67758   1689.39225
     0.08200     14.27254      8.67908   1689.67128
     0.08400     14.27370      8.68130   1690.07736
     0.08600     14.27565      8.68417   1690.60047
     0.08800     14.27858      8.68756   1691.21548
     0.09000     14.28238      8.69124   1691.88252
     0.09200     14.28667      8.69492   1692.55080
     0.09400     14.29094      8.69830   1693.16517
     0.09600     14.29464      8.70108   1693.67378
     0.09800     14.29731      8.70304   1694.03503
     0.10000     14.29868      8.70404   1694.22244
     0.10200     14.29869      8.70401   1694.22702
     0.10400     14.29747      8.70303   1694.05717
     0.10600     14.29525      8.70123   1693.73667
     0.10800     14.29237      8.69880   1693.30081
     0.11000     14.28914      8.69598   1692.79114
     0.11200     14.28585      8.69302   1692.24961
     0.11400     14.28270      8.69010   1691.71331
     0.11600     14.27982      8.68739   1691.21121
     0.11800     14.27728      8.68500   1690.76336
     0.12000     14.27511      8.68298   1690.38239
     0.12200     14.27334      8.68137   1690.07603
     0.12400     14.27199      8.68019   1689.84961
     0.12600     14.27111      8.67946   1689.70766
     0.12800     14.27074      8.67920   1689.65440
     0.13000     14.27095      8.67945   1689.69321
     0.13200     14.27174      8.68020   1689.82550
     0.13400     14.27311      8.68146   1690.04939
     0.13600     14.27502      8.68319   1690.35834
     0.13800     14.27739      8.68533   1690.74023
     0.14000     14.28009      8.68777   1691.17693
     0.14200     14.28297      8.69037   1691.64470
     0.14400     14.28586      8.69297   1692.11536
     0.14600     14.28856      8.69539   1692.55832
     0.14800     14.29091      8.69748   1692.94315
     0.15000     14.29274      8.69908   1693.24262
     0.15200     14.29393      8.70009   1693.43549
     0.15400     14.29441      8.70047   1693.50897
     0.15600     14.29415      8.70019   1693.46014
     0.15800     14.29321      8.69931   1693.29619
     0.16000     14.29168      8.69790   1693.03339
     0.16200     14.28968      8.69609   1692.69489
     0.16400     14.28740      8.69398   1692.30771
     0.16600     14.28499      8.69173   1691.89960
     0.16800     14.28260      8.68947   1691.49626
     0.17000     14.28037      8.68732   1691.11935
     0.17200     14.27840      8.68540   1690.78576
     0.17400     14.27676      8.68379   1690.50779
     0.17600     14.27552      8.68255   1690.29415
     0.17800     14.27471      8.68175   1690.15107
     0.18000     14.27435      8.68139   1690.08319
     0.18200     14.27446      8.68148   1690.09376
     0.18400     14.27506      8.68199   1690.18401
     0.18600     14.27612      8.68288   1690.35203
     0.18800     14.27762      8.68411   1690.59151
     0.19000     14.27948      8.68561   1690.89084
     0.19200     14.28160      8.68732   1691.23304
     0.19400     14.28386      8.68916   1691.59676
     0.19600     14.28610      8.69105   1691.95827
     0.19800     14.28819      8.69289   1692.29391
     0.20000     14.29000      8.69457   1692.58262
     0.20200     14.29143      8.69600   1692.80780
     0.20400     14.29242      8.69706   1692.95839
     0.20600     14.29293      8.69768   1693.02892
     0.20800     14.29296      8.69781   1693.01894
     0.21000     14.29255      8.69744   1692.93224
     0.21200     14.29173      8.69661   1692.77617
     0.21400     14.29058      8.69539   1692.56142
     0.21600     14.28918      8.69387   1692.30180
     0.21800     14.28765      8.69216   1692.01373
     0.22000     14.28610      8.69035   1691.71508
     0.22200     14.28467      8.68857   1691.42327
     0.22400     14.28346      8.68690   1691.15338
     0.22600     14.28259      8.68546   1690.91694
     0.22800     14.28216      8.68432   1690.72204
     0.23000     14.28227      8.68354   1690.57437
     0.23200     14.28306      8.68318   1690.47876
     0.23400     14.28468      8.68321   1690.44019
     0.23600     14.28734      8.68362   1690.46396
     0.23800     14.29131      8.68433   1690.55461
     0.24000     14.29689      8.68526   1690.71356
     0.24200     14.30442      8.68634   1690.93593
     0.24400     14.31433      8.68752   1691.20802
     0.24600     14.32706      8.68877   1691.50737
     0.24800     14.34319      8.69010   1691.80647
     0.25000     14.36347      8.69146   1692.07867
     0.25200     14.38884      8.69283   1692.30341
     0.25400     14.42051      8.69411   1692.46867
     0.25600     14.45992      8.69519   1692.57139
     0.25800     14.50880      8.69595   1692.61745
     0.26000     14.56913      8.69626   1692.62031
     0.26200     14.64312      8.69604   1692.59499
     0.26400     14.73310      8.69527   1692.54735
     0.26600     14.84144      8.69409   1692.46643
     0.26800     14.97059      8.69272   1692.33073
     0.27000     15.12305      8.69137   1692.12723
     0.27200     15.30148      8.69014   1691.86526
     0.27400     15.50851      8.68906   1691.56854
     0.27600     15.74658      8.68819   1691.25617
     0.27800     16.01784      8.68759   1690.94631
     0.28000     16.32429      8.68714   1690.68889
     0.28200     16.66776      8.68650   1690.57228
     0.28400     17.04935      8.68550   1690.64698
     0.28600     17.46859      8.68461   1690.83101
     0.28800     17.92363      8.68461   1690.96664
     0.29000     18.41282      8.68554   1691.03027
     0.29200     18.93515      8.68658   1691.17446
     0.29400     19.48804      8.68747   1691.42742
     0.29600     20.06555      8.68934   1691.51309
     0.29800     20.66234      8.69243   1691.33321
     0.30000     21.27926      8.69364   1691.52956
     0.30200     21.91426      8.69157   1692.39009
     0.30400     22.55276      8.69054   1692.91546
     0.30600     23.18357      8.69259   1692.59304
     0.30800     23.80845      8.69413   1692.23514
     0.31000     24.43457      8.69017   1693.03763
     0.31200     25.03253      8.69062   1692.65628
     0.31400     25.59321      8.69664   1690.81026
     0.31600     26.15206      8.69355   1691.13210
     0.31800     26.69303      8.68681   1692.36521
     0.32000     27.18941      8.68500   1692.41048
     0.32200     27.62044      8.69397   1689.78961
     0.32400     28.05515      8.69024   1690.51063
     0.32600     28.46469      8.68376   1692.07928
     0.32800     28.81561      8.68513   1691.75191
     0.33000     29.11037      8.69327   1689.76891
     0.33200     29.41916      8.68685   1691.69875
     0.33400     29.69379      8.68130   1693.47628
     0.33600     29.87022      8.69593   1689.92757
     0.33800     30.06881      8.69524   1690.43318
     0.34000     30.26171      8.68836   1692.54744
     0.34200     30.41801      8.68498   1693.66005
     0.34400     30.49641      8.69753   1690.40733
     0.34600     30.62014      8.69108   1692.16087
     0.34800     30.73582      8.68187   1694.57687
     0.35000     30.74996      8.69719   1690.29913
     0.35200     30.80640      8.69664   1690.25330
     0.35400     30.87812      8.68862   1692.19581
     0.35600     30.93527      8.68223   1693.70447
     0.35800     30.91408      8.69597   1689.79158
     0.36000     30.95804      8.68969   1691.33957
     0.36200     31.01398      8.67885   1694.18794
     0.36400     30.97126      8.69491   1689.80910
     0.36600     30.98052      8.69560   1689.65513
     0.36800     31.01640      8.68825   1691.73286
     0.37000     31.05137      8.68073   1693.89727
     0.37200     31.00308      8.69628   1689.82886
     0.37400     31.02722      8.69110   1691.38339
     0.37600     31.07298      8.67952   1694.66111
     0.37800     31.01798      8.69600   1690.30422
     0.38000     31.01508      8.69752   1689.96459
     0.38200     31.04225      8.69032   1691.94927
     0.38400     31.07648      8.68090   1694.49726
     0.38600     31.01907      8.69706   1690.06742
     0.38800     31.03625      8.69209   1691.34176
     0.39000     31.08154      8.67912   1694.77076
     0.39200     31.02355      8.69516   1690.32516
     0.39400     31.01553      8.69714   1689.69803
     0.39600     31.03960      8.69014   1691.52249
     0.39800     31.07867      8.67899   1694.49531
     0.40000     31.01722      8.69621   1689.80015
     0.40200     31.02119      8.69513   1690.09722
     0.40400     31.05421      8.68596   1692.61099
     0.40600     31.06181      8.68401   1693.18660
     0.40800     31.01655      8.69698   1689.72967
     0.41000     31.03854      8.69101   1691.40531
     0.41200     31.08354      8.67848   1694.84165
     0.41400     31.01954      8.69633   1689.95672
     0.41600     31.01729      8.69583   1689.77348
     0.41800     31.03578      8.68571   1691.20607
     0.42000     31.02987      8.66914   1690.77567
     0.42200     30.85604      8.65148   1677.45557
     0.42400     30.43973      8.52333   1646.00856
     0.42600     28.98443      8.06050   1534.90095
     0.42800     24.27800      6.51875   1183.85187
     0.43000     14.30744      1.93688    491.65425
     0.43200      6.44840     -5.50787     59.63966
     0.43400      5.99242     -6.19633     46.09500
     0.43600      5.99242     -6.19633     46.09500
     0.43800      5.99242     -6.19633     46.09500
     0.44000      5.99242     -6.19633     46.09500
     0.44200      5.99242     -6.19633     46.09500
     0.44400      5.99242     -6.19633     46.09500
     0.44600      5.99242     -6.19633     46.09500
     0.44800      5.99242     -6.19633     46.09500
     0.45000      5.99242     -6.19633     46.09500
     0.45200      5.99242     -6.19633     46.09500
     0.45400      5.99242     -6.19633     46.09500
     0.45600      5.99242     -6.19633     46.09500
     0.45800      5.99242     -6.19633     46.09500
     0.46000      5.99242     -6.19633     46.09500
     0.46200      5.99242     -6.19633     46.09500
     0.46400      5.99242     -6.19633     46.09500
     0.46600      5.99242     -6.19633     46.09500
     0.46800      5.99242     -6.19633     46.09500
     0.47000      5.99242     -6.19633     46.09500
     0.47200      5.99242     -6.19633     46.09500
     0.47400      5.99242     -6.19633     46.09500
     0.47600      5.99242     -6.19633     46.09500
     0.47800      5.99242     -6.19633     46.09500
     0.48000      5.99242     -6.19633     46.09500
     0.48200      5.99242     -6.19633     46.09500
     0.48400      5.99242     -6.19633     46.09500
     0.48600      5.99242     -6.19633     46.09500
     0.48800      5.99242     -6.19633     46.09500
     0.49000      5.99242     -6.19633     46.09500
     0.49200      5.99242     -6.19633     46.09500
     0.49400      5.99242     -6.19633     46.09500
     0.49600      5.99242     -6.19633     46.09500
     0.49800      5.99242     -6.19633     46.09500
     0.50000      5.99242     -6.19633     46.09500
     0.50200      5.99242     -6.19633     46.09500
     0.50400      5.99242     -6.19633     46.09500
     0.50600      5.99242     -6.19633     46.09500
     0.50800      5.99242     -6.19633     46.09500
     0.51000      5.99242     -6.19633     46.09500
     0.51200      5.99242     -6.19633     46.09500
     0.51400      5.99242     -6.19633     46.09500
     0.51600      5.99242     -6.19633     46.09500
     0.51800      5.99242     -6.19633     46.09500
     0.52000      5.99242     -6.19633     46.09500
     0.52200      5.99242     -6.19633     46.09500
     0.52400      5.99242     -6.19633     46.09500
     0.52600      5.99242     -6.19633     46.09500
     0.52800      5.99242     -6.19633     46.09500
     0.53000      5.99242     -6.19633     46.09500
     0.53200      5.99242     -6.19633     46.09500
     0.53400      5.99242     -6.19633     46.09500
     0.53600      5.99242     -6.19633     46.09500
     0.53800      5.99242     -6.19633     46.09500
     0.54000      5.99242     -6.19633     46.09500
     0.54200      5.99242     -6.19633     46.09500
     0.54400      5.99242     -6.19633     46.09500
     0.54600      5.99242     -6.19633     46.09500
     0.54800      5.99242     -6.19633     46.09500
     0.55000      5.99242     -6.19633     46.09500
     0.55200      5.99242     -6.19633     46.09500
     0.55400      5.99242     -6.19633     46.09500
     0.55600      5.99242     -6.19633     46.09500
     0.55800      5.99242     -6.19633     46.09500
     0.56000      5.99242     -6.19633     46.09500
     0.56200      5.99242     -6.19633     46.09500
     0.56400      5.99242     -6.19633     46.09500
     0.56600      5.99242     -6.19633     46.09500
     0.56800      5.99242     -6.19633     46.09500
     0.57000      5.99242     -6.19633     46.09500
     0.57200      5.99242     -6.19633     46.09500
     0.57400      5.99242     -6.19633     46.09500
     0.57600      5.99242     -6.19633     46.09500
     0.57800      5.99242     -6.19633     46.09500
     0.58000      5.99242     -6.19633     46.09500
     0.58200      5.99242     -6.19633     46.09500
     0.58400      5.99242     -6.19633     46.09500
     0.58600      5.99242     -6.19633     46.09500
     0.58800      5.99242     -6.19633     46.09500
     0.59000      5.99242     -6.19633     46.09500
     0.59200      5.99242     -6.19633     46.09500
     0.59400      5.99242     -6.19633     46.09500
     0.59600      5.99242     -6.19633     46.09500
     0.59800      5.99242     -6.19633     46.09500
     0.60000      5.99242     -6.19633     46.09500
     0.60200      5.99242     -6.19633     46.09500
     0.60400      5.99242     -6.19633     46.09500
     0.60600      5.99242     -6.19633     46.09500
     0.60800      5.99242     -6.19633     46.09500
     0.61000      5.99242     -6.19633     46.09500
     0.61200      5.99242     -6.19633     46.09500
     0.61400      5.99242     -6.19633     46.09500
     0.61600      5.99242     -6.19633     46.09500
     0.61800      5.99242     -6.19633     46.09500
     0.62000      5.99242     -6.19633     46.09500
     0.62200      5.99242     -6.19633     46.09500
     0.62400      5.99242     -6.19633     46.09500
     0.62600      5.99242     -6.19633     46.09500
     0.62800      5.99242     -6.19633     46.09500
     0.63000      5.99242     -6.19633     46.09500
     0.63200      5.99242     -6.19633     46.09500
     0.63400      5.99242     -6.19633     46.09500
     0.63600      5.99242     -6.19633     46.09500
     0.63800      5.99242     -6.19633     46.09500
     0.64000      5.99242     -6.19633     46.09500
     0.64200      5.99242     -6.19633     46.09500
     0.64400      5.99242     -6.19633     46.09500
     0.64600      5.99242     -6.19633     46.09500
     0.64800      5.99242     -6.19633     46.09500
     0.65000      5.99242     -6.19633     46.09500
     0.65200      5.99242     -6.19633     46.09500
     0.65400      5.99242     -6.19633     46.09500
     0.65600      5.99242     -6.19633     46.09500
     0.65800      5.99242     -6.19633     46.09500
     0.66000      5.99242     -6.19633     46.09500
     0.66200      5.99242     -6.19633     46.09500
     0.66400      5.99242     -6.19633     46.09500
     0.66600      5.99242     -6.19633     46.09500
     0.66800      5.99242     -6.19633     46.09500
     0.67000      5.99242     -6.19633     46.09500
     0.67200      5.99242     -6.19633     46.09500
     0.67400      5.99242     -6.19633     46.09500
     0.67600      5.99242     -6.19633     46.09500
     0.67800      5.99242     -6.19633     46.09500
     0.68000      5.99242     -6.19633     46.09500
     0.68200      5.99242     -6.19633     46.09500
     0.68400      5.99242     -6.19633     46.09500
     0.68600      5.99242     -6.19633     46.09500
     0.68800      5.99242     -6.19633     46.09500
     0.69000      5.99242     -6.19633     46.09500
     0.69200      5.99242     -6.19633     46.09500
     0.69400      5.99242     -6.19633     46.09500
     0.69600      5.99242     -6.19633     46.09500
     0.69800      5.99242     -6.19633     46.09500
     0.70000      5.99242     -6.19633     46.09500
     0.70200      5.99242     -6.19633     46.09500
     0.70400      5.99242     -6.19633     46.09500
     0.70600      5.99242     -6.19633     46.09500
     0.70800      5.99242     -6.19633     46.09500
     0.71000      5.99242     -6.19633     46.09500
     0.71200      5.99242     -6.19633     46.09500
     0.71400      5.99242     -6.19633     46.09500
     0.71600      5.99242     -6.19633     46.09500
     0.71800      5.99242     -6.19633     46.09500
     0.72000      5.99242     -6.19633     46.09500
     0.72200      5.99242     -6.19633     46.09500
     0.72400      5.99242     -6.19633     46.09500
     0.72600      5.99242     -6.19633     46.09500
     0.72800      5.99242     -6.19633     46.09500
     0.73000      5.99242     -6.19633     46.09500
     0.73200      5.99242     -6.19633     46.09500
     0.73400      5.99242     -6.19633     46.09500
     0.73600      5.99242     -6.19633     46.09500
     0.73800      5.99242     -6.19633     46.09500
     0.74000      5.99242     -6.19633     46.09500
     0.74200      5.99242     -6.19633     46.09500
     0.74400      5.99242     -6.19633     46.09500
     0.74600      5.99242     -6.19633     46.09500
     0.74800      5.99242     -6.19633     46.09500
     0.75000      5.99242     -6.19633     46.09500
     0.75200      5.99242     -6.19633     46.09500
     0.75400      5.99242     -6.19633     46.09500
     0.75600      5.99242     -6.19633     46.09500
     0.75800      5.99242     -6.19633     46.09500
     0.76000      5.99242     -6.19633     46.09500
     0.76200      5.99242     -6.19633     46.09500
     0.76400      5.99242     -6.19633     46.09500
     0.76600      5.99242     -6.19633     46.09500
     0.76800      5.99242     -6.19633     46.09500
     0.77000      5.99242     -6.19633     46.09500
     0.77200      5.99242     -6.19633     46.09500
     0.77400      5.99242     -6.19633     46.09500
     0.77600      5.99242     -6.19633     46.09500
     0.77800      5.99242     -6.19633     46.09500
     0.78000      5.99242     -6.19633     46.09500
     0.78200      5.99242     -6.19633     46.09500
     0.78400      5.99242     -6.19633     46.09500
     0.78600      5.99242     -6.19633     46.09500
     0.78800      5.99242     -6.19633     46.09500
     0.79000      5.99242     -6.19633     46.09500
     0.79200      5.99242     -6.19633     46.09500
     0.79400      5.99242     -6.19633     46.09500
     0.79600      5.99242     -6.19633     46.09500
     0.79800      5.99242     -6.19633     46.09500
     0.80000      5.99242     -6.19633     46.09500
     0.80200      5.99242     -6.19633     46.09500
     0.80400      5.99242     -6.19633     46.09500
     0.80600      5.99242     -6.19633     46.09500
     0.80800      5.99242     -6.19633     46.09500
     0.81000      5.99242     -6.19633     46.09500
     0.81200      5.99242     -6.19633     46.09500
     0.81400      5.99242     -6.19633     46.09500
     0.81600      5.99242     -6.19633     46.09500
     0.81800      5.99242     -6.19633     46.09500
     0.82000      5.99242     -6.19633     46.09500
     0.82200      5.99242     -6.19633     46.09500
     0.82400      5.99242     -6.19633     46.09500
     0.82600      5.99242     -6.19633     46.09500
     0.82800      5.99242     -6.19633     46.09500
     0.83000      5.99242     -6.19633     46.09500
     0.83200      5.99242     -6.19633     46.09500
     0.83400      5.99242     -6.19633     46.09500
     0.83600      5.99242     -6.19633     46.09500
     0.83800      5.99242     -6.19633     46.09500
     0.84000      5.99242     -6.19633     46.09500
     0.84200      5.99242     -6.19633     46.09500
     0.84400      5.99242     -6.19633     46.09500
     0.84600      5.99242     -6.19633     46.09500
     0.84800      5.99242     -6.19633     46.09500
     0.85000      5.99242     -6.19633     46.09500
     0.85200      5.99242     -6.19633     46.09500
     0.85400      5.99242     -6.19633     46.09500
     0.85600      5.99242     -6.19633     46.09500
     0.85800      5.99242     -6.19633     46.09500
     0.86000      5.99242     -6.19633     46.09500
     0.86200      5.99242     -6.19633     46.09500
     0.86400      5.99242     -6.19633     46.09500
     0.86600      5.99242     -6.19633     46.09500
     0.86800      5.99242     -6.19633     46.09500
     0.87000      5.99242     -6.19633     46.09500
     0.87200      5.99242     -6.19633     46.09500
     0.87400      5.99242     -6.19633     46.09500
     0.87600      5.99242     -6.19633     46.09500
     0.87800      5.99242     -6.19633     46.09500
     0.88000      5.99242     -6.19633     46.09500
     0.88200      5.99242     -6.19633     46.09500
     0.88400      5.99242     -6.19633     46.09500
     0.88600      5.99242     -6.19633     46.09500
     0.88800      5.99242     -6.19633     46.09500
     0.89000      5.99242     -6.19633     46.09500
     0.89200      5.99242     -6.19633     46.09500
     0.89400      5.99242     -6.19633     46.09500
     0.89600      5.99242     -6.19633     46.09500
     0.89800      5.99242     -6.19633     46.09500
     0.90000      5.99242     -6.19633     46.09500
     0.90200      5.99242     -6.19633     46.09500
     0.90400      5.99242     -6.19633     46.09500
     0.90600      5.99242     -6.19633     46.09500
     0.90800      5.99242     -6.19633     46.09500
     0.91000      5.99242     -6.19633     46.09500
     0.91200      5.99242     -6.19633     46.09500
     0.91400      5.99242     -6.19633     46.09500
     0.91600      5.99242     -6.19633     46.09500
     0.91800      5.99242     -6.19633     46.09500
     0.92000      5.99242     -6.19633     46.09500
     0.92200      5.99242     -6.19633     46.09500
     0.92400      5.99242     -6.19633     46.09500
     0.92600      5.99242     -6.19633     46.09500
     0.92800      5.99242     -6.19633     46.09500
     0.93000      5.99242     -6.19633     46.09500
     0.93200      5.99242     -6.19633     46.09500
     0.93400      5.99242     -6.19633     46.09500
     0.93600      5.99242     -6.19633     46.09500
     0.93800      5.99242     -6.19633     46.09500
     0.94000      5.99242     -6.19633     46.09500
     0.94200      5.99242     -6.19633     46.09500
     0.94400      5.99242     -6.19633     46.09500
     0.94600      5.99242     -6.19633     46.09500
     0.94800      5.99242     -6.19633     46.09500
     0.95000      5.99242     -6.19633     46.09500
     0.95200      5.99242     -6.19633     46.09500
     0.95400      5.99242     -6.19633     46.09500
     0.95600      5.99242     -6.19633     46.09500
     0.95800      5.99242     -6.19633     46.09500
     0.96000      5.99242     -6.19633     46.09500
     0.96200      5.99242     -6.19633     46.09500
     0.96400      5.99242     -6.19633     46.09500
     0.96600      5.99242     -6.19633     46.09500
     0.96800      5.99242     -6.19633     46.09500
     0.97000      5.99242     -6.19633     46.09500
     0.97200      5.99242     -6.19633     46.09500
     0.97400      5.99242     -6.19633     46.09500
     0.97600      5.99242     -6.19633     46.09500
     0.97800      5.99242     -6.19633     46.09500
     0.98000      5.99242     -6.19633     46.09500
     0.98200      5.99242     -6.19633     46.09500
     0.98400      5.99242     -6.19633     46.09500
     0.98600      5.99242     -6.19633     46.09500
     0.98800      5.99242     -6.19633     46.09500
     0.99000      5.99242     -6.19633     46.09500
     0.99200      5.99242     -6.19633     46.09500
     0.99400      5.99242     -6.19633     46.09500
     0.99600      5.99242     -6.19633     46.09500
     0.99800      5.99242     -6.19633     46.09500
