t =     0.0250
           x          rho            u            p
    -1.00000      0.99960      0.01497    999.44015
    -0.99800      0.99952      0.01813    999.32171
    -0.99600      0.99942      0.02184    999.18295
    -0.99400      0.99930      0.02616    999.02140
    -0.99200      0.99917      0.03116    998.83452
    -0.99000      0.99901      0.03691    998.61966
    -0.98800      0.99884      0.04348    998.37413
    -0.98600      0.99864      0.05095    998.09525
    -0.98400      0.99841      0.05938    997.78035
    -0.98200      0.99816      0.06885    997.42681
    -0.98000      0.99788      0.07942    997.03215
    -0.97800      0.99757      0.09116    996.59399
    -0.97600      0.99722      0.10413    996.11015
    -0.97400      0.99684      0.11839    995.57864
    -0.97200      0.99642      0.13398    994.99771
    -0.97000      0.99597      0.15094    994.36584
    -0.96800      0.99548      0.16932    993.68181
    -0.96600      0.99496      0.18913    992.94464
    -0.96400      0.99439      0.21041    992.15367
    -0.96200      0.99378      0.23316    991.30848
    -0.96000      0.99314      0.25739    990.40897
    -0.95800      0.99246      0.28310    989.45527
    -0.95600      0.99173      0.31028    988.44776
    -0.95400      0.99097      0.33892    987.38706
    -0.95200      0.99018      0.36901    986.27401
    -0.95000      0.98934      0.40052    985.10962
    -0.94800      0.98847      0.43341    983.89509
    -0.94600      0.98756      0.46767    982.63173
    -0.94400      0.98662      0.50325    981.32101
    -0.94200      0.98565      0.54011    979.96446
    -0.94000      0.98464      0.57823    978.56372
    -0.93800      0.98360      0.61755    977.12046
    -0.93600      0.98253      0.65803    975.63642
    -0.93400      0.98144      0.69963    974.11333
    -0.93200      0.98031      0.74231    972.55295
    -0.93000      0.97917      0.78602    970.95703
    -0.92800      0.97799      0.83072    969.32731
    -0.92600      0.97679      0.87637    967.66548
    -0.92400      0.97557      0.92292    965.97322
    -0.92200      0.97433      0.97034    964.25217
    -0.92000      0.97307      1.01858    962.50390
    -0.91800      0.97179      1.06760    960.72996
    -0.91600      0.97049      1.11738    958.93182
    -0.91400      0.96917      1.16786    957.11092
    -0.91200      0.96784      1.21902    955.26862
    -0.91000      0.96649      1.27083    953.40623
    -0.90800      0.96512      1.32325    951.52501
    -0.90600      0.96375      1.37625    949.62616
    -0.90400      0.96236      1.42980    947.71081
    -0.90200      0.96096      1.48388    945.78005
    -0.90000      0.95955      1.53845    943.83491
    -0.89800      0.95812      1.59350    941.87637
    -0.89600      0.95669      1.64900    939.90535
    -0.89400      0.95525      1.70493    937.92275
    -0.89200      0.95380      1.76126    935.92938
    -0.89000      0.95234      1.81797    933.92604
    -0.88800      0.95087      1.87506    931.91347
    -0.88600      0.94940      1.93249    929.89238
    -0.88400      0.94792      1.99025    927.86343
    -0.88200      0.94643      2.04833    925.82725
    -0.88000      0.94494      2.10671    923.78444
    -0.87800      0.94344      2.16537    921.73555
    -0.87600      0.94194      2.22430    919.68112
    -0.87400      0.94043      2.28349    917.62165
    -0.87200      0.93892      2.34293    915.55760
    -0.87000      0.93740      2.40260    913.48943
    -0.86800      0.93588      2.46249    911.41755
    -0.86600      0.93436      2.52260    909.34236
    -0.86400      0.93283      2.58291    907.26424
    -0.86200      0.93130      2.64341    905.18355
    -0.86000      0.92977      2.70410    903.10061
    -0.85800      0.92824      2.76496    901.01574
    -0.85600      0.92670      2.82599    898.92925
    -0.85400      0.92516      2.88719    896.84141
    -0.85200      0.92362      2.94853    894.75249
    -0.85000      0.92208      3.01003    892.66274
    -0.84800      0.92054      3.07166    890.57241
    -0.84600      0.91899      3.13343    888.48171
    -0.84400      0.91745      3.19533    886.39087
    -0.84200      0.91590      3.25735    884.30008
    -0.84000      0.91435      3.31950    882.20954
    -0.83800      0.91280      3.38175    880.11942
    -0.83600      0.91126      3.44412    878.02990
    -0.83400      0.90971      3.50658    875.94114
    -0.83200      0.90816      3.56915    873.85330
    -0.83000      0.90661      3.63182    871.76652
    -0.82800      0.90506      3.69458    869.68093
    -0.82600      0.90351      3.75742    867.59668
    -0.82400      0.90196      3.82036    865.51389
    -0.82200      0.90041      3.88337    863.43266
    -0.82000      0.89886      3.94646    861.35313
    -0.81800      0.89731      4.00963    859.27538
    -0.81600      0.89576      4.07288    857.19953
    -0.81400      0.89421      4.13619    855.12566
    -0.81200      0.89266      4.19957    853.05388
    -0.81000      0.89111      4.26302    850.98426
    -0.80800      0.88956      4.32653    848.91690
    -0.80600      0.88802      4.39010    846.85186
    -0.80400      0.88647      4.45373    844.78922
    -0.80200      0.88493      4.51742    842.72906
    -0.80000      0.88338      4.58116    840.67143
    -0.79800      0.88184      4.64496    838.61641
    -0.79600      0.88030      4.70881    836.56405
    -0.79400      0.87875      4.77270    834.51442
    -0.79200      0.87721      4.83664    832.46756
    -0.79000      0.87567      4.90063    830.42354
    -0.78800      0.87414      4.96467    828.38239
    -0.78600      0.87260      5.02875    826.34417
    -0.78400      0.87106      5.09287    824.30893
    -0.78200      0.86953      5.15703    822.27670
    -0.78000      0.86799      5.22123    820.24752
    -0.77800      0.86646      5.28546    818.22145
    -0.77600      0.86493      5.34974    816.19850
    -0.77400      0.86340      5.41405    814.17873
    -0.77200      0.86187      5.47839    812.16215
    -0.77000      0.86034      5.54277    810.14881
    -0.76800      0.85882      5.60718    808.13874
    -0.76600      0.85729      5.67162    806.13195
    -0.76400      0.85577      5.73610    804.12849
    -0.76200      0.85425      5.80060    802.12838
    -0.76000      0.85273      5.86513    800.13164
    -0.75800      0.85121      5.92969    798.13829
    -0.75600      0.84969      5.99428    796.14837
    -0.75400      0.84818      6.05889    794.16188
    -0.75200      0.84666      6.12353    792.17886
    -0.75000      0.84515      6.18820    790.19932
    -0.74800      0.84364      6.25288    788.22327
    -0.74600      0.84213      6.31760    786.25075
    -0.74400      0.84063      6.38233    784.28175
    -0.74200      0.83912      6.44709    782.31631
    -0.74000      0.83762      6.51187    780.35443
    -0.73800      0.83611      6.57667    778.39613
    -0.73600      0.83461      6.64149    776.44143
    -0.73400      0.83311      6.70633    774.49032
    -0.73200      0.83162      6.77119    772.54284
    -0.73000      0.83012      6.83607    770.59899
    -0.72800      0.82863      6.90097    768.65877
    -0.72600      0.82713      6.96589    766.72221
    -0.72400      0.82564      7.03082    764.78931
    -0.72200      0.82415      7.09577    762.86007
    -0.72000      0.82267      7.16074    760.93452
    -0.71800      0.82118      7.22573    759.01265
    -0.71600      0.81970      7.29073    757.09448
    -0.71400      0.81822      7.35574    755.18000
    -0.71200      0.81674      7.42077    753.26924
    -0.71000      0.81526      7.48582    751.36219
    -0.70800      0.81378      7.55088    749.45886
    -0.70600      0.81231      7.61595    747.55926
    -0.70400      0.81084      7.68104    745.66339
    -0.70200      0.80937      7.74614    743.77125
    -0.70000      0.80790      7.81126    741.88286
    -0.69800      0.80643      7.87638    739.99821
    -0.69600      0.80496      7.94152    738.11731
    -0.69400      0.80350      8.00667    736.24017
    -0.69200      0.80204      8.07184    734.36678
    -0.69000      0.80058      8.13701    732.49714
    -0.68800      0.79912      8.20220    730.63127
    -0.68600      0.79767      8.26739    728.76917
    -0.68400      0.79621      8.33260    726.91083
    -0.68200      0.79476      8.39782    725.05625
    -0.68000      0.79331      8.46304    723.20545
    -0.67800      0.79186      8.52828    721.35842
    -0.67600      0.79042      8.59353    719.51516
    -0.67400      0.78897      8.65879    717.67568
    -0.67200      0.78753      8.72405    715.83997
    -0.67000      0.78609      8.78933    714.00804
    -0.66800      0.78465      8.85461    712.17988
    -0.66600      0.78321      8.91990    710.35550
    -0.66400      0.78178      8.98520    708.53489
    -0.66200      0.78034      9.05051    706.71806
    -0.66000      0.77891      9.11583    704.90501
    -0.65800      0.77748      9.18115    703.09573
    -0.65600      0.77606      9.24648    701.29023
    -0.65400      0.77463      9.31182    699.48850
    -0.65200      0.77321      9.37717    697.69055
    -0.65000      0.77179      9.44252    695.89638
    -0.64800      0.77037      9.50788    694.10597
    -0.64600      0.76895      9.57325    692.31934
    -0.64400      0.76753      9.63862    690.53648
    -0.64200      0.76612      9.70400    688.75738
    -0.64000      0.76471      9.76938    686.98206
    -0.63800      0.76330      9.83477    685.21050
    -0.63600      0.76189      9.90017    683.44271
    -0.63400      0.76049      9.96557    681.67868
    -0.63200      0.75908     10.03098    679.91841
    -0.63000      0.75768     10.09639    678.16190
    -0.62800      0.75628     10.16181    676.40916
    -0.62600      0.75488     10.22723    674.66016
    -0.62400      0.75349     10.29265    672.91493
    -0.62200      0.75209     10.35808    671.17344
    -0.62000      0.75070     10.42352    669.43571
    -0.61800      0.74931     10.48896    667.70172
    -0.61600      0.74792     10.55440    665.97149
    -0.61400      0.74654     10.61985    664.24499
    -0.61200      0.74515     10.68530    662.52224
    -0.61000      0.74377     10.75075    660.80323
    -0.60800      0.74239     10.81621    659.08795
    -0.60600      0.74101     10.88167    657.37642
    -0.60400      0.73964     10.94714    655.66861
    -0.60200      0.73826     11.01260    653.96454
    -0.60000      0.73689     11.07807    652.26419
    -0.59800      0.73552     11.14354    650.56757
    -0.59600      0.73415     11.20902    648.87467
    -0.59400      0.73279     11.27450    647.18550
    -0.59200      0.73142     11.33997    645.50004
    -0.59000      0.73006     11.40545    643.81831
    -0.58800      0.72870     11.47094    642.14028
    -0.58600      0.72734     11.53642    640.46597
    -0.58400      0.72598     11.60190    638.79537
    -0.58200      0.72463     11.66739    637.12847
    -0.58000      0.72328     11.73288    635.46528
    -0.57800      0.72193     11.79837    633.80580
    -0.57600      0.72058     11.86385    632.15001
    -0.57400      0.71923     11.92934    630.49793
    -0.57200      0.71789     11.99483    628.84954
    -0.57000      0.71655     12.06032    627.20485
    -0.56800      0.71521     12.12581    625.56384
    -0.56600      0.71387     12.19130    623.92653
    -0.56400      0.71253     12.25679    622.29291
    -0.56200      0.71120     12.32227    620.66298
    -0.56000      0.70987     12.38776    619.03673
    -0.55800      0.70854     12.45325    617.41416
    -0.55600      0.70721     12.51873    615.79528
    -0.55400      0.70588     12.58421    614.18008
    -0.55200      0.70456     12.64969    612.56856
    -0.55000      0.70324     12.71517    610.96071
    -0.54800      0.70192     12.78065    609.35655
    -0.54600      0.70060     12.84612    607.75605
    -0.54400      0.69928     12.91159    606.15924
    -0.54200      0.69797     12.97706    604.56610
    -0.54000      0.69666     13.04252    602.97663
    -0.53800      0.69535     13.10798    601.39083
    -0.53600      0.69404     13.17344    599.80871
    -0.53400      0.69273     13.23889    598.23026
    -0.53200      0.69143     13.30433    596.65548
    -0.53000      0.69013     13.36978    595.08438
    -0.52800      0.68883     13.43521    593.51694
    -0.52600      0.68753     13.50065    591.95319
    -0.52400      0.68624     13.56607    590.39310
    -0.52200      0.68494     13.63149    588.83670
    -0.52000      0.68365     13.69690    587.28396
    -0.51800      0.68236     13.76231    585.73491
    -0.51600      0.68108     13.82771    584.18954
    -0.51400      0.67979     13.89310    582.64785
    -0.51200      0.67851     13.95848    581.10984
    -0.51000      0.67723     14.02385    579.57552
    -0.50800      0.67595     14.08922    578.04490
    -0.50600      0.67467     14.15457    576.51796
    -0.50400      0.67340     14.21992    574.99472
    -0.50200      0.67213     14.28525    573.47519
    -0.50000      0.67086     14.35057    571.95936
    -0.49800      0.66959     14.41588    570.44724
    -0.49600      0.66832     14.48118    568.93884
    -0.49400      0.66706     14.54646    567.43415
    -0.49200      0.66580     14.61173    565.93320
    -0.49000      0.66454     14.67699    564.43599
    -0.48800      0.66328     14.74223    562.94252
    -0.48600      0.66203     14.80746    561.45279
    -0.48400      0.66077     14.87267    559.96683
    -0.48200      0.65952     14.93786    558.48464
    -0.48000      0.65828     15.00303    557.00623
    -0.47800      0.65703     15.06818    555.53161
    -0.47600      0.65579     15.13332    554.06079
    -0.47400      0.65454     15.19843    552.59379
    -0.47200      0.65331     15.26352    551.13062
    -0.47000      0.65207     15.32859    549.67129
    -0.46800      0.65083     15.39363    548.21582
    -0.46600      0.64960     15.45865    546.76422
    -0.46400      0.64837     15.52364    545.31652
    -0.46200      0.64715     15.58860    543.87273
    -0.46000      0.64592     15.65353    542.43288
    -0.45800      0.64470     15.71843    540.99697
    -0.45600      0.64348     15.78330    539.56505
    -0.45400      0.64226     15.84814    538.13713
    -0.45200      0.64105     15.91294    536.71324
    -0.45000      0.63983     15.97770    535.29340
    -0.44800      0.63862     16.04242    533.87766
    -0.44600      0.63742     16.10710    532.46603
    -0.44400      0.63621     16.17174    531.05856
    -0.44200      0.63501     16.23633    529.65528
    -0.44000      0.63381     16.30087    528.25623
    -0.43800      0.63262     16.36536    526.86146
    -0.43600      0.63142     16.42979    525.47100
    -0.43400      0.63023     16.49417    524.08492
    -0.43200      0.62904     16.55849    522.70325
    -0.43000      0.62786     16.62275    521.32605
    -0.42800      0.62668     16.68694    519.95339
    -0.42600      0.62550     16.75106    518.58533
    -0.42400      0.62432     16.81511    517.22193
    -0.42200      0.62315     16.87907    515.86327
    -0.42000      0.62198     16.94296    514.50942
    -0.41800      0.62082     17.00676    513.16048
    -0.41600      0.61965     17.07046    511.81652
    -0.41400      0.61849     17.13407    510.47765
    -0.41200      0.61734     17.19757    509.14397
    -0.41000      0.61619     17.26096    507.81558
    -0.40800      0.61504     17.32423    506.49262
    -0.40600      0.61390     17.38738    505.17521
    -0.40400      0.61276     17.45040    503.86349
    -0.40200      0.61162     17.51328    502.55760
    -0.40000      0.61049     17.57600    501.25771
    -0.39800      0.60936     17.63857    499.96400
    -0.39600      0.60824     17.70097    498.67664
    -0.39400      0.60713     17.76319    497.39584
    -0.39200      0.60601     17.82521    496.12183
    -0.39000      0.60491     17.88703    494.85482
    -0.38800      0.60381     17.94863    493.59510
    -0.38600      0.60271     18.00999    492.34291
    -0.38400      0.60162     18.07111    491.09858
    -0.38200      0.60054     18.13195    489.86241
    -0.38000      0.59946     18.19250    488.63477
    -0.37800      0.59839     18.25274    487.41602
    -0.37600      0.59733     18.31265    486.20659
    -0.37400      0.59628     18.37221    485.00692
    -0.37200      0.59523     18.43138    483.81750
    -0.37000      0.59420     18.49013    482.63884
    -0.36800      0.59317     18.54845    481.47153
    -0.36600      0.59215     18.60628    480.31618
    -0.36400      0.59115     18.66360    479.17345
    -0.36200      0.59015     18.72037    478.04409
    -0.36000      0.58917     18.77654    476.92887
    -0.35800      0.58819     18.83206    475.82866
    -0.35600      0.58724     18.88689    474.74436
    -0.35400      0.58629     18.94096    473.67698
    -0.35200      0.58536     18.99423    472.62759
    -0.35000      0.58445     19.04662    471.59735
    -0.34800      0.58356     19.09808    470.58749
    -0.34600      0.58268     19.14852    469.59935
    -0.34400      0.58182     19.19786    468.63433
    -0.34200      0.58099     19.24603    467.69395
    -0.34000      0.58018     19.29294    466.77980
    -0.33800      0.57939     19.33849    465.89355
    -0.33600      0.57863     19.38258    465.03695
    -0.33400      0.57790     19.42512    464.21181
    -0.33200      0.57719     19.46601    463.42002
    -0.33000      0.57652     19.50513    462.66345
    -0.32800      0.57588     19.54238    461.94401
    -0.32600      0.57527     19.57766    461.26359
    -0.32400      0.57470     19.61086    460.62399
    -0.32200      0.57417     19.64189    460.02694
    -0.32000      0.57367     19.67066    459.47400
    -0.31800      0.57322     19.69709    458.96653
    -0.31600      0.57281     19.72111    458.50564
    -0.31400      0.57244     19.74269    458.09212
    -0.31200      0.57211     19.76178    457.72639
    -0.31000      0.57183     19.77839    457.40845
    -0.30800      0.57159     19.79253    457.13785
    -0.30600      0.57139     19.80426    456.91364
    -0.30400      0.57123     19.81364    456.73437
    -0.30200      0.57110     19.82077    456.59807
    -0.30000      0.57102     19.82578    456.50233
    -0.29800      0.57097     19.82882    456.44428
    -0.29600      0.57094     19.83005    456.42068
    -0.29400      0.57095     19.82967    456.42802
    -0.29200      0.57098     19.82786    456.46257
    -0.29000      0.57103     19.82482    456.52054
    -0.28800      0.57110     19.82076    456.59811
    -0.28600      0.57119     19.81587    456.69160
    -0.28400      0.57128     19.81033    456.79749
    -0.28200      0.57138     19.80431    456.91253
    -0.28000      0.57149     19.79796    457.03380
    -0.27800      0.57160     19.79143    457.15873
    -0.27600      0.57171     19.78482    457.28511
    -0.27400      0.57183     19.77824    457.41110
    -0.27200      0.57194     19.77175    457.53523
    -0.27000      0.57204     19.76542    457.65636
    -0.26800      0.57215     19.75930    457.77363
    -0.26600      0.57225     19.75340    457.88647
    -0.26400      0.57234     19.74776    457.99450
    -0.26200      0.57244     19.74238    458.09754
    -0.26000      0.57252     19.73727    458.19554
    -0.25800      0.57261     19.73241    458.28856
    -0.25600      0.57268     19.72781    458.37677
    -0.25400      0.57276     19.72345    458.46035
    -0.25200      0.57283     19.71932    458.53954
    -0.25000      0.57290     19.71541    458.61460
    -0.24800      0.57296     19.71169    458.68579
    -0.24600      0.57302     19.70817    458.75337
    -0.24400      0.57308     19.70482    458.81759
    -0.24200      0.57313     19.70164    458.87870
    -0.24000      0.57318     19.69860    458.93690
    -0.23800      0.57323     19.69571    458.99242
    -0.23600      0.57328     19.69295    459.04544
    -0.23400      0.57332     19.69030    459.09613
    -0.23200      0.57337     19.68778    459.14466
    -0.23000      0.57341     19.68535    459.19117
    -0.22800      0.57345     19.68303    459.23579
    -0.22600      0.57348     19.68080    459.27864
    -0.22400      0.57352     19.67865    459.31983
    -0.22200      0.57356     19.67659    459.35946
    -0.22000      0.57359     19.67460    459.39762
    -0.21800      0.57362     19.67268    459.43440
    -0.21600      0.57365     19.67083    459.46987
    -0.21400      0.57368     19.66905    459.50410
    -0.21200      0.57371     19.66733    459.53716
    -0.21000      0.57374     19.66567    459.56911
    -0.20800      0.57377     19.66406    459.60000
    -0.20600      0.57379     19.66250    459.62989
    -0.20400      0.57382     19.66100    459.65882
    -0.20200      0.57384     19.65954    459.68683
    -0.20000      0.57387     19.65812    459.71398
    -0.19800      0.57389     19.65675    459.74030
    -0.19600      0.57391     19.65542    459.76583
    -0.19400      0.57393     19.65413    459.79059
    -0.19200      0.57396     19.65288    459.81463
    -0.19000      0.57398     19.65167    459.83797
    -0.18800      0.57400     19.65049    459.86064
    -0.18600      0.57402     19.64934    459.88266
    -0.18400      0.57403     19.64823    459.90407
    -0.18200      0.57405     19.64714    459.92489
    -0.18000      0.57407     19.64609    459.94513
    -0.17800      0.57409     19.64507    459.96482
    -0.17600      0.57410     19.64407    459.98398
    -0.17400      0.57412     19.64310    460.00263
    -0.17200      0.57414     19.64215    460.02078
    -0.17000      0.57415     19.64123    460.03845
    -0.16800      0.57417     19.64034    460.05566
    -0.16600      0.57418     19.63946    460.07243
    -0.16400      0.57419     19.63861    460.08876
    -0.16200      0.57421     19.63779    460.10468
    -0.16000      0.57422     19.63698    460.12019
    -0.15800      0.57423     19.63619    460.13531
    -0.15600      0.57425     19.63542    460.15006
    -0.15400      0.57426     19.63468    460.16443
    -0.15200      0.57427     19.63395    460.17845
    -0.15000      0.57428     19.63323    460.19212
    -0.14800      0.57429     19.63254    460.20546
    -0.14600      0.57431     19.63186    460.21847
    -0.14400      0.57432     19.63120    460.23117
    -0.14200      0.57433     19.63056    460.24357
    -0.14000      0.57434     19.62993    460.25566
    -0.13800      0.57435     19.62931    460.26747
    -0.13600      0.57436     19.62871    460.27900
    -0.13400      0.57437     19.62813    460.29025
    -0.13200      0.57438     19.62755    460.30124
    -0.13000      0.57439     19.62699    460.31198
    -0.12800      0.57439     19.62645    460.32246
    -0.12600      0.57440     19.62592    460.33271
    -0.12400      0.57441     19.62539    460.34272
    -0.12200      0.57442     19.62488    460.35250
    -0.12000      0.57443     19.62439    460.36206
    -0.11800      0.57444     19.62390    460.37140
    -0.11600      0.57444     19.62342    460.38054
    -0.11400      0.57445     19.62296    460.38947
    -0.11200      0.57446     19.62250    460.39821
    -0.11000      0.57446     19.62206    460.40675
    -0.10800      0.57447     19.62162    460.41512
    -0.10600      0.57448     19.62120    460.42330
    -0.10400      0.57449     19.62078    460.43131
    -0.10200      0.57449     19.62037    460.43916
    -0.10000      0.57450     19.61997    460.44684
    -0.09800      0.57450     19.61958    460.45437
    -0.09600      0.57451     19.61920    460.46175
    -0.09400      0.57452     19.61882    460.46898
    -0.09200      0.57452     19.61845    460.47607
    -0.09000      0.57453     19.61809    460.48302
    -0.08800      0.57453     19.61773    460.48984
    -0.08600      0.57454     19.61738    460.49653
    -0.08400      0.57454     19.61704    460.50309
    -0.08200      0.57455     19.61671    460.50954
    -0.08000      0.57455     19.61638    460.51586
    -0.07800      0.57456     19.61605    460.52207
    -0.07600      0.57456     19.61573    460.52816
    -0.07400      0.57457     19.61542    460.53415
    -0.07200      0.57457     19.61512    460.54002
    -0.07000      0.57458     19.61482    460.54578
    -0.06800      0.57458     19.61452    460.55144
    -0.06600      0.57459     19.61423    460.55699
    -0.06400      0.57459     19.61395    460.56243
    -0.06200      0.57459     19.61367    460.56778
    -0.06000      0.57460     19.61340    460.57301
    -0.05800      0.57460     19.61313    460.57815
    -0.05600      0.57461     19.61287    460.58318
    -0.05400      0.57461     19.61261    460.58811
    -0.05200      0.57461     19.61236    460.59294
    -0.05000      0.57462     19.61211    460.59767
    -0.04800      0.57462     19.61187    460.60230
    -0.04600      0.57462     19.61163    460.60683
    -0.04400      0.57463     19.61140    460.61126
    -0.04200      0.57463     19.61118    460.61560
    -0.04000      0.57463     19.61095    460.61985
    -0.03800      0.57464     19.61074    460.62400
    -0.03600      0.57464     19.61052    460.62806
    -0.03400      0.57464     19.61032    460.63204
    -0.03200      0.57465     19.61011    460.63592
    -0.03000      0.57465     19.60992    460.63972
    -0.02800      0.57465     19.60972    460.64344
    -0.02600      0.57465     19.60953    460.64708
    -0.02400      0.57466     19.60935    460.65063
    -0.02200      0.57466     19.60916    460.65411
    -0.02000      0.57466     19.60899    460.65752
    -0.01800      0.57466     19.60881    460.66085
    -0.01600      0.57467     19.60864    460.66412
    -0.01400      0.57467     19.60847    460.66731
    -0.01200      0.57467     19.60831    460.67044
    -0.01000      0.57467     19.60815    460.67350
    -0.00800      0.57467     19.60799    460.67651
    -0.00600      0.57468     19.60784    460.67945
    -0.00400      0.57468     19.60769    460.68233
    -0.00200      0.57468     19.60754    460.68516
     0.00000      0.57468     19.60740    460.68794
     0.00200      0.57468     19.60725    460.69066
     0.00400      0.57468     19.60711    460.69334
     0.00600      0.57469     19.60698    460.69597
     0.00800      0.57469     19.60684    460.69855
     0.01000      0.57469     19.60671    460.70110
     0.01200      0.57469     19.60658    460.70360
     0.01400      0.57469     19.60645    460.70607
     0.01600      0.57469     19.60632    460.70850
     0.01800      0.57469     19.60619    460.71089
     0.02000      0.57470     19.60607    460.71326
     0.02200      0.57470     19.60595    460.71559
     0.02400      0.57470     19.60583    460.71790
     0.02600      0.57470     19.60571    460.72018
     0.02800      0.57470     19.60559    460.72244
     0.03000      0.57470     19.60547    460.72467
     0.03200      0.57470     19.60535    460.72688
     0.03400      0.57470     19.60524    460.72907
     0.03600      0.57470     19.60513    460.73124
     0.03800      0.57471     19.60501    460.73338
     0.04000      0.57471     19.60490    460.73550
     0.04200      0.57471     19.60479    460.73760
     0.04400      0.57471     19.60468    460.73968
     0.04600      0.57471     19.60458    460.74173
     0.04800      0.57471     19.60447    460.74376
     0.05000      0.57471     19.60436    460.74576
     0.05200      0.57471     19.60426    460.74773
     0.05400      0.57471     19.60416    460.74967
     0.05600      0.57471     19.60406    460.75158
     0.05800      0.57471     19.60396    460.75346
     0.06000      0.57472     19.60386    460.75531
     0.06200      0.57472     19.60377    460.75712
     0.06400      0.57472     19.60367    460.75890
     0.06600      0.57472     19.60358    460.76064
     0.06800      0.57472     19.60349    460.76234
     0.07000      0.57472     19.60340    460.76401
     0.07200      0.57472     19.60332    460.76564
     0.07400      0.57472     19.60323    460.76723
     0.07600      0.57472     19.60315    460.76879
     0.07800      0.57472     19.60307    460.77030
     0.08000      0.57472     19.60299    460.77178
     0.08200      0.57472     19.60292    460.77322
     0.08400      0.57472     19.60284    460.77463
     0.08600      0.57472     19.60277    460.77599
     0.08800      0.57472     19.60270    460.77733
     0.09000      0.57472     19.60263    460.77863
     0.09200      0.57472     19.60257    460.77990
     0.09400      0.57472     19.60250    460.78114
     0.09600      0.57472     19.60244    460.78235
     0.09800      0.57472     19.60237    460.78353
     0.10000      0.57472     19.60231    460.78468
     0.10200      0.57472     19.60225    460.78581
     0.10400      0.57472     19.60219    460.78691
     0.10600      0.57472     19.60214    460.78799
     0.10800      0.57472     19.60208    460.78905
     0.11000      0.57472     19.60202    460.79010
     0.11200      0.57472     19.60197    460.79112
     0.11400      0.57472     19.60192    460.79214
     0.11600      0.57472     19.60186    460.79314
     0.11800      0.57472     19.60181    460.79413
     0.12000      0.57472     19.60176    460.79511
     0.12200      0.57472     19.60171    460.79608
     0.12400      0.57472     19.60165    460.79705
     0.12600      0.57472     19.60160    460.79801
     0.12800      0.57472     19.60155    460.79897
     0.13000      0.57471     19.60150    460.79993
     0.13200      0.57471     19.60145    460.80089
     0.13400      0.57471     19.60140    460.80185
     0.13600      0.57471     19.60135    460.80281
     0.13800      0.57471     19.60130    460.80377
     0.14000      0.57471     19.60124    460.80473
     0.14200      0.57471     19.60119    460.80569
     0.14400      0.57471     19.60114    460.80665
     0.14600      0.57471     19.60109    460.80761
     0.14800      0.57471     19.60104    460.80857
     0.15000      0.57471     19.60099    460.80952
     0.15200      0.57471     19.60094    460.81046
     0.15400      0.57471     19.60089    460.81140
     0.15600      0.57471     19.60084    460.81233
     0.15800      0.57471     19.60079    460.81325
     0.16000      0.57470     19.60074    460.81416
     0.16200      0.57470     19.60069    460.81506
     0.16400      0.57470     19.60065    460.81594
     0.16600      0.57470     19.60060    460.81680
     0.16800      0.57470     19.60055    460.81765
     0.17000      0.57470     19.60051    460.81847
     0.17200      0.57470     19.60047    460.81928
     0.17400      0.57470     19.60042    460.82007
     0.17600      0.57470     19.60038    460.82083
     0.17800      0.57470     19.60034    460.82158
     0.18000      0.57469     19.60030    460.82230
     0.18200      0.57469     19.60027    460.82299
     0.18400      0.57469     19.60023    460.82367
     0.18600      0.57469     19.60019    460.82432
     0.18800      0.57469     19.60016    460.82495
     0.19000      0.57469     19.60013    460.82556
     0.19200      0.57469     19.60010    460.82615
     0.19400      0.57469     19.60006    460.82672
     0.19600      0.57468     19.60003    460.82727
     0.19800      0.57468     19.60001    460.82780
     0.20000      0.57468     19.59998    460.82832
     0.20200      0.57468     19.59995    460.82882
     0.20400      0.57468     19.59992    460.82930
     0.20600      0.57468     19.59990    460.82978
     0.20800      0.57467     19.59987    460.83024
     0.21000      0.57467     19.59985    460.83069
     0.21200      0.57467     19.59982    460.83113
     0.21400      0.57467     19.59980    460.83156
     0.21600      0.57467     19.59977    460.83199
     0.21800      0.57466     19.59975    460.83242
     0.22000      0.57466     19.59973    460.83284
     0.22200      0.57466     19.59970    460.83327
     0.22400      0.57466     19.59968    460.83369
     0.22600      0.57466     19.59966    460.83412
     0.22800      0.57465     19.59963    460.83455
     0.23000      0.57465     19.59961    460.83499
     0.23200      0.57465     19.59958    460.83543
     0.23400      0.57465     19.59956    460.83588
     0.23600      0.57464     19.59953    460.83633
     0.23800      0.57464     19.59951    460.83680
     0.24000      0.57464     19.59948    460.83726
     0.24200      0.57464     19.59945    460.83774
     0.24400      0.57464     19.59943    460.83822
     0.24600      0.57463     19.59940    460.83871
     0.24800      0.57463     19.59937    460.83921
     0.25000      0.57463     19.59935    460.83970
     0.25200      0.57462     19.59932    460.84020
     0.25400      0.57462     19.59929    460.84070
     0.25600      0.57462     19.59926    460.84121
     0.25800      0.57462     19.59924    460.84170
     0.26000      0.57461     19.59921    460.84220
     0.26200      0.57461     19.59918    460.84269
     0.26400      0.57461     19.59915    460.84318
     0.26600      0.57461     19.59913    460.84365
     0.26800      0.57460     19.59910    460.84412
     0.27000      0.57460     19.59908    460.84458
     0.27200      0.57460     19.59905    460.84502
     0.27400      0.57459     19.59903    460.84546
     0.27600      0.57459     19.59900    460.84588
     0.27800      0.57459     19.59898    460.84628
     0.28000      0.57458     19.59896    460.84667
     0.28200      0.57458     19.59894    460.84705
     0.28400      0.57457     19.59892    460.84741
     0.28600      0.57457     19.59890    460.84775
     0.28800      0.57457     19.59888    460.84808
     0.29000      0.57456     19.59886    460.84839
     0.29200      0.57456     19.59884    460.84869
     0.29400      0.57455     19.59883    460.84897
     0.29600      0.57455     19.59881    460.84924
     0.29800      0.57455     19.59880    460.84949
     0.30000      0.57454     19.59878    460.84973
     0.30200      0.57454     19.59877    460.84996
     0.30400      0.57453     19.59876    460.85018
     0.30600      0.57453     19.59874    460.85038
     0.30800      0.57452     19.59873    460.85058
     0.31000      0.57452     19.59872    460.85077
     0.31200      0.57451     19.59871    460.85095
     0.31400      0.57451     19.59870    460.85113
     0.31600      0.57450     19.59869    460.85130
     0.31800      0.57450     19.59868    460.85148
     0.32000      0.57449     19.59866    460.85165
     0.32200      0.57449     19.59865    460.85182
     0.32400      0.57448     19.59864    460.85200
     0.32600      0.57448     19.59863    460.85218
     0.32800      0.57447     19.59862    460.85236
     0.33000      0.57447     19.59861    460.85255
     0.33200      0.57446     19.59860    460.85275
     0.33400      0.57446     19.59858    460.85296
     0.33600      0.57446     19.59857    460.85317
     0.33800      0.57446     19.59856    460.85340
     0.34000      0.57446     19.59854    460.85363
     0.34200      0.57446     19.59853    460.85388
     0.34400      0.57447     19.59851    460.85413
     0.34600      0.57447     19.59850    460.85439
     0.34800      0.57448     19.59848    460.85466
     0.35000      0.57450     19.59847    460.85494
     0.35200      0.57452     19.59845    460.85522
     0.35400      0.57455     19.59843    460.85551
     0.35600      0.57458     19.59841    460.85581
     0.35800      0.57463     19.59840    460.85611
     0.36000      0.57468     19.59838    460.85640
     0.36200      0.57475     19.59836    460.85670
     0.36400      0.57484     19.59834    460.85700
     0.36600      0.57494     19.59833    460.85730
     0.36800      0.57507     19.59831    460.85759
     0.37000      0.57522     19.59829    460.85787
     0.37200      0.57541     19.59828    460.85815
     0.37400      0.57563     19.59826    460.85842
     0.37600      0.57590     19.59824    460.85868
     0.37800      0.57622     19.59823    460.85893
     0.38000      0.57660     19.59821    460.85918
     0.38200      0.57705     19.59820    460.85941
     0.38400      0.57758     19.59819    460.85963
     0.38600      0.57820     19.59817    460.85983
     0.38800      0.57893     19.59816    460.86003
     0.39000      0.57978     19.59815    460.86021
     0.39200      0.58077     19.59814    460.86038
     0.39400      0.58192     19.59813    460.86054
     0.39600      0.58325     19.59812    460.86068
     0.39800      0.58479     19.59811    460.86081
     0.40000      0.58656     19.59810    460.86093
     0.40200      0.58860     19.59809    460.86104
     0.40400      0.59094     19.59809    460.86114
     0.40600      0.59362     19.59808    460.86123
     0.40800      0.59667     19.59807    460.86131
     0.41000      0.60015     19.59807    460.86139
     0.41200      0.60410     19.59806    460.86145
     0.41400      0.60859     19.59806    460.86151
     0.41600      0.61367     19.59805    460.86157
     0.41800      0.61941     19.59805    460.86162
     0.42000      0.62588     19.59804    460.86168
     0.42200      0.63318     19.59804    460.86173
     0.42400      0.64139     19.59803    460.86179
     0.42600      0.65061     19.59803    460.86185
     0.42800      0.66095     19.59802    460.86191
     0.43000      0.67255     19.59802    460.86198
     0.43200      0.68555     19.59801    460.86207
     0.43400      0.70008     19.59801    460.86216
     0.43600      0.71634     19.59800    460.86227
     0.43800      0.73452     19.59799    460.86239
     0.44000      0.75483     19.59798    460.86253
     0.44200      0.77752     19.59798    460.86269
     0.44400      0.80288     19.59797    460.86287
     0.44600      0.83121     19.59796    460.86306
     0.44800      0.86287     19.59794    460.86328
     0.45000      0.89828     19.59793    460.86353
     0.45200      0.93790     19.59792    460.86379
     0.45400      0.98226     19.59791    460.86408
     0.45600      1.03198     19.59790    460.86440
     0.45800      1.08776     19.59788    460.86473
     0.46000      1.15043     19.59787    460.86509
     0.46200      1.22093     19.59786    460.86546
     0.46400      1.30036     19.59784    460.86586
     0.46600      1.39000     19.59783    460.86626
     0.46800      1.49137     19.59782    460.86668
     0.47000      1.60615     19.59781    460.86710
     0.47200      1.73305     19.59780    460.86751
     0.47400      1.86797     19.59779    460.86791
     0.47600      2.01022     19.59778    460.86830
     0.47800      2.15926     19.59777    460.86867
     0.48000      2.31445     19.59777    460.86902
     0.48200      2.47504     19.59777    460.86934
     0.48400      2.64017     19.59776    460.86962
     0.48600      2.80892     19.59776    460.86987
     0.48800      2.98030     19.59776    460.87009
     0.49000      3.15327     19.59777    460.87030
     0.49200      3.32676     19.59777    460.87051
     0.49400      3.49971     19.59777    460.87074
     0.49600      3.67105     19.59777    460.87102
     0.49800      3.83973     19.59777    460.87138
     0.50000      4.00479     19.59777    460.87186
     0.50200      4.16530     19.59777    460.87247
     0.50400      4.32042     19.59777    460.87324
     0.50600      4.46942     19.59776    460.87416
     0.50800      4.61164     19.59775    460.87522
     0.51000      4.74657     19.59774    460.87639
     0.51200      4.87378     19.59773    460.87763
     0.51400      4.99297     19.59773    460.87889
     0.51600      5.10397     19.59772    460.88012
     0.51800      5.20669     19.59772    460.88126
     0.52000      5.30117     19.59771    460.88229
     0.52200      5.38753     19.59772    460.88318
     0.52400      5.46597     19.59772    460.88392
     0.52600      5.53678     19.59773    460.88452
     0.52800      5.60031     19.59774    460.88500
     0.53000      5.65695     19.59776    460.88539
     0.53200      5.70712     19.59777    460.88575
     0.53400      5.75130     19.59779    460.88616
     0.53600      5.78995     19.59781    460.88672
     0.53800      5.82355     19.59782    460.88754
     0.54000      5.85259     19.59783    460.88869
     0.54200      5.87752     19.59783    460.89022
     0.54400      5.89878     19.59783    460.89209
     0.54600      5.91681     19.59782    460.89422
     0.54800      5.93200     19.59782    460.89648
     0.55000      5.94470     19.59782    460.89871
     0.55200      5.95527     19.59782    460.90078
     0.55400      5.96399     19.59783    460.90260
     0.55600      5.97115     19.59784    460.90414
     0.55800      5.97698     19.59786    460.90534
     0.56000      5.98170     19.59787    460.90613
     0.56200      5.98549     19.59789    460.90625
     0.56400      5.98851     19.59789    460.90501
     0.56600      5.99088     19.59784    460.90053
     0.56800      5.99266     19.59766    460.88836
     0.57000      5.99386     19.59719    460.85698
     0.57200      5.99429     19.59595    460.77921
     0.57400      5.99339     19.59289    460.58600
     0.57600      5.98968     19.58528    460.11315
     0.57800      5.97940     19.56657    458.95142
     0.58000      5.95344     19.52057    456.11867
     0.58200      5.88962     19.40809    449.23239
     0.58400      5.73671     19.13301    432.81733
     0.58600      5.38369     18.46589    395.16545
     0.58800      4.63910     16.87243    316.81479
     0.59000      3.35218     13.26214    186.09633
     0.59200      1.88363      6.54366     52.15960
     0.59400      1.10475      0.71593      2.41540
     0.59600      1.00161      0.00358      0.01184
     0.59800      1.00000      0.00000      0.01000
     0.60000      1.00000      0.00000      0.01000
     0.60200      1.00000      0.00000      0.01000
     0.60400      1.00000      0.00000      0.01000
     0.60600      1.00000      0.00000      0.01000
     0.60800      1.00000      0.00000      0.01000
     0.61000      1.00000      0.00000      0.01000
     0.61200      1.00000      0.00000      0.01000
     0.61400      1.00000      0.00000      0.01000
     0.61600      1.00000      0.00000      0.01000
     0.61800      1.00000      0.00000      0.01000
     0.62000      1.00000      0.00000      0.01000
     0.62200      1.00000      0.00000      0.01000
     0.62400      1.00000      0.00000      0.01000
     0.62600      1.00000      0.00000      0.01000
     0.62800      1.00000      0.00000      0.01000
     0.63000      1.00000      0.00000      0.01000
     0.63200      1.00000      0.00000      0.01000
     0.63400      1.00000      0.00000      0.01000
     0.63600      1.00000      0.00000      0.01000
     0.63800      1.00000      0.00000      0.01000
     0.64000      1.00000      0.00000      0.01000
     0.64200      1.00000      0.00000      0.01000
     0.64400      1.00000      0.00000      0.01000
     0.64600      1.00000      0.00000      0.01000
     0.64800      1.00000      0.00000      0.01000
     0.65000      1.00000      0.00000      0.01000
     0.65200      1.00000      0.00000      0.01000
     0.65400      1.00000      0.00000      0.01000
     0.65600      1.00000      0.00000      0.01000
     0.65800      1.00000      0.00000      0.01000
     0.66000      1.00000      0.00000      0.01000
     0.66200      1.00000      0.00000      0.01000
     0.66400      1.00000      0.00000      0.01000
     0.66600      1.00000      0.00000      0.01000
     0.66800      1.00000      0.00000      0.01000
     0.67000      1.00000      0.00000      0.01000
     0.67200      1.00000      0.00000      0.01000
     0.67400      1.00000      0.00000      0.01000
     0.67600      1.00000      0.00000      0.01000
     0.67800      1.00000      0.00000      0.01000
     0.68000      1.00000      0.00000      0.01000
     0.68200      1.00000      0.00000      0.01000
     0.68400      1.00000      0.00000      0.01000
     0.68600      1.00000      0.00000      0.01000
     0.68800      1.00000      0.00000      0.01000
     0.69000      1.00000      0.00000      0.01000
     0.69200      1.00000      0.00000      0.01000
     0.69400      1.00000      0.00000      0.01000
     0.69600      1.00000      0.00000      0.01000
     0.69800      1.00000      0.00000      0.01000
     0.70000      1.00000      0.00000      0.01000
     0.70200      1.00000      0.00000      0.01000
     0.70400      1.00000      0.00000      0.01000
     0.70600      1.00000      0.00000      0.01000
     0.70800      1.00000      0.00000      0.01000
     0.71000      1.00000      0.00000      0.01000
     0.71200      1.00000      0.00000      0.01000
     0.71400      1.00000      0.00000      0.01000
     0.71600      1.00000      0.00000      0.01000
     0.71800      1.00000      0.00000      0.01000
     0.72000      1.00000      0.00000      0.01000
     0.72200      1.00000      0.00000      0.01000
     0.72400      1.00000      0.00000      0.01000
     0.72600      1.00000      0.00000      0.01000
     0.72800      1.00000      0.00000      0.01000
     0.73000      1.00000      0.00000      0.01000
     0.73200      1.00000      0.00000      0.01000
     0.73400      1.00000      0.00000      0.01000
     0.73600      1.00000      0.00000      0.01000
     0.73800      1.00000      0.00000      0.01000
     0.74000      1.00000      0.00000      0.01000
     0.74200      1.00000      0.00000      0.01000
     0.74400      1.00000      0.00000      0.01000
     0.74600      1.00000      0.00000      0.01000
     0.74800      1.00000      0.00000      0.01000
     0.75000      1.00000      0.00000      0.01000
     0.75200      1.00000      0.00000      0.01000
     0.75400      1.00000      0.00000      0.01000
     0.75600      1.00000      0.00000      0.01000
     0.75800      1.00000      0.00000      0.01000
     0.76000      1.00000      0.00000      0.01000
     0.76200      1.00000      0.00000      0.01000
     0.76400      1.00000      0.00000      0.01000
     0.76600      1.00000      0.00000      0.01000
     0.76800      1.00000      0.00000      0.01000
     0.77000      1.00000      0.00000      0.01000
     0.77200      1.00000      0.00000      0.01000
     0.77400      1.00000      0.00000      0.01000
     0.77600      1.00000      0.00000      0.01000
     0.77800      1.00000      0.00000      0.01000
     0.78000      1.00000      0.00000      0.01000
     0.78200      1.00000      0.00000      0.01000
     0.78400      1.00000      0.00000      0.01000
     0.78600      1.00000      0.00000      0.01000
     0.78800      1.00000      0.00000      0.01000
     0.79000      1.00000      0.00000      0.01000
     0.79200      1.00000      0.00000      0.01000
     0.79400      1.00000      0.00000      0.01000
     0.79600      1.00000      0.00000      0.01000
     0.79800      1.00000      0.00000      0.01000
     0.80000      1.00000      0.00000      0.01000
     0.80200      1.00000      0.00000      0.01000
     0.80400      1.00000      0.00000      0.01000
     0.80600      1.00000      0.00000      0.01000
     0.80800      1.00000      0.00000      0.01000
     0.81000      1.00000      0.00000      0.01000
     0.81200      1.00000      0.00000      0.01000
     0.81400      1.00000      0.00000      0.01000
     0.81600      1.00000      0.00000      0.01000
     0.81800      1.00000      0.00000      0.01000
     0.82000      1.00000      0.00000      0.01000
     0.82200      1.00000      0.00000      0.01000
     0.82400      1.00000      0.00000      0.01000
     0.82600      1.00000      0.00000      0.01000
     0.82800      1.00000      0.00000      0.01000
     0.83000      1.00000      0.00000      0.01000
     0.83200      1.00000      0.00000      0.01000
     0.83400      1.00000      0.00000      0.01000
     0.83600      1.00000      0.00000      0.01000
     0.83800      1.00000      0.00000      0.01000
     0.84000      1.00000      0.00000      0.01000
     0.84200      1.00000      0.00000      0.01000
     0.84400      1.00000      0.00000      0.01000
     0.84600      1.00000      0.00000      0.01000
     0.84800      1.00000      0.00000      0.01000
     0.85000      1.00000      0.00000      0.01000
     0.85200      1.00000      0.00000      0.01000
     0.85400      1.00000      0.00000      0.01000
     0.85600      1.00000      0.00000      0.01000
     0.85800      1.00000      0.00000      0.01000
     0.86000      1.00000      0.00000      0.01000
     0.86200      1.00000      0.00000      0.01000
     0.86400      1.00000      0.00000      0.01000
     0.86600      1.00000      0.00000      0.01000
     0.86800      1.00000      0.00000      0.01000
     0.87000      1.00000      0.00000      0.01000
     0.87200      1.00000      0.00000      0.01000
     0.87400      1.00000      0.00000      0.01000
     0.87600      1.00000      0.00000      0.01000
     0.87800      1.00000      0.00000      0.01000
     0.88000      1.00000      0.00000      0.01000
     0.88200      1.00000      0.00000      0.01000
     0.88400      1.00000      0.00000      0.01000
     0.88600      1.00000      0.00000      0.01000
     0.88800      1.00000      0.00000      0.01000
     0.89000      1.00000      0.00000      0.01000
     0.89200      1.00000      0.00000      0.01000
     0.89400      1.00000      0.00000      0.01000
     0.89600      1.00000      0.00000      0.01000
     0.89800      1.00000      0.00000      0.01000
     0.90000      1.00000      0.00000      0.01000
     0.90200      1.00000      0.00000      0.01000
     0.90400      1.00000      0.00000      0.01000
     0.90600      1.00000      0.00000      0.01000
     0.90800      1.00000      0.00000      0.01000
     0.91000      1.00000      0.00000      0.01000
     0.91200      1.00000      0.00000      0.01000
     0.91400      1.00000      0.00000      0.01000
     0.91600      1.00000      0.00000      0.01000
     0.91800      1.00000      0.00000      0.01000
     0.92000      1.00000      0.00000      0.01000
     0.92200      1.00000      0.00000      0.01000
     0.92400      1.00000      0.00000      0.01000
     0.92600      1.00000      0.00000      0.01000
     0.92800      1.00000      0.00000      0.01000
     0.93000      1.00000      0.00000      0.01000
     0.93200      1.00000      0.00000      0.01000
     0.93400      1.00000      0.00000      0.01000
     0.93600      1.00000      0.00000      0.01000
     0.93800      1.00000      0.00000      0.01000
     0.94000      1.00000      0.00000      0.01000
     0.94200      1.00000      0.00000      0.01000
     0.94400      1.00000      0.00000      0.01000
     0.94600      1.00000      0.00000      0.01000
     0.94800      1.00000      0.00000      0.01000
     0.95000      1.00000      0.00000      0.01000
     0.95200      1.00000      0.00000      0.01000
     0.95400      1.00000      0.00000      0.01000
     0.95600      1.00000      0.00000      0.01000
     0.95800      1.00000      0.00000      0.01000
     0.96000      1.00000      0.00000      0.01000
     0.96200      1.00000      0.00000      0.01000
     0.96400      1.00000      0.00000      0.01000
     0.96600      1.00000      0.00000      0.01000
     0.96800      1.00000      0.00000      0.01000
     0.97000      1.00000      0.00000      0.01000
     0.97200      1.00000      0.00000      0.01000
     0.97400      1.00000      0.00000      0.01000
     0.97600      1.00000      0.00000      0.01000
     0.97800      1.00000      0.00000      0.01000
     0.98000      1.00000      0.00000      0.01000
     0.98200      1.00000      0.00000      0.01000
     0.98400      1.00000      0.00000      0.01000
     0.98600      1.00000      0.00000      0.01000
     0.98800      1.00000      0.00000      0.01000
     0.99000      1.00000      0.00000      0.01000
     0.99200      1.00000      0.00000      0.01000
     0.99400      1.00000      0.00000      0.01000
     0.99600      1.00000      0.00000      0.01000
     0.99800      1.00000      0.00000      0.01000
