t =     0.0250
           x          rho            u            p
    -1.00000      0.99961      0.01465    999.45190
    -0.99800      0.99953      0.01776    999.33549
    -0.99600      0.99943      0.02141    999.19901
    -0.99400      0.99931      0.02567    999.04001
    -0.99200      0.99918      0.03059    998.85593
    -0.99000      0.99903      0.03626    998.64415
    -0.98800      0.99886      0.04274    998.40199
    -0.98600      0.99866      0.05011    998.12673
    -0.98400      0.99844      0.05843    997.81571
    -0.98200      0.99819      0.06779    997.46632
    -0.98000      0.99791      0.07824    997.07604
    -0.97800      0.99760      0.08986    996.64247
    -0.97600      0.99726      0.10270    996.16343
    -0.97400      0.99688      0.11683    995.63688
    -0.97200      0.99647      0.13228    995.06106
    -0.97000      0.99602      0.14910    994.43442
    -0.96800      0.99554      0.16733    993.75570
    -0.96600      0.99501      0.18700    993.02390
    -0.96400      0.99445      0.20813    992.23832
    -0.96200      0.99385      0.23073    991.39853
    -0.96000      0.99321      0.25482    990.50437
    -0.95800      0.99253      0.28038    989.55596
    -0.95600      0.99181      0.30742    988.55366
    -0.95400      0.99105      0.33593    987.49807
    -0.95200      0.99026      0.36587    986.38999
    -0.95000      0.98943      0.39725    985.23043
    -0.94800      0.98856      0.43001    984.02056
    -0.94600      0.98766      0.46414    982.76170
    -0.94400      0.98672      0.49960    981.45528
    -0.94200      0.98575      0.53635    980.10284
    -0.94000      0.98474      0.57435    978.70601
    -0.93800      0.98371      0.61357    977.26646
    -0.93600      0.98264      0.65395    975.78591
    -0.93400      0.98155      0.69545    974.26612
    -0.93200      0.98043      0.73804    972.70883
    -0.93000      0.97928      0.78167    971.11579
    -0.92800      0.97811      0.82629    969.48874
    -0.92600      0.97691      0.87186    967.82940
    -0.92400      0.97569      0.91835    966.13943
    -0.92200      0.97445      0.96570    964.42048
    -0.92000      0.97319      1.01388    962.67413
    -0.91800      0.97191      1.06285    960.90194
    -0.91600      0.97061      1.11257    959.10537
    -0.91400      0.96930      1.16301    957.28588
    -0.91200      0.96796      1.21413    955.44483
    -0.91000      0.96662      1.26589    953.58355
    -0.90800      0.96525      1.31828    951.70328
    -0.90600      0.96388      1.37125    949.80525
    -0.90400      0.96249      1.42477    947.89058
    -0.90200      0.96109      1.47882    945.96038
    -0.90000      0.95968      1.53338    944.01568
    -0.89800      0.95825      1.58841    942.05746
    -0.89600      0.95682      1.64389    940.08666
    -0.89400      0.95538      1.69980    938.10417
    -0.89200      0.95393      1.75613    936.11081
    -0.89000      0.95247      1.81284    934.10738
    -0.88800      0.95100      1.86992    932.09463
    -0.88600      0.94953      1.92735    930.07328
    -0.88400      0.94805      1.98511    928.04398
    -0.88200      0.94656      2.04319    926.00738
    -0.88000      0.94507      2.10157    923.96406
    -0.87800      0.94357      2.16024    921.91460
    -0.87600      0.94207      2.21918    919.85953
    -0.87400      0.94056      2.27838    917.79934
    -0.87200      0.93905      2.33783    915.73453
    -0.87000      0.93753      2.39751    913.66552
    -0.86800      0.93601      2.45742    911.59275
    -0.86600      0.93449      2.51755    909.51662
    -0.86400      0.93296      2.57787    907.43751
    -0.86200      0.93143      2.63840    905.35576
    -0.86000      0.92990      2.69911    903.27172
    -0.85800      0.92836      2.75999    901.18571
    -0.85600      0.92683      2.82105    899.09803
    -0.85400      0.92529      2.88227    897.00895
    -0.85200      0.92375      2.94365    894.91876
    -0.85000      0.92220      3.00517    892.82770
    -0.84800      0.92066      3.06683    890.73601
    -0.84600      0.91911      3.12864    888.64392
    -0.84400      0.91757      3.19057    886.55165
    -0.84200      0.91602      3.25262    884.45940
    -0.84000      0.91447      3.31480    882.36736
    -0.83800      0.91292      3.37709    880.27571
    -0.83600      0.91137      3.43949    878.18463
    -0.83400      0.90982      3.50200    876.09428
    -0.83200      0.90827      3.56461    874.00481
    -0.83000      0.90672      3.62731    871.91638
    -0.82800      0.90517      3.69011    869.82912
    -0.82600      0.90362      3.75300    867.74316
    -0.82400      0.90206      3.81598    865.65863
    -0.82200      0.90051      3.87904    863.57565
    -0.82000      0.89896      3.94218    861.49433
    -0.81800      0.89741      4.00539    859.41477
    -0.81600      0.89586      4.06868    857.33709
    -0.81400      0.89431      4.13204    855.26137
    -0.81200      0.89276      4.19548    853.18771
    -0.81000      0.89121      4.25897    851.11620
    -0.80800      0.88966      4.32253    849.04691
    -0.80600      0.88811      4.38616    846.97993
    -0.80400      0.88657      4.44984    844.91533
    -0.80200      0.88502      4.51358    842.85318
    -0.80000      0.88347      4.57738    840.79356
    -0.79800      0.88193      4.64123    838.73652
    -0.79600      0.88038      4.70513    836.68212
    -0.79400      0.87884      4.76908    834.63043
    -0.79200      0.87730      4.83308    832.58150
    -0.79000      0.87576      4.89713    830.53538
    -0.78800      0.87422      4.96122    828.49213
    -0.78600      0.87268      5.02536    826.45179
    -0.78400      0.87114      5.08954    824.41440
    -0.78200      0.86961      5.15376    822.38001
    -0.78000      0.86807      5.21802    820.34867
    -0.77800      0.86654      5.28232    818.32040
    -0.77600      0.86500      5.34666    816.29526
    -0.77400      0.86347      5.41103    814.27327
    -0.77200      0.86194      5.47544    812.25446
    -0.77000      0.86041      5.53989    810.23888
    -0.76800      0.85889      5.60436    808.22654
    -0.76600      0.85736      5.66887    806.21749
    -0.76400      0.85583      5.73342    804.21174
    -0.76200      0.85431      5.79799    802.20933
    -0.76000      0.85279      5.86259    800.21028
    -0.75800      0.85127      5.92722    798.21461
    -0.75600      0.84975      5.99187    796.22236
    -0.75400      0.84823      6.05656    794.23353
    -0.75200      0.84672      6.12127    792.24815
    -0.75000      0.84520      6.18601    790.26623
    -0.74800      0.84369      6.25077    788.28781
    -0.74600      0.84218      6.31556    786.31290
    -0.74400      0.84067      6.38037    784.34150
    -0.74200      0.83916      6.44520    782.37365
    -0.74000      0.83766      6.51005    780.40935
    -0.73800      0.83615      6.57493    778.44862
    -0.73600      0.83465      6.63983    776.49148
    -0.73400      0.83315      6.70475    774.53793
    -0.73200      0.83165      6.76969    772.58799
    -0.73000      0.83015      6.83465    770.64166
    -0.72800      0.82866      6.89963    768.69898
    -0.72600      0.82716      6.96462    766.75993
    -0.72400      0.82567      7.02964    764.82453
    -0.72200      0.82418      7.09467    762.89280
    -0.72000      0.82269      7.15972    760.96474
    -0.71800      0.82120      7.22479    759.04035
    -0.71600      0.81972      7.28987    757.11966
    -0.71400      0.81824      7.35497    755.20265
    -0.71200      0.81675      7.42009    753.28935
    -0.71000      0.81527      7.48522    751.37976
    -0.70800      0.81380      7.55037    749.47388
    -0.70600      0.81232      7.61553    747.57172
    -0.70400      0.81084      7.68070    745.67329
    -0.70200      0.80937      7.74589    743.77859
    -0.70000      0.80790      7.81109    741.88762
    -0.69800      0.80643      7.87631    740.00039
    -0.69600      0.80496      7.94154    738.11691
    -0.69400      0.80350      8.00678    736.23717
    -0.69200      0.80204      8.07203    734.36118
    -0.69000      0.80057      8.13730    732.48895
    -0.68800      0.79911      8.20257    730.62048
    -0.68600      0.79766      8.26786    728.75576
    -0.68400      0.79620      8.33316    726.89481
    -0.68200      0.79475      8.39847    725.03762
    -0.68000      0.79329      8.46379    723.18420
    -0.67800      0.79184      8.52913    721.33454
    -0.67600      0.79040      8.59447    719.48866
    -0.67400      0.78895      8.65982    717.64654
    -0.67200      0.78750      8.72518    715.80820
    -0.67000      0.78606      8.79055    713.97363
    -0.66800      0.78462      8.85593    712.14283
    -0.66600      0.78318      8.92132    710.31581
    -0.66400      0.78174      8.98672    708.49256
    -0.66200      0.78031      9.05213    706.67308
    -0.66000      0.77888      9.11754    704.85738
    -0.65800      0.77744      9.18297    703.04546
    -0.65600      0.77602      9.24840    701.23730
    -0.65400      0.77459      9.31384    699.43293
    -0.65200      0.77316      9.37929    697.63232
    -0.65000      0.77174      9.44474    695.83549
    -0.64800      0.77032      9.51020    694.04244
    -0.64600      0.76890      9.57567    692.25315
    -0.64400      0.76748      9.64114    690.46763
    -0.64200      0.76606      9.70663    688.68589
    -0.64000      0.76465      9.77212    686.90791
    -0.63800      0.76324      9.83761    685.13370
    -0.63600      0.76183      9.90311    683.36325
    -0.63400      0.76042      9.96862    681.59657
    -0.63200      0.75902     10.03413    679.83365
    -0.63000      0.75761     10.09965    678.07450
    -0.62800      0.75621     10.16517    676.31910
    -0.62600      0.75481     10.23070    674.56747
    -0.62400      0.75341     10.29623    672.81959
    -0.62200      0.75202     10.36177    671.07546
    -0.62000      0.75062     10.42731    669.33509
    -0.61800      0.74923     10.49286    667.59847
    -0.61600      0.74784     10.55841    665.86560
    -0.61400      0.74645     10.62397    664.13648
    -0.61200      0.74506     10.68953    662.41110
    -0.61000      0.74368     10.75509    660.68947
    -0.60800      0.74230     10.82066    658.97157
    -0.60600      0.74092     10.88623    657.25742
    -0.60400      0.73954     10.95180    655.54701
    -0.60200      0.73816     11.01738    653.84033
    -0.60000      0.73679     11.08296    652.13739
    -0.59800      0.73542     11.14854    650.43818
    -0.59600      0.73405     11.21413    648.74269
    -0.59400      0.73268     11.27972    647.05094
    -0.59200      0.73131     11.34531    645.36291
    -0.59000      0.72995     11.41090    643.67860
    -0.58800      0.72858     11.47649    641.99801
    -0.58600      0.72722     11.54209    640.32115
    -0.58400      0.72587     11.60769    638.64800
    -0.58200      0.72451     11.67329    636.97857
    -0.58000      0.72315     11.73889    635.31285
    -0.57800      0.72180     11.80449    633.65084
    -0.57600      0.72045     11.87009    631.99254
    -0.57400      0.71910     11.93569    630.33795
    -0.57200      0.71776     12.00129    628.68707
    -0.57000      0.71641     12.06690    627.03989
    -0.56800      0.71507     12.13250    625.39642
    -0.56600      0.71373     12.19810    623.75664
    -0.56400      0.71239     12.26370    622.12057
    -0.56200      0.71106     12.32930    620.48820
    -0.56000      0.70972     12.39490    618.85952
    -0.55800      0.70839     12.46050    617.23454
    -0.55600      0.70706     12.52610    615.61325
    -0.55400      0.70573     12.59170    613.99566
    -0.55200      0.70441     12.65729    612.38176
    -0.55000      0.70308     12.72288    610.77155
    -0.54800      0.70176     12.78847    609.16503
    -0.54600      0.70044     12.85406    607.56221
    -0.54400      0.69912     12.91964    605.96307
    -0.54200      0.69781     12.98522    604.36763
    -0.54000      0.69649     13.05080    602.77588
    -0.53800      0.69518     13.11637    601.18781
    -0.53600      0.69387     13.18194    599.60344
    -0.53400      0.69256     13.24750    598.02276
    -0.53200      0.69126     13.31306    596.44576
    -0.53000      0.68995     13.37861    594.87246
    -0.52800      0.68865     13.44416    593.30286
    -0.52600      0.68735     13.50970    591.73695
    -0.52400      0.68606     13.57524    590.17473
    -0.52200      0.68476     13.64077    588.61621
    -0.52000      0.68347     13.70629    587.06139
    -0.51800      0.68218     13.77181    585.51028
    -0.51600      0.68089     13.83731    583.96286
    -0.51400      0.67960     13.90281    582.41916
    -0.51200      0.67832     13.96830    580.87916
    -0.51000      0.67703     14.03378    579.34288
    -0.50800      0.67575     14.09925    577.81032
    -0.50600      0.67448     14.16470    576.28148
    -0.50400      0.67320     14.23015    574.75636
    -0.50200      0.67193     14.29559    573.23498
    -0.50000      0.67065     14.36101    571.71733
    -0.49800      0.66938     14.42642    570.20343
    -0.49600      0.66812     14.49182    568.69328
    -0.49400      0.66685     14.55720    567.18688
    -0.49200      0.66559     14.62257    565.68425
    -0.49000      0.66433     14.68793    564.18539
    -0.48800      0.66307     14.75326    562.69032
    -0.48600      0.66181     14.81858    561.19903
    -0.48400      0.66056     14.88388    559.71154
    -0.48200      0.65931     14.94916    558.22787
    -0.48000      0.65806     15.01443    556.74802
    -0.47800      0.65681     15.07967    555.27200
    -0.47600      0.65557     15.14489    553.79984
    -0.47400      0.65432     15.21008    552.33153
    -0.47200      0.65308     15.27526    550.86711
    -0.47000      0.65184     15.34040    549.40658
    -0.46800      0.65061     15.40553    547.94997
    -0.46600      0.64938     15.47062    546.49728
    -0.46400      0.64815     15.53568    545.04855
    -0.46200      0.64692     15.60072    543.60378
    -0.46000      0.64569     15.66572    542.16301
    -0.45800      0.64447     15.73068    540.72626
    -0.45600      0.64325     15.79562    539.29356
    -0.45400      0.64203     15.86051    537.86492
    -0.45200      0.64081     15.92537    536.44039
    -0.45000      0.63960     15.99018    535.01998
    -0.44800      0.63839     16.05496    533.60374
    -0.44600      0.63718     16.11968    532.19170
    -0.44400      0.63598     16.18436    530.78390
    -0.44200      0.63478     16.24899    529.38038
    -0.44000      0.63358     16.31357    527.98117
    -0.43800      0.63238     16.37809    526.58634
    -0.43600      0.63119     16.44256    525.19592
    -0.43400      0.63000     16.50696    523.80996
    -0.43200      0.62881     16.57130    522.42853
    -0.43000      0.62762     16.63557    521.05168
    -0.42800      0.62644     16.69977    519.67948
    -0.42600      0.62526     16.76389    518.31199
    -0.42400      0.62409     16.82793    516.94930
    -0.42200      0.62292     16.89189    515.59146
    -0.42000      0.62175     16.95575    514.23858
    -0.41800      0.62058     17.01953    512.89073
    -0.41600      0.61942     17.08320    511.54802
    -0.41400      0.61826     17.14677    510.21055
    -0.41200      0.61711     17.21023    508.87842
    -0.41000      0.61596     17.27356    507.55176
    -0.40800      0.61481     17.33677    506.23069
    -0.40600      0.61367     17.39985    504.91536
    -0.40400      0.61253     17.46279    503.60590
    -0.40200      0.61140     17.52557    502.30247
    -0.40000      0.61027     17.58820    501.00525
    -0.39800      0.60915     17.65066    499.71442
    -0.39600      0.60803     17.71293    498.43018
    -0.39400      0.60691     17.77501    497.15273
    -0.39200      0.60580     17.83689    495.88231
    -0.39000      0.60470     17.89854    494.61917
    -0.38800      0.60360     17.95996    493.36357
    -0.38600      0.60251     18.02114    492.11581
    -0.38400      0.60143     18.08204    490.87619
    -0.38200      0.60035     18.14266    489.64506
    -0.38000      0.59928     18.20297    488.42278
    -0.37800      0.59821     18.26295    487.20974
    -0.37600      0.59716     18.32258    486.00638
    -0.37400      0.59611     18.38184    484.81316
    -0.37200      0.59507     18.44069    483.63058
    -0.37000      0.59404     18.49910    482.45918
    -0.36800      0.59302     18.55705    481.29956
    -0.36600      0.59201     18.61449    480.15234
    -0.36400      0.59101     18.67140    479.01823
    -0.36200      0.59002     18.72772    477.89797
    -0.36000      0.58905     18.78342    476.79236
    -0.35800      0.58808     18.83844    475.70228
    -0.35600      0.58713     18.89274    474.62865
    -0.35400      0.58620     18.94626    473.57250
    -0.35200      0.58528     18.99894    472.53491
    -0.35000      0.58438     19.05071    471.51704
    -0.34800      0.58350     19.10151    470.52014
    -0.34600      0.58263     19.15126    469.54554
    -0.34400      0.58179     19.19989    468.59465
    -0.34200      0.58097     19.24731    467.66897
    -0.34000      0.58017     19.29344    466.77006
    -0.33800      0.57940     19.33817    465.89957
    -0.33600      0.57865     19.38143    465.05920
    -0.33400      0.57793     19.42312    464.25073
    -0.33200      0.57724     19.46312    463.47593
    -0.33000      0.57658     19.50134    462.73662
    -0.32800      0.57596     19.53769    462.03459
    -0.32600      0.57537     19.57206    461.37160
    -0.32400      0.57481     19.60435    460.74932
    -0.32200      0.57429     19.63449    460.16930
    -0.32000      0.57382     19.66239    459.63292
    -0.31800      0.57338     19.68798    459.14135
    -0.31600      0.57298     19.71122    458.69548
    -0.31400      0.57262     19.73205    458.29588
    -0.31200      0.57231     19.75048    457.94277
    -0.31000      0.57203     19.76650    457.63593
    -0.30800      0.57180     19.78015    457.37472
    -0.30600      0.57160     19.79148    457.15802
    -0.30400      0.57145     19.80056    456.98425
    -0.30200      0.57133     19.80751    456.85136
    -0.30000      0.57125     19.81245    456.75689
    -0.29800      0.57119     19.81554    456.69798
    -0.29600      0.57117     19.81692    456.67148
    -0.29400      0.57117     19.81679    456.67397
    -0.29200      0.57120     19.81533    456.70192
    -0.29000      0.57124     19.81272    456.75173
    -0.28800      0.57130     19.80916    456.81983
    -0.28600      0.57137     19.80482    456.90278
    -0.28400      0.57146     19.79987    456.99735
    -0.28200      0.57155     19.79447    457.10055
    -0.28000      0.57165     19.78877    457.20971
    -0.27800      0.57175     19.78287    457.32248
    -0.27600      0.57185     19.77689    457.43686
    -0.27400      0.57195     19.77092    457.55119
    -0.27200      0.57205     19.76502    457.66412
    -0.27000      0.57215     19.75924    457.77462
    -0.26800      0.57225     19.75364    457.88191
    -0.26600      0.57234     19.74824    457.98545
    -0.26400      0.57243     19.74304    458.08490
    -0.26200      0.57251     19.73808    458.18007
    -0.26000      0.57259     19.73334    458.27089
    -0.25800      0.57267     19.72882    458.35742
    -0.25600      0.57274     19.72453    458.43975
    -0.25400      0.57281     19.72044    458.51805
    -0.25200      0.57288     19.71656    458.59252
    -0.25000      0.57294     19.71286    458.66335
    -0.24800      0.57300     19.70935    458.73076
    -0.24600      0.57306     19.70600    458.79498
    -0.24400      0.57311     19.70281    458.85621
    -0.24200      0.57316     19.69976    458.91465
    -0.24000      0.57321     19.69685    458.97049
    -0.23800      0.57326     19.69407    459.02390
    -0.23600      0.57330     19.69140    459.07504
    -0.23400      0.57335     19.68885    459.12407
    -0.23200      0.57339     19.68640    459.17112
    -0.23000      0.57343     19.68404    459.21631
    -0.22800      0.57347     19.68178    459.25976
    -0.22600      0.57350     19.67960    459.30157
    -0.22400      0.57354     19.67750    459.34184
    -0.22200      0.57357     19.67548    459.38064
    -0.22000      0.57361     19.67353    459.41808
    -0.21800      0.57364     19.67165    459.45421
    -0.21600      0.57367     19.66983    459.48910
    -0.21400      0.57370     19.66808    459.52282
    -0.21200      0.57373     19.66638    459.55543
    -0.21000      0.57376     19.66474    459.58697
    -0.20800      0.57378     19.66315    459.61750
    -0.20600      0.57381     19.66161    459.64706
    -0.20400      0.57383     19.66012    459.67570
    -0.20200      0.57386     19.65867    459.70346
    -0.20000      0.57388     19.65727    459.73037
    -0.19800      0.57391     19.65591    459.75647
    -0.19600      0.57393     19.65459    459.78180
    -0.19400      0.57395     19.65331    459.80637
    -0.19200      0.57397     19.65207    459.83023
    -0.19000      0.57399     19.65086    459.85340
    -0.18800      0.57401     19.64969    459.87591
    -0.18600      0.57403     19.64855    459.89778
    -0.18400      0.57405     19.64745    459.91904
    -0.18200      0.57407     19.64637    459.93970
    -0.18000      0.57408     19.64533    459.95979
    -0.17800      0.57410     19.64431    459.97933
    -0.17600      0.57412     19.64332    459.99834
    -0.17400      0.57413     19.64236    460.01684
    -0.17200      0.57415     19.64142    460.03484
    -0.17000      0.57416     19.64051    460.05236
    -0.16800      0.57418     19.63962    460.06942
    -0.16600      0.57419     19.63876    460.08603
    -0.16400      0.57421     19.63791    460.10221
    -0.16200      0.57422     19.63709    460.11797
    -0.16000      0.57423     19.63629    460.13333
    -0.15800      0.57425     19.63551    460.14830
    -0.15600      0.57426     19.63476    460.16288
    -0.15400      0.57427     19.63402    460.17710
    -0.15200      0.57428     19.63329    460.19096
    -0.15000      0.57429     19.63259    460.20448
    -0.14800      0.57431     19.63190    460.21766
    -0.14600      0.57432     19.63124    460.23051
    -0.14400      0.57433     19.63058    460.24306
    -0.14200      0.57434     19.62995    460.25530
    -0.14000      0.57435     19.62932    460.26724
    -0.13800      0.57436     19.62872    460.27889
    -0.13600      0.57437     19.62812    460.29027
    -0.13400      0.57438     19.62755    460.30137
    -0.13200      0.57439     19.62698    460.31221
    -0.13000      0.57440     19.62643    460.32280
    -0.12800      0.57440     19.62589    460.33314
    -0.12600      0.57441     19.62537    460.34323
    -0.12400      0.57442     19.62485    460.35310
    -0.12200      0.57443     19.62435    460.36273
    -0.12000      0.57444     19.62386    460.37214
    -0.11800      0.57444     19.62338    460.38134
    -0.11600      0.57445     19.62291    460.39033
    -0.11400      0.57446     19.62246    460.39911
    -0.11200      0.57447     19.62201    460.40770
    -0.11000      0.57447     19.62157    460.41609
    -0.10800      0.57448     19.62115    460.42430
    -0.10600      0.57449     19.62073    460.43232
    -0.10400      0.57449     19.62032    460.44016
    -0.10200      0.57450     19.61992    460.44783
    -0.10000      0.57451     19.61953    460.45533
    -0.09800      0.57451     19.61915    460.46267
    -0.09600      0.57452     19.61877    460.46985
    -0.09400      0.57452     19.61841    460.47687
    -0.09200      0.57453     19.61805    460.48374
    -0.09000      0.57453     19.61770    460.49046
    -0.08800      0.57454     19.61736    460.49704
    -0.08600      0.57455     19.61702    460.50348
    -0.08400      0.57455     19.61669    460.50978
    -0.08200      0.57456     19.61637    460.51596
    -0.08000      0.57456     19.61606    460.52200
    -0.07800      0.57456     19.61575    460.52793
    -0.07600      0.57457     19.61544    460.53373
    -0.07400      0.57457     19.61515    460.53942
    -0.07200      0.57458     19.61486    460.54499
    -0.07000      0.57458     19.61457    460.55046
    -0.06800      0.57459     19.61429    460.55582
    -0.06600      0.57459     19.61402    460.56108
    -0.06400      0.57459     19.61375    460.56625
    -0.06200      0.57460     19.61348    460.57132
    -0.06000      0.57460     19.61322    460.57630
    -0.05800      0.57461     19.61297    460.58120
    -0.05600      0.57461     19.61272    460.58601
    -0.05400      0.57461     19.61247    460.59074
    -0.05200      0.57462     19.61223    460.59540
    -0.05000      0.57462     19.61199    460.59998
    -0.04800      0.57462     19.61175    460.60449
    -0.04600      0.57463     19.61152    460.60893
    -0.04400      0.57463     19.61129    460.61330
    -0.04200      0.57463     19.61107    460.61760
    -0.04000      0.57464     19.61085    460.62183
    -0.03800      0.57464     19.61063    460.62600
    -0.03600      0.57464     19.61042    460.63010
    -0.03400      0.57465     19.61021    460.63414
    -0.03200      0.57465     19.61000    460.63811
    -0.03000      0.57465     19.60980    460.64201
    -0.02800      0.57465     19.60960    460.64585
    -0.02600      0.57466     19.60940    460.64962
    -0.02400      0.57466     19.60921    460.65332
    -0.02200      0.57466     19.60902    460.65695
    -0.02000      0.57466     19.60883    460.66052
    -0.01800      0.57467     19.60865    460.66401
    -0.01600      0.57467     19.60847    460.66743
    -0.01400      0.57467     19.60829    460.67079
    -0.01200      0.57467     19.60812    460.67407
    -0.01000      0.57468     19.60795    460.67729
    -0.00800      0.57468     19.60779    460.68043
    -0.00600      0.57468     19.60763    460.68351
    -0.00400      0.57468     19.60747    460.68651
    -0.00200      0.57468     19.60732    460.68945
     0.00000      0.57469     19.60717    460.69233
     0.00200      0.57469     19.60702    460.69513
     0.00400      0.57469     19.60688    460.69788
     0.00600      0.57469     19.60674    460.70056
     0.00800      0.57469     19.60660    460.70318
     0.01000      0.57469     19.60646    460.70574
     0.01200      0.57470     19.60633    460.70825
     0.01400      0.57470     19.60620    460.71069
     0.01600      0.57470     19.60608    460.71309
     0.01800      0.57470     19.60596    460.71543
     0.02000      0.57470     19.60584    460.71772
     0.02200      0.57470     19.60572    460.71996
     0.02400      0.57470     19.60560    460.72215
     0.02600      0.57470     19.60549    460.72430
     0.02800      0.57470     19.60538    460.72641
     0.03000      0.57471     19.60527    460.72847
     0.03200      0.57471     19.60517    460.73050
     0.03400      0.57471     19.60506    460.73248
     0.03600      0.57471     19.60496    460.73443
     0.03800      0.57471     19.60486    460.73635
     0.04000      0.57471     19.60476    460.73824
     0.04200      0.57471     19.60466    460.74009
     0.04400      0.57471     19.60457    460.74192
     0.04600      0.57471     19.60447    460.74372
     0.04800      0.57471     19.60438    460.74550
     0.05000      0.57471     19.60428    460.74726
     0.05200      0.57471     19.60419    460.74899
     0.05400      0.57471     19.60410    460.75071
     0.05600      0.57472     19.60401    460.75242
     0.05800      0.57472     19.60392    460.75410
     0.06000      0.57472     19.60384    460.75578
     0.06200      0.57472     19.60375    460.75745
     0.06400      0.57472     19.60366    460.75910
     0.06600      0.57472     19.60357    460.76074
     0.06800      0.57472     19.60349    460.76238
     0.07000      0.57472     19.60340    460.76400
     0.07200      0.57472     19.60332    460.76562
     0.07400      0.57472     19.60323    460.76722
     0.07600      0.57472     19.60315    460.76882
     0.07800      0.57472     19.60307    460.77040
     0.08000      0.57472     19.60298    460.77196
     0.08200      0.57472     19.60290    460.77352
     0.08400      0.57472     19.60282    460.77505
     0.08600      0.57472     19.60274    460.77657
     0.08800      0.57472     19.60266    460.77807
     0.09000      0.57472     19.60258    460.77955
     0.09200      0.57472     19.60251    460.78100
     0.09400      0.57472     19.60243    460.78243
     0.09600      0.57472     19.60236    460.78383
     0.09800      0.57472     19.60228    460.78521
     0.10000      0.57472     19.60221    460.78655
     0.10200      0.57472     19.60214    460.78787
     0.10400      0.57472     19.60208    460.78915
     0.10600      0.57472     19.60201    460.79041
     0.10800      0.57472     19.60194    460.79163
     0.11000      0.57472     19.60188    460.79282
     0.11200      0.57472     19.60182    460.79397
     0.11400      0.57472     19.60176    460.79510
     0.11600      0.57472     19.60170    460.79619
     0.11800      0.57472     19.60165    460.79726
     0.12000      0.57472     19.60159    460.79829
     0.12200      0.57472     19.60154    460.79929
     0.12400      0.57472     19.60149    460.80026
     0.12600      0.57472     19.60144    460.80121
     0.12800      0.57472     19.60139    460.80213
     0.13000      0.57472     19.60134    460.80302
     0.13200      0.57472     19.60129    460.80389
     0.13400      0.57472     19.60125    460.80474
     0.13600      0.57472     19.60120    460.80556
     0.13800      0.57472     19.60116    460.80637
     0.14000      0.57472     19.60112    460.80715
     0.14200      0.57471     19.60108    460.80792
     0.14400      0.57471     19.60104    460.80868
     0.14600      0.57471     19.60100    460.80942
     0.14800      0.57471     19.60096    460.81015
     0.15000      0.57471     19.60092    460.81087
     0.15200      0.57471     19.60088    460.81158
     0.15400      0.57471     19.60084    460.81229
     0.15600      0.57471     19.60080    460.81299
     0.15800      0.57471     19.60076    460.81370
     0.16000      0.57471     19.60073    460.81440
     0.16200      0.57471     19.60069    460.81510
     0.16400      0.57470     19.60065    460.81580
     0.16600      0.57470     19.60061    460.81650
     0.16800      0.57470     19.60057    460.81722
     0.17000      0.57470     19.60054    460.81793
     0.17200      0.57470     19.60050    460.81865
     0.17400      0.57470     19.60046    460.81938
     0.17600      0.57470     19.60042    460.82011
     0.17800      0.57470     19.60038    460.82085
     0.18000      0.57470     19.60034    460.82159
     0.18200      0.57469     19.60030    460.82233
     0.18400      0.57469     19.60026    460.82308
     0.18600      0.57469     19.60022    460.82383
     0.18800      0.57469     19.60018    460.82458
     0.19000      0.57469     19.60014    460.82532
     0.19200      0.57469     19.60010    460.82607
     0.19400      0.57469     19.60006    460.82680
     0.19600      0.57469     19.60002    460.82753
     0.19800      0.57468     19.59998    460.82825
     0.20000      0.57468     19.59994    460.82896
     0.20200      0.57468     19.59990    460.82966
     0.20400      0.57468     19.59987    460.83034
     0.20600      0.57468     19.59983    460.83101
     0.20800      0.57468     19.59980    460.83166
     0.21000      0.57468     19.59976    460.83229
     0.21200      0.57467     19.59973    460.83290
     0.21400      0.57467     19.59970    460.83350
     0.21600      0.57467     19.59966    460.83407
     0.21800      0.57467     19.59963    460.83463
     0.22000      0.57467     19.59960    460.83516
     0.22200      0.57467     19.59958    460.83567
     0.22400      0.57466     19.59955    460.83617
     0.22600      0.57466     19.59952    460.83664
     0.22800      0.57466     19.59950    460.83709
     0.23000      0.57466     19.59947    460.83753
     0.23200      0.57465     19.59945    460.83794
     0.23400      0.57465     19.59943    460.83834
     0.23600      0.57465     19.59941    460.83872
     0.23800      0.57465     19.59939    460.83909
     0.24000      0.57465     19.59937    460.83944
     0.24200      0.57464     19.59935    460.83978
     0.24400      0.57464     19.59933    460.84010
     0.24600      0.57464     19.59931    460.84042
     0.24800      0.57464     19.59929    460.84072
     0.25000      0.57463     19.59928    460.84102
     0.25200      0.57463     19.59926    460.84131
     0.25400      0.57463     19.59924    460.84160
     0.25600      0.57462     19.59923    460.84188
     0.25800      0.57462     19.59921    460.84216
     0.26000      0.57462     19.59919    460.84245
     0.26200      0.57462     19.59918    460.84273
     0.26400      0.57461     19.59916    460.84302
     0.26600      0.57461     19.59914    460.84331
     0.26800      0.57461     19.59913    460.84361
     0.27000      0.57460     19.59911    460.84392
     0.27200      0.57460     19.59909    460.84424
     0.27400      0.57460     19.59907    460.84456
     0.27600      0.57459     19.59905    460.84490
     0.27800      0.57459     19.59903    460.84524
     0.28000      0.57459     19.59901    460.84560
     0.28200      0.57458     19.59899    460.84596
     0.28400      0.57458     19.59897    460.84634
     0.28600      0.57458     19.59895    460.84672
     0.28800      0.57457     19.59893    460.84711
     0.29000      0.57457     19.59890    460.84751
     0.29200      0.57456     19.59888    460.84792
     0.29400      0.57456     19.59886    460.84833
     0.29600      0.57456     19.59884    460.84874
     0.29800      0.57455     19.59881    460.84915
     0.30000      0.57455     19.59879    460.84956
     0.30200      0.57454     19.59877    460.84997
     0.30400      0.57454     19.59874    460.85038
     0.30600      0.57454     19.59872    460.85078
     0.30800      0.57453     19.59870    460.85117
     0.31000      0.57453     19.59868    460.85155
     0.31200      0.57452     19.59865    460.85193
     0.31400      0.57452     19.59863    460.85229
     0.31600      0.57451     19.59861    460.85264
     0.31800      0.57451     19.59859    460.85298
     0.32000      0.57450     19.59858    460.85330
     0.32200      0.57450     19.59856    460.85361
     0.32400      0.57449     19.59854    460.85391
     0.32600      0.57448     19.59852    460.85418
     0.32800      0.57448     19.59851    460.85445
     0.33000      0.57447     19.59849    460.85470
     0.33200      0.57447     19.59848    460.85493
     0.33400      0.57446     19.59847    460.85515
     0.33600      0.57445     19.59845    460.85535
     0.33800      0.57445     19.59844    460.85554
     0.34000      0.57444     19.59843    460.85572
     0.34200      0.57443     19.59842    460.85588
     0.34400      0.57442     19.59841    460.85603
     0.34600      0.57442     19.59840    460.85617
     0.34800      0.57441     19.59839    460.85630
     0.35000      0.57440     19.59839    460.85642
     0.35200      0.57439     19.59838    460.85653
     0.35400      0.57438     19.59837    460.85663
     0.35600      0.57437     19.59836    460.85673
     0.35800      0.57436     19.59836    460.85683
     0.36000      0.57436     19.59835    460.85692
     0.36200      0.57435     19.59834    460.85701
     0.36400      0.57434     19.59834    460.85711
     0.36600      0.57433     19.59833    460.85720
     0.36800      0.57432     19.59832    460.85730
     0.37000      0.57431     19.59831    460.85740
     0.37200      0.57429     19.59831    460.85751
     0.37400      0.57429     19.59830    460.85763
     0.37600      0.57428     19.59829    460.85775
     0.37800      0.57427     19.59828    460.85789
     0.38000      0.57426     19.59827    460.85803
     0.38200      0.57426     19.59826    460.85819
     0.38400      0.57426     19.59825    460.85836
     0.38600      0.57426     19.59824    460.85853
     0.38800      0.57428     19.59823    460.85872
     0.39000      0.57430     19.59821    460.85893
     0.39200      0.57434     19.59820    460.85914
     0.39400      0.57441     19.59819    460.85936
     0.39600      0.57450     19.59817    460.85959
     0.39800      0.57463     19.59816    460.85982
     0.40000      0.57481     19.59814    460.86007
     0.40200      0.57506     19.59813    460.86032
     0.40400      0.57540     19.59811    460.86057
     0.40600      0.57586     19.59810    460.86082
     0.40800      0.57646     19.59808    460.86108
     0.41000      0.57726     19.59807    460.86133
     0.41200      0.57831     19.59805    460.86159
     0.41400      0.57966     19.59804    460.86184
     0.41600      0.58140     19.59802    460.86208
     0.41800      0.58362     19.59801    460.86232
     0.42000      0.58643     19.59799    460.86255
     0.42200      0.58996     19.59798    460.86278
     0.42400      0.59437     19.59797    460.86299
     0.42600      0.59984     19.59795    460.86320
     0.42800      0.60658     19.59794    460.86340
     0.43000      0.61482     19.59793    460.86359
     0.43200      0.62483     19.59792    460.86376
     0.43400      0.63691     19.59791    460.86393
     0.43600      0.65139     19.59790    460.86408
     0.43800      0.66864     19.59789    460.86423
     0.44000      0.68905     19.59788    460.86436
     0.44200      0.71304     19.59787    460.86448
     0.44400      0.74106     19.59787    460.86459
     0.44600      0.77357     19.59786    460.86469
     0.44800      0.81104     19.59786    460.86478
     0.45000      0.85395     19.59785    460.86485
     0.45200      0.90279     19.59785    460.86492
     0.45400      0.95801     19.59785    460.86498
     0.45600      1.02004     19.59784    460.86503
     0.45800      1.08929     19.59784    460.86507
     0.46000      1.16609     19.59784    460.86510
     0.46200      1.25074     19.59784    460.86514
     0.46400      1.34345     19.59784    460.86519
     0.46600      1.44433     19.59784    460.86524
     0.46800      1.55342     19.59783    460.86533
     0.47000      1.67065     19.59783    460.86544
     0.47200      1.79582     19.59783    460.86560
     0.47400      1.92865     19.59782    460.86582
     0.47600      2.06871     19.59782    460.86611
     0.47800      2.21548     19.59781    460.86647
     0.48000      2.36831     19.59780    460.86691
     0.48200      2.52647     19.59779    460.86745
     0.48400      2.68912     19.59778    460.86807
     0.48600      2.85535     19.59777    460.86877
     0.48800      3.02418     19.59776    460.86955
     0.49000      3.19459     19.59775    460.87038
     0.49200      3.36553     19.59773    460.87123
     0.49400      3.53594     19.59772    460.87210
     0.49600      3.70477     19.59771    460.87294
     0.49800      3.87100     19.59771    460.87374
     0.50000      4.03366     19.59770    460.87446
     0.50200      4.19184     19.59770    460.87511
     0.50400      4.34471     19.59770    460.87565
     0.50600      4.49155     19.59770    460.87610
     0.50800      4.63171     19.59770    460.87645
     0.51000      4.76468     19.59771    460.87672
     0.51200      4.89005     19.59772    460.87695
     0.51400      5.00753     19.59773    460.87717
     0.51600      5.11692     19.59774    460.87746
     0.51800      5.21816     19.59775    460.87787
     0.52000      5.31128     19.59775    460.87847
     0.52200      5.39639     19.59775    460.87931
     0.52400      5.47371     19.59775    460.88043
     0.52600      5.54351     19.59775    460.88181
     0.52800      5.60613     19.59774    460.88340
     0.53000      5.66196     19.59773    460.88512
     0.53200      5.71142     19.59772    460.88688
     0.53400      5.75497     19.59772    460.88858
     0.53600      5.79307     19.59772    460.89013
     0.53800      5.82620     19.59772    460.89148
     0.54000      5.85481     19.59772    460.89261
     0.54200      5.87937     19.59774    460.89353
     0.54400      5.90031     19.59775    460.89426
     0.54600      5.91807     19.59777    460.89484
     0.54800      5.93301     19.59780    460.89531
     0.55000      5.94551     19.59782    460.89571
     0.55200      5.95590     19.59785    460.89607
     0.55400      5.96449     19.59788    460.89647
     0.55600      5.97153     19.59791    460.89701
     0.55800      5.97727     19.59793    460.89786
     0.56000      5.98192     19.59794    460.89914
     0.56200      5.98567     19.59793    460.90069
     0.56400      5.98867     19.59789    460.90164
     0.56600      5.99102     19.59779    460.89990
     0.56800      5.99280     19.59758    460.89039
     0.57000      5.99399     19.59707    460.86183
     0.57200      5.99443     19.59583    460.78625
     0.57400      5.99355     19.59277    460.59709
     0.57600      5.98988     19.58525    460.12874
     0.57800      5.97972     19.56673    458.98040
     0.58000      5.95399     19.52132    456.17136
     0.58200      5.89085     19.40998    449.35630
     0.58400      5.73930     19.13777    433.08545
     0.58600      5.38927     18.47622    395.73548
     0.58800      4.64868     16.89291    317.74803
     0.59000      3.36348     13.29214    187.00243
     0.59200      1.89756      6.58459     52.55076
     0.59400      1.11681      0.81724      2.46837
     0.59600      1.00453      0.00600      0.01319
     0.59800      1.00001      0.00000      0.01000
     0.60000      1.00000      0.00000      0.01000
     0.60200      1.00000      0.00000      0.01000
     0.60400      1.00000      0.00000      0.01000
     0.60600      1.00000      0.00000      0.01000
     0.60800      1.00000      0.00000      0.01000
     0.61000      1.00000      0.00000      0.01000
     0.61200      1.00000      0.00000      0.01000
     0.61400      1.00000      0.00000      0.01000
     0.61600      1.00000      0.00000      0.01000
     0.61800      1.00000      0.00000      0.01000
     0.62000      1.00000      0.00000      0.01000
     0.62200      1.00000      0.00000      0.01000
     0.62400      1.00000      0.00000      0.01000
     0.62600      1.00000      0.00000      0.01000
     0.62800      1.00000      0.00000      0.01000
     0.63000      1.00000      0.00000      0.01000
     0.63200      1.00000      0.00000      0.01000
     0.63400      1.00000      0.00000      0.01000
     0.63600      1.00000      0.00000      0.01000
     0.63800      1.00000      0.00000      0.01000
     0.64000      1.00000      0.00000      0.01000
     0.64200      1.00000      0.00000      0.01000
     0.64400      1.00000      0.00000      0.01000
     0.64600      1.00000      0.00000      0.01000
     0.64800      1.00000      0.00000      0.01000
     0.65000      1.00000      0.00000      0.01000
     0.65200      1.00000      0.00000      0.01000
     0.65400      1.00000      0.00000      0.01000
     0.65600      1.00000      0.00000      0.01000
     0.65800      1.00000      0.00000      0.01000
     0.66000      1.00000      0.00000      0.01000
     0.66200      1.00000      0.00000      0.01000
     0.66400      1.00000      0.00000      0.01000
     0.66600      1.00000      0.00000      0.01000
     0.66800      1.00000      0.00000      0.01000
     0.67000      1.00000      0.00000      0.01000
     0.67200      1.00000      0.00000      0.01000
     0.67400      1.00000      0.00000      0.01000
     0.67600      1.00000      0.00000      0.01000
     0.67800      1.00000      0.00000      0.01000
     0.68000      1.00000      0.00000      0.01000
     0.68200      1.00000      0.00000      0.01000
     0.68400      1.00000      0.00000      0.01000
     0.68600      1.00000      0.00000      0.01000
     0.68800      1.00000      0.00000      0.01000
     0.69000      1.00000      0.00000      0.01000
     0.69200      1.00000      0.00000      0.01000
     0.69400      1.00000      0.00000      0.01000
     0.69600      1.00000      0.00000      0.01000
     0.69800      1.00000      0.00000      0.01000
     0.70000      1.00000      0.00000      0.01000
     0.70200      1.00000      0.00000      0.01000
     0.70400      1.00000      0.00000      0.01000
     0.70600      1.00000      0.00000      0.01000
     0.70800      1.00000      0.00000      0.01000
     0.71000      1.00000      0.00000      0.01000
     0.71200      1.00000      0.00000      0.01000
     0.71400      1.00000      0.00000      0.01000
     0.71600      1.00000      0.00000      0.01000
     0.71800      1.00000      0.00000      0.01000
     0.72000      1.00000      0.00000      0.01000
     0.72200      1.00000      0.00000      0.01000
     0.72400      1.00000      0.00000      0.01000
     0.72600      1.00000      0.00000      0.01000
     0.72800      1.00000      0.00000      0.01000
     0.73000      1.00000      0.00000      0.01000
     0.73200      1.00000      0.00000      0.01000
     0.73400      1.00000      0.00000      0.01000
     0.73600      1.00000      0.00000      0.01000
     0.73800      1.00000      0.00000      0.01000
     0.74000      1.00000      0.00000      0.01000
     0.74200      1.00000      0.00000      0.01000
     0.74400      1.00000      0.00000      0.01000
     0.74600      1.00000      0.00000      0.01000
     0.74800      1.00000      0.00000      0.01000
     0.75000      1.00000      0.00000      0.01000
     0.75200      1.00000      0.00000      0.01000
     0.75400      1.00000      0.00000      0.01000
     0.75600      1.00000      0.00000      0.01000
     0.75800      1.00000      0.00000      0.01000
     0.76000      1.00000      0.00000      0.01000
     0.76200      1.00000      0.00000      0.01000
     0.76400      1.00000      0.00000      0.01000
     0.76600      1.00000      0.00000      0.01000
     0.76800      1.00000      0.00000      0.01000
     0.77000      1.00000      0.00000      0.01000
     0.77200      1.00000      0.00000      0.01000
     0.77400      1.00000      0.00000      0.01000
     0.77600      1.00000      0.00000      0.01000
     0.77800      1.00000      0.00000      0.01000
     0.78000      1.00000      0.00000      0.01000
     0.78200      1.00000      0.00000      0.01000
     0.78400      1.00000      0.00000      0.01000
     0.78600      1.00000      0.00000      0.01000
     0.78800      1.00000      0.00000      0.01000
     0.79000      1.00000      0.00000      0.01000
     0.79200      1.00000      0.00000      0.01000
     0.79400      1.00000      0.00000      0.01000
     0.79600      1.00000      0.00000      0.01000
     0.79800      1.00000      0.00000      0.01000
     0.80000      1.00000      0.00000      0.01000
     0.80200      1.00000      0.00000      0.01000
     0.80400      1.00000      0.00000      0.01000
     0.80600      1.00000      0.00000      0.01000
     0.80800      1.00000      0.00000      0.01000
     0.81000      1.00000      0.00000      0.01000
     0.81200      1.00000      0.00000      0.01000
     0.81400      1.00000      0.00000      0.01000
     0.81600      1.00000      0.00000      0.01000
     0.81800      1.00000      0.00000      0.01000
     0.82000      1.00000      0.00000      0.01000
     0.82200      1.00000      0.00000      0.01000
     0.82400      1.00000      0.00000      0.01000
     0.82600      1.00000      0.00000      0.01000
     0.82800      1.00000      0.00000      0.01000
     0.83000      1.00000      0.00000      0.01000
     0.83200      1.00000      0.00000      0.01000
     0.83400      1.00000      0.00000      0.01000
     0.83600      1.00000      0.00000      0.01000
     0.83800      1.00000      0.00000      0.01000
     0.84000      1.00000      0.00000      0.01000
     0.84200      1.00000      0.00000      0.01000
     0.84400      1.00000      0.00000      0.01000
     0.84600      1.00000      0.00000      0.01000
     0.84800      1.00000      0.00000      0.01000
     0.85000      1.00000      0.00000      0.01000
     0.85200      1.00000      0.00000      0.01000
     0.85400      1.00000      0.00000      0.01000
     0.85600      1.00000      0.00000      0.01000
     0.85800      1.00000      0.00000      0.01000
     0.86000      1.00000      0.00000      0.01000
     0.86200      1.00000      0.00000      0.01000
     0.86400      1.00000      0.00000      0.01000
     0.86600      1.00000      0.00000      0.01000
     0.86800      1.00000      0.00000      0.01000
     0.87000      1.00000      0.00000      0.01000
     0.87200      1.00000      0.00000      0.01000
     0.87400      1.00000      0.00000      0.01000
     0.87600      1.00000      0.00000      0.01000
     0.87800      1.00000      0.00000      0.01000
     0.88000      1.00000      0.00000      0.01000
     0.88200      1.00000      0.00000      0.01000
     0.88400      1.00000      0.00000      0.01000
     0.88600      1.00000      0.00000      0.01000
     0.88800      1.00000      0.00000      0.01000
     0.89000      1.00000      0.00000      0.01000
     0.89200      1.00000      0.00000      0.01000
     0.89400      1.00000      0.00000      0.01000
     0.89600      1.00000      0.00000      0.01000
     0.89800      1.00000      0.00000      0.01000
     0.90000      1.00000      0.00000      0.01000
     0.90200      1.00000      0.00000      0.01000
     0.90400      1.00000      0.00000      0.01000
     0.90600      1.00000      0.00000      0.01000
     0.90800      1.00000      0.00000      0.01000
     0.91000      1.00000      0.00000      0.01000
     0.91200      1.00000      0.00000      0.01000
     0.91400      1.00000      0.00000      0.01000
     0.91600      1.00000      0.00000      0.01000
     0.91800      1.00000      0.00000      0.01000
     0.92000      1.00000      0.00000      0.01000
     0.92200      1.00000      0.00000      0.01000
     0.92400      1.00000      0.00000      0.01000
     0.92600      1.00000      0.00000      0.01000
     0.92800      1.00000      0.00000      0.01000
     0.93000      1.00000      0.00000      0.01000
     0.93200      1.00000      0.00000      0.01000
     0.93400      1.00000      0.00000      0.01000
     0.93600      1.00000      0.00000      0.01000
     0.93800      1.00000      0.00000      0.01000
     0.94000      1.00000      0.00000      0.01000
     0.94200      1.00000      0.00000      0.01000
     0.94400      1.00000      0.00000      0.01000
     0.94600      1.00000      0.00000      0.01000
     0.94800      1.00000      0.00000      0.01000
     0.95000      1.00000      0.00000      0.01000
     0.95200      1.00000      0.00000      0.01000
     0.95400      1.00000      0.00000      0.01000
     0.95600      1.00000      0.00000      0.01000
     0.95800      1.00000      0.00000      0.01000
     0.96000      1.00000      0.00000      0.01000
     0.96200      1.00000      0.00000      0.01000
     0.96400      1.00000      0.00000      0.01000
     0.96600      1.00000      0.00000      0.01000
     0.96800      1.00000      0.00000      0.01000
     0.97000      1.00000      0.00000      0.01000
     0.97200      1.00000      0.00000      0.01000
     0.97400      1.00000      0.00000      0.01000
     0.97600      1.00000      0.00000      0.01000
     0.97800      1.00000      0.00000      0.01000
     0.98000      1.00000      0.00000      0.01000
     0.98200      1.00000      0.00000      0.01000
     0.98400      1.00000      0.00000      0.01000
     0.98600      1.00000      0.00000      0.01000
     0.98800      1.00000      0.00000      0.01000
     0.99000      1.00000      0.00000      0.01000
     0.99200      1.00000      0.00000      0.01000
     0.99400      1.00000      0.00000      0.01000
     0.99600      1.00000      0.00000      0.01000
     0.99800      1.00000      0.00000      0.01000
