t =     0.1000
           x          rho            u            p
    -1.00000      1.00000      0.00000      0.01000
    -0.99800      1.00000      0.00000      0.01000
    -0.99600      1.00000      0.00000      0.01000
    -0.99400      1.00000      0.00000      0.01000
    -0.99200      1.00000      0.00000      0.01000
    -0.99000      1.00000      0.00000      0.01000
    -0.98800      1.00000      0.00000      0.01000
    -0.98600      1.00000      0.00000      0.01000
    -0.98400      1.00000      0.00000      0.01000
    -0.98200      1.00000      0.00000      0.01000
    -0.98000      1.00000      0.00000      0.01000
    -0.97800      1.00000      0.00000      0.01000
    -0.97600      1.00000      0.00000      0.01000
    -0.97400      1.00000      0.00000      0.01000
    -0.97200      1.00000      0.00000      0.01000
    -0.97000      1.00000      0.00000      0.01000
    -0.96800      1.00000      0.00000      0.01000
    -0.96600      1.00000      0.00000      0.01000
    -0.96400      1.00000      0.00000      0.01000
    -0.96200      1.00000      0.00000      0.01000
    -0.96000      1.00000      0.00000      0.01000
    -0.95800      1.00000      0.00000      0.01000
    -0.95600      1.00000      0.00000      0.01000
    -0.95400      1.00000      0.00000      0.01000
    -0.95200      1.00000      0.00000      0.01000
    -0.95000      1.00000      0.00000      0.01000
    -0.94800      1.00000      0.00000      0.01000
    -0.94600      1.00000      0.00000      0.01000
    -0.94400      1.00000      0.00000      0.01000
    -0.94200      1.00000      0.00000      0.01000
    -0.94000      1.00000      0.00000      0.01000
    -0.93800      1.00000      0.00000      0.01000
    -0.93600      1.00000      0.00000      0.01000
    -0.93400      1.00000      0.00000      0.01000
    -0.93200      1.00000      0.00000      0.01000
    -0.93000      1.00000      0.00000      0.01000
    -0.92800      1.00000      0.00000      0.01000
    -0.92600      1.00000      0.00000      0.01000
    -0.92400      1.00000      0.00000      0.01000
    -0.92200      1.00000      0.00000      0.01000
    -0.92000      1.00000      0.00000      0.01000
    -0.91800      1.00000      0.00000      0.01000
    -0.91600      1.00000      0.00000      0.01000
    -0.91400      1.00000      0.00000      0.01000
    -0.91200      1.00000      0.00000      0.01000
    -0.91000      1.00000      0.00000      0.01000
    -0.90800      1.00000      0.00000      0.01000
    -0.90600      1.00000      0.00000      0.01000
    -0.90400      1.00000      0.00000      0.01000
    -0.90200      1.00000      0.00000      0.01000
    -0.90000      1.00000      0.00000      0.01000
    -0.89800      1.00000      0.00000      0.01000
    -0.89600      1.00000      0.00000      0.01000
    -0.89400      1.00000      0.00000      0.01000
    -0.89200      1.00000      0.00000      0.01000
    -0.89000      1.00000      0.00000      0.01000
    -0.88800      1.00000      0.00000      0.01000
    -0.88600      1.00000      0.00000      0.01000
    -0.88400      1.00000      0.00000      0.01000
    -0.88200      1.00000      0.00000      0.01000
    -0.88000      1.00000      0.00000      0.01000
    -0.87800      1.00000      0.00000      0.01000
    -0.87600      1.00000      0.00000      0.01000
    -0.87400      1.00000      0.00000      0.01000
    -0.87200      1.00000      0.00000      0.01000
    -0.87000      1.00000      0.00000      0.01000
    -0.86800      1.00000      0.00000      0.01000
    -0.86600      1.00000      0.00000      0.01000
    -0.86400      1.00000      0.00000      0.01000
    -0.86200      1.00000      0.00000      0.01000
    -0.86000      1.00000      0.00000      0.01000
    -0.85800      1.00000      0.00000      0.01000
    -0.85600      1.00000      0.00000      0.01000
    -0.85400      1.00000      0.00000      0.01000
    -0.85200      1.00000      0.00000      0.01000
    -0.85000      1.00000      0.00000      0.01000
    -0.84800      1.00000      0.00000      0.01000
    -0.84600      1.00000      0.00000      0.01000
    -0.84400      1.00000      0.00000      0.01000
    -0.84200      1.00000      0.00000      0.01000
    -0.84000      1.00000      0.00000      0.01000
    -0.83800      1.00000      0.00000      0.01000
    -0.83600      1.00000      0.00000      0.01000
    -0.83400      1.00000      0.00000      0.01000
    -0.83200      1.00000      0.00000      0.01000
    -0.83000      1.00000      0.00000      0.01000
    -0.82800      1.00000      0.00000      0.01000
    -0.82600      1.00000      0.00000      0.01000
    -0.82400      1.00000      0.00000      0.01000
    -0.82200      1.00000      0.00000      0.01000
    -0.82000      1.00000      0.00000      0.01000
    -0.81800      1.00000      0.00000      0.01000
    -0.81600      1.00000      0.00000      0.01000
    -0.81400      1.00000      0.00000      0.01000
    -0.81200      1.00000      0.00000      0.01000
    -0.81000      1.00000      0.00000      0.01000
    -0.80800      1.00000      0.00000      0.01000
    -0.80600      1.00000      0.00000      0.01000
    -0.80400      1.00000      0.00000      0.01000
    -0.80200      1.00000      0.00000      0.01000
    -0.80000      1.00000      0.00000      0.01000
    -0.79800      1.00000      0.00000      0.01000
    -0.79600      1.00000      0.00000      0.01000
    -0.79400      1.00000      0.00000      0.01000
    -0.79200      1.00000      0.00000      0.01000
    -0.79000      1.00000      0.00000      0.01000
    -0.78800      1.00000      0.00000      0.01000
    -0.78600      1.00000      0.00000      0.01000
    -0.78400      1.00000      0.00000      0.01000
    -0.78200      1.00000      0.00000      0.01000
    -0.78000      1.00000      0.00000      0.01000
    -0.77800      1.00000      0.00000      0.01000
    -0.77600      1.00000      0.00000      0.01000
    -0.77400      1.00000      0.00000      0.01000
    -0.77200      1.00000      0.00000      0.01000
    -0.77000      1.00000      0.00000      0.01000
    -0.76800      1.00000      0.00000      0.01000
    -0.76600      1.00000      0.00000      0.01000
    -0.76400      1.00000      0.00000      0.01000
    -0.76200      1.00000     -0.00000      0.01000
    -0.76000      1.00000     -0.00000      0.01000
    -0.75800      1.00000     -0.00000      0.01000
    -0.75600      1.00000     -0.00000      0.01000
    -0.75400      1.00242     -0.00051      0.01006
    -0.75200      1.09827     -0.15611      0.13671
    -0.75000      1.78500     -1.82338      4.25613
    -0.74800      3.23181     -4.05345     17.38983
    -0.74600      4.56111     -5.27768     30.90544
    -0.74400      5.34271     -5.81585     39.14169
    -0.74200      5.71528     -6.04040     43.11933
    -0.74000      5.87727     -6.13268     44.85805
    -0.73800      5.94505     -6.17039     45.58743
    -0.73600      5.97291     -6.18577     45.88796
    -0.73400      5.98424     -6.19205     46.01087
    -0.73200      5.98880     -6.19460     46.06104
    -0.73000      5.99056     -6.19564     46.08143
    -0.72800      5.99117     -6.19606     46.08971
    -0.72600      5.99128     -6.19623     46.09304
    -0.72400      5.99115     -6.19630     46.09436
    -0.72200      5.99087     -6.19632     46.09486
    -0.72000      5.99047     -6.19633     46.09502
    -0.71800      5.98995     -6.19633     46.09504
    -0.71600      5.98929     -6.19633     46.09500
    -0.71400      5.98845     -6.19634     46.09493
    -0.71200      5.98741     -6.19634     46.09483
    -0.71000      5.98612     -6.19634     46.09473
    -0.70800      5.98452     -6.19634     46.09463
    -0.70600      5.98255     -6.19634     46.09453
    -0.70400      5.98014     -6.19634     46.09445
    -0.70200      5.97720     -6.19634     46.09439
    -0.70000      5.97364     -6.19634     46.09437
    -0.69800      5.96933     -6.19633     46.09436
    -0.69600      5.96415     -6.19633     46.09438
    -0.69400      5.95795     -6.19633     46.09439
    -0.69200      5.95056     -6.19632     46.09440
    -0.69000      5.94181     -6.19632     46.09440
    -0.68800      5.93149     -6.19632     46.09439
    -0.68600      5.91938     -6.19632     46.09436
    -0.68400      5.90523     -6.19632     46.09433
    -0.68200      5.88880     -6.19632     46.09428
    -0.68000      5.86980     -6.19632     46.09423
    -0.67800      5.84795     -6.19632     46.09418
    -0.67600      5.82293     -6.19632     46.09412
    -0.67400      5.79444     -6.19632     46.09406
    -0.67200      5.76214     -6.19632     46.09400
    -0.67000      5.72570     -6.19632     46.09394
    -0.66800      5.68481     -6.19632     46.09389
    -0.66600      5.63913     -6.19632     46.09385
    -0.66400      5.58836     -6.19632     46.09381
    -0.66200      5.53220     -6.19632     46.09379
    -0.66000      5.47039     -6.19632     46.09377
    -0.65800      5.40269     -6.19632     46.09376
    -0.65600      5.32889     -6.19632     46.09376
    -0.65400      5.24884     -6.19632     46.09376
    -0.65200      5.16243     -6.19632     46.09376
    -0.65000      5.06961     -6.19632     46.09376
    -0.64800      4.97038     -6.19632     46.09374
    -0.64600      4.86483     -6.19632     46.09373
    -0.64400      4.75310     -6.19632     46.09371
    -0.64200      4.63539     -6.19632     46.09368
    -0.64000      4.51199     -6.19632     46.09365
    -0.63800      4.38326     -6.19632     46.09361
    -0.63600      4.24961     -6.19632     46.09358
    -0.63400      4.11154     -6.19632     46.09354
    -0.63200      3.96959     -6.19632     46.09351
    -0.63000      3.82437     -6.19632     46.09348
    -0.62800      3.67652     -6.19633     46.09345
    -0.62600      3.52673     -6.19633     46.09343
    -0.62400      3.37571     -6.19633     46.09340
    -0.62200      3.22421     -6.19633     46.09339
    -0.62000      3.07295     -6.19633     46.09338
    -0.61800      2.92268     -6.19633     46.09337
    -0.61600      2.77412     -6.19633     46.09336
    -0.61400      2.62797     -6.19633     46.09336
    -0.61200      2.48491     -6.19633     46.09335
    -0.61000      2.34554     -6.19633     46.09335
    -0.60800      2.21044     -6.19633     46.09335
    -0.60600      2.08013     -6.19633     46.09335
    -0.60400      1.95506     -6.19633     46.09335
    -0.60200      1.83560     -6.19633     46.09335
    -0.60000      1.72207     -6.19633     46.09334
    -0.59800      1.61471     -6.19633     46.09334
    -0.59600      1.51369     -6.19633     46.09334
    -0.59400      1.41910     -6.19633     46.09333
    -0.59200      1.33097     -6.19633     46.09332
    -0.59000      1.24928     -6.19633     46.09331
    -0.58800      1.17392     -6.19634     46.09330
    -0.58600      1.10475     -6.19634     46.09330
    -0.58400      1.04159     -6.19634     46.09329
    -0.58200      0.98420     -6.19634     46.09328
    -0.58000      0.93231     -6.19634     46.09327
    -0.57800      0.88564     -6.19634     46.09326
    -0.57600      0.84386     -6.19634     46.09325
    -0.57400      0.80666     -6.19635     46.09324
    -0.57200      0.77370     -6.19635     46.09323
    -0.57000      0.74465     -6.19635     46.09322
    -0.56800      0.71917     -6.19635     46.09321
    -0.56600      0.69694     -6.19635     46.09320
    -0.56400      0.67763     -6.19635     46.09319
    -0.56200      0.66097     -6.19636     46.09318
    -0.56000      0.64664     -6.19636     46.09317
    -0.55800      0.63440     -6.19636     46.09316
    -0.55600      0.62399     -6.19636     46.09315
    -0.55400      0.61518     -6.19636     46.09315
    -0.55200      0.60777     -6.19637     46.09314
    -0.55000      0.60157     -6.19637     46.09313
    -0.54800      0.59640     -6.19637     46.09312
    -0.54600      0.59212     -6.19637     46.09312
    -0.54400      0.58860     -6.19637     46.09311
    -0.54200      0.58571     -6.19637     46.09310
    -0.54000      0.58336     -6.19637     46.09310
    -0.53800      0.58145     -6.19638     46.09309
    -0.53600      0.57991     -6.19638     46.09309
    -0.53400      0.57868     -6.19638     46.09308
    -0.53200      0.57770     -6.19638     46.09308
    -0.53000      0.57692     -6.19638     46.09308
    -0.52800      0.57631     -6.19638     46.09307
    -0.52600      0.57584     -6.19638     46.09307
    -0.52400      0.57547     -6.19638     46.09307
    -0.52200      0.57519     -6.19638     46.09306
    -0.52000      0.57497     -6.19639     46.09306
    -0.51800      0.57480     -6.19639     46.09306
    -0.51600      0.57468     -6.19639     46.09306
    -0.51400      0.57459     -6.19639     46.09306
    -0.51200      0.57453     -6.19639     46.09306
    -0.51000      0.57448     -6.19639     46.09305
    -0.50800      0.57445     -6.19639     46.09305
    -0.50600      0.57443     -6.19639     46.09305
    -0.50400      0.57442     -6.19639     46.09305
    -0.50200      0.57441     -6.19639     46.09305
    -0.50000      0.57441     -6.19639     46.09305
    -0.49800      0.57441     -6.19639     46.09305
    -0.49600      0.57441     -6.19639     46.09304
    -0.49400      0.57442     -6.19639     46.09304
    -0.49200      0.57443     -6.19640     46.09304
    -0.49000      0.57443     -6.19640     46.09303
    -0.48800      0.57444     -6.19640     46.09303
    -0.48600      0.57445     -6.19640     46.09302
    -0.48400      0.57446     -6.19640     46.09302
    -0.48200      0.57447     -6.19640     46.09301
    -0.48000      0.57447     -6.19640     46.09301
    -0.47800      0.57448     -6.19640     46.09300
    -0.47600      0.57449     -6.19641     46.09299
    -0.47400      0.57450     -6.19641     46.09299
    -0.47200      0.57450     -6.19641     46.09298
    -0.47000      0.57451     -6.19641     46.09297
    -0.46800      0.57452     -6.19641     46.09296
    -0.46600      0.57452     -6.19642     46.09295
    -0.46400      0.57453     -6.19642     46.09294
    -0.46200      0.57454     -6.19642     46.09293
    -0.46000      0.57454     -6.19642     46.09292
    -0.45800      0.57455     -6.19642     46.09291
    -0.45600      0.57456     -6.19643     46.09290
    -0.45400      0.57456     -6.19643     46.09289
    -0.45200      0.57457     -6.19643     46.09288
    -0.45000      0.57457     -6.19643     46.09286
    -0.44800      0.57458     -6.19643     46.09285
    -0.44600      0.57458     -6.19644     46.09284
    -0.44400      0.57459     -6.19644     46.09283
    -0.44200      0.57459     -6.19644     46.09282
    -0.44000      0.57460     -6.19644     46.09281
    -0.43800      0.57460     -6.19645     46.09279
    -0.43600      0.57461     -6.19645     46.09278
    -0.43400      0.57461     -6.19645     46.09277
    -0.43200      0.57462     -6.19645     46.09276
    -0.43000      0.57462     -6.19646     46.09275
    -0.42800      0.57463     -6.19646     46.09274
    -0.42600      0.57463     -6.19646     46.09273
    -0.42400      0.57464     -6.19646     46.09272
    -0.42200      0.57464     -6.19646     46.09271
    -0.42000      0.57464     -6.19646     46.09270
    -0.41800      0.57465     -6.19647     46.09269
    -0.41600      0.57465     -6.19647     46.09269
    -0.41400      0.57466     -6.19647     46.09268
    -0.41200      0.57466     -6.19647     46.09267
    -0.41000      0.57466     -6.19647     46.09267
    -0.40800      0.57467     -6.19647     46.09266
    -0.40600      0.57467     -6.19648     46.09265
    -0.40400      0.57467     -6.19648     46.09265
    -0.40200      0.57468     -6.19648     46.09264
    -0.40000      0.57468     -6.19648     46.09263
    -0.39800      0.57468     -6.19648     46.09263
    -0.39600      0.57469     -6.19648     46.09262
    -0.39400      0.57469     -6.19648     46.09262
    -0.39200      0.57469     -6.19649     46.09261
    -0.39000      0.57470     -6.19649     46.09261
    -0.38800      0.57470     -6.19649     46.09260
    -0.38600      0.57470     -6.19649     46.09259
    -0.38400      0.57471     -6.19649     46.09259
    -0.38200      0.57471     -6.19649     46.09258
    -0.38000      0.57471     -6.19649     46.09257
    -0.37800      0.57471     -6.19650     46.09256
    -0.37600      0.57472     -6.19650     46.09255
    -0.37400      0.57472     -6.19650     46.09254
    -0.37200      0.57472     -6.19650     46.09253
    -0.37000      0.57473     -6.19650     46.09252
    -0.36800      0.57473     -6.19651     46.09251
    -0.36600      0.57473     -6.19651     46.09250
    -0.36400      0.57473     -6.19651     46.09249
    -0.36200      0.57474     -6.19651     46.09247
    -0.36000      0.57474     -6.19652     46.09246
    -0.35800      0.57474     -6.19652     46.09245
    -0.35600      0.57474     -6.19652     46.09243
    -0.35400      0.57474     -6.19652     46.09242
    -0.35200      0.57475     -6.19653     46.09240
    -0.35000      0.57475     -6.19653     46.09239
    -0.34800      0.57475     -6.19653     46.09237
    -0.34600      0.57475     -6.19654     46.09235
    -0.34400      0.57476     -6.19654     46.09233
    -0.34200      0.57476     -6.19654     46.09232
    -0.34000      0.57476     -6.19655     46.09230
    -0.33800      0.57476     -6.19655     46.09228
    -0.33600      0.57476     -6.19655     46.09226
    -0.33400      0.57477     -6.19656     46.09224
    -0.33200      0.57477     -6.19656     46.09222
    -0.33000      0.57477     -6.19656     46.09221
    -0.32800      0.57477     -6.19657     46.09219
    -0.32600      0.57477     -6.19657     46.09217
    -0.32400      0.57477     -6.19657     46.09215
    -0.32200      0.57478     -6.19658     46.09213
    -0.32000      0.57478     -6.19658     46.09211
    -0.31800      0.57478     -6.19658     46.09209
    -0.31600      0.57478     -6.19659     46.09207
    -0.31400      0.57478     -6.19659     46.09206
    -0.31200      0.57478     -6.19659     46.09204
    -0.31000      0.57479     -6.19660     46.09202
    -0.30800      0.57479     -6.19660     46.09200
    -0.30600      0.57479     -6.19660     46.09199
    -0.30400      0.57479     -6.19661     46.09197
    -0.30200      0.57479     -6.19661     46.09195
    -0.30000      0.57479     -6.19661     46.09194
    -0.29800      0.57480     -6.19661     46.09192
    -0.29600      0.57480     -6.19662     46.09191
    -0.29400      0.57480     -6.19662     46.09189
    -0.29200      0.57480     -6.19662     46.09188
    -0.29000      0.57480     -6.19663     46.09186
    -0.28800      0.57480     -6.19663     46.09185
    -0.28600      0.57480     -6.19663     46.09184
    -0.28400      0.57481     -6.19663     46.09182
    -0.28200      0.57481     -6.19664     46.09181
    -0.28000      0.57481     -6.19664     46.09179
    -0.27800      0.57481     -6.19664     46.09178
    -0.27600      0.57481     -6.19664     46.09176
    -0.27400      0.57481     -6.19665     46.09175
    -0.27200      0.57481     -6.19665     46.09173
    -0.27000      0.57482     -6.19665     46.09171
    -0.26800      0.57482     -6.19666     46.09170
    -0.26600      0.57482     -6.19666     46.09168
    -0.26400      0.57482     -6.19666     46.09166
    -0.26200      0.57482     -6.19667     46.09164
    -0.26000      0.57482     -6.19667     46.09162
    -0.25800      0.57482     -6.19667     46.09160
    -0.25600      0.57482     -6.19668     46.09158
    -0.25400      0.57482     -6.19668     46.09156
    -0.25200      0.57483     -6.19669     46.09153
    -0.25000      0.57483     -6.19669     46.09151
    -0.24800      0.57483     -6.19669     46.09149
    -0.24600      0.57483     -6.19670     46.09146
    -0.24400      0.57483     -6.19670     46.09144
    -0.24200      0.57483     -6.19671     46.09141
    -0.24000      0.57483     -6.19671     46.09138
    -0.23800      0.57483     -6.19672     46.09135
    -0.23600      0.57483     -6.19672     46.09132
    -0.23400      0.57483     -6.19673     46.09129
    -0.23200      0.57484     -6.19673     46.09126
    -0.23000      0.57484     -6.19674     46.09123
    -0.22800      0.57484     -6.19674     46.09120
    -0.22600      0.57484     -6.19675     46.09117
    -0.22400      0.57484     -6.19675     46.09114
    -0.22200      0.57484     -6.19676     46.09111
    -0.22000      0.57484     -6.19677     46.09107
    -0.21800      0.57484     -6.19677     46.09104
    -0.21600      0.57484     -6.19678     46.09101
    -0.21400      0.57484     -6.19678     46.09097
    -0.21200      0.57484     -6.19679     46.09094
    -0.21000      0.57484     -6.19679     46.09090
    -0.20800      0.57485     -6.19680     46.09087
    -0.20600      0.57485     -6.19681     46.09084
    -0.20400      0.57485     -6.19681     46.09080
    -0.20200      0.57485     -6.19682     46.09077
    -0.20000      0.57485     -6.19682     46.09073
    -0.19800      0.57485     -6.19683     46.09070
    -0.19600      0.57485     -6.19684     46.09066
    -0.19400      0.57485     -6.19684     46.09063
    -0.19200      0.57485     -6.19685     46.09060
    -0.19000      0.57485     -6.19685     46.09056
    -0.18800      0.57485     -6.19686     46.09053
    -0.18600      0.57485     -6.19686     46.09050
    -0.18400      0.57485     -6.19687     46.09046
    -0.18200      0.57485     -6.19688     46.09043
    -0.18000      0.57485     -6.19688     46.09040
    -0.17800      0.57486     -6.19689     46.09037
    -0.17600      0.57486     -6.19689     46.09033
    -0.17400      0.57486     -6.19690     46.09030
    -0.17200      0.57486     -6.19690     46.09027
    -0.17000      0.57486     -6.19691     46.09023
    -0.16800      0.57486     -6.19692     46.09020
    -0.16600      0.57486     -6.19692     46.09016
    -0.16400      0.57486     -6.19693     46.09013
    -0.16200      0.57486     -6.19693     46.09009
    -0.16000      0.57486     -6.19694     46.09005
    -0.15800      0.57486     -6.19695     46.09002
    -0.15600      0.57486     -6.19695     46.08998
    -0.15400      0.57486     -6.19696     46.08994
    -0.15200      0.57486     -6.19697     46.08990
    -0.15000      0.57486     -6.19697     46.08986
    -0.14800      0.57486     -6.19698     46.08981
    -0.14600      0.57486     -6.19699     46.08977
    -0.14400      0.57486     -6.19700     46.08973
    -0.14200      0.57486     -6.19700     46.08968
    -0.14000      0.57486     -6.19701     46.08963
    -0.13800      0.57487     -6.19702     46.08958
    -0.13600      0.57487     -6.19703     46.08953
    -0.13400      0.57487     -6.19704     46.08948
    -0.13200      0.57487     -6.19705     46.08943
    -0.13000      0.57487     -6.19706     46.08938
    -0.12800      0.57487     -6.19707     46.08932
    -0.12600      0.57487     -6.19707     46.08927
    -0.12400      0.57487     -6.19708     46.08921
    -0.12200      0.57487     -6.19709     46.08916
    -0.12000      0.57487     -6.19710     46.08910
    -0.11800      0.57487     -6.19711     46.08904
    -0.11600      0.57487     -6.19712     46.08898
    -0.11400      0.57487     -6.19713     46.08892
    -0.11200      0.57487     -6.19714     46.08885
    -0.11000      0.57487     -6.19715     46.08879
    -0.10800      0.57487     -6.19717     46.08873
    -0.10600      0.57487     -6.19718     46.08866
    -0.10400      0.57487     -6.19719     46.08860
    -0.10200      0.57487     -6.19720     46.08853
    -0.10000      0.57487     -6.19721     46.08847
    -0.09800      0.57487     -6.19722     46.08840
    -0.09600      0.57487     -6.19723     46.08833
    -0.09400      0.57487     -6.19724     46.08827
    -0.09200      0.57487     -6.19725     46.08820
    -0.09000      0.57487     -6.19727     46.08813
    -0.08800      0.57487     -6.19728     46.08806
    -0.08600      0.57487     -6.19729     46.08799
    -0.08400      0.57487     -6.19730     46.08792
    -0.08200      0.57487     -6.19731     46.08785
    -0.08000      0.57487     -6.19732     46.08778
    -0.07800      0.57487     -6.19734     46.08771
    -0.07600      0.57487     -6.19735     46.08764
    -0.07400      0.57487     -6.19736     46.08757
    -0.07200      0.57487     -6.19737     46.08750
    -0.07000      0.57487     -6.19738     46.08742
    -0.06800      0.57487     -6.19740     46.08735
    -0.06600      0.57487     -6.19741     46.08728
    -0.06400      0.57487     -6.19742     46.08720
    -0.06200      0.57487     -6.19743     46.08712
    -0.06000      0.57487     -6.19745     46.08705
    -0.05800      0.57487     -6.19746     46.08697
    -0.05600      0.57487     -6.19747     46.08689
    -0.05400      0.57487     -6.19749     46.08681
    -0.05200      0.57487     -6.19750     46.08672
    -0.05000      0.57487     -6.19752     46.08664
    -0.04800      0.57487     -6.19753     46.08655
    -0.04600      0.57487     -6.19754     46.08646
    -0.04400      0.57487     -6.19756     46.08637
    -0.04200      0.57487     -6.19758     46.08628
    -0.04000      0.57487     -6.19759     46.08619
    -0.03800      0.57487     -6.19761     46.08609
    -0.03600      0.57487     -6.19762     46.08599
    -0.03400      0.57487     -6.19764     46.08589
    -0.03200      0.57486     -6.19766     46.08579
    -0.03000      0.57486     -6.19767     46.08569
    -0.02800      0.57486     -6.19769     46.08558
    -0.02600      0.57486     -6.19771     46.08547
    -0.02400      0.57486     -6.19773     46.08536
    -0.02200      0.57486     -6.19775     46.08525
    -0.02000      0.57486     -6.19777     46.08514
    -0.01800      0.57486     -6.19779     46.08502
    -0.01600      0.57486     -6.19780     46.08490
    -0.01400      0.57486     -6.19783     46.08478
    -0.01200      0.57486     -6.19785     46.08465
    -0.01000      0.57486     -6.19787     46.08453
    -0.00800      0.57486     -6.19789     46.08440
    -0.00600      0.57486     -6.19791     46.08427
    -0.00400      0.57486     -6.19793     46.08414
    -0.00200      0.57486     -6.19795     46.08400
     0.00000      0.57486     -6.19798     46.08386
     0.00200      0.57486     -6.19800     46.08373
     0.00400      0.57485     -6.19802     46.08358
     0.00600      0.57485     -6.19805     46.08344
     0.00800      0.57485     -6.19807     46.08329
     0.01000      0.57485     -6.19810     46.08315
     0.01200      0.57485     -6.19812     46.08300
     0.01400      0.57485     -6.19815     46.08285
     0.01600      0.57485     -6.19817     46.08269
     0.01800      0.57485     -6.19820     46.08254
     0.02000      0.57485     -6.19822     46.08238
     0.02200      0.57485     -6.19825     46.08222
     0.02400      0.57485     -6.19828     46.08206
     0.02600      0.57484     -6.19830     46.08190
     0.02800      0.57484     -6.19833     46.08173
     0.03000      0.57484     -6.19836     46.08156
     0.03200      0.57484     -6.19839     46.08140
     0.03400      0.57484     -6.19841     46.08122
     0.03600      0.57484     -6.19844     46.08105
     0.03800      0.57484     -6.19847     46.08087
     0.04000      0.57484     -6.19850     46.08070
     0.04200      0.57484     -6.19853     46.08052
     0.04400      0.57483     -6.19856     46.08033
     0.04600      0.57483     -6.19859     46.08015
     0.04800      0.57483     -6.19862     46.07996
     0.05000      0.57483     -6.19866     46.07976
     0.05200      0.57483     -6.19869     46.07957
     0.05400      0.57483     -6.19872     46.07937
     0.05600      0.57483     -6.19875     46.07917
     0.05800      0.57482     -6.19879     46.07896
     0.06000      0.57482     -6.19882     46.07875
     0.06200      0.57482     -6.19886     46.07854
     0.06400      0.57482     -6.19889     46.07832
     0.06600      0.57482     -6.19893     46.07810
     0.06800      0.57482     -6.19897     46.07787
     0.07000      0.57482     -6.19901     46.07764
     0.07200      0.57481     -6.19904     46.07741
     0.07400      0.57481     -6.19908     46.07717
     0.07600      0.57481     -6.19912     46.07693
     0.07800      0.57481     -6.19916     46.07668
     0.08000      0.57481     -6.19921     46.07642
     0.08200      0.57480     -6.19925     46.07617
     0.08400      0.57480     -6.19929     46.07590
     0.08600      0.57480     -6.19934     46.07563
     0.08800      0.57480     -6.19938     46.07536
     0.09000      0.57480     -6.19943     46.07508
     0.09200      0.57479     -6.19948     46.07479
     0.09400      0.57479     -6.19952     46.07450
     0.09600      0.57479     -6.19957     46.07421
     0.09800      0.57479     -6.19962     46.07390
     0.10000      0.57478     -6.19967     46.07360
     0.10200      0.57478     -6.19972     46.07328
     0.10400      0.57478     -6.19978     46.07296
     0.10600      0.57478     -6.19983     46.07263
     0.10800      0.57477     -6.19989     46.07230
     0.11000      0.57477     -6.19994     46.07196
     0.11200      0.57477     -6.20000     46.07162
     0.11400      0.57477     -6.20006     46.07126
     0.11600      0.57476     -6.20012     46.07090
     0.11800      0.57476     -6.20018     46.07053
     0.12000      0.57476     -6.20024     46.07016
     0.12200      0.57475     -6.20030     46.06978
     0.12400      0.57475     -6.20037     46.06939
     0.12600      0.57475     -6.20043     46.06899
     0.12800      0.57475     -6.20050     46.06859
     0.13000      0.57474     -6.20057     46.06818
     0.13200      0.57474     -6.20064     46.06776
     0.13400      0.57473     -6.20071     46.06733
     0.13600      0.57473     -6.20078     46.06689
     0.13800      0.57473     -6.20085     46.06645
     0.14000      0.57472     -6.20093     46.06600
     0.14200      0.57472     -6.20100     46.06553
     0.14400      0.57472     -6.20108     46.06506
     0.14600      0.57471     -6.20116     46.06459
     0.14800      0.57471     -6.20124     46.06410
     0.15000      0.57470     -6.20132     46.06360
     0.15200      0.57470     -6.20140     46.06310
     0.15400      0.57470     -6.20149     46.06258
     0.15600      0.57469     -6.20157     46.06206
     0.15800      0.57469     -6.20166     46.06152
     0.16000      0.57468     -6.20175     46.06098
     0.16200      0.57468     -6.20184     46.06043
     0.16400      0.57467     -6.20194     46.05986
     0.16600      0.57467     -6.20203     46.05928
     0.16800      0.57466     -6.20213     46.05870
     0.17000      0.57466     -6.20223     46.05810
     0.17200      0.57465     -6.20233     46.05749
     0.17400      0.57465     -6.20243     46.05686
     0.17600      0.57464     -6.20253     46.05623
     0.17800      0.57464     -6.20264     46.05558
     0.18000      0.57463     -6.20275     46.05491
     0.18200      0.57463     -6.20286     46.05424
     0.18400      0.57462     -6.20297     46.05354
     0.18600      0.57461     -6.20309     46.05284
     0.18800      0.57461     -6.20321     46.05211
     0.19000      0.57460     -6.20333     46.05138
     0.19200      0.57459     -6.20346     46.05062
     0.19400      0.57459     -6.20358     46.04985
     0.19600      0.57458     -6.20371     46.04906
     0.19800      0.57457     -6.20385     46.04825
     0.20000      0.57457     -6.20398     46.04742
     0.20200      0.57456     -6.20412     46.04658
     0.20400      0.57455     -6.20426     46.04571
     0.20600      0.57455     -6.20441     46.04483
     0.20800      0.57454     -6.20456     46.04392
     0.21000      0.57453     -6.20471     46.04300
     0.21200      0.57452     -6.20487     46.04205
     0.21400      0.57451     -6.20503     46.04108
     0.21600      0.57450     -6.20519     46.04008
     0.21800      0.57450     -6.20536     46.03906
     0.22000      0.57449     -6.20553     46.03802
     0.22200      0.57448     -6.20570     46.03695
     0.22400      0.57447     -6.20588     46.03586
     0.22600      0.57446     -6.20607     46.03474
     0.22800      0.57445     -6.20626     46.03359
     0.23000      0.57444     -6.20645     46.03242
     0.23200      0.57443     -6.20665     46.03122
     0.23400      0.57442     -6.20685     46.02998
     0.23600      0.57441     -6.20706     46.02872
     0.23800      0.57439     -6.20727     46.02742
     0.24000      0.57438     -6.20749     46.02609
     0.24200      0.57437     -6.20772     46.02473
     0.24400      0.57436     -6.20794     46.02333
     0.24600      0.57435     -6.20818     46.02190
     0.24800      0.57433     -6.20842     46.02043
     0.25000      0.57432     -6.20867     46.01892
     0.25200      0.57431     -6.20893     46.01737
     0.25400      0.57429     -6.20919     46.01578
     0.25600      0.57428     -6.20946     46.01414
     0.25800      0.57426     -6.20973     46.01247
     0.26000      0.57425     -6.21002     46.01074
     0.26200      0.57423     -6.21031     46.00897
     0.26400      0.57422     -6.21061     46.00716
     0.26600      0.57420     -6.21091     46.00529
     0.26800      0.57418     -6.21123     46.00336
     0.27000      0.57417     -6.21156     46.00139
     0.27200      0.57415     -6.21189     45.99935
     0.27400      0.57413     -6.21223     45.99726
     0.27600      0.57411     -6.21259     45.99511
     0.27800      0.57409     -6.21295     45.99289
     0.28000      0.57407     -6.21333     45.99060
     0.28200      0.57405     -6.21372     45.98825
     0.28400      0.57403     -6.21412     45.98582
     0.28600      0.57401     -6.21453     45.98332
     0.28800      0.57398     -6.21495     45.98074
     0.29000      0.57396     -6.21539     45.97807
     0.29200      0.57394     -6.21584     45.97532
     0.29400      0.57391     -6.21631     45.97248
     0.29600      0.57389     -6.21679     45.96955
     0.29800      0.57386     -6.21729     45.96651
     0.30000      0.57383     -6.21781     45.96337
     0.30200      0.57380     -6.21835     45.96012
     0.30400      0.57377     -6.21890     45.95675
     0.30600      0.57374     -6.21948     45.95326
     0.30800      0.57371     -6.22007     45.94964
     0.31000      0.57368     -6.22069     45.94588
     0.31200      0.57364     -6.22133     45.94198
     0.31400      0.57361     -6.22200     45.93792
     0.31600      0.57357     -6.22270     45.93370
     0.31800      0.57353     -6.22342     45.92931
     0.32000      0.57349     -6.22417     45.92473
     0.32200      0.57345     -6.22496     45.91996
     0.32400      0.57340     -6.22578     45.91498
     0.32600      0.57336     -6.22664     45.90978
     0.32800      0.57331     -6.22753     45.90435
     0.33000      0.57326     -6.22847     45.89867
     0.33200      0.57320     -6.22945     45.89274
     0.33400      0.57315     -6.23047     45.88653
     0.33600      0.57309     -6.23154     45.88004
     0.33800      0.57303     -6.23266     45.87326
     0.34000      0.57297     -6.23382     45.86618
     0.34200      0.57290     -6.23504     45.85879
     0.34400      0.57283     -6.23631     45.85110
     0.34600      0.57276     -6.23763     45.84312
     0.34800      0.57269     -6.23899     45.83485
     0.35000      0.57261     -6.24040     45.82632
     0.35200      0.57254     -6.24184     45.81756
     0.35400      0.57246     -6.24332     45.80862
     0.35600      0.57238     -6.24481     45.79956
     0.35800      0.57229     -6.24632     45.79046
     0.36000      0.57221     -6.24781     45.78141
     0.36200      0.57213     -6.24928     45.77251
     0.36400      0.57206     -6.25070     45.76391
     0.36600      0.57198     -6.25205     45.75574
     0.36800      0.57192     -6.25330     45.74818
     0.37000      0.57186     -6.25442     45.74140
     0.37200      0.57181     -6.25538     45.73561
     0.37400      0.57176     -6.25614     45.73102
     0.37600      0.57174     -6.25666     45.72783
     0.37800      0.57172     -6.25692     45.72628
     0.38000      0.57173     -6.25687     45.72659
     0.38200      0.57175     -6.25648     45.72897
     0.38400      0.57179     -6.25570     45.73364
     0.38600      0.57185     -6.25452     45.74079
     0.38800      0.57194     -6.25290     45.75059
     0.39000      0.57205     -6.25082     45.76321
     0.39200      0.57219     -6.24825     45.77878
     0.39400      0.57236     -6.24517     45.79741
     0.39600      0.57255     -6.24158     45.81920
     0.39800      0.57278     -6.23745     45.84419
     0.40000      0.57303     -6.23280     45.87242
     0.40200      0.57331     -6.22761     45.90391
     0.40400      0.57362     -6.22189     45.93863
     0.40600      0.57396     -6.21565     45.97657
     0.40800      0.57433     -6.20889     46.01766
     0.41000      0.57472     -6.20163     46.06184
     0.41200      0.57514     -6.19388     46.10903
     0.41400      0.57559     -6.18566     46.15914
     0.41600      0.57606     -6.17699     46.21206
     0.41800      0.57655     -6.16788     46.26771
     0.42000      0.57707     -6.15836     46.32595
     0.42200      0.57761     -6.14843     46.38669
     0.42400      0.57817     -6.13813     46.44981
     0.42600      0.57876     -6.12748     46.51519
     0.42800      0.57936     -6.11648     46.58273
     0.43000      0.57997     -6.10517     46.65232
     0.43200      0.58061     -6.09356     46.72385
     0.43400      0.58126     -6.08166     46.79722
     0.43600      0.58193     -6.06950     46.87233
     0.43800      0.58261     -6.05708     46.94910
     0.44000      0.58330     -6.04444     47.02742
     0.44200      0.58401     -6.03157     47.10722
     0.44400      0.58473     -6.01850     47.18842
     0.44600      0.58546     -6.00523     47.27095
     0.44800      0.58620     -5.99178     47.35472
     0.45000      0.58695     -5.97816     47.43968
     0.45200      0.58771     -5.96439     47.52576
     0.45400      0.58848     -5.95046     47.61291
     0.45600      0.58926     -5.93640     47.70107
     0.45800      0.59005     -5.92220     47.79019
     0.46000      0.59084     -5.90789     47.88022
     0.46200      0.59164     -5.89346     47.97112
     0.46400      0.59245     -5.87892     48.06284
     0.46600      0.59327     -5.86428     48.15536
     0.46800      0.59409     -5.84954     48.24862
     0.47000      0.59491     -5.83472     48.34261
     0.47200      0.59575     -5.81982     48.43728
     0.47400      0.59658     -5.80483     48.53261
     0.47600      0.59743     -5.78977     48.62857
     0.47800      0.59827     -5.77464     48.72513
     0.48000      0.59913     -5.75945     48.82228
     0.48200      0.59998     -5.74420     48.91999
     0.48400      0.60084     -5.72888     49.01824
     0.48600      0.60171     -5.71352     49.11700
     0.48800      0.60258     -5.69810     49.21628
     0.49000      0.60345     -5.68263     49.31603
     0.49200      0.60433     -5.66712     49.41626
     0.49400      0.60521     -5.65156     49.51694
     0.49600      0.60609     -5.63596     49.61807
     0.49800      0.60697     -5.62033     49.71963
     0.50000      0.60786     -5.60465     49.82160
     0.50200      0.60876     -5.58894     49.92398
     0.50400      0.60965     -5.57320     50.02675
     0.50600      0.61055     -5.55743     50.12992
     0.50800      0.61145     -5.54163     50.23345
     0.51000      0.61235     -5.52580     50.33736
     0.51200      0.61326     -5.50994     50.44163
     0.51400      0.61417     -5.49406     50.54625
     0.51600      0.61508     -5.47815     50.65122
     0.51800      0.61599     -5.46222     50.75652
     0.52000      0.61691     -5.44627     50.86216
     0.52200      0.61783     -5.43030     50.96813
     0.52400      0.61875     -5.41430     51.07441
     0.52600      0.61967     -5.39829     51.18101
     0.52800      0.62059     -5.38226     51.28793
     0.53000      0.62152     -5.36622     51.39515
     0.53200      0.62245     -5.35015     51.50267
     0.53400      0.62338     -5.33407     51.61049
     0.53600      0.62431     -5.31798     51.71860
     0.53800      0.62525     -5.30187     51.82701
     0.54000      0.62618     -5.28575     51.93570
     0.54200      0.62712     -5.26962     52.04468
     0.54400      0.62806     -5.25347     52.15393
     0.54600      0.62901     -5.23731     52.26347
     0.54800      0.62995     -5.22114     52.37327
     0.55000      0.63090     -5.20496     52.48336
     0.55200      0.63184     -5.18877     52.59371
     0.55400      0.63279     -5.17256     52.70433
     0.55600      0.63374     -5.15635     52.81521
     0.55800      0.63470     -5.14013     52.92636
     0.56000      0.63565     -5.12390     53.03777
     0.56200      0.63661     -5.10766     53.14943
     0.56400      0.63756     -5.09142     53.26136
     0.56600      0.63852     -5.07516     53.37354
     0.56800      0.63948     -5.05890     53.48598
     0.57000      0.64045     -5.04263     53.59867
     0.57200      0.64141     -5.02635     53.71161
     0.57400      0.64238     -5.01007     53.82480
     0.57600      0.64334     -4.99378     53.93825
     0.57800      0.64431     -4.97749     54.05193
     0.58000      0.64528     -4.96118     54.16587
     0.58200      0.64625     -4.94488     54.28005
     0.58400      0.64723     -4.92857     54.39448
     0.58600      0.64820     -4.91225     54.50915
     0.58800      0.64918     -4.89592     54.62406
     0.59000      0.65016     -4.87960     54.73922
     0.59200      0.65114     -4.86326     54.85461
     0.59400      0.65212     -4.84693     54.97025
     0.59600      0.65310     -4.83059     55.08613
     0.59800      0.65408     -4.81424     55.20224
     0.60000      0.65507     -4.79789     55.31859
     0.60200      0.65605     -4.78154     55.43519
     0.60400      0.65704     -4.76518     55.55202
     0.60600      0.65803     -4.74882     55.66908
     0.60800      0.65902     -4.73246     55.78638
     0.61000      0.66001     -4.71609     55.90392
     0.61200      0.66100     -4.69972     56.02169
     0.61400      0.66200     -4.68335     56.13970
     0.61600      0.66300     -4.66697     56.25794
     0.61800      0.66399     -4.65059     56.37642
     0.62000      0.66499     -4.63421     56.49513
     0.62200      0.66599     -4.61782     56.61407
     0.62400      0.66699     -4.60143     56.73325
     0.62600      0.66800     -4.58504     56.85266
     0.62800      0.66900     -4.56865     56.97230
     0.63000      0.67001     -4.55226     57.09218
     0.63200      0.67101     -4.53586     57.21228
     0.63400      0.67202     -4.51946     57.33262
     0.63600      0.67303     -4.50306     57.45319
     0.63800      0.67404     -4.48666     57.57400
     0.64000      0.67505     -4.47025     57.69503
     0.64200      0.67607     -4.45385     57.81630
     0.64400      0.67708     -4.43744     57.93779
     0.64600      0.67810     -4.42103     58.05952
     0.64800      0.67911     -4.40462     58.18148
     0.65000      0.68013     -4.38821     58.30367
     0.65200      0.68115     -4.37179     58.42609
     0.65400      0.68218     -4.35538     58.54874
     0.65600      0.68320     -4.33896     58.67162
     0.65800      0.68422     -4.32254     58.79474
     0.66000      0.68525     -4.30612     58.91808
     0.66200      0.68627     -4.28970     59.04165
     0.66400      0.68730     -4.27328     59.16546
     0.66600      0.68833     -4.25685     59.28949
     0.66800      0.68936     -4.24043     59.41376
     0.67000      0.69039     -4.22400     59.53826
     0.67200      0.69143     -4.20758     59.66298
     0.67400      0.69246     -4.19115     59.78794
     0.67600      0.69350     -4.17472     59.91313
     0.67800      0.69453     -4.15830     60.03855
     0.68000      0.69557     -4.14187     60.16420
     0.68200      0.69661     -4.12544     60.29008
     0.68400      0.69765     -4.10901     60.41619
     0.68600      0.69869     -4.09257     60.54254
     0.68800      0.69974     -4.07614     60.66911
     0.69000      0.70078     -4.05971     60.79592
     0.69200      0.70183     -4.04328     60.92295
     0.69400      0.70288     -4.02684     61.05022
     0.69600      0.70392     -4.01041     61.17772
     0.69800      0.70497     -3.99397     61.30545
     0.70000      0.70603     -3.97754     61.43341
     0.70200      0.70708     -3.96111     61.56161
     0.70400      0.70813     -3.94467     61.69003
     0.70600      0.70919     -3.92823     61.81869
     0.70800      0.71024     -3.91180     61.94758
     0.71000      0.71130     -3.89536     62.07670
     0.71200      0.71236     -3.87893     62.20605
     0.71400      0.71342     -3.86249     62.33564
     0.71600      0.71448     -3.84605     62.46546
     0.71800      0.71554     -3.82962     62.59551
     0.72000      0.71661     -3.81318     62.72579
     0.72200      0.71767     -3.79674     62.85631
     0.72400      0.71874     -3.78030     62.98706
     0.72600      0.71981     -3.76387     63.11804
     0.72800      0.72087     -3.74743     63.24926
     0.73000      0.72194     -3.73099     63.38070
     0.73200      0.72302     -3.71456     63.51239
     0.73400      0.72409     -3.69812     63.64430
     0.73600      0.72516     -3.68168     63.77645
     0.73800      0.72624     -3.66525     63.90884
     0.74000      0.72731     -3.64881     64.04146
     0.74200      0.72839     -3.63237     64.17431
     0.74400      0.72947     -3.61594     64.30739
     0.74600      0.73055     -3.59950     64.44072
     0.74800      0.73163     -3.58307     64.57427
     0.75000      0.73272     -3.56663     64.70806
     0.75200      0.73380     -3.55020     64.84209
     0.75400      0.73489     -3.53376     64.97635
     0.75600      0.73597     -3.51733     65.11084
     0.75800      0.73706     -3.50090     65.24558
     0.76000      0.73815     -3.48446     65.38054
     0.76200      0.73924     -3.46803     65.51574
     0.76400      0.74033     -3.45160     65.65118
     0.76600      0.74142     -3.43516     65.78686
     0.76800      0.74252     -3.41873     65.92277
     0.77000      0.74361     -3.40230     66.05891
     0.77200      0.74471     -3.38587     66.19530
     0.77400      0.74581     -3.36944     66.33192
     0.77600      0.74691     -3.35301     66.46877
     0.77800      0.74801     -3.33658     66.60587
     0.78000      0.74911     -3.32016     66.74320
     0.78200      0.75021     -3.30373     66.88077
     0.78400      0.75132     -3.28730     67.01857
     0.78600      0.75242     -3.27088     67.15661
     0.78800      0.75353     -3.25445     67.29489
     0.79000      0.75464     -3.23802     67.43341
     0.79200      0.75575     -3.22160     67.57217
     0.79400      0.75686     -3.20518     67.71116
     0.79600      0.75797     -3.18876     67.85039
     0.79800      0.75908     -3.17233     67.98986
     0.80000      0.76019     -3.15591     68.12957
     0.80200      0.76131     -3.13949     68.26952
     0.80400      0.76243     -3.12307     68.40970
     0.80600      0.76354     -3.10666     68.55013
     0.80800      0.76466     -3.09024     68.69079
     0.81000      0.76578     -3.07382     68.83169
     0.81200      0.76691     -3.05741     68.97283
     0.81400      0.76803     -3.04099     69.11421
     0.81600      0.76915     -3.02458     69.25583
     0.81800      0.77028     -3.00817     69.39769
     0.82000      0.77140     -2.99176     69.53979
     0.82200      0.77253     -2.97535     69.68213
     0.82400      0.77366     -2.95894     69.82471
     0.82600      0.77479     -2.94253     69.96753
     0.82800      0.77592     -2.92612     70.11059
     0.83000      0.77706     -2.90972     70.25389
     0.83200      0.77819     -2.89331     70.39742
     0.83400      0.77933     -2.87691     70.54120
     0.83600      0.78046     -2.86051     70.68522
     0.83800      0.78160     -2.84411     70.82948
     0.84000      0.78274     -2.82771     70.97398
     0.84200      0.78388     -2.81131     71.11872
     0.84400      0.78502     -2.79492     71.26371
     0.84600      0.78616     -2.77852     71.40893
     0.84800      0.78731     -2.76213     71.55439
     0.85000      0.78845     -2.74574     71.70009
     0.85200      0.78960     -2.72935     71.84604
     0.85400      0.79075     -2.71296     71.99222
     0.85600      0.79190     -2.69657     72.13865
     0.85800      0.79305     -2.68018     72.28532
     0.86000      0.79420     -2.66380     72.43222
     0.86200      0.79535     -2.64742     72.57937
     0.86400      0.79650     -2.63104     72.72676
     0.86600      0.79766     -2.61466     72.87439
     0.86800      0.79881     -2.59828     73.02226
     0.87000      0.79997     -2.58190     73.17038
     0.87200      0.80113     -2.56553     73.31873
     0.87400      0.80229     -2.54916     73.46732
     0.87600      0.80345     -2.53279     73.61616
     0.87800      0.80461     -2.51642     73.76523
     0.88000      0.80578     -2.50006     73.91455
     0.88200      0.80694     -2.48369     74.06410
     0.88400      0.80811     -2.46733     74.21390
     0.88600      0.80927     -2.45097     74.36394
     0.88800      0.81044     -2.43461     74.51421
     0.89000      0.81161     -2.41826     74.66473
     0.89200      0.81278     -2.40190     74.81549
     0.89400      0.81395     -2.38555     74.96648
     0.89600      0.81513     -2.36920     75.11772
     0.89800      0.81630     -2.35286     75.26919
     0.90000      0.81747     -2.33651     75.42091
     0.90200      0.81865     -2.32017     75.57286
     0.90400      0.81983     -2.30383     75.72505
     0.90600      0.82101     -2.28750     75.87749
     0.90800      0.82219     -2.27116     76.03016
     0.91000      0.82337     -2.25483     76.18306
     0.91200      0.82455     -2.23851     76.33621
     0.91400      0.82573     -2.22218     76.48959
     0.91600      0.82692     -2.20586     76.64321
     0.91800      0.82810     -2.18954     76.79707
     0.92000      0.82929     -2.17322     76.95117
     0.92200      0.83048     -2.15691     77.10550
     0.92400      0.83167     -2.14060     77.26006
     0.92600      0.83286     -2.12429     77.41487
     0.92800      0.83405     -2.10799     77.56990
     0.93000      0.83524     -2.09168     77.72518
     0.93200      0.83644     -2.07539     77.88068
     0.93400      0.83763     -2.05909     78.03642
     0.93600      0.83883     -2.04280     78.19240
     0.93800      0.84002     -2.02652     78.34860
     0.94000      0.84122     -2.01023     78.50504
     0.94200      0.84242     -1.99395     78.66171
     0.94400      0.84362     -1.97768     78.81861
     0.94600      0.84482     -1.96140     78.97574
     0.94800      0.84603     -1.94514     79.13310
     0.95000      0.84723     -1.92887     79.29069
     0.95200      0.84843     -1.91261     79.44851
     0.95400      0.84964     -1.89636     79.60656
     0.95600      0.85085     -1.88011     79.76483
     0.95800      0.85205     -1.86386     79.92333
     0.96000      0.85326     -1.84762     80.08205
     0.96200      0.85447     -1.83138     80.24100
     0.96400      0.85568     -1.81515     80.40017
     0.96600      0.85689     -1.79892     80.55956
     0.96800      0.85811     -1.78270     80.71918
     0.97000      0.85932     -1.76648     80.87901
     0.97200      0.86053     -1.75027     81.03906
     0.97400      0.86175     -1.73406     81.19933
     0.97600      0.86297     -1.71786     81.35982
     0.97800      0.86418     -1.70167     81.52052
     0.98000      0.86540     -1.68548     81.68144
     0.98200      0.86662     -1.66929     81.84257
     0.98400      0.86784     -1.65312     82.00391
     0.98600      0.86906     -1.63695     82.16546
     0.98800      0.87028     -1.62078     82.32721
     0.99000      0.87151     -1.60462     82.48918
     0.99200      0.87273     -1.58847     82.65134
     0.99400      0.87396     -1.57233     82.81371
     0.99600      0.87518     -1.55619     82.97629
     0.99800      0.87641     -1.54006     83.13906
