t =     0.0350
           x          rho            u            p
    -1.00000      5.99924     19.59750    460.89400
    -0.99800      5.99924     19.59750    460.89400
    -0.99600      5.99924     19.59750    460.89400
    -0.99400      5.99924     19.59750    460.89400
    -0.99200      5.99924     19.59750    460.89400
    -0.99000      5.99924     19.59750    460.89400
    -0.98800      5.99924     19.59750    460.89400
    -0.98600      5.99924     19.59750    460.89400
    -0.98400      5.99924     19.59750    460.89400
    -0.98200      5.99924     19.59750    460.89400
    -0.98000      5.99924     19.59750    460.89400
    -0.97800      5.99924     19.59750    460.89400
    -0.97600      5.99924     19.59750    460.89400
    -0.97400      5.99924     19.59750    460.89400
    -0.97200      5.99924     19.59750    460.89400
    -0.97000      5.99924     19.59750    460.89400
    -0.96800      5.99924     19.59750    460.89400
    -0.96600      5.99924     19.59750    460.89400
    -0.96400      5.99924     19.59750    460.89400
    -0.96200      5.99924     19.59750    460.89400
    -0.96000      5.99924     19.59750    460.89400
    -0.95800      5.99924     19.59750    460.89400
    -0.95600      5.99924     19.59750    460.89400
    -0.95400      5.99924     19.59750    460.89400
    -0.95200      5.99924     19.59750    460.89400
    -0.95000      5.99924     19.59750    460.89400
    -0.94800      5.99924     19.59750    460.89400
    -0.94600      5.99924     19.59750    460.89400
    -0.94400      5.99924     19.59750    460.89400
    -0.94200      5.99924     19.59750    460.89400
    -0.94000      5.99924     19.59750    460.89400
    -0.93800      5.99924     19.59750    460.89400
    -0.93600      5.99924     19.59750    460.89400
    -0.93400      5.99924     19.59750    460.89400
    -0.93200      5.99924     19.59750    460.89400
    -0.93000      5.99924     19.59750    460.89400
    -0.92800      5.99924     19.59750    460.89400
    -0.92600      5.99924     19.59750    460.89400
    -0.92400      5.99924     19.59750    460.89400
    -0.92200      5.99924     19.59750    460.89400
    -0.92000      5.99924     19.59750    460.89400
    -0.91800      5.99924     19.59750    460.89400
    -0.91600      5.99924     19.59750    460.89400
    -0.91400      5.99924     19.59750    460.89400
    -0.91200      5.99924     19.59750    460.89400
    -0.91000      5.99924     19.59750    460.89400
    -0.90800      5.99924     19.59750    460.89400
    -0.90600      5.99924     19.59750    460.89400
    -0.90400      5.99924     19.59750    460.89400
    -0.90200      5.99924     19.59750    460.89400
    -0.90000      5.99924     19.59750    460.89400
    -0.89800      5.99924     19.59750    460.89400
    -0.89600      5.99924     19.59750    460.89400
    -0.89400      5.99924     19.59750    460.89400
    -0.89200      5.99924     19.59750    460.89400
    -0.89000      5.99924     19.59750    460.89400
    -0.88800      5.99924     19.59750    460.89400
    -0.88600      5.99924     19.59750    460.89400
    -0.88400      5.99924     19.59750    460.89400
    -0.88200      5.99924     19.59750    460.89400
    -0.88000      5.99924     19.59750    460.89400
    -0.87800      5.99924     19.59750    460.89400
    -0.87600      5.99924     19.59750    460.89400
    -0.87400      5.99924     19.59750    460.89400
    -0.87200      5.99924     19.59750    460.89400
    -0.87000      5.99924     19.59750    460.89400
    -0.86800      5.99924     19.59750    460.89400
    -0.86600      5.99924     19.59750    460.89400
    -0.86400      5.99924     19.59750    460.89400
    -0.86200      5.99924     19.59750    460.89400
    -0.86000      5.99924     19.59750    460.89400
    -0.85800      5.99924     19.59750    460.89400
    -0.85600      5.99924     19.59750    460.89400
    -0.85400      5.99924     19.59750    460.89400
    -0.85200      5.99924     19.59750    460.89400
    -0.85000      5.99924     19.59750    460.89400
    -0.84800      5.99924     19.59750    460.89400
    -0.84600      5.99924     19.59750    460.89400
    -0.84400      5.99924     19.59750    460.89400
    -0.84200      5.99924     19.59750    460.89400
    -0.84000      5.99924     19.59750    460.89400
    -0.83800      5.99924     19.59750    460.89400
    -0.83600      5.99924     19.59750    460.89400
    -0.83400      5.99924     19.59750    460.89400
    -0.83200      5.99924     19.59750    460.89400
    -0.83000      5.99924     19.59750    460.89400
    -0.82800      5.99924     19.59750    460.89400
    -0.82600      5.99924     19.59750    460.89400
    -0.82400      5.99924     19.59750    460.89400
    -0.82200      5.99924     19.59750    460.89400
    -0.82000      5.99924     19.59750    460.89400
    -0.81800      5.99924     19.59750    460.89400
    -0.81600      5.99924     19.59750    460.89400
    -0.81400      5.99924     19.59750    460.89400
    -0.81200      5.99924     19.59750    460.89400
    -0.81000      5.99924     19.59750    460.89400
    -0.80800      5.99924     19.59750    460.89400
    -0.80600      5.99924     19.59750    460.89400
    -0.80400      5.99924     19.59750    460.89400
    -0.80200      5.99924     19.59750    460.89400
    -0.80000      5.99924     19.59750    460.89400
    -0.79800      5.99924     19.59750    460.89400
    -0.79600      5.99924     19.59750    460.89400
    -0.79400      5.99924     19.59750    460.89400
    -0.79200      5.99924     19.59750    460.89400
    -0.79000      5.99924     19.59750    460.89400
    -0.78800      5.99924     19.59750    460.89400
    -0.78600      5.99924     19.59750    460.89400
    -0.78400      5.99924     19.59750    460.89400
    -0.78200      5.99924     19.59750    460.89400
    -0.78000      5.99924     19.59750    460.89400
    -0.77800      5.99924     19.59750    460.89400
    -0.77600      5.99924     19.59750    460.89400
    -0.77400      5.99924     19.59750    460.89400
    -0.77200      5.99924     19.59750    460.89400
    -0.77000      5.99924     19.59750    460.89400
    -0.76800      5.99924     19.59750    460.89400
    -0.76600      5.99924     19.59750    460.89400
    -0.76400      5.99924     19.59750    460.89400
    -0.76200      5.99924     19.59750    460.89400
    -0.76000      5.99924     19.59750    460.89400
    -0.75800      5.99924     19.59750    460.89400
    -0.75600      5.99924     19.59750    460.89400
    -0.75400      5.99924     19.59750    460.89400
    -0.75200      5.99924     19.59750    460.89400
    -0.75000      5.99924     19.59750    460.89400
    -0.74800      5.99924     19.59750    460.89400
    -0.74600      5.99924     19.59750    460.89400
    -0.74400      5.99924     19.59750    460.89400
    -0.74200      5.99924     19.59750    460.89400
    -0.74000      5.99924     19.59750    460.89400
    -0.73800      5.99924     19.59750    460.89400
    -0.73600      5.99924     19.59750    460.89400
    -0.73400      5.99924     19.59750    460.89400
    -0.73200      5.99924     19.59750    460.89400
    -0.73000      5.99924     19.59750    460.89400
    -0.72800      5.99924     19.59750    460.89400
    -0.72600      5.99924     19.59750    460.89400
    -0.72400      5.99924     19.59750    460.89400
    -0.72200      5.99924     19.59750    460.89400
    -0.72000      5.99924     19.59750    460.89400
    -0.71800      5.99924     19.59750    460.89400
    -0.71600      5.99924     19.59750    460.89400
    -0.71400      5.99924     19.59750    460.89400
    -0.71200      5.99924     19.59750    460.89400
    -0.71000      5.99924     19.59750    460.89400
    -0.70800      5.99924     19.59750    460.89400
    -0.70600      5.99924     19.59750    460.89400
    -0.70400      5.99924     19.59750    460.89400
    -0.70200      5.99924     19.59750    460.89400
    -0.70000      5.99924     19.59750    460.89400
    -0.69800      5.99924     19.59750    460.89400
    -0.69600      5.99924     19.59750    460.89400
    -0.69400      5.99924     19.59750    460.89400
    -0.69200      5.99924     19.59750    460.89400
    -0.69000      5.99924     19.59750    460.89400
    -0.68800      5.99924     19.59750    460.89400
    -0.68600      5.99924     19.59750    460.89400
    -0.68400      5.99924     19.59750    460.89400
    -0.68200      5.99924     19.59750    460.89400
    -0.68000      5.99924     19.59750    460.89400
    -0.67800      5.99924     19.59750    460.89400
    -0.67600      5.99924     19.59750    460.89400
    -0.67400      5.99924     19.59750    460.89400
    -0.67200      5.99924     19.59750    460.89400
    -0.67000      5.99924     19.59750    460.89400
    -0.66800      5.99924     19.59750    460.89400
    -0.66600      5.99924     19.59750    460.89400
    -0.66400      5.99924     19.59750    460.89400
    -0.66200      5.99924     19.59750    460.89400
    -0.66000      5.99924     19.59750    460.89400
    -0.65800      5.99924     19.59750    460.89400
    -0.65600      5.99924     19.59750    460.89400
    -0.65400      5.99924     19.59750    460.89400
    -0.65200      5.99924     19.59750    460.89400
    -0.65000      5.99924     19.59750    460.89400
    -0.64800      5.99924     19.59750    460.89400
    -0.64600      5.99924     19.59750    460.89400
    -0.64400      5.99924     19.59750    460.89400
    -0.64200      5.99924     19.59750    460.89400
    -0.64000      5.99924     19.59750    460.89400
    -0.63800      5.99924     19.59750    460.89400
    -0.63600      5.99924     19.59750    460.89400
    -0.63400      5.99924     19.59750    460.89400
    -0.63200      5.99924     19.59750    460.89400
    -0.63000      5.99924     19.59750    460.89400
    -0.62800      5.99924     19.59750    460.89400
    -0.62600      5.99924     19.59750    460.89400
    -0.62400      5.99924     19.59750    460.89400
    -0.62200      5.99924     19.59750    460.89400
    -0.62000      5.99924     19.59750    460.89400
    -0.61800      5.99924     19.59750    460.89400
    -0.61600      5.99924     19.59750    460.89400
    -0.61400      5.99924     19.59750    460.89400
    -0.61200      5.99924     19.59750    460.89400
    -0.61000      5.99924     19.59750    460.89400
    -0.60800      5.99924     19.59750    460.89400
    -0.60600      5.99924     19.59750    460.89400
    -0.60400      5.99924     19.59750    460.89400
    -0.60200      5.99924     19.59750    460.89400
    -0.60000      5.99924     19.59750    460.89400
    -0.59800      5.99924     19.59750    460.89400
    -0.59600      5.99924     19.59750    460.89400
    -0.59400      5.99924     19.59750    460.89400
    -0.59200      5.99924     19.59750    460.89400
    -0.59000      5.99924     19.59750    460.89400
    -0.58800      5.99924     19.59750    460.89400
    -0.58600      5.99924     19.59750    460.89400
    -0.58400      5.99924     19.59750    460.89400
    -0.58200      5.99924     19.59750    460.89400
    -0.58000      5.99924     19.59750    460.89400
    -0.57800      5.99924     19.59750    460.89400
    -0.57600      5.99924     19.59750    460.89400
    -0.57400      5.99924     19.59750    460.89400
    -0.57200      5.99924     19.59750    460.89400
    -0.57000      5.99924     19.59750    460.89400
    -0.56800      5.99924     19.59750    460.89400
    -0.56600      5.99924     19.59750    460.89400
    -0.56400      5.99924     19.59750    460.89400
    -0.56200      5.99924     19.59750    460.89400
    -0.56000      5.99924     19.59750    460.89400
    -0.55800      5.99924     19.59750    460.89400
    -0.55600      5.99924     19.59750    460.89400
    -0.55400      5.99924     19.59750    460.89400
    -0.55200      5.99924     19.59750    460.89400
    -0.55000      5.99924     19.59750    460.89400
    -0.54800      5.99924     19.59750    460.89400
    -0.54600      5.99924     19.59750    460.89400
    -0.54400      5.99924     19.59750    460.89400
    -0.54200      5.99924     19.59750    460.89400
    -0.54000      5.99924     19.59750    460.89400
    -0.53800      5.99924     19.59750    460.89400
    -0.53600      5.99924     19.59750    460.89400
    -0.53400      5.99924     19.59750    460.89400
    -0.53200      5.99924     19.59750    460.89400
    -0.53000      5.99924     19.59750    460.89400
    -0.52800      5.99924     19.59750    460.89400
    -0.52600      5.99924     19.59750    460.89400
    -0.52400      5.99924     19.59750    460.89400
    -0.52200      5.99924     19.59750    460.89400
    -0.52000      5.99924     19.59750    460.89400
    -0.51800      5.99924     19.59750    460.89400
    -0.51600      5.99924     19.59750    460.89400
    -0.51400      5.99924     19.59750    460.89400
    -0.51200      5.99924     19.59750    460.89400
    -0.51000      5.99924     19.59750    460.89400
    -0.50800      5.99924     19.59750    460.89400
    -0.50600      5.99924     19.59750    460.89400
    -0.50400      5.99924     19.59750    460.89400
    -0.50200      5.99924     19.59750    460.89400
    -0.50000      5.99924     19.59750    460.89400
    -0.49800      5.99924     19.59750    460.89400
    -0.49600      5.99924     19.59750    460.89400
    -0.49400      5.99924     19.59750    460.89400
    -0.49200      5.99924     19.59750    460.89400
    -0.49000      5.99924     19.59750    460.89400
    -0.48800      5.99924     19.59750    460.89400
    -0.48600      5.99924     19.59750    460.89400
    -0.48400      5.99924     19.59750    460.89400
    -0.48200      5.99924     19.59750    460.89400
    -0.48000      5.99924     19.59750    460.89400
    -0.47800      5.99924     19.59750    460.89400
    -0.47600      5.99924     19.59750    460.89400
    -0.47400      5.99924     19.59750    460.89400
    -0.47200      5.99924     19.59750    460.89400
    -0.47000      5.99924     19.59750    460.89400
    -0.46800      5.99924     19.59750    460.89400
    -0.46600      5.99924     19.59750    460.89400
    -0.46400      5.99924     19.59750    460.89400
    -0.46200      5.99924     19.59750    460.89400
    -0.46000      5.99924     19.59750    460.89400
    -0.45800      5.99924     19.59750    460.89400
    -0.45600      5.99924     19.59750    460.89400
    -0.45400      5.99924     19.59750    460.89400
    -0.45200      5.99924     19.59750    460.89400
    -0.45000      5.99924     19.59750    460.89400
    -0.44800      5.99924     19.59750    460.89400
    -0.44600      5.99924     19.59750    460.89400
    -0.44400      5.99924     19.59750    460.89400
    -0.44200      5.99924     19.59750    460.89400
    -0.44000      5.99924     19.59750    460.89400
    -0.43800      5.99924     19.59750    460.89400
    -0.43600      5.99924     19.59750    460.89400
    -0.43400      5.99924     19.59750    460.89400
    -0.43200      5.99924     19.59750    460.89400
    -0.43000      5.99924     19.59750    460.89400
    -0.42800      5.99924     19.59750    460.89400
    -0.42600      5.99924     19.59750    460.89400
    -0.42400      5.99924     19.59750    460.89400
    -0.42200      5.99924     19.59750    460.89400
    -0.42000      5.99924     19.59750    460.89400
    -0.41800      5.99924     19.59750    460.89400
    -0.41600      5.99924     19.59750    460.89400
    -0.41400      5.99924     19.59750    460.89400
    -0.41200      5.99924     19.59750    460.89400
    -0.41000      5.99924     19.59750    460.89400
    -0.40800      5.99924     19.59750    460.89400
    -0.40600      5.99924     19.59750    460.89400
    -0.40400      5.99924     19.59750    460.89400
    -0.40200      5.99924     19.59750    460.89400
    -0.40000      5.99924     19.59750    460.89400
    -0.39800      5.99924     19.59750    460.89400
    -0.39600      5.99924     19.59750    460.89400
    -0.39400      5.99924     19.59750    460.89400
    -0.39200      5.99924     19.59750    460.89400
    -0.39000      5.99924     19.59750    460.89400
    -0.38800      5.99924     19.59750    460.89400
    -0.38600      5.99924     19.59750    460.89400
    -0.38400      5.99924     19.59750    460.89400
    -0.38200      5.99924     19.59750    460.89400
    -0.38000      5.99924     19.59750    460.89400
    -0.37800      5.99924     19.59750    460.89400
    -0.37600      5.99924     19.59750    460.89400
    -0.37400      5.99924     19.59750    460.89400
    -0.37200      5.99924     19.59750    460.89400
    -0.37000      5.99924     19.59750    460.89400
    -0.36800      5.99924     19.59750    460.89400
    -0.36600      5.99924     19.59750    460.89400
    -0.36400      5.99924     19.59750    460.89400
    -0.36200      5.99924     19.59750    460.89400
    -0.36000      5.99924     19.59750    460.89400
    -0.35800      5.99924     19.59750    460.89400
    -0.35600      5.99924     19.59750    460.89400
    -0.35400      5.99924     19.59750    460.89400
    -0.35200      5.99924     19.59750    460.89400
    -0.35000      5.99924     19.59750    460.89400
    -0.34800      5.99924     19.59750    460.89400
    -0.34600      5.99924     19.59750    460.89400
    -0.34400      5.99924     19.59750    460.89400
    -0.34200      5.99924     19.59750    460.89400
    -0.34000      5.99924     19.59750    460.89400
    -0.33800      5.99924     19.59750    460.89400
    -0.33600      5.99924     19.59750    460.89400
    -0.33400      5.99924     19.59750    460.89400
    -0.33200      5.99924     19.59750    460.89400
    -0.33000      5.99924     19.59750    460.89400
    -0.32800      5.99924     19.59750    460.89400
    -0.32600      5.99924     19.59750    460.89400
    -0.32400      5.99924     19.59750    460.89400
    -0.32200      5.99924     19.59750    460.89400
    -0.32000      5.99924     19.59750    460.89400
    -0.31800      5.99924     19.59750    460.89400
    -0.31600      5.99924     19.59750    460.89400
    -0.31400      5.99924     19.59750    460.89400
    -0.31200      5.99924     19.59750    460.89400
    -0.31000      5.99924     19.59750    460.89400
    -0.30800      5.99924     19.59750    460.89400
    -0.30600      5.99924     19.59750    460.89400
    -0.30400      5.99924     19.59750    460.89400
    -0.30200      5.99924     19.59750    460.89400
    -0.30000      5.99924     19.59750    460.89400
    -0.29800      5.99924     19.59750    460.89400
    -0.29600      5.99924     19.59750    460.89400
    -0.29400      5.99924     19.59750    460.89400
    -0.29200      5.99924     19.59750    460.89400
    -0.29000      5.99924     19.59750    460.89400
    -0.28800      5.99924     19.59750    460.89400
    -0.28600      5.99924     19.59750    460.89400
    -0.28400      5.99924     19.59750    460.89400
    -0.28200      5.99924     19.59750    460.89400
    -0.28000      5.99924     19.59750    460.89400
    -0.27800      5.99924     19.59750    460.89400
    -0.27600      5.99924     19.59750    460.89400
    -0.27400      5.99924     19.59750    460.89400
    -0.27200      5.99924     19.59750    460.89400
    -0.27000      5.99924     19.59750    460.89400
    -0.26800      5.99924     19.59750    460.89400
    -0.26600      5.99924     19.59750    460.89400
    -0.26400      5.99924     19.59750    460.89400
    -0.26200      5.99924     19.59750    460.89400
    -0.26000      5.99924     19.59750    460.89400
    -0.25800      5.99924     19.59750    460.89400
    -0.25600      5.99924     19.59750    460.89400
    -0.25400      5.99924     19.59750    460.89400
    -0.25200      5.99924     19.59750    460.89400
    -0.25000      5.99924     19.59750    460.89400
    -0.24800      5.99924     19.59750    460.89400
    -0.24600      5.99924     19.59750    460.89400
    -0.24400      5.99924     19.59750    460.89400
    -0.24200      5.99924     19.59750    460.89400
    -0.24000      5.99924     19.59750    460.89400
    -0.23800      5.99924     19.59750    460.89400
    -0.23600      5.99924     19.59750    460.89400
    -0.23400      5.99924     19.59750    460.89400
    -0.23200      5.99924     19.59750    460.89400
    -0.23000      5.99924     19.59750    460.89400
    -0.22800      5.99924     19.59750    460.89400
    -0.22600      5.99924     19.59750    460.89400
    -0.22400      5.99924     19.59750    460.89400
    -0.22200      5.99924     19.59750    460.89400
    -0.22000      5.99924     19.59750    460.89400
    -0.21800      5.99924     19.59750    460.89400
    -0.21600      5.99924     19.59750    460.89400
    -0.21400      5.99924     19.59750    460.89400
    -0.21200      5.99924     19.59750    460.89400
    -0.21000      5.99924     19.59750    460.89400
    -0.20800      5.99924     19.59750    460.89400
    -0.20600      5.99924     19.59750    460.89400
    -0.20400      5.99924     19.59750    460.89400
    -0.20200      5.99924     19.59750    460.89400
    -0.20000      5.99924     19.59750    460.89400
    -0.19800      5.99924     19.59750    460.89400
    -0.19600      5.99924     19.59750    460.89400
    -0.19400      5.99924     19.59750    460.89400
    -0.19200      5.99924     19.59750    460.89400
    -0.19000      5.99924     19.59750    460.89400
    -0.18800      5.99924     19.59750    460.89400
    -0.18600      5.99924     19.59750    460.89400
    -0.18400      5.99924     19.59750    460.89400
    -0.18200      5.99924     19.59750    460.89400
    -0.18000      5.99924     19.59750    460.89400
    -0.17800      5.99924     19.59750    460.89400
    -0.17600      5.99924     19.59750    460.89400
    -0.17400      5.99924     19.59750    460.89400
    -0.17200      5.99924     19.59750    460.89400
    -0.17000      5.99924     19.59750    460.89400
    -0.16800      5.99924     19.59750    460.89400
    -0.16600      5.99924     19.59750    460.89400
    -0.16400      5.99924     19.59750    460.89400
    -0.16200      5.99924     19.59750    460.89400
    -0.16000      5.99924     19.59750    460.89400
    -0.15800      5.99924     19.59750    460.89400
    -0.15600      5.99924     19.59750    460.89400
    -0.15400      5.99924     19.59750    460.89400
    -0.15200      5.99924     19.59750    460.89400
    -0.15000      5.99924     19.59750    460.89400
    -0.14800      5.99924     19.59750    460.89400
    -0.14600      5.99924     19.59750    460.89400
    -0.14400      5.99924     19.59750    460.89400
    -0.14200      5.99924     19.59750    460.89400
    -0.14000      5.99924     19.59750    460.89400
    -0.13800      5.99924     19.59750    460.89400
    -0.13600      5.99924     19.59750    460.89400
    -0.13400      5.99924     19.59750    460.89400
    -0.13200      5.99924     19.59750    460.89400
    -0.13000      5.99924     19.59750    460.89400
    -0.12800      5.99924     19.59750    460.89400
    -0.12600      5.99924     19.59750    460.89400
    -0.12400      5.99924     19.59750    460.89400
    -0.12200      5.99924     19.59750    460.89400
    -0.12000      5.99924     19.59750    460.89400
    -0.11800      5.99924     19.59750    460.89400
    -0.11600      5.99924     19.59750    460.89400
    -0.11400      5.99924     19.59750    460.89400
    -0.11200      5.99924     19.59750    460.89400
    -0.11000      5.99924     19.59750    460.89400
    -0.10800      5.99924     19.59750    460.89400
    -0.10600      5.99924     19.59750    460.89400
    -0.10400      5.99924     19.59750    460.89400
    -0.10200      5.99924     19.59750    460.89400
    -0.10000      5.99924     19.59750    460.89400
    -0.09800      5.99924     19.59750    460.89400
    -0.09600      5.99924     19.59750    460.89400
    -0.09400      5.99924     19.59750    460.89400
    -0.09200      5.99924     19.59750    460.89400
    -0.09000      5.99924     19.59750    460.89400
    -0.08800      5.99924     19.59750    460.89400
    -0.08600      5.99924     19.59750    460.89400
    -0.08400      5.99924     19.59750    460.89400
    -0.08200      5.99924     19.59750    460.89400
    -0.08000      5.99924     19.59750    460.89400
    -0.07800      5.99924     19.59750    460.89400
    -0.07600      5.99924     19.59750    460.89400
    -0.07400      5.99924     19.59750    460.89400
    -0.07200      5.99924     19.59750    460.89400
    -0.07000      5.99924     19.59750    460.89400
    -0.06800      5.99924     19.59750    460.89400
    -0.06600      5.99924     19.59750    460.89400
    -0.06400      5.99924     19.59750    460.89400
    -0.06200      5.99924     19.59750    460.89400
    -0.06000      5.99924     19.59750    460.89400
    -0.05800      5.99924     19.59750    460.89400
    -0.05600      5.99924     19.59750    460.89400
    -0.05400      5.99924     19.59750    460.89400
    -0.05200      5.99924     19.59750    460.89400
    -0.05000      5.99924     19.59750    460.89400
    -0.04800      5.99924     19.59750    460.89400
    -0.04600      5.99924     19.59750    460.89400
    -0.04400      5.99924     19.59750    460.89400
    -0.04200      5.99924     19.59750    460.89400
    -0.04000      5.99924     19.59750    460.89400
    -0.03800      5.99924     19.59750    460.89400
    -0.03600      5.99924     19.59750    460.89400
    -0.03400      5.99924     19.59750    460.89400
    -0.03200      5.99924     19.59750    460.89400
    -0.03000      5.99924     19.59750    460.89400
    -0.02800      5.99924     19.59750    460.89400
    -0.02600      5.99924     19.59750    460.89400
    -0.02400      5.99924     19.59750    460.89400
    -0.02200      5.99924     19.59750    460.89400
    -0.02000      5.99924     19.59750    460.89400
    -0.01800      5.99924     19.59750    460.89400
    -0.01600      5.99924     19.59750    460.89400
    -0.01400      5.99924     19.59750    460.89400
    -0.01200      5.99924     19.59750    460.89400
    -0.01000      5.99924     19.59750    460.89400
    -0.00800      5.99924     19.59750    460.89400
    -0.00600      5.99924     19.59750    460.89400
    -0.00400      5.99924     19.59750    460.89400
    -0.00200      5.99924     19.59750    460.89400
     0.00000      5.99924     19.59750    460.89400
     0.00200      5.99924     19.59750    460.89400
     0.00400      5.99924     19.59750    460.89400
     0.00600      5.99924     19.59750    460.89400
     0.00800      5.99924     19.59750    460.89400
     0.01000      5.99924     19.59750    460.89400
     0.01200      5.99924     19.59750    460.89400
     0.01400      5.99924     19.59750    460.89400
     0.01600      5.99924     19.59750    460.89400
     0.01800      5.99924     19.59750    460.89400
     0.02000      5.99924     19.59750    460.89400
     0.02200      5.99924     19.59750    460.89400
     0.02400      5.99924     19.59750    460.89400
     0.02600      6.01103     19.57710    462.16461
     0.02800     12.33286     10.45355   1388.65837
     0.03000     14.22007      8.67332   1688.95853
     0.03200     14.27437      8.67680   1688.88905
     0.03400     14.31980      8.67970   1689.42619
     0.03600     14.33794      8.68426   1690.27122
     0.03800     14.33167      8.69050   1691.42717
     0.04000     14.31396      8.69792   1692.79959
     0.04200     14.29650      8.70537   1694.18038
     0.04400     14.28521      8.71136   1695.29182
     0.04600     14.28119      8.71457   1695.89336
     0.04800     14.28307      8.71452   1695.89596
     0.05000     14.28859      8.71175   1695.39981
     0.05200     14.29517      8.70744   1694.62153
     0.05400     14.30025      8.70273   1693.77140
     0.05600     14.30185      8.69832   1692.97546
     0.05800     14.29919      8.69442   1692.27599
     0.06000     14.29288      8.69102   1691.67122
     0.06200     14.28462      8.68807   1691.14774
     0.06400     14.27644      8.68549   1690.69341
     0.06600     14.27000      8.68324   1690.29966
     0.06800     14.26615      8.68129   1689.96145
     0.07000     14.26489      8.67963   1689.67734
     0.07200     14.26554      8.67829   1689.44975
     0.07400     14.26717      8.67729   1689.28539
     0.07600     14.26893      8.67670   1689.19542
     0.07800     14.27030      8.67661   1689.19507
     0.08000     14.27121      8.67711   1689.30202
     0.08200     14.27195      8.67829   1689.53345
     0.08400     14.27300      8.68022   1689.90131
     0.08600     14.27484      8.68291   1690.40669
     0.08800     14.27774      8.68627   1691.03431
     0.09000     14.28168      8.69012   1691.74908
     0.09200     14.28632      8.69414   1692.49652
     0.09400     14.29109      8.69798   1693.20825
     0.09600     14.29534      8.70124   1693.81223
     0.09800     14.29848      8.70358   1694.24558
     0.10000     14.30012      8.70477   1694.46663
     0.10200     14.30015      8.70476   1694.46257
     0.10400     14.29873      8.70362   1694.25024
     0.10600     14.29618      8.70157   1693.87017
     0.10800     14.29294      8.69892   1693.37593
     0.11000     14.28942      8.69595   1692.82258
     0.11200     14.28595      8.69292   1692.25760
     0.11400     14.28274      8.69003   1691.71612
     0.11600     14.27988      8.68739   1691.22061
     0.11800     14.27740      8.68507   1690.78347
     0.12000     14.27529      8.68310   1690.41089
     0.12200     14.27353      8.68150   1690.10641
     0.12400     14.27216      8.68029   1689.87337
     0.12600     14.27120      8.67949   1689.71621
     0.12800     14.27071      8.67914   1689.64055
     0.13000     14.27074      8.67927   1689.65245
     0.13200     14.27136      8.67990   1689.75703
     0.13400     14.27258      8.68106   1689.95665
     0.13600     14.27438      8.68272   1690.24893
     0.13800     14.27671      8.68483   1690.62506
     0.14000     14.27945      8.68730   1691.06859
     0.14200     14.28244      8.69000   1691.55533
     0.14400     14.28550      8.69275   1692.05444
     0.14600     14.28841      8.69537   1692.53096
     0.14800     14.29096      8.69765   1692.94923
     0.15000     14.29296      8.69944   1693.27709
     0.15200     14.29426      8.70059   1693.48976
     0.15400     14.29479      8.70104   1693.57296
     0.15600     14.29454      8.70077   1693.52439
     0.15800     14.29355      8.69984   1693.35354
     0.16000     14.29194      8.69834   1693.07968
     0.16200     14.28988      8.69642   1692.72874
     0.16400     14.28752      8.69422   1692.32966
     0.16600     14.28504      8.69191   1691.91098
     0.16800     14.28259      8.68962   1691.49829
     0.17000     14.28031      8.68747   1691.11284
     0.17200     14.27829      8.68556   1690.77120
     0.17400     14.27662      8.68396   1690.48574
     0.17600     14.27533      8.68271   1690.26546
     0.17800     14.27449      8.68185   1690.11684
     0.18000     14.27410      8.68142   1690.04437
     0.18200     14.27419      8.68141   1690.05061
     0.18400     14.27477      8.68183   1690.13581
     0.18600     14.27580      8.68266   1690.29736
     0.18800     14.27726      8.68386   1690.52909
     0.19000     14.27908      8.68539   1690.82077
     0.19200     14.28118      8.68717   1691.15809
     0.19400     14.28346      8.68910   1691.52299
     0.19600     14.28577      8.69108   1691.89464
     0.19800     14.28800      8.69298   1692.25077
     0.20000     14.29000      8.69469   1692.56941
     0.20200     14.29166      8.69609   1692.83064
     0.20400     14.29289      8.69710   1693.01833
     0.20600     14.29361      8.69764   1693.12146
     0.20800     14.29380      8.69770   1693.13503
     0.21000     14.29348      8.69727   1693.06035
     0.21200     14.29267      8.69641   1692.90474
     0.21400     14.29148      8.69518   1692.68071
     0.21600     14.28999      8.69367   1692.40462
     0.21800     14.28834      8.69200   1692.09521
     0.22000     14.28666      8.69025   1691.77201
     0.22200     14.28508      8.68854   1691.45394
     0.22400     14.28372      8.68696   1691.15822
     0.22600     14.28272      8.68558   1690.89954
     0.22800     14.28221      8.68447   1690.68969
     0.23000     14.28230      8.68367   1690.53736
     0.23200     14.28313      8.68321   1690.44826
     0.23400     14.28484      8.68311   1690.42520
     0.23600     14.28762      8.68336   1690.46819
     0.23800     14.29167      8.68395   1690.57429
     0.24000     14.29726      8.68483   1690.73751
     0.24200     14.30472      8.68597   1690.94868
     0.24400     14.31444      8.68731   1691.19575
     0.24600     14.32695      8.68878   1691.46426
     0.24800     14.34288      8.69030   1691.73820
     0.25000     14.36304      8.69180   1692.00110
     0.25200     14.38840      8.69319   1692.23743
     0.25400     14.42014      8.69438   1692.43429
     0.25600     14.45969      8.69530   1692.58248
     0.25800     14.50870      8.69586   1692.67638
     0.26000     14.56903      8.69604   1692.71260
     0.26200     14.64279      8.69582   1692.68883
     0.26400     14.73225      8.69525   1692.60426
     0.26600     14.83987      8.69438   1692.46151
     0.26800     14.96825      8.69329   1692.26779
     0.27000     15.12006      8.69206   1692.03375
     0.27200     15.29797      8.69078   1691.77180
     0.27400     15.50457      8.68953   1691.49713
     0.27600     15.74233      8.68838   1691.23153
     0.27800     16.01348      8.68732   1691.00271
     0.28000     16.31986      8.68638   1690.83357
     0.28200     16.66274      8.68565   1690.72913
     0.28400     17.04273      8.68524   1690.67972
     0.28600     17.45986      8.68522   1690.68287
     0.28800     17.91358      8.68551   1690.75286
     0.29000     18.40255      8.68607   1690.89201
     0.29200     18.92436      8.68697   1691.06423
     0.29400     19.47586      8.68825   1691.23702
     0.29600     20.05374      8.68958   1691.44514
     0.29800     20.65428      8.69054   1691.74146
     0.30000     21.27210      8.69129   1692.05340
     0.30200     21.90068      8.69226   1692.23969
     0.30400     22.53476      8.69310   1692.34240
     0.30600     23.16986      8.69317   1692.48675
     0.30800     23.79938      8.69282   1692.57752
     0.31000     24.41541      8.69299   1692.39418
     0.31200     25.01448      8.69297   1692.12358
     0.31400     25.59525      8.69157   1692.08523
     0.31600     26.15050      8.69016   1691.99285
     0.31800     26.67372      8.68990   1691.60101
     0.32000     27.16633      8.68941   1691.30170
     0.32200     27.62947      8.68779   1691.36821
     0.32400     28.05557      8.68724   1691.27099
     0.32600     28.44258      8.68821   1690.91258
     0.32800     28.79874      8.68803   1690.98107
     0.33000     29.12330      8.68716   1691.35465
     0.33200     29.40842      8.68824   1691.31308
     0.33400     29.65993      8.68979   1691.21327
     0.33600     29.88706      8.68948   1691.63512
     0.33800     30.08432      8.68945   1691.97004
     0.34000     30.24850      8.69119   1691.78944
     0.34200     30.39152      8.69178   1691.84057
     0.34400     30.51881      8.69034   1692.34777
     0.34600     30.61924      8.69074   1692.26165
     0.34800     30.69608      8.69273   1691.65952
     0.35000     30.76895      8.69136   1691.88226
     0.35200     30.82882      8.68992   1692.07421
     0.35400     30.87042      8.69052   1691.68670
     0.35600     30.90467      8.69064   1691.42866
     0.35800     30.93981      8.68848   1691.81537
     0.36000     30.96256      8.68823   1691.72952
     0.36200     30.97180      8.69057   1691.00044
     0.36400     30.98968      8.68956   1691.24591
     0.36600     31.00600      8.68828   1691.62515
     0.36800     31.01235      8.68927   1691.44402
     0.37000     31.01689      8.69033   1691.28272
     0.37200     31.02872      8.68897   1691.80170
     0.37400     31.03450      8.68897   1691.95423
     0.37600     31.03030      8.69147   1691.41806
     0.37800     31.03513      8.69111   1691.62678
     0.38000     31.04244      8.68977   1692.06565
     0.38200     31.04141      8.69051   1691.89895
     0.38400     31.03838      8.69157   1691.60183
     0.38600     31.04386      8.69005   1691.97015
     0.38800     31.04587      8.68934   1692.08597
     0.39000     31.03872      8.69112   1691.51160
     0.39200     31.03894      8.69078   1691.50624
     0.39400     31.04423      8.68901   1691.89370
     0.39600     31.04195      8.68941   1691.70864
     0.39800     31.03710      8.69061   1691.33078
     0.40000     31.04130      8.68935   1691.64776
     0.40200     31.04429      8.68852   1691.87482
     0.40400     31.03858      8.69023   1691.43924
     0.40600     31.03806      8.69055   1691.39985
     0.40800     31.04452      8.68896   1691.89191
     0.41000     31.04346      8.68950   1691.80668
     0.41200     31.03859      8.69104   1691.42919
     0.41400     31.04187      8.68999   1691.67261
     0.41600     31.04379      8.68833   1691.80888
     0.41800     31.03058      8.68732   1690.79003
     0.42000     30.99692      8.67896   1688.20098
     0.42200     30.88711      8.64383   1679.80351
     0.42400     30.46004      8.52208   1647.31845
     0.42600     28.95589      8.08316   1533.20764
     0.42800     24.34116      6.54547   1189.12732
     0.43000     14.61279      1.96830    506.52716
     0.43200      6.60598     -5.37673     64.11181
     0.43400      5.99242     -6.19633     46.09500
     0.43600      5.99242     -6.19633     46.09500
     0.43800      5.99242     -6.19633     46.09500
     0.44000      5.99242     -6.19633     46.09500
     0.44200      5.99242     -6.19633     46.09500
     0.44400      5.99242     -6.19633     46.09500
     0.44600      5.99242     -6.19633     46.09500
     0.44800      5.99242     -6.19633     46.09500
     0.45000      5.99242     -6.19633     46.09500
     0.45200      5.99242     -6.19633     46.09500
     0.45400      5.99242     -6.19633     46.09500
     0.45600      5.99242     -6.19633     46.09500
     0.45800      5.99242     -6.19633     46.09500
     0.46000      5.99242     -6.19633     46.09500
     0.46200      5.99242     -6.19633     46.09500
     0.46400      5.99242     -6.19633     46.09500
     0.46600      5.99242     -6.19633     46.09500
     0.46800      5.99242     -6.19633     46.09500
     0.47000      5.99242     -6.19633     46.09500
     0.47200      5.99242     -6.19633     46.09500
     0.47400      5.99242     -6.19633     46.09500
     0.47600      5.99242     -6.19633     46.09500
     0.47800      5.99242     -6.19633     46.09500
     0.48000      5.99242     -6.19633     46.09500
     0.48200      5.99242     -6.19633     46.09500
     0.48400      5.99242     -6.19633     46.09500
     0.48600      5.99242     -6.19633     46.09500
     0.48800      5.99242     -6.19633     46.09500
     0.49000      5.99242     -6.19633     46.09500
     0.49200      5.99242     -6.19633     46.09500
     0.49400      5.99242     -6.19633     46.09500
     0.49600      5.99242     -6.19633     46.09500
     0.49800      5.99242     -6.19633     46.09500
     0.50000      5.99242     -6.19633     46.09500
     0.50200      5.99242     -6.19633     46.09500
     0.50400      5.99242     -6.19633     46.09500
     0.50600      5.99242     -6.19633     46.09500
     0.50800      5.99242     -6.19633     46.09500
     0.51000      5.99242     -6.19633     46.09500
     0.51200      5.99242     -6.19633     46.09500
     0.51400      5.99242     -6.19633     46.09500
     0.51600      5.99242     -6.19633     46.09500
     0.51800      5.99242     -6.19633     46.09500
     0.52000      5.99242     -6.19633     46.09500
     0.52200      5.99242     -6.19633     46.09500
     0.52400      5.99242     -6.19633     46.09500
     0.52600      5.99242     -6.19633     46.09500
     0.52800      5.99242     -6.19633     46.09500
     0.53000      5.99242     -6.19633     46.09500
     0.53200      5.99242     -6.19633     46.09500
     0.53400      5.99242     -6.19633     46.09500
     0.53600      5.99242     -6.19633     46.09500
     0.53800      5.99242     -6.19633     46.09500
     0.54000      5.99242     -6.19633     46.09500
     0.54200      5.99242     -6.19633     46.09500
     0.54400      5.99242     -6.19633     46.09500
     0.54600      5.99242     -6.19633     46.09500
     0.54800      5.99242     -6.19633     46.09500
     0.55000      5.99242     -6.19633     46.09500
     0.55200      5.99242     -6.19633     46.09500
     0.55400      5.99242     -6.19633     46.09500
     0.55600      5.99242     -6.19633     46.09500
     0.55800      5.99242     -6.19633     46.09500
     0.56000      5.99242     -6.19633     46.09500
     0.56200      5.99242     -6.19633     46.09500
     0.56400      5.99242     -6.19633     46.09500
     0.56600      5.99242     -6.19633     46.09500
     0.56800      5.99242     -6.19633     46.09500
     0.57000      5.99242     -6.19633     46.09500
     0.57200      5.99242     -6.19633     46.09500
     0.57400      5.99242     -6.19633     46.09500
     0.57600      5.99242     -6.19633     46.09500
     0.57800      5.99242     -6.19633     46.09500
     0.58000      5.99242     -6.19633     46.09500
     0.58200      5.99242     -6.19633     46.09500
     0.58400      5.99242     -6.19633     46.09500
     0.58600      5.99242     -6.19633     46.09500
     0.58800      5.99242     -6.19633     46.09500
     0.59000      5.99242     -6.19633     46.09500
     0.59200      5.99242     -6.19633     46.09500
     0.59400      5.99242     -6.19633     46.09500
     0.59600      5.99242     -6.19633     46.09500
     0.59800      5.99242     -6.19633     46.09500
     0.60000      5.99242     -6.19633     46.09500
     0.60200      5.99242     -6.19633     46.09500
     0.60400      5.99242     -6.19633     46.09500
     0.60600      5.99242     -6.19633     46.09500
     0.60800      5.99242     -6.19633     46.09500
     0.61000      5.99242     -6.19633     46.09500
     0.61200      5.99242     -6.19633     46.09500
     0.61400      5.99242     -6.19633     46.09500
     0.61600      5.99242     -6.19633     46.09500
     0.61800      5.99242     -6.19633     46.09500
     0.62000      5.99242     -6.19633     46.09500
     0.62200      5.99242     -6.19633     46.09500
     0.62400      5.99242     -6.19633     46.09500
     0.62600      5.99242     -6.19633     46.09500
     0.62800      5.99242     -6.19633     46.09500
     0.63000      5.99242     -6.19633     46.09500
     0.63200      5.99242     -6.19633     46.09500
     0.63400      5.99242     -6.19633     46.09500
     0.63600      5.99242     -6.19633     46.09500
     0.63800      5.99242     -6.19633     46.09500
     0.64000      5.99242     -6.19633     46.09500
     0.64200      5.99242     -6.19633     46.09500
     0.64400      5.99242     -6.19633     46.09500
     0.64600      5.99242     -6.19633     46.09500
     0.64800      5.99242     -6.19633     46.09500
     0.65000      5.99242     -6.19633     46.09500
     0.65200      5.99242     -6.19633     46.09500
     0.65400      5.99242     -6.19633     46.09500
     0.65600      5.99242     -6.19633     46.09500
     0.65800      5.99242     -6.19633     46.09500
     0.66000      5.99242     -6.19633     46.09500
     0.66200      5.99242     -6.19633     46.09500
     0.66400      5.99242     -6.19633     46.09500
     0.66600      5.99242     -6.19633     46.09500
     0.66800      5.99242     -6.19633     46.09500
     0.67000      5.99242     -6.19633     46.09500
     0.67200      5.99242     -6.19633     46.09500
     0.67400      5.99242     -6.19633     46.09500
     0.67600      5.99242     -6.19633     46.09500
     0.67800      5.99242     -6.19633     46.09500
     0.68000      5.99242     -6.19633     46.09500
     0.68200      5.99242     -6.19633     46.09500
     0.68400      5.99242     -6.19633     46.09500
     0.68600      5.99242     -6.19633     46.09500
     0.68800      5.99242     -6.19633     46.09500
     0.69000      5.99242     -6.19633     46.09500
     0.69200      5.99242     -6.19633     46.09500
     0.69400      5.99242     -6.19633     46.09500
     0.69600      5.99242     -6.19633     46.09500
     0.69800      5.99242     -6.19633     46.09500
     0.70000      5.99242     -6.19633     46.09500
     0.70200      5.99242     -6.19633     46.09500
     0.70400      5.99242     -6.19633     46.09500
     0.70600      5.99242     -6.19633     46.09500
     0.70800      5.99242     -6.19633     46.09500
     0.71000      5.99242     -6.19633     46.09500
     0.71200      5.99242     -6.19633     46.09500
     0.71400      5.99242     -6.19633     46.09500
     0.71600      5.99242     -6.19633     46.09500
     0.71800      5.99242     -6.19633     46.09500
     0.72000      5.99242     -6.19633     46.09500
     0.72200      5.99242     -6.19633     46.09500
     0.72400      5.99242     -6.19633     46.09500
     0.72600      5.99242     -6.19633     46.09500
     0.72800      5.99242     -6.19633     46.09500
     0.73000      5.99242     -6.19633     46.09500
     0.73200      5.99242     -6.19633     46.09500
     0.73400      5.99242     -6.19633     46.09500
     0.73600      5.99242     -6.19633     46.09500
     0.73800      5.99242     -6.19633     46.09500
     0.74000      5.99242     -6.19633     46.09500
     0.74200      5.99242     -6.19633     46.09500
     0.74400      5.99242     -6.19633     46.09500
     0.74600      5.99242     -6.19633     46.09500
     0.74800      5.99242     -6.19633     46.09500
     0.75000      5.99242     -6.19633     46.09500
     0.75200      5.99242     -6.19633     46.09500
     0.75400      5.99242     -6.19633     46.09500
     0.75600      5.99242     -6.19633     46.09500
     0.75800      5.99242     -6.19633     46.09500
     0.76000      5.99242     -6.19633     46.09500
     0.76200      5.99242     -6.19633     46.09500
     0.76400      5.99242     -6.19633     46.09500
     0.76600      5.99242     -6.19633     46.09500
     0.76800      5.99242     -6.19633     46.09500
     0.77000      5.99242     -6.19633     46.09500
     0.77200      5.99242     -6.19633     46.09500
     0.77400      5.99242     -6.19633     46.09500
     0.77600      5.99242     -6.19633     46.09500
     0.77800      5.99242     -6.19633     46.09500
     0.78000      5.99242     -6.19633     46.09500
     0.78200      5.99242     -6.19633     46.09500
     0.78400      5.99242     -6.19633     46.09500
     0.78600      5.99242     -6.19633     46.09500
     0.78800      5.99242     -6.19633     46.09500
     0.79000      5.99242     -6.19633     46.09500
     0.79200      5.99242     -6.19633     46.09500
     0.79400      5.99242     -6.19633     46.09500
     0.79600      5.99242     -6.19633     46.09500
     0.79800      5.99242     -6.19633     46.09500
     0.80000      5.99242     -6.19633     46.09500
     0.80200      5.99242     -6.19633     46.09500
     0.80400      5.99242     -6.19633     46.09500
     0.80600      5.99242     -6.19633     46.09500
     0.80800      5.99242     -6.19633     46.09500
     0.81000      5.99242     -6.19633     46.09500
     0.81200      5.99242     -6.19633     46.09500
     0.81400      5.99242     -6.19633     46.09500
     0.81600      5.99242     -6.19633     46.09500
     0.81800      5.99242     -6.19633     46.09500
     0.82000      5.99242     -6.19633     46.09500
     0.82200      5.99242     -6.19633     46.09500
     0.82400      5.99242     -6.19633     46.09500
     0.82600      5.99242     -6.19633     46.09500
     0.82800      5.99242     -6.19633     46.09500
     0.83000      5.99242     -6.19633     46.09500
     0.83200      5.99242     -6.19633     46.09500
     0.83400      5.99242     -6.19633     46.09500
     0.83600      5.99242     -6.19633     46.09500
     0.83800      5.99242     -6.19633     46.09500
     0.84000      5.99242     -6.19633     46.09500
     0.84200      5.99242     -6.19633     46.09500
     0.84400      5.99242     -6.19633     46.09500
     0.84600      5.99242     -6.19633     46.09500
     0.84800      5.99242     -6.19633     46.09500
     0.85000      5.99242     -6.19633     46.09500
     0.85200      5.99242     -6.19633     46.09500
     0.85400      5.99242     -6.19633     46.09500
     0.85600      5.99242     -6.19633     46.09500
     0.85800      5.99242     -6.19633     46.09500
     0.86000      5.99242     -6.19633     46.09500
     0.86200      5.99242     -6.19633     46.09500
     0.86400      5.99242     -6.19633     46.09500
     0.86600      5.99242     -6.19633     46.09500
     0.86800      5.99242     -6.19633     46.09500
     0.87000      5.99242     -6.19633     46.09500
     0.87200      5.99242     -6.19633     46.09500
     0.87400      5.99242     -6.19633     46.09500
     0.87600      5.99242     -6.19633     46.09500
     0.87800      5.99242     -6.19633     46.09500
     0.88000      5.99242     -6.19633     46.09500
     0.88200      5.99242     -6.19633     46.09500
     0.88400      5.99242     -6.19633     46.09500
     0.88600      5.99242     -6.19633     46.09500
     0.88800      5.99242     -6.19633     46.09500
     0.89000      5.99242     -6.19633     46.09500
     0.89200      5.99242     -6.19633     46.09500
     0.89400      5.99242     -6.19633     46.09500
     0.89600      5.99242     -6.19633     46.09500
     0.89800      5.99242     -6.19633     46.09500
     0.90000      5.99242     -6.19633     46.09500
     0.90200      5.99242     -6.19633     46.09500
     0.90400      5.99242     -6.19633     46.09500
     0.90600      5.99242     -6.19633     46.09500
     0.90800      5.99242     -6.19633     46.09500
     0.91000      5.99242     -6.19633     46.09500
     0.91200      5.99242     -6.19633     46.09500
     0.91400      5.99242     -6.19633     46.09500
     0.91600      5.99242     -6.19633     46.09500
     0.91800      5.99242     -6.19633     46.09500
     0.92000      5.99242     -6.19633     46.09500
     0.92200      5.99242     -6.19633     46.09500
     0.92400      5.99242     -6.19633     46.09500
     0.92600      5.99242     -6.19633     46.09500
     0.92800      5.99242     -6.19633     46.09500
     0.93000      5.99242     -6.19633     46.09500
     0.93200      5.99242     -6.19633     46.09500
     0.93400      5.99242     -6.19633     46.09500
     0.93600      5.99242     -6.19633     46.09500
     0.93800      5.99242     -6.19633     46.09500
     0.94000      5.99242     -6.19633     46.09500
     0.94200      5.99242     -6.19633     46.09500
     0.94400      5.99242     -6.19633     46.09500
     0.94600      5.99242     -6.19633     46.09500
     0.94800      5.99242     -6.19633     46.09500
     0.95000      5.99242     -6.19633     46.09500
     0.95200      5.99242     -6.19633     46.09500
     0.95400      5.99242     -6.19633     46.09500
     0.95600      5.99242     -6.19633     46.09500
     0.95800      5.99242     -6.19633     46.09500
     0.96000      5.99242     -6.19633     46.09500
     0.96200      5.99242     -6.19633     46.09500
     0.96400      5.99242     -6.19633     46.09500
     0.96600      5.99242     -6.19633     46.09500
     0.96800      5.99242     -6.19633     46.09500
     0.97000      5.99242     -6.19633     46.09500
     0.97200      5.99242     -6.19633     46.09500
     0.97400      5.99242     -6.19633     46.09500
     0.97600      5.99242     -6.19633     46.09500
     0.97800      5.99242     -6.19633     46.09500
     0.98000      5.99242     -6.19633     46.09500
     0.98200      5.99242     -6.19633     46.09500
     0.98400      5.99242     -6.19633     46.09500
     0.98600      5.99242     -6.19633     46.09500
     0.98800      5.99242     -6.19633     46.09500
     0.99000      5.99242     -6.19633     46.09500
     0.99200      5.99242     -6.19633     46.09500
     0.99400      5.99242     -6.19633     46.09500
     0.99600      5.99242     -6.19633     46.09500
     0.99800      5.99242     -6.19633     46.09500
