t =     0.0350
           x          rho            u            p
    -1.00000      5.99924     19.59750    460.89400
    -0.99800      5.99924     19.59750    460.89400
    -0.99600      5.99924     19.59750    460.89400
    -0.99400      5.99924     19.59750    460.89400
    -0.99200      5.99924     19.59750    460.89400
    -0.99000      5.99924     19.59750    460.89400
    -0.98800      5.99924     19.59750    460.89400
    -0.98600      5.99924     19.59750    460.89400
    -0.98400      5.99924     19.59750    460.89400
    -0.98200      5.99924     19.59750    460.89400
    -0.98000      5.99924     19.59750    460.89400
    -0.97800      5.99924     19.59750    460.89400
    -0.97600      5.99924     19.59750    460.89400
    -0.97400      5.99924     19.59750    460.89400
    -0.97200      5.99924     19.59750    460.89400
    -0.97000      5.99924     19.59750    460.89400
    -0.96800      5.99924     19.59750    460.89400
    -0.96600      5.99924     19.59750    460.89400
    -0.96400      5.99924     19.59750    460.89400
    -0.96200      5.99924     19.59750    460.89400
    -0.96000      5.99924     19.59750    460.89400
    -0.95800      5.99924     19.59750    460.89400
    -0.95600      5.99924     19.59750    460.89400
    -0.95400      5.99924     19.59750    460.89400
    -0.95200      5.99924     19.59750    460.89400
    -0.95000      5.99924     19.59750    460.89400
    -0.94800      5.99924     19.59750    460.89400
    -0.94600      5.99924     19.59750    460.89400
    -0.94400      5.99924     19.59750    460.89400
    -0.94200      5.99924     19.59750    460.89400
    -0.94000      5.99924     19.59750    460.89400
    -0.93800      5.99924     19.59750    460.89400
    -0.93600      5.99924     19.59750    460.89400
    -0.93400      5.99924     19.59750    460.89400
    -0.93200      5.99924     19.59750    460.89400
    -0.93000      5.99924     19.59750    460.89400
    -0.92800      5.99924     19.59750    460.89400
    -0.92600      5.99924     19.59750    460.89400
    -0.92400      5.99924     19.59750    460.89400
    -0.92200      5.99924     19.59750    460.89400
    -0.92000      5.99924     19.59750    460.89400
    -0.91800      5.99924     19.59750    460.89400
    -0.91600      5.99924     19.59750    460.89400
    -0.91400      5.99924     19.59750    460.89400
    -0.91200      5.99924     19.59750    460.89400
    -0.91000      5.99924     19.59750    460.89400
    -0.90800      5.99924     19.59750    460.89400
    -0.90600      5.99924     19.59750    460.89400
    -0.90400      5.99924     19.59750    460.89400
    -0.90200      5.99924     19.59750    460.89400
    -0.90000      5.99924     19.59750    460.89400
    -0.89800      5.99924     19.59750    460.89400
    -0.89600      5.99924     19.59750    460.89400
    -0.89400      5.99924     19.59750    460.89400
    -0.89200      5.99924     19.59750    460.89400
    -0.89000      5.99924     19.59750    460.89400
    -0.88800      5.99924     19.59750    460.89400
    -0.88600      5.99924     19.59750    460.89400
    -0.88400      5.99924     19.59750    460.89400
    -0.88200      5.99924     19.59750    460.89400
    -0.88000      5.99924     19.59750    460.89400
    -0.87800      5.99924     19.59750    460.89400
    -0.87600      5.99924     19.59750    460.89400
    -0.87400      5.99924     19.59750    460.89400
    -0.87200      5.99924     19.59750    460.89400
    -0.87000      5.99924     19.59750    460.89400
    -0.86800      5.99924     19.59750    460.89400
    -0.86600      5.99924     19.59750    460.89400
    -0.86400      5.99924     19.59750    460.89400
    -0.86200      5.99924     19.59750    460.89400
    -0.86000      5.99924     19.59750    460.89400
    -0.85800      5.99924     19.59750    460.89400
    -0.85600      5.99924     19.59750    460.89400
    -0.85400      5.99924     19.59750    460.89400
    -0.85200      5.99924     19.59750    460.89400
    -0.85000      5.99924     19.59750    460.89400
    -0.84800      5.99924     19.59750    460.89400
    -0.84600      5.99924     19.59750    460.89400
    -0.84400      5.99924     19.59750    460.89400
    -0.84200      5.99924     19.59750    460.89400
    -0.84000      5.99924     19.59750    460.89400
    -0.83800      5.99924     19.59750    460.89400
    -0.83600      5.99924     19.59750    460.89400
    -0.83400      5.99924     19.59750    460.89400
    -0.83200      5.99924     19.59750    460.89400
    -0.83000      5.99924     19.59750    460.89400
    -0.82800      5.99924     19.59750    460.89400
    -0.82600      5.99924     19.59750    460.89400
    -0.82400      5.99924     19.59750    460.89400
    -0.82200      5.99924     19.59750    460.89400
    -0.82000      5.99924     19.59750    460.89400
    -0.81800      5.99924     19.59750    460.89400
    -0.81600      5.99924     19.59750    460.89400
    -0.81400      5.99924     19.59750    460.89400
    -0.81200      5.99924     19.59750    460.89400
    -0.81000      5.99924     19.59750    460.89400
    -0.80800      5.99924     19.59750    460.89400
    -0.80600      5.99924     19.59750    460.89400
    -0.80400      5.99924     19.59750    460.89400
    -0.80200      5.99924     19.59750    460.89400
    -0.80000      5.99924     19.59750    460.89400
    -0.79800      5.99924     19.59750    460.89400
    -0.79600      5.99924     19.59750    460.89400
    -0.79400      5.99924     19.59750    460.89400
    -0.79200      5.99924     19.59750    460.89400
    -0.79000      5.99924     19.59750    460.89400
    -0.78800      5.99924     19.59750    460.89400
    -0.78600      5.99924     19.59750    460.89400
    -0.78400      5.99924     19.59750    460.89400
    -0.78200      5.99924     19.59750    460.89400
    -0.78000      5.99924     19.59750    460.89400
    -0.77800      5.99924     19.59750    460.89400
    -0.77600      5.99924     19.59750    460.89400
    -0.77400      5.99924     19.59750    460.89400
    -0.77200      5.99924     19.59750    460.89400
    -0.77000      5.99924     19.59750    460.89400
    -0.76800      5.99924     19.59750    460.89400
    -0.76600      5.99924     19.59750    460.89400
    -0.76400      5.99924     19.59750    460.89400
    -0.76200      5.99924     19.59750    460.89400
    -0.76000      5.99924     19.59750    460.89400
    -0.75800      5.99924     19.59750    460.89400
    -0.75600      5.99924     19.59750    460.89400
    -0.75400      5.99924     19.59750    460.89400
    -0.75200      5.99924     19.59750    460.89400
    -0.75000      5.99924     19.59750    460.89400
    -0.74800      5.99924     19.59750    460.89400
    -0.74600      5.99924     19.59750    460.89400
    -0.74400      5.99924     19.59750    460.89400
    -0.74200      5.99924     19.59750    460.89400
    -0.74000      5.99924     19.59750    460.89400
    -0.73800      5.99924     19.59750    460.89400
    -0.73600      5.99924     19.59750    460.89400
    -0.73400      5.99924     19.59750    460.89400
    -0.73200      5.99924     19.59750    460.89400
    -0.73000      5.99924     19.59750    460.89400
    -0.72800      5.99924     19.59750    460.89400
    -0.72600      5.99924     19.59750    460.89400
    -0.72400      5.99924     19.59750    460.89400
    -0.72200      5.99924     19.59750    460.89400
    -0.72000      5.99924     19.59750    460.89400
    -0.71800      5.99924     19.59750    460.89400
    -0.71600      5.99924     19.59750    460.89400
    -0.71400      5.99924     19.59750    460.89400
    -0.71200      5.99924     19.59750    460.89400
    -0.71000      5.99924     19.59750    460.89400
    -0.70800      5.99924     19.59750    460.89400
    -0.70600      5.99924     19.59750    460.89400
    -0.70400      5.99924     19.59750    460.89400
    -0.70200      5.99924     19.59750    460.89400
    -0.70000      5.99924     19.59750    460.89400
    -0.69800      5.99924     19.59750    460.89400
    -0.69600      5.99924     19.59750    460.89400
    -0.69400      5.99924     19.59750    460.89400
    -0.69200      5.99924     19.59750    460.89400
    -0.69000      5.99924     19.59750    460.89400
    -0.68800      5.99924     19.59750    460.89400
    -0.68600      5.99924     19.59750    460.89400
    -0.68400      5.99924     19.59750    460.89400
    -0.68200      5.99924     19.59750    460.89400
    -0.68000      5.99924     19.59750    460.89400
    -0.67800      5.99924     19.59750    460.89400
    -0.67600      5.99924     19.59750    460.89400
    -0.67400      5.99924     19.59750    460.89400
    -0.67200      5.99924     19.59750    460.89400
    -0.67000      5.99924     19.59750    460.89400
    -0.66800      5.99924     19.59750    460.89400
    -0.66600      5.99924     19.59750    460.89400
    -0.66400      5.99924     19.59750    460.89400
    -0.66200      5.99924     19.59750    460.89400
    -0.66000      5.99924     19.59750    460.89400
    -0.65800      5.99924     19.59750    460.89400
    -0.65600      5.99924     19.59750    460.89400
    -0.65400      5.99924     19.59750    460.89400
    -0.65200      5.99924     19.59750    460.89400
    -0.65000      5.99924     19.59750    460.89400
    -0.64800      5.99924     19.59750    460.89400
    -0.64600      5.99924     19.59750    460.89400
    -0.64400      5.99924     19.59750    460.89400
    -0.64200      5.99924     19.59750    460.89400
    -0.64000      5.99924     19.59750    460.89400
    -0.63800      5.99924     19.59750    460.89400
    -0.63600      5.99924     19.59750    460.89400
    -0.63400      5.99924     19.59750    460.89400
    -0.63200      5.99924     19.59750    460.89400
    -0.63000      5.99924     19.59750    460.89400
    -0.62800      5.99924     19.59750    460.89400
    -0.62600      5.99924     19.59750    460.89400
    -0.62400      5.99924     19.59750    460.89400
    -0.62200      5.99924     19.59750    460.89400
    -0.62000      5.99924     19.59750    460.89400
    -0.61800      5.99924     19.59750    460.89400
    -0.61600      5.99924     19.59750    460.89400
    -0.61400      5.99924     19.59750    460.89400
    -0.61200      5.99924     19.59750    460.89400
    -0.61000      5.99924     19.59750    460.89400
    -0.60800      5.99924     19.59750    460.89400
    -0.60600      5.99924     19.59750    460.89400
    -0.60400      5.99924     19.59750    460.89400
    -0.60200      5.99924     19.59750    460.89400
    -0.60000      5.99924     19.59750    460.89400
    -0.59800      5.99924     19.59750    460.89400
    -0.59600      5.99924     19.59750    460.89400
    -0.59400      5.99924     19.59750    460.89400
    -0.59200      5.99924     19.59750    460.89400
    -0.59000      5.99924     19.59750    460.89400
    -0.58800      5.99924     19.59750    460.89400
    -0.58600      5.99924     19.59750    460.89400
    -0.58400      5.99924     19.59750    460.89400
    -0.58200      5.99924     19.59750    460.89400
    -0.58000      5.99924     19.59750    460.89400
    -0.57800      5.99924     19.59750    460.89400
    -0.57600      5.99924     19.59750    460.89400
    -0.57400      5.99924     19.59750    460.89400
    -0.57200      5.99924     19.59750    460.89400
    -0.57000      5.99924     19.59750    460.89400
    -0.56800      5.99924     19.59750    460.89400
    -0.56600      5.99924     19.59750    460.89400
    -0.56400      5.99924     19.59750    460.89400
    -0.56200      5.99924     19.59750    460.89400
    -0.56000      5.99924     19.59750    460.89400
    -0.55800      5.99924     19.59750    460.89400
    -0.55600      5.99924     19.59750    460.89400
    -0.55400      5.99924     19.59750    460.89400
    -0.55200      5.99924     19.59750    460.89400
    -0.55000      5.99924     19.59750    460.89400
    -0.54800      5.99924     19.59750    460.89400
    -0.54600      5.99924     19.59750    460.89400
    -0.54400      5.99924     19.59750    460.89400
    -0.54200      5.99924     19.59750    460.89400
    -0.54000      5.99924     19.59750    460.89400
    -0.53800      5.99924     19.59750    460.89400
    -0.53600      5.99924     19.59750    460.89400
    -0.53400      5.99924     19.59750    460.89400
    -0.53200      5.99924     19.59750    460.89400
    -0.53000      5.99924     19.59750    460.89400
    -0.52800      5.99924     19.59750    460.89400
    -0.52600      5.99924     19.59750    460.89400
    -0.52400      5.99924     19.59750    460.89400
    -0.52200      5.99924     19.59750    460.89400
    -0.52000      5.99924     19.59750    460.89400
    -0.51800      5.99924     19.59750    460.89400
    -0.51600      5.99924     19.59750    460.89400
    -0.51400      5.99924     19.59750    460.89400
    -0.51200      5.99924     19.59750    460.89400
    -0.51000      5.99924     19.59750    460.89400
    -0.50800      5.99924     19.59750    460.89400
    -0.50600      5.99924     19.59750    460.89400
    -0.50400      5.99924     19.59750    460.89400
    -0.50200      5.99924     19.59750    460.89400
    -0.50000      5.99924     19.59750    460.89400
    -0.49800      5.99924     19.59750    460.89400
    -0.49600      5.99924     19.59750    460.89400
    -0.49400      5.99924     19.59750    460.89400
    -0.49200      5.99924     19.59750    460.89400
    -0.49000      5.99924     19.59750    460.89400
    -0.48800      5.99924     19.59750    460.89400
    -0.48600      5.99924     19.59750    460.89400
    -0.48400      5.99924     19.59750    460.89400
    -0.48200      5.99924     19.59750    460.89400
    -0.48000      5.99924     19.59750    460.89400
    -0.47800      5.99924     19.59750    460.89400
    -0.47600      5.99924     19.59750    460.89400
    -0.47400      5.99924     19.59750    460.89400
    -0.47200      5.99924     19.59750    460.89400
    -0.47000      5.99924     19.59750    460.89400
    -0.46800      5.99924     19.59750    460.89400
    -0.46600      5.99924     19.59750    460.89400
    -0.46400      5.99924     19.59750    460.89400
    -0.46200      5.99924     19.59750    460.89400
    -0.46000      5.99924     19.59750    460.89400
    -0.45800      5.99924     19.59750    460.89400
    -0.45600      5.99924     19.59750    460.89400
    -0.45400      5.99924     19.59750    460.89400
    -0.45200      5.99924     19.59750    460.89400
    -0.45000      5.99924     19.59750    460.89400
    -0.44800      5.99924     19.59750    460.89400
    -0.44600      5.99924     19.59750    460.89400
    -0.44400      5.99924     19.59750    460.89400
    -0.44200      5.99924     19.59750    460.89400
    -0.44000      5.99924     19.59750    460.89400
    -0.43800      5.99924     19.59750    460.89400
    -0.43600      5.99924     19.59750    460.89400
    -0.43400      5.99924     19.59750    460.89400
    -0.43200      5.99924     19.59750    460.89400
    -0.43000      5.99924     19.59750    460.89400
    -0.42800      5.99924     19.59750    460.89400
    -0.42600      5.99924     19.59750    460.89400
    -0.42400      5.99924     19.59750    460.89400
    -0.42200      5.99924     19.59750    460.89400
    -0.42000      5.99924     19.59750    460.89400
    -0.41800      5.99924     19.59750    460.89400
    -0.41600      5.99924     19.59750    460.89400
    -0.41400      5.99924     19.59750    460.89400
    -0.41200      5.99924     19.59750    460.89400
    -0.41000      5.99924     19.59750    460.89400
    -0.40800      5.99924     19.59750    460.89400
    -0.40600      5.99924     19.59750    460.89400
    -0.40400      5.99924     19.59750    460.89400
    -0.40200      5.99924     19.59750    460.89400
    -0.40000      5.99924     19.59750    460.89400
    -0.39800      5.99924     19.59750    460.89400
    -0.39600      5.99924     19.59750    460.89400
    -0.39400      5.99924     19.59750    460.89400
    -0.39200      5.99924     19.59750    460.89400
    -0.39000      5.99924     19.59750    460.89400
    -0.38800      5.99924     19.59750    460.89400
    -0.38600      5.99924     19.59750    460.89400
    -0.38400      5.99924     19.59750    460.89400
    -0.38200      5.99924     19.59750    460.89400
    -0.38000      5.99924     19.59750    460.89400
    -0.37800      5.99924     19.59750    460.89400
    -0.37600      5.99924     19.59750    460.89400
    -0.37400      5.99924     19.59750    460.89400
    -0.37200      5.99924     19.59750    460.89400
    -0.37000      5.99924     19.59750    460.89400
    -0.36800      5.99924     19.59750    460.89400
    -0.36600      5.99924     19.59750    460.89400
    -0.36400      5.99924     19.59750    460.89400
    -0.36200      5.99924     19.59750    460.89400
    -0.36000      5.99924     19.59750    460.89400
    -0.35800      5.99924     19.59750    460.89400
    -0.35600      5.99924     19.59750    460.89400
    -0.35400      5.99924     19.59750    460.89400
    -0.35200      5.99924     19.59750    460.89400
    -0.35000      5.99924     19.59750    460.89400
    -0.34800      5.99924     19.59750    460.89400
    -0.34600      5.99924     19.59750    460.89400
    -0.34400      5.99924     19.59750    460.89400
    -0.34200      5.99924     19.59750    460.89400
    -0.34000      5.99924     19.59750    460.89400
    -0.33800      5.99924     19.59750    460.89400
    -0.33600      5.99924     19.59750    460.89400
    -0.33400      5.99924     19.59750    460.89400
    -0.33200      5.99924     19.59750    460.89400
    -0.33000      5.99924     19.59750    460.89400
    -0.32800      5.99924     19.59750    460.89400
    -0.32600      5.99924     19.59750    460.89400
    -0.32400      5.99924     19.59750    460.89400
    -0.32200      5.99924     19.59750    460.89400
    -0.32000      5.99924     19.59750    460.89400
    -0.31800      5.99924     19.59750    460.89400
    -0.31600      5.99924     19.59750    460.89400
    -0.31400      5.99924     19.59750    460.89400
    -0.31200      5.99924     19.59750    460.89400
    -0.31000      5.99924     19.59750    460.89400
    -0.30800      5.99924     19.59750    460.89400
    -0.30600      5.99924     19.59750    460.89400
    -0.30400      5.99924     19.59750    460.89400
    -0.30200      5.99924     19.59750    460.89400
    -0.30000      5.99924     19.59750    460.89400
    -0.29800      5.99924     19.59750    460.89400
    -0.29600      5.99924     19.59750    460.89400
    -0.29400      5.99924     19.59750    460.89400
    -0.29200      5.99924     19.59750    460.89400
    -0.29000      5.99924     19.59750    460.89400
    -0.28800      5.99924     19.59750    460.89400
    -0.28600      5.99924     19.59750    460.89400
    -0.28400      5.99924     19.59750    460.89400
    -0.28200      5.99924     19.59750    460.89400
    -0.28000      5.99924     19.59750    460.89400
    -0.27800      5.99924     19.59750    460.89400
    -0.27600      5.99924     19.59750    460.89400
    -0.27400      5.99924     19.59750    460.89400
    -0.27200      5.99924     19.59750    460.89400
    -0.27000      5.99924     19.59750    460.89400
    -0.26800      5.99924     19.59750    460.89400
    -0.26600      5.99924     19.59750    460.89400
    -0.26400      5.99924     19.59750    460.89400
    -0.26200      5.99924     19.59750    460.89400
    -0.26000      5.99924     19.59750    460.89400
    -0.25800      5.99924     19.59750    460.89400
    -0.25600      5.99924     19.59750    460.89400
    -0.25400      5.99924     19.59750    460.89400
    -0.25200      5.99924     19.59750    460.89400
    -0.25000      5.99924     19.59750    460.89400
    -0.24800      5.99924     19.59750    460.89400
    -0.24600      5.99924     19.59750    460.89400
    -0.24400      5.99924     19.59750    460.89400
    -0.24200      5.99924     19.59750    460.89400
    -0.24000      5.99924     19.59750    460.89400
    -0.23800      5.99924     19.59750    460.89400
    -0.23600      5.99924     19.59750    460.89400
    -0.23400      5.99924     19.59750    460.89400
    -0.23200      5.99924     19.59750    460.89400
    -0.23000      5.99924     19.59750    460.89400
    -0.22800      5.99924     19.59750    460.89400
    -0.22600      5.99924     19.59750    460.89400
    -0.22400      5.99924     19.59750    460.89400
    -0.22200      5.99924     19.59750    460.89400
    -0.22000      5.99924     19.59750    460.89400
    -0.21800      5.99924     19.59750    460.89400
    -0.21600      5.99924     19.59750    460.89400
    -0.21400      5.99924     19.59750    460.89400
    -0.21200      5.99924     19.59750    460.89400
    -0.21000      5.99924     19.59750    460.89400
    -0.20800      5.99924     19.59750    460.89400
    -0.20600      5.99924     19.59750    460.89400
    -0.20400      5.99924     19.59750    460.89400
    -0.20200      5.99924     19.59750    460.89400
    -0.20000      5.99924     19.59750    460.89400
    -0.19800      5.99924     19.59750    460.89400
    -0.19600      5.99924     19.59750    460.89400
    -0.19400      5.99924     19.59750    460.89400
    -0.19200      5.99924     19.59750    460.89400
    -0.19000      5.99924     19.59750    460.89400
    -0.18800      5.99924     19.59750    460.89400
    -0.18600      5.99924     19.59750    460.89400
    -0.18400      5.99924     19.59750    460.89400
    -0.18200      5.99924     19.59750    460.89400
    -0.18000      5.99924     19.59750    460.89400
    -0.17800      5.99924     19.59750    460.89400
    -0.17600      5.99924     19.59750    460.89400
    -0.17400      5.99924     19.59750    460.89400
    -0.17200      5.99924     19.59750    460.89400
    -0.17000      5.99924     19.59750    460.89400
    -0.16800      5.99924     19.59750    460.89400
    -0.16600      5.99924     19.59750    460.89400
    -0.16400      5.99924     19.59750    460.89400
    -0.16200      5.99924     19.59750    460.89400
    -0.16000      5.99924     19.59750    460.89400
    -0.15800      5.99924     19.59750    460.89400
    -0.15600      5.99924     19.59750    460.89400
    -0.15400      5.99924     19.59750    460.89400
    -0.15200      5.99924     19.59750    460.89400
    -0.15000      5.99924     19.59750    460.89400
    -0.14800      5.99924     19.59750    460.89400
    -0.14600      5.99924     19.59750    460.89400
    -0.14400      5.99924     19.59750    460.89400
    -0.14200      5.99924     19.59750    460.89400
    -0.14000      5.99924     19.59750    460.89400
    -0.13800      5.99924     19.59750    460.89400
    -0.13600      5.99924     19.59750    460.89400
    -0.13400      5.99924     19.59750    460.89400
    -0.13200      5.99924     19.59750    460.89400
    -0.13000      5.99924     19.59750    460.89400
    -0.12800      5.99924     19.59750    460.89400
    -0.12600      5.99924     19.59750    460.89400
    -0.12400      5.99924     19.59750    460.89400
    -0.12200      5.99924     19.59750    460.89400
    -0.12000      5.99924     19.59750    460.89400
    -0.11800      5.99924     19.59750    460.89400
    -0.11600      5.99924     19.59750    460.89400
    -0.11400      5.99924     19.59750    460.89400
    -0.11200      5.99924     19.59750    460.89400
    -0.11000      5.99924     19.59750    460.89400
    -0.10800      5.99924     19.59750    460.89400
    -0.10600      5.99924     19.59750    460.89400
    -0.10400      5.99924     19.59750    460.89400
    -0.10200      5.99924     19.59750    460.89400
    -0.10000      5.99924     19.59750    460.89400
    -0.09800      5.99924     19.59750    460.89400
    -0.09600      5.99924     19.59750    460.89400
    -0.09400      5.99924     19.59750    460.89400
    -0.09200      5.99924     19.59750    460.89400
    -0.09000      5.99924     19.59750    460.89400
    -0.08800      5.99924     19.59750    460.89400
    -0.08600      5.99924     19.59750    460.89400
    -0.08400      5.99924     19.59750    460.89400
    -0.08200      5.99924     19.59750    460.89400
    -0.08000      5.99924     19.59750    460.89400
    -0.07800      5.99924     19.59750    460.89400
    -0.07600      5.99924     19.59750    460.89400
    -0.07400      5.99924     19.59750    460.89400
    -0.07200      5.99924     19.59750    460.89400
    -0.07000      5.99924     19.59750    460.89400
    -0.06800      5.99924     19.59750    460.89400
    -0.06600      5.99924     19.59750    460.89400
    -0.06400      5.99924     19.59750    460.89400
    -0.06200      5.99924     19.59750    460.89400
    -0.06000      5.99924     19.59750    460.89400
    -0.05800      5.99924     19.59750    460.89400
    -0.05600      5.99924     19.59750    460.89400
    -0.05400      5.99924     19.59750    460.89400
    -0.05200      5.99924     19.59750    460.89400
    -0.05000      5.99924     19.59750    460.89400
    -0.04800      5.99924     19.59750    460.89400
    -0.04600      5.99924     19.59750    460.89400
    -0.04400      5.99924     19.59750    460.89400
    -0.04200      5.99924     19.59750    460.89400
    -0.04000      5.99924     19.59750    460.89400
    -0.03800      5.99924     19.59750    460.89400
    -0.03600      5.99924     19.59750    460.89400
    -0.03400      5.99924     19.59750    460.89400
    -0.03200      5.99924     19.59750    460.89400
    -0.03000      5.99924     19.59750    460.89400
    -0.02800      5.99924     19.59750    460.89400
    -0.02600      5.99924     19.59750    460.89400
    -0.02400      5.99924     19.59750    460.89400
    -0.02200      5.99924     19.59750    460.89400
    -0.02000      5.99924     19.59750    460.89400
    -0.01800      5.99924     19.59750    460.89400
    -0.01600      5.99924     19.59750    460.89400
    -0.01400      5.99924     19.59750    460.89400
    -0.01200      5.99924     19.59750    460.89400
    -0.01000      5.99924     19.59750    460.89400
    -0.00800      5.99924     19.59750    460.89400
    -0.00600      5.99924     19.59750    460.89400
    -0.00400      5.99924     19.59750    460.89400
    -0.00200      5.99924     19.59750    460.89400
     0.00000      5.99924     19.59750    460.89400
     0.00200      5.99924     19.59750    460.89400
     0.00400      5.99924     19.59750    460.89400
     0.00600      5.99924     19.59750    460.89400
     0.00800      5.99924     19.59750    460.89400
     0.01000      5.99924     19.59750    460.89400
     0.01200      5.99924     19.59750    460.89400
     0.01400      5.99924     19.59750    460.89400
     0.01600      5.99924     19.59750    460.89400
     0.01800      5.99924     19.59750    460.89400
     0.02000      5.99924     19.59750    460.89400
     0.02200      5.99924     19.59750    460.89400
     0.02400      5.99924     19.59750    460.89400
     0.02600      6.00913     19.58039    461.95931
     0.02800     12.26268     10.52389   1377.77878
     0.03000     14.21145      8.67494   1688.54106
     0.03200     14.26585      8.67614   1688.76299
     0.03400     14.31311      8.67855   1689.21305
     0.03600     14.33499      8.68253   1689.95302
     0.03800     14.33166      8.68820   1691.00692
     0.04000     14.31502      8.69526   1692.31783
     0.04200     14.29733      8.70281   1693.71940
     0.04400     14.28549      8.70946   1694.95483
     0.04600     14.28118      8.71376   1695.76053
     0.04800     14.28308      8.71489   1695.98293
     0.05000     14.28877      8.71300   1695.65196
     0.05200     14.29554      8.70910   1694.95059
     0.05400     14.30089      8.70440   1694.10323
     0.05600     14.30289      8.69979   1693.27284
     0.05800     14.30066      8.69566   1692.53131
     0.06000     14.29469      8.69206   1691.88938
     0.06200     14.28654      8.68893   1691.33535
     0.06400     14.27820      8.68621   1690.85558
     0.06600     14.27139      8.68383   1690.43981
     0.06800     14.26709      8.68176   1690.08152
     0.07000     14.26540      8.68000   1689.77785
     0.07200     14.26573      8.67854   1689.52981
     0.07400     14.26716      8.67742   1689.34262
     0.07600     14.26883      8.67669   1689.22596
     0.07800     14.27015      8.67643   1689.19377
     0.08000     14.27098      8.67673   1689.26311
     0.08200     14.27158      8.67769   1689.45159
     0.08400     14.27241      8.67938   1689.77332
     0.08600     14.27397      8.68184   1690.23347
     0.08800     14.27659      8.68500   1690.82267
     0.09000     14.28030      8.68872   1691.51267
     0.09200     14.28484      8.69272   1692.25535
     0.09400     14.28968      8.69668   1692.98640
     0.09600     14.29418      8.70019   1693.63393
     0.09800     14.29771      8.70289   1694.13066
     0.10000     14.29983      8.70451   1694.42649
     0.10200     14.30035      8.70492   1694.49803
     0.10400     14.29934      8.70417   1694.35197
     0.10600     14.29710      8.70242   1694.02147
     0.10800     14.29404      8.69996   1693.55688
     0.11000     14.29057      8.69707   1693.01415
     0.11200     14.28706      8.69404   1692.44455
     0.11400     14.28374      8.69107   1691.88811
     0.11600     14.28074      8.68832   1691.37174
     0.11800     14.27811      8.68587   1690.91094
     0.12000     14.27585      8.68377   1690.51343
     0.12200     14.27395      8.68204   1690.18308
     0.12400     14.27242      8.68070   1689.92298
     0.12600     14.27129      8.67977   1689.73726
     0.12800     14.27062      8.67928   1689.63154
     0.13000     14.27047      8.67925   1689.61245
     0.13200     14.27089      8.67972   1689.68617
     0.13400     14.27193      8.68070   1689.85651
     0.13600     14.27357      8.68219   1690.12282
     0.13800     14.27577      8.68413   1690.47802
     0.14000     14.27842      8.68648   1690.90736
     0.14200     14.28138      8.68909   1691.38812
     0.14400     14.28446      8.69183   1691.89063
     0.14600     14.28745      8.69451   1692.38054
     0.14800     14.29015      8.69693   1692.82221
     0.15000     14.29234      8.69891   1693.18260
     0.15200     14.29389      8.70030   1693.43510
     0.15400     14.29469      8.70099   1693.56262
     0.15600     14.29471      8.70096   1693.55933
     0.15800     14.29398      8.70023   1693.43079
     0.16000     14.29259      8.69889   1693.19260
     0.16200     14.29068      8.69707   1692.86777
     0.16400     14.28841      8.69493   1692.48359
     0.16600     14.28596      8.69263   1692.06839
     0.16800     14.28348      8.69032   1691.64901
     0.17000     14.28111      8.68812   1691.24890
     0.17200     14.27897      8.68612   1690.88731
     0.17400     14.27716      8.68441   1690.57910
     0.17600     14.27573      8.68304   1690.33511
     0.17800     14.27474      8.68204   1690.16281
     0.18000     14.27422      8.68145   1690.06688
     0.18200     14.27417      8.68129   1690.04966
     0.18400     14.27460      8.68155   1690.11126
     0.18600     14.27549      8.68225   1690.24939
     0.18800     14.27681      8.68334   1690.45891
     0.19000     14.27851      8.68478   1690.73126
     0.19200     14.28052      8.68649   1691.05401
     0.19400     14.28274      8.68839   1691.41080
     0.19600     14.28505      8.69037   1691.78184
     0.19800     14.28731      8.69232   1692.14506
     0.20000     14.28940      8.69411   1692.47786
     0.20200     14.29118      8.69563   1692.75916
     0.20400     14.29255      8.69678   1692.97149
     0.20600     14.29344      8.69749   1693.10254
     0.20800     14.29381      8.69771   1693.14602
     0.21000     14.29366      8.69744   1693.10180
     0.21200     14.29303      8.69670   1692.97518
     0.21400     14.29198      8.69556   1692.77604
     0.21600     14.29060      8.69412   1692.51777
     0.21800     14.28900      8.69249   1692.21647
     0.22000     14.28729      8.69078   1691.89029
     0.22200     14.28562      8.68909   1691.55876
     0.22400     14.28412      8.68752   1691.24196
     0.22600     14.28297      8.68611   1690.95931
     0.22800     14.28231      8.68492   1690.72786
     0.23000     14.28229      8.68398   1690.56027
     0.23200     14.28305      8.68333   1690.46308
     0.23400     14.28472      8.68301   1690.43604
     0.23600     14.28744      8.68306   1690.47311
     0.23800     14.29138      8.68350   1690.56486
     0.24000     14.29678      8.68434   1690.70127
     0.24200     14.30397      8.68554   1690.87383
     0.24400     14.31340      8.68700   1691.07655
     0.24600     14.32563      8.68863   1691.30574
     0.24800     14.34139      8.69027   1691.55839
     0.25000     14.36155      8.69178   1691.82899
     0.25200     14.38711      8.69306   1692.10520
     0.25400     14.41919      8.69407   1692.36541
     0.25600     14.45911      8.69482   1692.58137
     0.25800     14.50838      8.69533   1692.72650
     0.26000     14.56880      8.69562   1692.78477
     0.26200     14.64247      8.69568   1692.75396
     0.26400     14.73172      8.69547   1692.64203
     0.26600     14.83907      8.69499   1692.46316
     0.26800     14.96721      8.69420   1692.23925
     0.27000     15.11895      8.69307   1692.00181
     0.27200     15.29709      8.69160   1691.78208
     0.27400     15.50420      8.68991   1691.58912
     0.27600     15.74247      8.68828   1691.39996
     0.27800     16.01375      8.68703   1691.18689
     0.28000     16.31980      8.68621   1690.96352
     0.28200     16.66222      8.68565   1690.78751
     0.28400     17.04193      8.68527   1690.69433
     0.28600     17.45871      8.68530   1690.64623
     0.28800     17.91162      8.68594   1690.60753
     0.29000     18.39997      8.68668   1690.67128
     0.29200     18.92279      8.68684   1690.97204
     0.29400     19.47640      8.68688   1691.39010
     0.29600     20.05441      8.68820   1691.59401
     0.29800     20.65218      8.69068   1691.56466
     0.30000     21.26912      8.69191   1691.78279
     0.30200     21.90160      8.69115   1692.38576
     0.30400     22.53590      8.69214   1692.49209
     0.30600     23.16583      8.69466   1692.10586
     0.30800     23.79568      8.69428   1692.24242
     0.31000     24.42177      8.69059   1693.02002
     0.31200     25.02179      8.69051   1692.79797
     0.31400     25.58588      8.69554   1691.21300
     0.31600     26.14656      8.69207   1691.63413
     0.31800     26.68306      8.68715   1692.40618
     0.32000     27.17187      8.68804   1691.74720
     0.32200     27.61737      8.69225   1690.30818
     0.32400     28.05805      8.68673   1691.45164
     0.32600     28.46479      8.68134   1692.70592
     0.32800     28.78580      8.69219   1689.87485
     0.33000     29.10770      8.69193   1690.05705
     0.33200     29.41419      8.68635   1691.74294
     0.33400     29.67896      8.68392   1692.68598
     0.33600     29.87025      8.69429   1690.26812
     0.33800     30.07953      8.69068   1691.56069
     0.34000     30.27891      8.68219   1694.12890
     0.34200     30.37858      8.69549   1690.79583
     0.34400     30.49572      8.69701   1690.52814
     0.34600     30.61646      8.69164   1692.01994
     0.34800     30.72900      8.68350   1694.16862
     0.35000     30.75306      8.69613   1690.63248
     0.35200     30.81913      8.69295   1691.30534
     0.35400     30.89964      8.68252   1693.90285
     0.35600     30.89990      8.69227   1691.03958
     0.35800     30.91538      8.69562   1689.92517
     0.36000     30.95469      8.69064   1691.10885
     0.36200     31.01067      8.67974   1693.95264
     0.36400     30.97433      8.69395   1690.05634
     0.36600     30.99173      8.69230   1690.52029
     0.36800     31.03566      8.68265   1693.21009
     0.37000     31.02002      8.68937   1691.50853
     0.37200     31.00462      8.69565   1689.95109
     0.37400     31.02436      8.69172   1691.16991
     0.37600     31.06998      8.68021   1694.43672
     0.37800     31.02019      8.69525   1690.47693
     0.38000     31.02456      8.69477   1690.69217
     0.38200     31.05822      8.68579   1693.17229
     0.38400     31.05049      8.68822   1692.51688
     0.38600     31.02139      8.69645   1690.24696
     0.38800     31.03450      8.69265   1691.20989
     0.39000     31.07957      8.67975   1694.62202
     0.39200     31.02526      8.69474   1690.45760
     0.39400     31.02341      8.69497   1690.30236
     0.39600     31.05115      8.68690   1692.40951
     0.39800     31.05827      8.68469   1692.94821
     0.40000     31.02015      8.69531   1690.03723
     0.40200     31.03098      8.69225   1690.86232
     0.40400     31.07963      8.67865   1694.57341
     0.40600     31.02531      8.69410   1690.42642
     0.40800     31.02075      8.69561   1690.07389
     0.41000     31.04391      8.68934   1691.83080
     0.41200     31.06920      8.68242   1693.75017
     0.41400     31.02259      8.69544   1690.18094
     0.41600     31.02900      8.69251   1690.66686
     0.41800     31.07204      8.67569   1693.94579
     0.42000     30.98719      8.68218   1687.36467
     0.42200     30.86330      8.65167   1677.86131
     0.42400     30.44512      8.52670   1646.82035
     0.42600     29.01657      8.07411   1537.22487
     0.42800     24.37456      6.56014   1191.08887
     0.43000     14.64040      1.94635    510.89231
     0.43200      6.61262     -5.42352     63.79352
     0.43400      5.99242     -6.19633     46.09500
     0.43600      5.99242     -6.19633     46.09500
     0.43800      5.99242     -6.19633     46.09500
     0.44000      5.99242     -6.19633     46.09500
     0.44200      5.99242     -6.19633     46.09500
     0.44400      5.99242     -6.19633     46.09500
     0.44600      5.99242     -6.19633     46.09500
     0.44800      5.99242     -6.19633     46.09500
     0.45000      5.99242     -6.19633     46.09500
     0.45200      5.99242     -6.19633     46.09500
     0.45400      5.99242     -6.19633     46.09500
     0.45600      5.99242     -6.19633     46.09500
     0.45800      5.99242     -6.19633     46.09500
     0.46000      5.99242     -6.19633     46.09500
     0.46200      5.99242     -6.19633     46.09500
     0.46400      5.99242     -6.19633     46.09500
     0.46600      5.99242     -6.19633     46.09500
     0.46800      5.99242     -6.19633     46.09500
     0.47000      5.99242     -6.19633     46.09500
     0.47200      5.99242     -6.19633     46.09500
     0.47400      5.99242     -6.19633     46.09500
     0.47600      5.99242     -6.19633     46.09500
     0.47800      5.99242     -6.19633     46.09500
     0.48000      5.99242     -6.19633     46.09500
     0.48200      5.99242     -6.19633     46.09500
     0.48400      5.99242     -6.19633     46.09500
     0.48600      5.99242     -6.19633     46.09500
     0.48800      5.99242     -6.19633     46.09500
     0.49000      5.99242     -6.19633     46.09500
     0.49200      5.99242     -6.19633     46.09500
     0.49400      5.99242     -6.19633     46.09500
     0.49600      5.99242     -6.19633     46.09500
     0.49800      5.99242     -6.19633     46.09500
     0.50000      5.99242     -6.19633     46.09500
     0.50200      5.99242     -6.19633     46.09500
     0.50400      5.99242     -6.19633     46.09500
     0.50600      5.99242     -6.19633     46.09500
     0.50800      5.99242     -6.19633     46.09500
     0.51000      5.99242     -6.19633     46.09500
     0.51200      5.99242     -6.19633     46.09500
     0.51400      5.99242     -6.19633     46.09500
     0.51600      5.99242     -6.19633     46.09500
     0.51800      5.99242     -6.19633     46.09500
     0.52000      5.99242     -6.19633     46.09500
     0.52200      5.99242     -6.19633     46.09500
     0.52400      5.99242     -6.19633     46.09500
     0.52600      5.99242     -6.19633     46.09500
     0.52800      5.99242     -6.19633     46.09500
     0.53000      5.99242     -6.19633     46.09500
     0.53200      5.99242     -6.19633     46.09500
     0.53400      5.99242     -6.19633     46.09500
     0.53600      5.99242     -6.19633     46.09500
     0.53800      5.99242     -6.19633     46.09500
     0.54000      5.99242     -6.19633     46.09500
     0.54200      5.99242     -6.19633     46.09500
     0.54400      5.99242     -6.19633     46.09500
     0.54600      5.99242     -6.19633     46.09500
     0.54800      5.99242     -6.19633     46.09500
     0.55000      5.99242     -6.19633     46.09500
     0.55200      5.99242     -6.19633     46.09500
     0.55400      5.99242     -6.19633     46.09500
     0.55600      5.99242     -6.19633     46.09500
     0.55800      5.99242     -6.19633     46.09500
     0.56000      5.99242     -6.19633     46.09500
     0.56200      5.99242     -6.19633     46.09500
     0.56400      5.99242     -6.19633     46.09500
     0.56600      5.99242     -6.19633     46.09500
     0.56800      5.99242     -6.19633     46.09500
     0.57000      5.99242     -6.19633     46.09500
     0.57200      5.99242     -6.19633     46.09500
     0.57400      5.99242     -6.19633     46.09500
     0.57600      5.99242     -6.19633     46.09500
     0.57800      5.99242     -6.19633     46.09500
     0.58000      5.99242     -6.19633     46.09500
     0.58200      5.99242     -6.19633     46.09500
     0.58400      5.99242     -6.19633     46.09500
     0.58600      5.99242     -6.19633     46.09500
     0.58800      5.99242     -6.19633     46.09500
     0.59000      5.99242     -6.19633     46.09500
     0.59200      5.99242     -6.19633     46.09500
     0.59400      5.99242     -6.19633     46.09500
     0.59600      5.99242     -6.19633     46.09500
     0.59800      5.99242     -6.19633     46.09500
     0.60000      5.99242     -6.19633     46.09500
     0.60200      5.99242     -6.19633     46.09500
     0.60400      5.99242     -6.19633     46.09500
     0.60600      5.99242     -6.19633     46.09500
     0.60800      5.99242     -6.19633     46.09500
     0.61000      5.99242     -6.19633     46.09500
     0.61200      5.99242     -6.19633     46.09500
     0.61400      5.99242     -6.19633     46.09500
     0.61600      5.99242     -6.19633     46.09500
     0.61800      5.99242     -6.19633     46.09500
     0.62000      5.99242     -6.19633     46.09500
     0.62200      5.99242     -6.19633     46.09500
     0.62400      5.99242     -6.19633     46.09500
     0.62600      5.99242     -6.19633     46.09500
     0.62800      5.99242     -6.19633     46.09500
     0.63000      5.99242     -6.19633     46.09500
     0.63200      5.99242     -6.19633     46.09500
     0.63400      5.99242     -6.19633     46.09500
     0.63600      5.99242     -6.19633     46.09500
     0.63800      5.99242     -6.19633     46.09500
     0.64000      5.99242     -6.19633     46.09500
     0.64200      5.99242     -6.19633     46.09500
     0.64400      5.99242     -6.19633     46.09500
     0.64600      5.99242     -6.19633     46.09500
     0.64800      5.99242     -6.19633     46.09500
     0.65000      5.99242     -6.19633     46.09500
     0.65200      5.99242     -6.19633     46.09500
     0.65400      5.99242     -6.19633     46.09500
     0.65600      5.99242     -6.19633     46.09500
     0.65800      5.99242     -6.19633     46.09500
     0.66000      5.99242     -6.19633     46.09500
     0.66200      5.99242     -6.19633     46.09500
     0.66400      5.99242     -6.19633     46.09500
     0.66600      5.99242     -6.19633     46.09500
     0.66800      5.99242     -6.19633     46.09500
     0.67000      5.99242     -6.19633     46.09500
     0.67200      5.99242     -6.19633     46.09500
     0.67400      5.99242     -6.19633     46.09500
     0.67600      5.99242     -6.19633     46.09500
     0.67800      5.99242     -6.19633     46.09500
     0.68000      5.99242     -6.19633     46.09500
     0.68200      5.99242     -6.19633     46.09500
     0.68400      5.99242     -6.19633     46.09500
     0.68600      5.99242     -6.19633     46.09500
     0.68800      5.99242     -6.19633     46.09500
     0.69000      5.99242     -6.19633     46.09500
     0.69200      5.99242     -6.19633     46.09500
     0.69400      5.99242     -6.19633     46.09500
     0.69600      5.99242     -6.19633     46.09500
     0.69800      5.99242     -6.19633     46.09500
     0.70000      5.99242     -6.19633     46.09500
     0.70200      5.99242     -6.19633     46.09500
     0.70400      5.99242     -6.19633     46.09500
     0.70600      5.99242     -6.19633     46.09500
     0.70800      5.99242     -6.19633     46.09500
     0.71000      5.99242     -6.19633     46.09500
     0.71200      5.99242     -6.19633     46.09500
     0.71400      5.99242     -6.19633     46.09500
     0.71600      5.99242     -6.19633     46.09500
     0.71800      5.99242     -6.19633     46.09500
     0.72000      5.99242     -6.19633     46.09500
     0.72200      5.99242     -6.19633     46.09500
     0.72400      5.99242     -6.19633     46.09500
     0.72600      5.99242     -6.19633     46.09500
     0.72800      5.99242     -6.19633     46.09500
     0.73000      5.99242     -6.19633     46.09500
     0.73200      5.99242     -6.19633     46.09500
     0.73400      5.99242     -6.19633     46.09500
     0.73600      5.99242     -6.19633     46.09500
     0.73800      5.99242     -6.19633     46.09500
     0.74000      5.99242     -6.19633     46.09500
     0.74200      5.99242     -6.19633     46.09500
     0.74400      5.99242     -6.19633     46.09500
     0.74600      5.99242     -6.19633     46.09500
     0.74800      5.99242     -6.19633     46.09500
     0.75000      5.99242     -6.19633     46.09500
     0.75200      5.99242     -6.19633     46.09500
     0.75400      5.99242     -6.19633     46.09500
     0.75600      5.99242     -6.19633     46.09500
     0.75800      5.99242     -6.19633     46.09500
     0.76000      5.99242     -6.19633     46.09500
     0.76200      5.99242     -6.19633     46.09500
     0.76400      5.99242     -6.19633     46.09500
     0.76600      5.99242     -6.19633     46.09500
     0.76800      5.99242     -6.19633     46.09500
     0.77000      5.99242     -6.19633     46.09500
     0.77200      5.99242     -6.19633     46.09500
     0.77400      5.99242     -6.19633     46.09500
     0.77600      5.99242     -6.19633     46.09500
     0.77800      5.99242     -6.19633     46.09500
     0.78000      5.99242     -6.19633     46.09500
     0.78200      5.99242     -6.19633     46.09500
     0.78400      5.99242     -6.19633     46.09500
     0.78600      5.99242     -6.19633     46.09500
     0.78800      5.99242     -6.19633     46.09500
     0.79000      5.99242     -6.19633     46.09500
     0.79200      5.99242     -6.19633     46.09500
     0.79400      5.99242     -6.19633     46.09500
     0.79600      5.99242     -6.19633     46.09500
     0.79800      5.99242     -6.19633     46.09500
     0.80000      5.99242     -6.19633     46.09500
     0.80200      5.99242     -6.19633     46.09500
     0.80400      5.99242     -6.19633     46.09500
     0.80600      5.99242     -6.19633     46.09500
     0.80800      5.99242     -6.19633     46.09500
     0.81000      5.99242     -6.19633     46.09500
     0.81200      5.99242     -6.19633     46.09500
     0.81400      5.99242     -6.19633     46.09500
     0.81600      5.99242     -6.19633     46.09500
     0.81800      5.99242     -6.19633     46.09500
     0.82000      5.99242     -6.19633     46.09500
     0.82200      5.99242     -6.19633     46.09500
     0.82400      5.99242     -6.19633     46.09500
     0.82600      5.99242     -6.19633     46.09500
     0.82800      5.99242     -6.19633     46.09500
     0.83000      5.99242     -6.19633     46.09500
     0.83200      5.99242     -6.19633     46.09500
     0.83400      5.99242     -6.19633     46.09500
     0.83600      5.99242     -6.19633     46.09500
     0.83800      5.99242     -6.19633     46.09500
     0.84000      5.99242     -6.19633     46.09500
     0.84200      5.99242     -6.19633     46.09500
     0.84400      5.99242     -6.19633     46.09500
     0.84600      5.99242     -6.19633     46.09500
     0.84800      5.99242     -6.19633     46.09500
     0.85000      5.99242     -6.19633     46.09500
     0.85200      5.99242     -6.19633     46.09500
     0.85400      5.99242     -6.19633     46.09500
     0.85600      5.99242     -6.19633     46.09500
     0.85800      5.99242     -6.19633     46.09500
     0.86000      5.99242     -6.19633     46.09500
     0.86200      5.99242     -6.19633     46.09500
     0.86400      5.99242     -6.19633     46.09500
     0.86600      5.99242     -6.19633     46.09500
     0.86800      5.99242     -6.19633     46.09500
     0.87000      5.99242     -6.19633     46.09500
     0.87200      5.99242     -6.19633     46.09500
     0.87400      5.99242     -6.19633     46.09500
     0.87600      5.99242     -6.19633     46.09500
     0.87800      5.99242     -6.19633     46.09500
     0.88000      5.99242     -6.19633     46.09500
     0.88200      5.99242     -6.19633     46.09500
     0.88400      5.99242     -6.19633     46.09500
     0.88600      5.99242     -6.19633     46.09500
     0.88800      5.99242     -6.19633     46.09500
     0.89000      5.99242     -6.19633     46.09500
     0.89200      5.99242     -6.19633     46.09500
     0.89400      5.99242     -6.19633     46.09500
     0.89600      5.99242     -6.19633     46.09500
     0.89800      5.99242     -6.19633     46.09500
     0.90000      5.99242     -6.19633     46.09500
     0.90200      5.99242     -6.19633     46.09500
     0.90400      5.99242     -6.19633     46.09500
     0.90600      5.99242     -6.19633     46.09500
     0.90800      5.99242     -6.19633     46.09500
     0.91000      5.99242     -6.19633     46.09500
     0.91200      5.99242     -6.19633     46.09500
     0.91400      5.99242     -6.19633     46.09500
     0.91600      5.99242     -6.19633     46.09500
     0.91800      5.99242     -6.19633     46.09500
     0.92000      5.99242     -6.19633     46.09500
     0.92200      5.99242     -6.19633     46.09500
     0.92400      5.99242     -6.19633     46.09500
     0.92600      5.99242     -6.19633     46.09500
     0.92800      5.99242     -6.19633     46.09500
     0.93000      5.99242     -6.19633     46.09500
     0.93200      5.99242     -6.19633     46.09500
     0.93400      5.99242     -6.19633     46.09500
     0.93600      5.99242     -6.19633     46.09500
     0.93800      5.99242     -6.19633     46.09500
     0.94000      5.99242     -6.19633     46.09500
     0.94200      5.99242     -6.19633     46.09500
     0.94400      5.99242     -6.19633     46.09500
     0.94600      5.99242     -6.19633     46.09500
     0.94800      5.99242     -6.19633     46.09500
     0.95000      5.99242     -6.19633     46.09500
     0.95200      5.99242     -6.19633     46.09500
     0.95400      5.99242     -6.19633     46.09500
     0.95600      5.99242     -6.19633     46.09500
     0.95800      5.99242     -6.19633     46.09500
     0.96000      5.99242     -6.19633     46.09500
     0.96200      5.99242     -6.19633     46.09500
     0.96400      5.99242     -6.19633     46.09500
     0.96600      5.99242     -6.19633     46.09500
     0.96800      5.99242     -6.19633     46.09500
     0.97000      5.99242     -6.19633     46.09500
     0.97200      5.99242     -6.19633     46.09500
     0.97400      5.99242     -6.19633     46.09500
     0.97600      5.99242     -6.19633     46.09500
     0.97800      5.99242     -6.19633     46.09500
     0.98000      5.99242     -6.19633     46.09500
     0.98200      5.99242     -6.19633     46.09500
     0.98400      5.99242     -6.19633     46.09500
     0.98600      5.99242     -6.19633     46.09500
     0.98800      5.99242     -6.19633     46.09500
     0.99000      5.99242     -6.19633     46.09500
     0.99200      5.99242     -6.19633     46.09500
     0.99400      5.99242     -6.19633     46.09500
     0.99600      5.99242     -6.19633     46.09500
     0.99800      5.99242     -6.19633     46.09500
