t =     0.1000
           x          rho            u            p
    -1.00000      1.00000      0.00000      0.01000
    -0.99800      1.00000      0.00000      0.01000
    -0.99600      1.00000      0.00000      0.01000
    -0.99400      1.00000      0.00000      0.01000
    -0.99200      1.00000      0.00000      0.01000
    -0.99000      1.00000      0.00000      0.01000
    -0.98800      1.00000      0.00000      0.01000
    -0.98600      1.00000      0.00000      0.01000
    -0.98400      1.00000      0.00000      0.01000
    -0.98200      1.00000      0.00000      0.01000
    -0.98000      1.00000      0.00000      0.01000
    -0.97800      1.00000      0.00000      0.01000
    -0.97600      1.00000      0.00000      0.01000
    -0.97400      1.00000      0.00000      0.01000
    -0.97200      1.00000      0.00000      0.01000
    -0.97000      1.00000      0.00000      0.01000
    -0.96800      1.00000      0.00000      0.01000
    -0.96600      1.00000      0.00000      0.01000
    -0.96400      1.00000      0.00000      0.01000
    -0.96200      1.00000      0.00000      0.01000
    -0.96000      1.00000      0.00000      0.01000
    -0.95800      1.00000      0.00000      0.01000
    -0.95600      1.00000      0.00000      0.01000
    -0.95400      1.00000      0.00000      0.01000
    -0.95200      1.00000      0.00000      0.01000
    -0.95000      1.00000      0.00000      0.01000
    -0.94800      1.00000      0.00000      0.01000
    -0.94600      1.00000      0.00000      0.01000
    -0.94400      1.00000      0.00000      0.01000
    -0.94200      1.00000      0.00000      0.01000
    -0.94000      1.00000      0.00000      0.01000
    -0.93800      1.00000      0.00000      0.01000
    -0.93600      1.00000      0.00000      0.01000
    -0.93400      1.00000      0.00000      0.01000
    -0.93200      1.00000      0.00000      0.01000
    -0.93000      1.00000      0.00000      0.01000
    -0.92800      1.00000      0.00000      0.01000
    -0.92600      1.00000      0.00000      0.01000
    -0.92400      1.00000      0.00000      0.01000
    -0.92200      1.00000      0.00000      0.01000
    -0.92000      1.00000      0.00000      0.01000
    -0.91800      1.00000      0.00000      0.01000
    -0.91600      1.00000      0.00000      0.01000
    -0.91400      1.00000      0.00000      0.01000
    -0.91200      1.00000      0.00000      0.01000
    -0.91000      1.00000      0.00000      0.01000
    -0.90800      1.00000      0.00000      0.01000
    -0.90600      1.00000      0.00000      0.01000
    -0.90400      1.00000      0.00000      0.01000
    -0.90200      1.00000      0.00000      0.01000
    -0.90000      1.00000      0.00000      0.01000
    -0.89800      1.00000      0.00000      0.01000
    -0.89600      1.00000      0.00000      0.01000
    -0.89400      1.00000      0.00000      0.01000
    -0.89200      1.00000      0.00000      0.01000
    -0.89000      1.00000      0.00000      0.01000
    -0.88800      1.00000      0.00000      0.01000
    -0.88600      1.00000      0.00000      0.01000
    -0.88400      1.00000      0.00000      0.01000
    -0.88200      1.00000      0.00000      0.01000
    -0.88000      1.00000      0.00000      0.01000
    -0.87800      1.00000      0.00000      0.01000
    -0.87600      1.00000      0.00000      0.01000
    -0.87400      1.00000      0.00000      0.01000
    -0.87200      1.00000      0.00000      0.01000
    -0.87000      1.00000      0.00000      0.01000
    -0.86800      1.00000      0.00000      0.01000
    -0.86600      1.00000      0.00000      0.01000
    -0.86400      1.00000      0.00000      0.01000
    -0.86200      1.00000      0.00000      0.01000
    -0.86000      1.00000      0.00000      0.01000
    -0.85800      1.00000      0.00000      0.01000
    -0.85600      1.00000      0.00000      0.01000
    -0.85400      1.00000      0.00000      0.01000
    -0.85200      1.00000      0.00000      0.01000
    -0.85000      1.00000      0.00000      0.01000
    -0.84800      1.00000      0.00000      0.01000
    -0.84600      1.00000      0.00000      0.01000
    -0.84400      1.00000      0.00000      0.01000
    -0.84200      1.00000      0.00000      0.01000
    -0.84000      1.00000      0.00000      0.01000
    -0.83800      1.00000      0.00000      0.01000
    -0.83600      1.00000      0.00000      0.01000
    -0.83400      1.00000      0.00000      0.01000
    -0.83200      1.00000      0.00000      0.01000
    -0.83000      1.00000      0.00000      0.01000
    -0.82800      1.00000      0.00000      0.01000
    -0.82600      1.00000      0.00000      0.01000
    -0.82400      1.00000      0.00000      0.01000
    -0.82200      1.00000      0.00000      0.01000
    -0.82000      1.00000      0.00000      0.01000
    -0.81800      1.00000      0.00000      0.01000
    -0.81600      1.00000      0.00000      0.01000
    -0.81400      1.00000      0.00000      0.01000
    -0.81200      1.00000      0.00000      0.01000
    -0.81000      1.00000      0.00000      0.01000
    -0.80800      1.00000      0.00000      0.01000
    -0.80600      1.00000      0.00000      0.01000
    -0.80400      1.00000      0.00000      0.01000
    -0.80200      1.00000      0.00000      0.01000
    -0.80000      1.00000      0.00000      0.01000
    -0.79800      1.00000      0.00000      0.01000
    -0.79600      1.00000      0.00000      0.01000
    -0.79400      1.00000      0.00000      0.01000
    -0.79200      1.00000      0.00000      0.01000
    -0.79000      1.00000      0.00000      0.01000
    -0.78800      1.00000      0.00000      0.01000
    -0.78600      1.00000      0.00000      0.01000
    -0.78400      1.00000      0.00000      0.01000
    -0.78200      1.00000      0.00000      0.01000
    -0.78000      1.00000      0.00000      0.01000
    -0.77800      1.00000      0.00000      0.01000
    -0.77600      1.00000      0.00000      0.01000
    -0.77400      1.00000      0.00000      0.01000
    -0.77200      1.00000      0.00000      0.01000
    -0.77000      1.00000      0.00000      0.01000
    -0.76800      1.00000      0.00000      0.01000
    -0.76600      1.00000      0.00000      0.01000
    -0.76400      1.00000      0.00000      0.01000
    -0.76200      1.00000     -0.00000      0.01000
    -0.76000      1.00000     -0.00000      0.01000
    -0.75800      1.00000     -0.00000      0.01000
    -0.75600      1.00000     -0.00000      0.01000
    -0.75400      1.00236     -0.00049      0.01006
    -0.75200      1.09677     -0.15397      0.13395
    -0.75000      1.78381     -1.82058      4.24519
    -0.74800      3.23115     -4.05226     17.38016
    -0.74600      4.56083     -5.27735     30.90133
    -0.74400      5.34270     -5.81572     39.14097
    -0.74200      5.71530     -6.04034     43.11949
    -0.74000      5.87727     -6.13265     44.85822
    -0.73800      5.94502     -6.17039     45.58729
    -0.73600      5.97288     -6.18578     45.88777
    -0.73400      5.98422     -6.19205     46.01072
    -0.73200      5.98878     -6.19461     46.06086
    -0.73000      5.99055     -6.19564     46.08126
    -0.72800      5.99116     -6.19607     46.08953
    -0.72600      5.99127     -6.19624     46.09286
    -0.72400      5.99113     -6.19630     46.09419
    -0.72200      5.99086     -6.19633     46.09470
    -0.72000      5.99046     -6.19634     46.09488
    -0.71800      5.98994     -6.19634     46.09492
    -0.71600      5.98928     -6.19634     46.09492
    -0.71400      5.98845     -6.19634     46.09489
    -0.71200      5.98742     -6.19634     46.09485
    -0.71000      5.98613     -6.19633     46.09480
    -0.70800      5.98453     -6.19633     46.09475
    -0.70600      5.98257     -6.19633     46.09469
    -0.70400      5.98016     -6.19633     46.09464
    -0.70200      5.97722     -6.19633     46.09458
    -0.70000      5.97365     -6.19633     46.09453
    -0.69800      5.96934     -6.19633     46.09448
    -0.69600      5.96415     -6.19633     46.09443
    -0.69400      5.95795     -6.19633     46.09439
    -0.69200      5.95056     -6.19633     46.09434
    -0.69000      5.94181     -6.19632     46.09430
    -0.68800      5.93148     -6.19632     46.09427
    -0.68600      5.91937     -6.19632     46.09423
    -0.68400      5.90523     -6.19632     46.09420
    -0.68200      5.88880     -6.19632     46.09418
    -0.68000      5.86981     -6.19632     46.09415
    -0.67800      5.84796     -6.19632     46.09412
    -0.67600      5.82295     -6.19632     46.09410
    -0.67400      5.79446     -6.19632     46.09407
    -0.67200      5.76216     -6.19632     46.09404
    -0.67000      5.72573     -6.19632     46.09401
    -0.66800      5.68484     -6.19632     46.09398
    -0.66600      5.63917     -6.19632     46.09395
    -0.66400      5.58840     -6.19632     46.09392
    -0.66200      5.53224     -6.19632     46.09388
    -0.66000      5.47043     -6.19632     46.09385
    -0.65800      5.40273     -6.19632     46.09382
    -0.65600      5.32893     -6.19632     46.09379
    -0.65400      5.24889     -6.19632     46.09376
    -0.65200      5.16248     -6.19632     46.09373
    -0.65000      5.06966     -6.19632     46.09371
    -0.64800      4.97044     -6.19632     46.09369
    -0.64600      4.86489     -6.19632     46.09366
    -0.64400      4.75316     -6.19632     46.09364
    -0.64200      4.63546     -6.19632     46.09362
    -0.64000      4.51206     -6.19632     46.09361
    -0.63800      4.38333     -6.19632     46.09359
    -0.63600      4.24969     -6.19632     46.09357
    -0.63400      4.11163     -6.19632     46.09356
    -0.63200      3.96968     -6.19632     46.09354
    -0.63000      3.82446     -6.19632     46.09352
    -0.62800      3.67662     -6.19632     46.09350
    -0.62600      3.52683     -6.19632     46.09349
    -0.62400      3.37581     -6.19632     46.09347
    -0.62200      3.22431     -6.19633     46.09345
    -0.62000      3.07305     -6.19633     46.09343
    -0.61800      2.92278     -6.19633     46.09341
    -0.61600      2.77422     -6.19633     46.09340
    -0.61400      2.62807     -6.19633     46.09338
    -0.61200      2.48500     -6.19633     46.09337
    -0.61000      2.34563     -6.19633     46.09335
    -0.60800      2.21053     -6.19633     46.09334
    -0.60600      2.08022     -6.19633     46.09333
    -0.60400      1.95514     -6.19633     46.09332
    -0.60200      1.83568     -6.19634     46.09331
    -0.60000      1.72215     -6.19634     46.09330
    -0.59800      1.61479     -6.19634     46.09329
    -0.59600      1.51376     -6.19634     46.09328
    -0.59400      1.41917     -6.19634     46.09327
    -0.59200      1.33103     -6.19634     46.09326
    -0.59000      1.24933     -6.19634     46.09326
    -0.58800      1.17397     -6.19634     46.09325
    -0.58600      1.10480     -6.19634     46.09325
    -0.58400      1.04164     -6.19634     46.09324
    -0.58200      0.98424     -6.19634     46.09324
    -0.58000      0.93235     -6.19635     46.09323
    -0.57800      0.88567     -6.19635     46.09323
    -0.57600      0.84389     -6.19635     46.09322
    -0.57400      0.80669     -6.19635     46.09322
    -0.57200      0.77373     -6.19635     46.09321
    -0.57000      0.74467     -6.19635     46.09321
    -0.56800      0.71919     -6.19635     46.09320
    -0.56600      0.69695     -6.19635     46.09320
    -0.56400      0.67765     -6.19635     46.09320
    -0.56200      0.66098     -6.19635     46.09319
    -0.56000      0.64665     -6.19636     46.09319
    -0.55800      0.63441     -6.19636     46.09318
    -0.55600      0.62400     -6.19636     46.09318
    -0.55400      0.61519     -6.19636     46.09318
    -0.55200      0.60778     -6.19636     46.09317
    -0.55000      0.60157     -6.19636     46.09317
    -0.54800      0.59641     -6.19636     46.09316
    -0.54600      0.59213     -6.19636     46.09316
    -0.54400      0.58860     -6.19637     46.09315
    -0.54200      0.58571     -6.19637     46.09315
    -0.54000      0.58336     -6.19637     46.09314
    -0.53800      0.58145     -6.19637     46.09314
    -0.53600      0.57991     -6.19637     46.09313
    -0.53400      0.57868     -6.19637     46.09313
    -0.53200      0.57770     -6.19637     46.09312
    -0.53000      0.57693     -6.19637     46.09311
    -0.52800      0.57632     -6.19638     46.09311
    -0.52600      0.57584     -6.19638     46.09310
    -0.52400      0.57547     -6.19638     46.09310
    -0.52200      0.57519     -6.19638     46.09309
    -0.52000      0.57497     -6.19638     46.09309
    -0.51800      0.57481     -6.19638     46.09308
    -0.51600      0.57468     -6.19638     46.09307
    -0.51400      0.57459     -6.19639     46.09307
    -0.51200      0.57453     -6.19639     46.09306
    -0.51000      0.57448     -6.19639     46.09305
    -0.50800      0.57445     -6.19639     46.09305
    -0.50600      0.57443     -6.19639     46.09304
    -0.50400      0.57442     -6.19639     46.09304
    -0.50200      0.57441     -6.19639     46.09303
    -0.50000      0.57441     -6.19640     46.09302
    -0.49800      0.57441     -6.19640     46.09302
    -0.49600      0.57441     -6.19640     46.09301
    -0.49400      0.57442     -6.19640     46.09301
    -0.49200      0.57443     -6.19640     46.09300
    -0.49000      0.57443     -6.19640     46.09300
    -0.48800      0.57444     -6.19640     46.09299
    -0.48600      0.57445     -6.19641     46.09298
    -0.48400      0.57446     -6.19641     46.09298
    -0.48200      0.57447     -6.19641     46.09297
    -0.48000      0.57447     -6.19641     46.09297
    -0.47800      0.57448     -6.19641     46.09296
    -0.47600      0.57449     -6.19641     46.09295
    -0.47400      0.57450     -6.19641     46.09295
    -0.47200      0.57450     -6.19642     46.09294
    -0.47000      0.57451     -6.19642     46.09294
    -0.46800      0.57452     -6.19642     46.09293
    -0.46600      0.57452     -6.19642     46.09292
    -0.46400      0.57453     -6.19642     46.09292
    -0.46200      0.57454     -6.19642     46.09291
    -0.46000      0.57454     -6.19642     46.09290
    -0.45800      0.57455     -6.19643     46.09290
    -0.45600      0.57456     -6.19643     46.09289
    -0.45400      0.57456     -6.19643     46.09289
    -0.45200      0.57457     -6.19643     46.09288
    -0.45000      0.57457     -6.19643     46.09287
    -0.44800      0.57458     -6.19643     46.09286
    -0.44600      0.57458     -6.19643     46.09286
    -0.44400      0.57459     -6.19644     46.09285
    -0.44200      0.57459     -6.19644     46.09284
    -0.44000      0.57460     -6.19644     46.09283
    -0.43800      0.57460     -6.19644     46.09283
    -0.43600      0.57461     -6.19644     46.09282
    -0.43400      0.57461     -6.19644     46.09281
    -0.43200      0.57462     -6.19645     46.09280
    -0.43000      0.57462     -6.19645     46.09279
    -0.42800      0.57463     -6.19645     46.09278
    -0.42600      0.57463     -6.19645     46.09277
    -0.42400      0.57464     -6.19645     46.09276
    -0.42200      0.57464     -6.19646     46.09276
    -0.42000      0.57464     -6.19646     46.09275
    -0.41800      0.57465     -6.19646     46.09274
    -0.41600      0.57465     -6.19646     46.09273
    -0.41400      0.57466     -6.19646     46.09272
    -0.41200      0.57466     -6.19647     46.09271
    -0.41000      0.57466     -6.19647     46.09270
    -0.40800      0.57467     -6.19647     46.09269
    -0.40600      0.57467     -6.19647     46.09267
    -0.40400      0.57467     -6.19647     46.09266
    -0.40200      0.57468     -6.19648     46.09265
    -0.40000      0.57468     -6.19648     46.09264
    -0.39800      0.57468     -6.19648     46.09263
    -0.39600      0.57469     -6.19648     46.09262
    -0.39400      0.57469     -6.19648     46.09261
    -0.39200      0.57469     -6.19649     46.09260
    -0.39000      0.57470     -6.19649     46.09259
    -0.38800      0.57470     -6.19649     46.09258
    -0.38600      0.57470     -6.19649     46.09257
    -0.38400      0.57471     -6.19650     46.09256
    -0.38200      0.57471     -6.19650     46.09254
    -0.38000      0.57471     -6.19650     46.09253
    -0.37800      0.57471     -6.19650     46.09252
    -0.37600      0.57472     -6.19650     46.09251
    -0.37400      0.57472     -6.19651     46.09250
    -0.37200      0.57472     -6.19651     46.09249
    -0.37000      0.57472     -6.19651     46.09248
    -0.36800      0.57473     -6.19651     46.09247
    -0.36600      0.57473     -6.19652     46.09245
    -0.36400      0.57473     -6.19652     46.09244
    -0.36200      0.57473     -6.19652     46.09243
    -0.36000      0.57474     -6.19652     46.09242
    -0.35800      0.57474     -6.19652     46.09241
    -0.35600      0.57474     -6.19653     46.09240
    -0.35400      0.57474     -6.19653     46.09238
    -0.35200      0.57475     -6.19653     46.09237
    -0.35000      0.57475     -6.19653     46.09236
    -0.34800      0.57475     -6.19654     46.09235
    -0.34600      0.57475     -6.19654     46.09233
    -0.34400      0.57476     -6.19654     46.09232
    -0.34200      0.57476     -6.19654     46.09231
    -0.34000      0.57476     -6.19655     46.09230
    -0.33800      0.57476     -6.19655     46.09228
    -0.33600      0.57476     -6.19655     46.09227
    -0.33400      0.57477     -6.19655     46.09225
    -0.33200      0.57477     -6.19656     46.09224
    -0.33000      0.57477     -6.19656     46.09223
    -0.32800      0.57477     -6.19656     46.09221
    -0.32600      0.57477     -6.19656     46.09220
    -0.32400      0.57477     -6.19657     46.09218
    -0.32200      0.57478     -6.19657     46.09217
    -0.32000      0.57478     -6.19657     46.09215
    -0.31800      0.57478     -6.19658     46.09213
    -0.31600      0.57478     -6.19658     46.09212
    -0.31400      0.57478     -6.19658     46.09210
    -0.31200      0.57479     -6.19659     46.09208
    -0.31000      0.57479     -6.19659     46.09207
    -0.30800      0.57479     -6.19659     46.09205
    -0.30600      0.57479     -6.19659     46.09203
    -0.30400      0.57479     -6.19660     46.09202
    -0.30200      0.57479     -6.19660     46.09200
    -0.30000      0.57479     -6.19660     46.09198
    -0.29800      0.57480     -6.19661     46.09196
    -0.29600      0.57480     -6.19661     46.09194
    -0.29400      0.57480     -6.19661     46.09192
    -0.29200      0.57480     -6.19662     46.09190
    -0.29000      0.57480     -6.19662     46.09188
    -0.28800      0.57480     -6.19663     46.09186
    -0.28600      0.57480     -6.19663     46.09184
    -0.28400      0.57481     -6.19663     46.09182
    -0.28200      0.57481     -6.19664     46.09180
    -0.28000      0.57481     -6.19664     46.09178
    -0.27800      0.57481     -6.19664     46.09176
    -0.27600      0.57481     -6.19665     46.09174
    -0.27400      0.57481     -6.19665     46.09172
    -0.27200      0.57481     -6.19665     46.09170
    -0.27000      0.57481     -6.19666     46.09168
    -0.26800      0.57482     -6.19666     46.09166
    -0.26600      0.57482     -6.19667     46.09164
    -0.26400      0.57482     -6.19667     46.09162
    -0.26200      0.57482     -6.19667     46.09159
    -0.26000      0.57482     -6.19668     46.09157
    -0.25800      0.57482     -6.19668     46.09155
    -0.25600      0.57482     -6.19669     46.09153
    -0.25400      0.57482     -6.19669     46.09151
    -0.25200      0.57483     -6.19669     46.09148
    -0.25000      0.57483     -6.19670     46.09146
    -0.24800      0.57483     -6.19670     46.09144
    -0.24600      0.57483     -6.19671     46.09141
    -0.24400      0.57483     -6.19671     46.09139
    -0.24200      0.57483     -6.19671     46.09137
    -0.24000      0.57483     -6.19672     46.09134
    -0.23800      0.57483     -6.19672     46.09132
    -0.23600      0.57483     -6.19673     46.09129
    -0.23400      0.57483     -6.19673     46.09127
    -0.23200      0.57484     -6.19674     46.09124
    -0.23000      0.57484     -6.19674     46.09122
    -0.22800      0.57484     -6.19674     46.09119
    -0.22600      0.57484     -6.19675     46.09117
    -0.22400      0.57484     -6.19675     46.09114
    -0.22200      0.57484     -6.19676     46.09111
    -0.22000      0.57484     -6.19676     46.09108
    -0.21800      0.57484     -6.19677     46.09106
    -0.21600      0.57484     -6.19677     46.09103
    -0.21400      0.57484     -6.19678     46.09100
    -0.21200      0.57484     -6.19678     46.09097
    -0.21000      0.57484     -6.19679     46.09094
    -0.20800      0.57485     -6.19679     46.09091
    -0.20600      0.57485     -6.19680     46.09088
    -0.20400      0.57485     -6.19681     46.09085
    -0.20200      0.57485     -6.19681     46.09081
    -0.20000      0.57485     -6.19682     46.09078
    -0.19800      0.57485     -6.19682     46.09075
    -0.19600      0.57485     -6.19683     46.09072
    -0.19400      0.57485     -6.19683     46.09068
    -0.19200      0.57485     -6.19684     46.09065
    -0.19000      0.57485     -6.19685     46.09061
    -0.18800      0.57485     -6.19685     46.09058
    -0.18600      0.57485     -6.19686     46.09054
    -0.18400      0.57485     -6.19686     46.09050
    -0.18200      0.57485     -6.19687     46.09047
    -0.18000      0.57485     -6.19688     46.09043
    -0.17800      0.57486     -6.19688     46.09039
    -0.17600      0.57486     -6.19689     46.09035
    -0.17400      0.57486     -6.19690     46.09032
    -0.17200      0.57486     -6.19690     46.09028
    -0.17000      0.57486     -6.19691     46.09024
    -0.16800      0.57486     -6.19692     46.09020
    -0.16600      0.57486     -6.19692     46.09016
    -0.16400      0.57486     -6.19693     46.09012
    -0.16200      0.57486     -6.19694     46.09007
    -0.16000      0.57486     -6.19694     46.09003
    -0.15800      0.57486     -6.19695     46.08999
    -0.15600      0.57486     -6.19696     46.08995
    -0.15400      0.57486     -6.19697     46.08990
    -0.15200      0.57486     -6.19697     46.08986
    -0.15000      0.57486     -6.19698     46.08982
    -0.14800      0.57486     -6.19699     46.08977
    -0.14600      0.57486     -6.19700     46.08973
    -0.14400      0.57486     -6.19700     46.08968
    -0.14200      0.57486     -6.19701     46.08964
    -0.14000      0.57486     -6.19702     46.08959
    -0.13800      0.57486     -6.19703     46.08954
    -0.13600      0.57486     -6.19704     46.08949
    -0.13400      0.57487     -6.19704     46.08945
    -0.13200      0.57487     -6.19705     46.08940
    -0.13000      0.57487     -6.19706     46.08935
    -0.12800      0.57487     -6.19707     46.08930
    -0.12600      0.57487     -6.19708     46.08925
    -0.12400      0.57487     -6.19709     46.08919
    -0.12200      0.57487     -6.19710     46.08914
    -0.12000      0.57487     -6.19710     46.08909
    -0.11800      0.57487     -6.19711     46.08903
    -0.11600      0.57487     -6.19712     46.08898
    -0.11400      0.57487     -6.19713     46.08892
    -0.11200      0.57487     -6.19714     46.08887
    -0.11000      0.57487     -6.19715     46.08881
    -0.10800      0.57487     -6.19716     46.08875
    -0.10600      0.57487     -6.19717     46.08869
    -0.10400      0.57487     -6.19718     46.08863
    -0.10200      0.57487     -6.19719     46.08857
    -0.10000      0.57487     -6.19720     46.08851
    -0.09800      0.57487     -6.19721     46.08845
    -0.09600      0.57487     -6.19722     46.08838
    -0.09400      0.57487     -6.19723     46.08832
    -0.09200      0.57487     -6.19725     46.08825
    -0.09000      0.57487     -6.19726     46.08818
    -0.08800      0.57487     -6.19727     46.08811
    -0.08600      0.57487     -6.19728     46.08804
    -0.08400      0.57487     -6.19729     46.08797
    -0.08200      0.57487     -6.19730     46.08790
    -0.08000      0.57487     -6.19732     46.08783
    -0.07800      0.57487     -6.19733     46.08775
    -0.07600      0.57487     -6.19734     46.08768
    -0.07400      0.57487     -6.19735     46.08760
    -0.07200      0.57487     -6.19737     46.08753
    -0.07000      0.57487     -6.19738     46.08745
    -0.06800      0.57487     -6.19739     46.08737
    -0.06600      0.57487     -6.19741     46.08729
    -0.06400      0.57487     -6.19742     46.08721
    -0.06200      0.57487     -6.19743     46.08712
    -0.06000      0.57487     -6.19745     46.08704
    -0.05800      0.57487     -6.19746     46.08695
    -0.05600      0.57487     -6.19748     46.08687
    -0.05400      0.57487     -6.19749     46.08678
    -0.05200      0.57487     -6.19751     46.08669
    -0.05000      0.57487     -6.19752     46.08660
    -0.04800      0.57487     -6.19754     46.08651
    -0.04600      0.57487     -6.19755     46.08642
    -0.04400      0.57487     -6.19757     46.08632
    -0.04200      0.57487     -6.19758     46.08623
    -0.04000      0.57487     -6.19760     46.08613
    -0.03800      0.57487     -6.19762     46.08603
    -0.03600      0.57487     -6.19763     46.08594
    -0.03400      0.57486     -6.19765     46.08583
    -0.03200      0.57486     -6.19767     46.08573
    -0.03000      0.57486     -6.19768     46.08563
    -0.02800      0.57486     -6.19770     46.08552
    -0.02600      0.57486     -6.19772     46.08542
    -0.02400      0.57486     -6.19774     46.08531
    -0.02200      0.57486     -6.19775     46.08520
    -0.02000      0.57486     -6.19777     46.08509
    -0.01800      0.57486     -6.19779     46.08498
    -0.01600      0.57486     -6.19781     46.08486
    -0.01400      0.57486     -6.19783     46.08474
    -0.01200      0.57486     -6.19785     46.08463
    -0.01000      0.57486     -6.19787     46.08450
    -0.00800      0.57486     -6.19789     46.08438
    -0.00600      0.57486     -6.19791     46.08426
    -0.00400      0.57486     -6.19793     46.08413
    -0.00200      0.57486     -6.19795     46.08400
     0.00000      0.57486     -6.19798     46.08387
     0.00200      0.57486     -6.19800     46.08374
     0.00400      0.57485     -6.19802     46.08360
     0.00600      0.57485     -6.19804     46.08347
     0.00800      0.57485     -6.19807     46.08333
     0.01000      0.57485     -6.19809     46.08318
     0.01200      0.57485     -6.19811     46.08304
     0.01400      0.57485     -6.19814     46.08289
     0.01600      0.57485     -6.19816     46.08274
     0.01800      0.57485     -6.19819     46.08259
     0.02000      0.57485     -6.19821     46.08244
     0.02200      0.57485     -6.19824     46.08228
     0.02400      0.57485     -6.19827     46.08212
     0.02600      0.57484     -6.19829     46.08196
     0.02800      0.57484     -6.19832     46.08179
     0.03000      0.57484     -6.19835     46.08162
     0.03200      0.57484     -6.19838     46.08145
     0.03400      0.57484     -6.19841     46.08128
     0.03600      0.57484     -6.19843     46.08110
     0.03800      0.57484     -6.19846     46.08092
     0.04000      0.57484     -6.19849     46.08074
     0.04200      0.57484     -6.19853     46.08055
     0.04400      0.57483     -6.19856     46.08036
     0.04600      0.57483     -6.19859     46.08017
     0.04800      0.57483     -6.19862     46.07997
     0.05000      0.57483     -6.19865     46.07977
     0.05200      0.57483     -6.19869     46.07957
     0.05400      0.57483     -6.19872     46.07937
     0.05600      0.57483     -6.19876     46.07916
     0.05800      0.57482     -6.19879     46.07894
     0.06000      0.57482     -6.19883     46.07873
     0.06200      0.57482     -6.19886     46.07851
     0.06400      0.57482     -6.19890     46.07828
     0.06600      0.57482     -6.19894     46.07806
     0.06800      0.57482     -6.19898     46.07783
     0.07000      0.57481     -6.19901     46.07759
     0.07200      0.57481     -6.19905     46.07735
     0.07400      0.57481     -6.19909     46.07711
     0.07600      0.57481     -6.19913     46.07686
     0.07800      0.57481     -6.19918     46.07661
     0.08000      0.57481     -6.19922     46.07635
     0.08200      0.57480     -6.19926     46.07609
     0.08400      0.57480     -6.19931     46.07583
     0.08600      0.57480     -6.19935     46.07556
     0.08800      0.57480     -6.19940     46.07528
     0.09000      0.57480     -6.19944     46.07500
     0.09200      0.57479     -6.19949     46.07472
     0.09400      0.57479     -6.19954     46.07443
     0.09600      0.57479     -6.19958     46.07413
     0.09800      0.57479     -6.19963     46.07383
     0.10000      0.57478     -6.19968     46.07353
     0.10200      0.57478     -6.19974     46.07322
     0.10400      0.57478     -6.19979     46.07290
     0.10600      0.57478     -6.19984     46.07258
     0.10800      0.57477     -6.19989     46.07225
     0.11000      0.57477     -6.19995     46.07192
     0.11200      0.57477     -6.20001     46.07157
     0.11400      0.57477     -6.20006     46.07123
     0.11600      0.57476     -6.20012     46.07087
     0.11800      0.57476     -6.20018     46.07051
     0.12000      0.57476     -6.20024     46.07014
     0.12200      0.57475     -6.20030     46.06977
     0.12400      0.57475     -6.20037     46.06939
     0.12600      0.57475     -6.20043     46.06900
     0.12800      0.57475     -6.20050     46.06860
     0.13000      0.57474     -6.20056     46.06820
     0.13200      0.57474     -6.20063     46.06778
     0.13400      0.57474     -6.20070     46.06736
     0.13600      0.57473     -6.20077     46.06693
     0.13800      0.57473     -6.20084     46.06650
     0.14000      0.57472     -6.20092     46.06605
     0.14200      0.57472     -6.20099     46.06559
     0.14400      0.57472     -6.20107     46.06513
     0.14600      0.57471     -6.20115     46.06466
     0.14800      0.57471     -6.20123     46.06417
     0.15000      0.57470     -6.20131     46.06368
     0.15200      0.57470     -6.20139     46.06318
     0.15400      0.57470     -6.20147     46.06267
     0.15600      0.57469     -6.20156     46.06214
     0.15800      0.57469     -6.20165     46.06161
     0.16000      0.57468     -6.20174     46.06106
     0.16200      0.57468     -6.20183     46.06051
     0.16400      0.57467     -6.20192     46.05994
     0.16600      0.57467     -6.20202     46.05936
     0.16800      0.57466     -6.20211     46.05877
     0.17000      0.57466     -6.20221     46.05817
     0.17200      0.57465     -6.20232     46.05755
     0.17400      0.57465     -6.20242     46.05692
     0.17600      0.57464     -6.20252     46.05628
     0.17800      0.57464     -6.20263     46.05562
     0.18000      0.57463     -6.20274     46.05495
     0.18200      0.57463     -6.20286     46.05427
     0.18400      0.57462     -6.20297     46.05357
     0.18600      0.57461     -6.20309     46.05286
     0.18800      0.57461     -6.20321     46.05213
     0.19000      0.57460     -6.20333     46.05138
     0.19200      0.57459     -6.20346     46.05062
     0.19400      0.57459     -6.20358     46.04984
     0.19600      0.57458     -6.20371     46.04905
     0.19800      0.57457     -6.20385     46.04824
     0.20000      0.57457     -6.20398     46.04741
     0.20200      0.57456     -6.20412     46.04656
     0.20400      0.57455     -6.20427     46.04569
     0.20600      0.57454     -6.20441     46.04480
     0.20800      0.57454     -6.20456     46.04389
     0.21000      0.57453     -6.20472     46.04296
     0.21200      0.57452     -6.20487     46.04201
     0.21400      0.57451     -6.20503     46.04104
     0.21600      0.57450     -6.20520     46.04004
     0.21800      0.57450     -6.20536     46.03902
     0.22000      0.57449     -6.20554     46.03798
     0.22200      0.57448     -6.20571     46.03691
     0.22400      0.57447     -6.20589     46.03582
     0.22600      0.57446     -6.20607     46.03470
     0.22800      0.57445     -6.20626     46.03355
     0.23000      0.57444     -6.20646     46.03238
     0.23200      0.57443     -6.20665     46.03117
     0.23400      0.57442     -6.20686     46.02994
     0.23600      0.57441     -6.20707     46.02868
     0.23800      0.57439     -6.20728     46.02738
     0.24000      0.57438     -6.20750     46.02605
     0.24200      0.57437     -6.20772     46.02469
     0.24400      0.57436     -6.20795     46.02329
     0.24600      0.57435     -6.20819     46.02186
     0.24800      0.57433     -6.20843     46.02039
     0.25000      0.57432     -6.20868     46.01888
     0.25200      0.57431     -6.20893     46.01733
     0.25400      0.57429     -6.20919     46.01574
     0.25600      0.57428     -6.20946     46.01411
     0.25800      0.57426     -6.20974     46.01243
     0.26000      0.57425     -6.21002     46.01071
     0.26200      0.57423     -6.21031     46.00894
     0.26400      0.57422     -6.21061     46.00712
     0.26600      0.57420     -6.21092     46.00525
     0.26800      0.57418     -6.21124     46.00333
     0.27000      0.57417     -6.21156     46.00135
     0.27200      0.57415     -6.21190     45.99932
     0.27400      0.57413     -6.21224     45.99722
     0.27600      0.57411     -6.21259     45.99507
     0.27800      0.57409     -6.21296     45.99285
     0.28000      0.57407     -6.21334     45.99056
     0.28200      0.57405     -6.21372     45.98820
     0.28400      0.57403     -6.21412     45.98577
     0.28600      0.57401     -6.21454     45.98326
     0.28800      0.57398     -6.21496     45.98068
     0.29000      0.57396     -6.21540     45.97801
     0.29200      0.57394     -6.21585     45.97526
     0.29400      0.57391     -6.21632     45.97241
     0.29600      0.57388     -6.21681     45.96947
     0.29800      0.57386     -6.21731     45.96643
     0.30000      0.57383     -6.21783     45.96328
     0.30200      0.57380     -6.21836     45.96003
     0.30400      0.57377     -6.21892     45.95665
     0.30600      0.57374     -6.21949     45.95316
     0.30800      0.57371     -6.22009     45.94953
     0.31000      0.57367     -6.22071     45.94577
     0.31200      0.57364     -6.22135     45.94186
     0.31400      0.57360     -6.22202     45.93780
     0.31600      0.57357     -6.22272     45.93358
     0.31800      0.57353     -6.22344     45.92918
     0.32000      0.57349     -6.22419     45.92460
     0.32200      0.57344     -6.22498     45.91983
     0.32400      0.57340     -6.22580     45.91485
     0.32600      0.57335     -6.22666     45.90965
     0.32800      0.57331     -6.22755     45.90421
     0.33000      0.57326     -6.22849     45.89853
     0.33200      0.57320     -6.22947     45.89259
     0.33400      0.57315     -6.23049     45.88638
     0.33600      0.57309     -6.23156     45.87988
     0.33800      0.57303     -6.23268     45.87310
     0.34000      0.57297     -6.23385     45.86601
     0.34200      0.57290     -6.23507     45.85861
     0.34400      0.57283     -6.23634     45.85091
     0.34600      0.57276     -6.23766     45.84292
     0.34800      0.57269     -6.23903     45.83463
     0.35000      0.57261     -6.24044     45.82609
     0.35200      0.57253     -6.24188     45.81732
     0.35400      0.57245     -6.24336     45.80837
     0.35600      0.57237     -6.24486     45.79929
     0.35800      0.57229     -6.24636     45.79018
     0.36000      0.57221     -6.24786     45.78111
     0.36200      0.57213     -6.24933     45.77220
     0.36400      0.57205     -6.25076     45.76358
     0.36600      0.57198     -6.25211     45.75540
     0.36800      0.57191     -6.25336     45.74783
     0.37000      0.57185     -6.25448     45.74104
     0.37200      0.57180     -6.25544     45.73524
     0.37400      0.57176     -6.25620     45.73064
     0.37600      0.57173     -6.25673     45.72746
     0.37800      0.57172     -6.25698     45.72591
     0.38000      0.57172     -6.25693     45.72622
     0.38200      0.57174     -6.25654     45.72860
     0.38400      0.57179     -6.25576     45.73328
     0.38600      0.57185     -6.25458     45.74043
     0.38800      0.57194     -6.25296     45.75025
     0.39000      0.57205     -6.25087     45.76288
     0.39200      0.57219     -6.24830     45.77847
     0.39400      0.57236     -6.24522     45.79712
     0.39600      0.57255     -6.24162     45.81892
     0.39800      0.57278     -6.23750     45.84393
     0.40000      0.57303     -6.23284     45.87218
     0.40200      0.57331     -6.22765     45.90369
     0.40400      0.57362     -6.22192     45.93844
     0.40600      0.57396     -6.21568     45.97639
     0.40800      0.57432     -6.20892     46.01750
     0.41000      0.57472     -6.20165     46.06170
     0.41200      0.57514     -6.19390     46.10891
     0.41400      0.57559     -6.18568     46.15903
     0.41600      0.57606     -6.17700     46.21198
     0.41800      0.57655     -6.16789     46.26763
     0.42000      0.57707     -6.15836     46.32589
     0.42200      0.57761     -6.14844     46.38665
     0.42400      0.57817     -6.13814     46.44978
     0.42600      0.57876     -6.12748     46.51517
     0.42800      0.57936     -6.11648     46.58272
     0.43000      0.57997     -6.10517     46.65232
     0.43200      0.58061     -6.09355     46.72386
     0.43400      0.58126     -6.08166     46.79725
     0.43600      0.58193     -6.06949     46.87237
     0.43800      0.58261     -6.05708     46.94914
     0.44000      0.58330     -6.04443     47.02748
     0.44200      0.58401     -6.03156     47.10729
     0.44400      0.58473     -6.01848     47.18849
     0.44600      0.58546     -6.00522     47.27102
     0.44800      0.58620     -5.99177     47.35480
     0.45000      0.58695     -5.97815     47.43977
     0.45200      0.58771     -5.96437     47.52586
     0.45400      0.58848     -5.95045     47.61301
     0.45600      0.58926     -5.93638     47.70118
     0.45800      0.59005     -5.92219     47.79030
     0.46000      0.59084     -5.90787     47.88034
     0.46200      0.59164     -5.89344     47.97124
     0.46400      0.59245     -5.87890     48.06297
     0.46600      0.59327     -5.86426     48.15549
     0.46800      0.59409     -5.84952     48.24876
     0.47000      0.59492     -5.83470     48.34275
     0.47200      0.59575     -5.81979     48.43742
     0.47400      0.59659     -5.80481     48.53276
     0.47600      0.59743     -5.78975     48.62872
     0.47800      0.59828     -5.77462     48.72529
     0.48000      0.59913     -5.75943     48.82244
     0.48200      0.59998     -5.74417     48.92016
     0.48400      0.60084     -5.72886     49.01841
     0.48600      0.60171     -5.71349     49.11718
     0.48800      0.60258     -5.69807     49.21646
     0.49000      0.60345     -5.68260     49.31622
     0.49200      0.60433     -5.66709     49.41645
     0.49400      0.60521     -5.65153     49.51714
     0.49600      0.60609     -5.63593     49.61827
     0.49800      0.60698     -5.62030     49.71983
     0.50000      0.60787     -5.60462     49.82180
     0.50200      0.60876     -5.58891     49.92419
     0.50400      0.60965     -5.57317     50.02696
     0.50600      0.61055     -5.55740     50.13013
     0.50800      0.61145     -5.54159     50.23367
     0.51000      0.61236     -5.52576     50.33758
     0.51200      0.61326     -5.50991     50.44185
     0.51400      0.61417     -5.49402     50.54648
     0.51600      0.61508     -5.47812     50.65145
     0.51800      0.61599     -5.46219     50.75676
     0.52000      0.61691     -5.44623     50.86240
     0.52200      0.61783     -5.43026     50.96837
     0.52400      0.61875     -5.41427     51.07466
     0.52600      0.61967     -5.39826     51.18126
     0.52800      0.62060     -5.38223     51.28818
     0.53000      0.62152     -5.36618     51.39540
     0.53200      0.62245     -5.35012     51.50292
     0.53400      0.62338     -5.33404     51.61075
     0.53600      0.62432     -5.31794     51.71886
     0.53800      0.62525     -5.30183     51.82727
     0.54000      0.62619     -5.28571     51.93597
     0.54200      0.62713     -5.26958     52.04494
     0.54400      0.62807     -5.25343     52.15420
     0.54600      0.62901     -5.23727     52.26374
     0.54800      0.62995     -5.22110     52.37355
     0.55000      0.63090     -5.20492     52.48363
     0.55200      0.63185     -5.18872     52.59399
     0.55400      0.63280     -5.17252     52.70461
     0.55600      0.63375     -5.15631     52.81549
     0.55800      0.63470     -5.14009     52.92664
     0.56000      0.63565     -5.12386     53.03805
     0.56200      0.63661     -5.10762     53.14972
     0.56400      0.63757     -5.09137     53.26165
     0.56600      0.63853     -5.07512     53.37383
     0.56800      0.63949     -5.05886     53.48627
     0.57000      0.64045     -5.04259     53.59896
     0.57200      0.64141     -5.02631     53.71191
     0.57400      0.64238     -5.01003     53.82510
     0.57600      0.64335     -4.99374     53.93854
     0.57800      0.64432     -4.97744     54.05223
     0.58000      0.64529     -4.96114     54.16617
     0.58200      0.64626     -4.94483     54.28035
     0.58400      0.64723     -4.92852     54.39478
     0.58600      0.64820     -4.91220     54.50945
     0.58800      0.64918     -4.89588     54.62437
     0.59000      0.65016     -4.87955     54.73952
     0.59200      0.65114     -4.86322     54.85492
     0.59400      0.65212     -4.84688     54.97056
     0.59600      0.65310     -4.83054     55.08643
     0.59800      0.65408     -4.81420     55.20255
     0.60000      0.65507     -4.79785     55.31890
     0.60200      0.65605     -4.78150     55.43550
     0.60400      0.65704     -4.76514     55.55233
     0.60600      0.65803     -4.74878     55.66939
     0.60800      0.65902     -4.73241     55.78669
     0.61000      0.66001     -4.71605     55.90423
     0.61200      0.66101     -4.69968     56.02200
     0.61400      0.66200     -4.68330     56.14001
     0.61600      0.66300     -4.66693     56.25826
     0.61800      0.66400     -4.65055     56.37673
     0.62000      0.66499     -4.63416     56.49544
     0.62200      0.66599     -4.61778     56.61439
     0.62400      0.66700     -4.60139     56.73356
     0.62600      0.66800     -4.58500     56.85297
     0.62800      0.66900     -4.56861     56.97261
     0.63000      0.67001     -4.55222     57.09249
     0.63200      0.67101     -4.53582     57.21260
     0.63400      0.67202     -4.51942     57.33293
     0.63600      0.67303     -4.50302     57.45351
     0.63800      0.67404     -4.48662     57.57431
     0.64000      0.67506     -4.47021     57.69534
     0.64200      0.67607     -4.45381     57.81661
     0.64400      0.67708     -4.43740     57.93810
     0.64600      0.67810     -4.42099     58.05983
     0.64800      0.67912     -4.40458     58.18179
     0.65000      0.68014     -4.38816     58.30398
     0.65200      0.68116     -4.37175     58.42640
     0.65400      0.68218     -4.35533     58.54905
     0.65600      0.68320     -4.33892     58.67193
     0.65800      0.68422     -4.32250     58.79504
     0.66000      0.68525     -4.30608     58.91838
     0.66200      0.68628     -4.28966     59.04196
     0.66400      0.68730     -4.27324     59.16576
     0.66600      0.68833     -4.25681     59.28980
     0.66800      0.68936     -4.24039     59.41406
     0.67000      0.69040     -4.22397     59.53856
     0.67200      0.69143     -4.20754     59.66328
     0.67400      0.69246     -4.19111     59.78824
     0.67600      0.69350     -4.17469     59.91343
     0.67800      0.69454     -4.15826     60.03885
     0.68000      0.69557     -4.14183     60.16450
     0.68200      0.69661     -4.12540     60.29038
     0.68400      0.69766     -4.10897     60.41649
     0.68600      0.69870     -4.09254     60.54283
     0.68800      0.69974     -4.07610     60.66940
     0.69000      0.70079     -4.05967     60.79621
     0.69200      0.70183     -4.04324     60.92324
     0.69400      0.70288     -4.02681     61.05051
     0.69600      0.70393     -4.01037     61.17800
     0.69800      0.70498     -3.99394     61.30573
     0.70000      0.70603     -3.97750     61.43369
     0.70200      0.70708     -3.96107     61.56189
     0.70400      0.70813     -3.94463     61.69031
     0.70600      0.70919     -3.92820     61.81897
     0.70800      0.71025     -3.91176     61.94785
     0.71000      0.71130     -3.89533     62.07697
     0.71200      0.71236     -3.87889     62.20633
     0.71400      0.71342     -3.86245     62.33591
     0.71600      0.71448     -3.84602     62.46573
     0.71800      0.71555     -3.82958     62.59578
     0.72000      0.71661     -3.81314     62.72606
     0.72200      0.71767     -3.79671     62.85657
     0.72400      0.71874     -3.78027     62.98732
     0.72600      0.71981     -3.76383     63.11830
     0.72800      0.72088     -3.74740     63.24952
     0.73000      0.72195     -3.73096     63.38096
     0.73200      0.72302     -3.71452     63.51265
     0.73400      0.72409     -3.69809     63.64456
     0.73600      0.72517     -3.68165     63.77671
     0.73800      0.72624     -3.66522     63.90909
     0.74000      0.72732     -3.64878     64.04171
     0.74200      0.72839     -3.63234     64.17456
     0.74400      0.72947     -3.61591     64.30764
     0.74600      0.73055     -3.59947     64.44096
     0.74800      0.73164     -3.58304     64.57452
     0.75000      0.73272     -3.56660     64.70831
     0.75200      0.73380     -3.55017     64.84233
     0.75400      0.73489     -3.53373     64.97659
     0.75600      0.73597     -3.51730     65.11108
     0.75800      0.73706     -3.50087     65.24581
     0.76000      0.73815     -3.48443     65.38078
     0.76200      0.73924     -3.46800     65.51598
     0.76400      0.74033     -3.45157     65.65141
     0.76600      0.74143     -3.43514     65.78709
     0.76800      0.74252     -3.41871     65.92300
     0.77000      0.74362     -3.40228     66.05914
     0.77200      0.74471     -3.38584     66.19552
     0.77400      0.74581     -3.36942     66.33214
     0.77600      0.74691     -3.35299     66.46899
     0.77800      0.74801     -3.33656     66.60609
     0.78000      0.74911     -3.32013     66.74341
     0.78200      0.75021     -3.30370     66.88098
     0.78400      0.75132     -3.28728     67.01878
     0.78600      0.75242     -3.27085     67.15682
     0.78800      0.75353     -3.25443     67.29510
     0.79000      0.75464     -3.23800     67.43362
     0.79200      0.75575     -3.22158     67.57237
     0.79400      0.75686     -3.20515     67.71136
     0.79600      0.75797     -3.18873     67.85059
     0.79800      0.75908     -3.17231     67.99006
     0.80000      0.76020     -3.15589     68.12977
     0.80200      0.76131     -3.13947     68.26971
     0.80400      0.76243     -3.12305     68.40989
     0.80600      0.76355     -3.10663     68.55032
     0.80800      0.76467     -3.09022     68.69098
     0.81000      0.76579     -3.07380     68.83188
     0.81200      0.76691     -3.05739     68.97302
     0.81400      0.76803     -3.04097     69.11440
     0.81600      0.76915     -3.02456     69.25601
     0.81800      0.77028     -3.00815     69.39787
     0.82000      0.77141     -2.99174     69.53997
     0.82200      0.77253     -2.97533     69.68230
     0.82400      0.77366     -2.95892     69.82488
     0.82600      0.77479     -2.94251     69.96770
     0.82800      0.77592     -2.92610     70.11075
     0.83000      0.77706     -2.90970     70.25405
     0.83200      0.77819     -2.89330     70.39759
     0.83400      0.77933     -2.87689     70.54136
     0.83600      0.78046     -2.86049     70.68538
     0.83800      0.78160     -2.84409     70.82964
     0.84000      0.78274     -2.82769     70.97414
     0.84200      0.78388     -2.81129     71.11888
     0.84400      0.78502     -2.79490     71.26386
     0.84600      0.78616     -2.77850     71.40908
     0.84800      0.78731     -2.76211     71.55454
     0.85000      0.78845     -2.74572     71.70024
     0.85200      0.78960     -2.72933     71.84618
     0.85400      0.79075     -2.71294     71.99236
     0.85600      0.79190     -2.69655     72.13879
     0.85800      0.79305     -2.68017     72.28545
     0.86000      0.79420     -2.66378     72.43236
     0.86200      0.79535     -2.64740     72.57950
     0.86400      0.79650     -2.63102     72.72689
     0.86600      0.79766     -2.61464     72.87452
     0.86800      0.79881     -2.59827     73.02239
     0.87000      0.79997     -2.58189     73.17050
     0.87200      0.80113     -2.56552     73.31885
     0.87400      0.80229     -2.54915     73.46744
     0.87600      0.80345     -2.53278     73.61627
     0.87800      0.80461     -2.51641     73.76534
     0.88000      0.80578     -2.50004     73.91466
     0.88200      0.80694     -2.48368     74.06421
     0.88400      0.80811     -2.46732     74.21400
     0.88600      0.80927     -2.45096     74.36404
     0.88800      0.81044     -2.43460     74.51431
     0.89000      0.81161     -2.41825     74.66483
     0.89200      0.81278     -2.40189     74.81558
     0.89400      0.81395     -2.38554     74.96658
     0.89600      0.81513     -2.36919     75.11781
     0.89800      0.81630     -2.35285     75.26928
     0.90000      0.81748     -2.33651     75.42100
     0.90200      0.81865     -2.32016     75.57295
     0.90400      0.81983     -2.30383     75.72514
     0.90600      0.82101     -2.28749     75.87757
     0.90800      0.82219     -2.27116     76.03024
     0.91000      0.82337     -2.25483     76.18314
     0.91200      0.82455     -2.23850     76.33628
     0.91400      0.82573     -2.22217     76.48967
     0.91600      0.82692     -2.20585     76.64328
     0.91800      0.82811     -2.18953     76.79714
     0.92000      0.82929     -2.17321     76.95123
     0.92200      0.83048     -2.15690     77.10556
     0.92400      0.83167     -2.14059     77.26013
     0.92600      0.83286     -2.12428     77.41493
     0.92800      0.83405     -2.10798     77.56996
     0.93000      0.83524     -2.09168     77.72523
     0.93200      0.83644     -2.07538     77.88074
     0.93400      0.83763     -2.05909     78.03647
     0.93600      0.83883     -2.04280     78.19244
     0.93800      0.84002     -2.02651     78.34865
     0.94000      0.84122     -2.01023     78.50508
     0.94200      0.84242     -1.99395     78.66175
     0.94400      0.84362     -1.97767     78.81865
     0.94600      0.84482     -1.96140     78.97578
     0.94800      0.84603     -1.94513     79.13314
     0.95000      0.84723     -1.92887     79.29073
     0.95200      0.84843     -1.91261     79.44854
     0.95400      0.84964     -1.89636     79.60659
     0.95600      0.85085     -1.88010     79.76486
     0.95800      0.85205     -1.86386     79.92335
     0.96000      0.85326     -1.84762     80.08207
     0.96200      0.85447     -1.83138     80.24102
     0.96400      0.85568     -1.81515     80.40019
     0.96600      0.85689     -1.79892     80.55958
     0.96800      0.85811     -1.78270     80.71919
     0.97000      0.85932     -1.76648     80.87902
     0.97200      0.86053     -1.75027     81.03907
     0.97400      0.86175     -1.73406     81.19934
     0.97600      0.86297     -1.71786     81.35982
     0.97800      0.86418     -1.70167     81.52052
     0.98000      0.86540     -1.68548     81.68144
     0.98200      0.86662     -1.66930     81.84256
     0.98400      0.86784     -1.65312     82.00390
     0.98600      0.86906     -1.63695     82.16545
     0.98800      0.87028     -1.62078     82.32720
     0.99000      0.87151     -1.60463     82.48916
     0.99200      0.87273     -1.58847     82.65133
     0.99400      0.87396     -1.57233     82.81370
     0.99600      0.87518     -1.55619     82.97627
     0.99800      0.87641     -1.54007     83.13903
