t =     0.0250
           x          rho            u            p
    -1.00000      0.99960      0.01503    999.43776
    -0.99800      0.99951      0.01821    999.31887
    -0.99600      0.99941      0.02193    999.17961
    -0.99400      0.99930      0.02627    999.01750
    -0.99200      0.99916      0.03129    998.82998
    -0.99000      0.99901      0.03705    998.61442
    -0.98800      0.99883      0.04364    998.36813
    -0.98600      0.99863      0.05113    998.08841
    -0.98400      0.99841      0.05959    997.77259
    -0.98200      0.99816      0.06908    997.41808
    -0.98000      0.99787      0.07968    997.02238
    -0.97800      0.99756      0.09145    996.58312
    -0.97600      0.99721      0.10446    996.09812
    -0.97400      0.99683      0.11874    995.56541
    -0.97200      0.99641      0.13437    994.98323
    -0.97000      0.99596      0.15137    994.35008
    -0.96800      0.99547      0.16978    993.66473
    -0.96600      0.99494      0.18963    992.92624
    -0.96400      0.99437      0.21094    992.13393
    -0.96200      0.99377      0.23372    991.28740
    -0.96000      0.99312      0.25799    990.38656
    -0.95800      0.99244      0.28374    989.43153
    -0.95600      0.99172      0.31096    988.42272
    -0.95400      0.99095      0.33964    987.36075
    -0.95200      0.99016      0.36976    986.24647
    -0.95000      0.98932      0.40129    985.08088
    -0.94800      0.98845      0.43422    983.86520
    -0.94600      0.98754      0.46851    982.60074
    -0.94400      0.98660      0.50412    981.28896
    -0.94200      0.98562      0.54101    979.93141
    -0.94000      0.98462      0.57915    978.52972
    -0.93800      0.98358      0.61850    977.08558
    -0.93600      0.98251      0.65900    975.60071
    -0.93400      0.98141      0.70063    974.07685
    -0.93200      0.98029      0.74333    972.51576
    -0.93000      0.97914      0.78706    970.91918
    -0.92800      0.97796      0.83178    969.28885
    -0.92600      0.97676      0.87744    967.62647
    -0.92400      0.97554      0.92401    965.93372
    -0.92200      0.97430      0.97144    964.21221
    -0.92000      0.97304      1.01969    962.46355
    -0.91800      0.97176      1.06873    960.68925
    -0.91600      0.97046      1.11851    958.89080
    -0.91400      0.96914      1.16901    957.06962
    -0.91200      0.96781      1.22018    955.22708
    -0.91000      0.96646      1.27199    953.36449
    -0.90800      0.96509      1.32442    951.48310
    -0.90600      0.96372      1.37742    949.58410
    -0.90400      0.96233      1.43098    947.66864
    -0.90200      0.96093      1.48506    945.73779
    -0.90000      0.95951      1.53964    943.79259
    -0.89800      0.95809      1.59469    941.83400
    -0.89600      0.95666      1.65020    939.86297
    -0.89400      0.95522      1.70612    937.88035
    -0.89200      0.95377      1.76246    935.88699
    -0.89000      0.95231      1.81918    933.88367
    -0.88800      0.95084      1.87626    931.87114
    -0.88600      0.94937      1.93369    929.85009
    -0.88400      0.94789      1.99146    927.82119
    -0.88200      0.94640      2.04954    925.78507
    -0.88000      0.94491      2.10791    923.74232
    -0.87800      0.94341      2.16657    921.69350
    -0.87600      0.94191      2.22551    919.63914
    -0.87400      0.94040      2.28470    917.57973
    -0.87200      0.93889      2.34413    915.51576
    -0.87000      0.93737      2.40380    913.44765
    -0.86800      0.93585      2.46370    911.37585
    -0.86600      0.93433      2.52381    909.30073
    -0.86400      0.93280      2.58411    907.22267
    -0.86200      0.93127      2.64462    905.14204
    -0.86000      0.92974      2.70531    903.05915
    -0.85800      0.92821      2.76617    900.97434
    -0.85600      0.92667      2.82720    898.88789
    -0.85400      0.92513      2.88840    896.80009
    -0.85200      0.92359      2.94975    894.71120
    -0.85000      0.92205      3.01124    892.62148
    -0.84800      0.92051      3.07288    890.53116
    -0.84600      0.91896      3.13465    888.44047
    -0.84400      0.91742      3.19656    886.34962
    -0.84200      0.91587      3.25858    884.25882
    -0.84000      0.91432      3.32073    882.16826
    -0.83800      0.91277      3.38298    880.07811
    -0.83600      0.91123      3.44535    877.98855
    -0.83400      0.90968      3.50782    875.89974
    -0.83200      0.90813      3.57040    873.81183
    -0.83000      0.90658      3.63307    871.72498
    -0.82800      0.90503      3.69583    869.63931
    -0.82600      0.90348      3.75868    867.55497
    -0.82400      0.90193      3.82162    865.47206
    -0.82200      0.90037      3.88464    863.39072
    -0.82000      0.89882      3.94774    861.31105
    -0.81800      0.89727      4.01092    859.23317
    -0.81600      0.89573      4.07417    857.15716
    -0.81400      0.89418      4.13749    855.08313
    -0.81200      0.89263      4.20088    853.01117
    -0.81000      0.89108      4.26434    850.94137
    -0.80800      0.88953      4.32786    848.87380
    -0.80600      0.88799      4.39144    846.80855
    -0.80400      0.88644      4.45508    844.74569
    -0.80200      0.88489      4.51878    842.68529
    -0.80000      0.88335      4.58253    840.62741
    -0.79800      0.88181      4.64634    838.57213
    -0.79600      0.88026      4.71019    836.51950
    -0.79400      0.87872      4.77410    834.46958
    -0.79200      0.87718      4.83806    832.42243
    -0.79000      0.87564      4.90206    830.37810
    -0.78800      0.87410      4.96611    828.33663
    -0.78600      0.87256      5.03020    826.29808
    -0.78400      0.87103      5.09433    824.26249
    -0.78200      0.86949      5.15851    822.22991
    -0.78000      0.86796      5.22272    820.20037
    -0.77800      0.86643      5.28697    818.17392
    -0.77600      0.86489      5.35126    816.15058
    -0.77400      0.86336      5.41559    814.13041
    -0.77200      0.86183      5.47995    812.11342
    -0.77000      0.86031      5.54435    810.09966
    -0.76800      0.85878      5.60877    808.08916
    -0.76600      0.85726      5.67323    806.08193
    -0.76400      0.85573      5.73772    804.07802
    -0.76200      0.85421      5.80225    802.07744
    -0.76000      0.85269      5.86680    800.08022
    -0.75800      0.85117      5.93138    798.08640
    -0.75600      0.84965      5.99598    796.09598
    -0.75400      0.84814      6.06062    794.10899
    -0.75200      0.84662      6.12528    792.12545
    -0.75000      0.84511      6.18996    790.14538
    -0.74800      0.84360      6.25467    788.16881
    -0.74600      0.84209      6.31940    786.19574
    -0.74400      0.84058      6.38416    784.22619
    -0.74200      0.83908      6.44894    782.26019
    -0.74000      0.83757      6.51374    780.29774
    -0.73800      0.83607      6.57857    778.33886
    -0.73600      0.83457      6.64341    776.38357
    -0.73400      0.83307      6.70828    774.43187
    -0.73200      0.83157      6.77316    772.48379
    -0.73000      0.83007      6.83807    770.53932
    -0.72800      0.82858      6.90299    768.59849
    -0.72600      0.82709      6.96793    766.66130
    -0.72400      0.82560      7.03289    764.72776
    -0.72200      0.82411      7.09787    762.79788
    -0.72000      0.82262      7.16287    760.87168
    -0.71800      0.82113      7.22788    758.94915
    -0.71600      0.81965      7.29291    757.03031
    -0.71400      0.81817      7.35795    755.11517
    -0.71200      0.81669      7.42301    753.20373
    -0.71000      0.81521      7.48808    751.29599
    -0.70800      0.81373      7.55317    749.39197
    -0.70600      0.81226      7.61827    747.49167
    -0.70400      0.81078      7.68339    745.59510
    -0.70200      0.80931      7.74852    743.70226
    -0.70000      0.80784      7.81366    741.81315
    -0.69800      0.80638      7.87882    739.92778
    -0.69600      0.80491      7.94399    738.04616
    -0.69400      0.80345      8.00917    736.16828
    -0.69200      0.80198      8.07437    734.29416
    -0.69000      0.80052      8.13957    732.42379
    -0.68800      0.79906      8.20479    730.55717
    -0.68600      0.79761      8.27002    728.69432
    -0.68400      0.79615      8.33526    726.83522
    -0.68200      0.79470      8.40051    724.97990
    -0.68000      0.79325      8.46577    723.12833
    -0.67800      0.79180      8.53104    721.28054
    -0.67600      0.79035      8.59632    719.43651
    -0.67400      0.78891      8.66161    717.59626
    -0.67200      0.78747      8.72691    715.75978
    -0.67000      0.78602      8.79222    713.92707
    -0.66800      0.78459      8.85753    712.09813
    -0.66600      0.78315      8.92286    710.27297
    -0.66400      0.78171      8.98819    708.45158
    -0.66200      0.78028      9.05354    706.63396
    -0.66000      0.77885      9.11889    704.82012
    -0.65800      0.77742      9.18425    703.01006
    -0.65600      0.77599      9.24962    701.20376
    -0.65400      0.77456      9.31499    699.40125
    -0.65200      0.77314      9.38037    697.60250
    -0.65000      0.77172      9.44576    695.80753
    -0.64800      0.77030      9.51116    694.01633
    -0.64600      0.76888      9.57656    692.22890
    -0.64400      0.76746      9.64197    690.44525
    -0.64200      0.76605      9.70738    688.66536
    -0.64000      0.76464      9.77280    686.88924
    -0.63800      0.76323      9.83823    685.11689
    -0.63600      0.76182      9.90366    683.34830
    -0.63400      0.76041      9.96910    681.58348
    -0.63200      0.75901     10.03455    679.82242
    -0.63000      0.75760     10.10000    678.06512
    -0.62800      0.75620     10.16545    676.31159
    -0.62600      0.75481     10.23091    674.56181
    -0.62400      0.75341     10.29638    672.81578
    -0.62200      0.75201     10.36184    671.07352
    -0.62000      0.75062     10.42732    669.33500
    -0.61800      0.74923     10.49279    667.60024
    -0.61600      0.74784     10.55828    665.86922
    -0.61400      0.74646     10.62376    664.14196
    -0.61200      0.74507     10.68925    662.41844
    -0.61000      0.74369     10.75474    660.69866
    -0.60800      0.74231     10.82024    658.98262
    -0.60600      0.74093     10.88574    657.27033
    -0.60400      0.73955     10.95124    655.56177
    -0.60200      0.73818     11.01674    653.85694
    -0.60000      0.73680     11.08225    652.15585
    -0.59800      0.73543     11.14776    650.45850
    -0.59600      0.73406     11.21327    648.76487
    -0.59400      0.73270     11.27879    647.07496
    -0.59200      0.73133     11.34430    645.38878
    -0.59000      0.72997     11.40982    643.70633
    -0.58800      0.72861     11.47534    642.02760
    -0.58600      0.72725     11.54086    640.35258
    -0.58400      0.72589     11.60638    638.68128
    -0.58200      0.72454     11.67191    637.01370
    -0.58000      0.72318     11.73743    635.34983
    -0.57800      0.72183     11.80295    633.68967
    -0.57600      0.72049     11.86848    632.03322
    -0.57400      0.71914     11.93400    630.38048
    -0.57200      0.71779     11.99953    628.73144
    -0.57000      0.71645     12.06505    627.08611
    -0.56800      0.71511     12.13058    625.44447
    -0.56600      0.71377     12.19610    623.80654
    -0.56400      0.71243     12.26163    622.17231
    -0.56200      0.71110     12.32715    620.54178
    -0.56000      0.70977     12.39267    618.91494
    -0.55800      0.70844     12.45819    617.29180
    -0.55600      0.70711     12.52371    615.67235
    -0.55400      0.70578     12.58922    614.05659
    -0.55200      0.70446     12.65474    612.44453
    -0.55000      0.70313     12.72025    610.83615
    -0.54800      0.70181     12.78576    609.23147
    -0.54600      0.70050     12.85126    607.63047
    -0.54400      0.69918     12.91676    606.03317
    -0.54200      0.69786     12.98226    604.43955
    -0.54000      0.69655     13.04776    602.84962
    -0.53800      0.69524     13.11325    601.26338
    -0.53600      0.69393     13.17873    599.68083
    -0.53400      0.69263     13.24421    598.10197
    -0.53200      0.69132     13.30969    596.52679
    -0.53000      0.69002     13.37516    594.95531
    -0.52800      0.68872     13.44062    593.38751
    -0.52600      0.68742     13.50608    591.82341
    -0.52400      0.68613     13.57153    590.26300
    -0.52200      0.68484     13.63698    588.70629
    -0.52000      0.68354     13.70242    587.15327
    -0.51800      0.68225     13.76785    585.60396
    -0.51600      0.68097     13.83327    584.05834
    -0.51400      0.67968     13.89868    582.51643
    -0.51200      0.67840     13.96408    580.97822
    -0.51000      0.67712     14.02948    579.44373
    -0.50800      0.67584     14.09486    577.91295
    -0.50600      0.67456     14.16023    576.38589
    -0.50400      0.67329     14.22559    574.86255
    -0.50200      0.67202     14.29094    573.34294
    -0.50000      0.67075     14.35628    571.82706
    -0.49800      0.66948     14.42160    570.31493
    -0.49600      0.66821     14.48691    568.80653
    -0.49400      0.66695     14.55221    567.30189
    -0.49200      0.66569     14.61749    565.80101
    -0.49000      0.66443     14.68275    564.30390
    -0.48800      0.66317     14.74800    562.81056
    -0.48600      0.66192     14.81323    561.32101
    -0.48400      0.66066     14.87845    559.83526
    -0.48200      0.65941     14.94364    558.35331
    -0.48000      0.65817     15.00881    556.87518
    -0.47800      0.65692     15.07397    555.40089
    -0.47600      0.65568     15.13910    553.93043
    -0.47400      0.65444     15.20421    552.46383
    -0.47200      0.65320     15.26929    551.00111
    -0.47000      0.65196     15.33435    549.54227
    -0.46800      0.65073     15.39938    548.08734
    -0.46600      0.64949     15.46438    546.63634
    -0.46400      0.64827     15.52936    545.18927
    -0.46200      0.64704     15.59430    543.74618
    -0.46000      0.64581     15.65921    542.30707
    -0.45800      0.64459     15.72409    540.87197
    -0.45600      0.64337     15.78893    539.44092
    -0.45400      0.64216     15.85374    538.01392
    -0.45200      0.64094     15.91851    536.59102
    -0.45000      0.63973     15.98323    535.17224
    -0.44800      0.63852     16.04791    533.75762
    -0.44600      0.63732     16.11255    532.34720
    -0.44400      0.63611     16.17714    530.94100
    -0.44200      0.63491     16.24168    529.53908
    -0.44000      0.63371     16.30617    528.14147
    -0.43800      0.63252     16.37060    526.74822
    -0.43600      0.63133     16.43497    525.35938
    -0.43400      0.63014     16.49928    523.97500
    -0.43200      0.62895     16.56353    522.59514
    -0.43000      0.62777     16.62771    521.21985
    -0.42800      0.62659     16.69182    519.84921
    -0.42600      0.62541     16.75585    518.48327
    -0.42400      0.62424     16.81980    517.12212
    -0.42200      0.62307     16.88367    515.76583
    -0.42000      0.62190     16.94744    514.41448
    -0.41800      0.62074     17.01113    513.06817
    -0.41600      0.61958     17.07471    511.72699
    -0.41400      0.61842     17.13818    510.39105
    -0.41200      0.61727     17.20155    509.06046
    -0.41000      0.61612     17.26479    507.73533
    -0.40800      0.61497     17.32791    506.41579
    -0.40600      0.61383     17.39090    505.10199
    -0.40400      0.61270     17.45374    503.79406
    -0.40200      0.61156     17.51643    502.49218
    -0.40000      0.61044     17.57896    501.19650
    -0.39800      0.60931     17.64132    499.90723
    -0.39600      0.60820     17.70350    498.62454
    -0.39400      0.60708     17.76548    497.34866
    -0.39200      0.60598     17.82726    496.07983
    -0.39000      0.60488     17.88882    494.81828
    -0.38800      0.60378     17.95014    493.56430
    -0.38600      0.60269     18.01121    492.31816
    -0.38400      0.60161     18.07201    491.08019
    -0.38200      0.60053     18.13252    489.85072
    -0.38000      0.59946     18.19273    488.63013
    -0.37800      0.59840     18.25261    487.41880
    -0.37600      0.59734     18.31213    486.21718
    -0.37400      0.59630     18.37127    485.02572
    -0.37200      0.59526     18.43001    483.84493
    -0.37000      0.59423     18.48831    482.67536
    -0.36800      0.59321     18.54614    481.51758
    -0.36600      0.59220     18.60347    480.37225
    -0.36400      0.59120     18.66026    479.24004
    -0.36200      0.59022     18.71646    478.12171
    -0.36000      0.58924     18.77204    477.01805
    -0.35800      0.58828     18.82694    475.92993
    -0.35600      0.58734     18.88112    474.85829
    -0.35400      0.58640     18.93452    473.80412
    -0.35200      0.58549     18.98707    472.76850
    -0.35000      0.58459     19.03872    471.75259
    -0.34800      0.58371     19.08940    470.75760
    -0.34600      0.58285     19.13904    469.78486
    -0.34400      0.58200     19.18755    468.83575
    -0.34200      0.58118     19.23487    467.91173
    -0.34000      0.58039     19.28089    467.01435
    -0.33800      0.57961     19.32554    466.14521
    -0.33600      0.57887     19.36872    465.30598
    -0.33400      0.57815     19.41034    464.49837
    -0.33200      0.57746     19.45030    463.72413
    -0.33000      0.57680     19.48850    462.98499
    -0.32800      0.57618     19.52484    462.28271
    -0.32600      0.57559     19.55923    461.61896
    -0.32400      0.57503     19.59158    460.99536
    -0.32200      0.57451     19.62181    460.41339
    -0.32000      0.57403     19.64983    459.87437
    -0.31800      0.57359     19.67559    459.37941
    -0.31600      0.57319     19.69903    458.92935
    -0.31400      0.57283     19.72012    458.52474
    -0.31200      0.57251     19.73884    458.16576
    -0.31000      0.57223     19.75521    457.85220
    -0.30800      0.57199     19.76925    457.58343
    -0.30600      0.57178     19.78101    457.35837
    -0.30400      0.57162     19.79056    457.17550
    -0.30200      0.57149     19.79802    457.03287
    -0.30000      0.57140     19.80350    456.92812
    -0.29800      0.57134     19.80714    456.85853
    -0.29600      0.57130     19.80910    456.82107
    -0.29400      0.57129     19.80955    456.81249
    -0.29200      0.57131     19.80866    456.82940
    -0.29000      0.57134     19.80662    456.86834
    -0.28800      0.57140     19.80361    456.92591
    -0.28600      0.57146     19.79980    456.99877
    -0.28400      0.57154     19.79535    457.08379
    -0.28200      0.57162     19.79042    457.17808
    -0.28000      0.57171     19.78514    457.27901
    -0.27800      0.57180     19.77964    457.38428
    -0.27600      0.57190     19.77402    457.49188
    -0.27400      0.57200     19.76836    457.60016
    -0.27200      0.57209     19.76274    457.70775
    -0.27000      0.57218     19.75721    457.81356
    -0.26800      0.57228     19.75182    457.91678
    -0.26600      0.57237     19.74660    458.01681
    -0.26400      0.57245     19.74157    458.11325
    -0.26200      0.57253     19.73673    458.20585
    -0.26000      0.57261     19.73211    458.29450
    -0.25800      0.57269     19.72769    458.37918
    -0.25600      0.57276     19.72347    458.45995
    -0.25400      0.57283     19.71946    458.53693
    -0.25200      0.57289     19.71563    458.61026
    -0.25000      0.57295     19.71199    458.68013
    -0.24800      0.57301     19.70852    458.74672
    -0.24600      0.57307     19.70521    458.81022
    -0.24400      0.57312     19.70205    458.87082
    -0.24200      0.57318     19.69903    458.92870
    -0.24000      0.57322     19.69615    458.98404
    -0.23800      0.57327     19.69339    459.03700
    -0.23600      0.57332     19.69074    459.08773
    -0.23400      0.57336     19.68821    459.13638
    -0.23200      0.57340     19.68578    459.18306
    -0.23000      0.57344     19.68344    459.22792
    -0.22800      0.57348     19.68119    459.27104
    -0.22600      0.57351     19.67903    459.31254
    -0.22400      0.57355     19.67695    459.35251
    -0.22200      0.57358     19.67494    459.39103
    -0.22000      0.57362     19.67301    459.42817
    -0.21800      0.57365     19.67114    459.46402
    -0.21600      0.57368     19.66934    459.49864
    -0.21400      0.57371     19.66760    459.53208
    -0.21200      0.57374     19.66591    459.56441
    -0.21000      0.57376     19.66428    459.59568
    -0.20800      0.57379     19.66271    459.62594
    -0.20600      0.57382     19.66118    459.65524
    -0.20400      0.57384     19.65971    459.68361
    -0.20200      0.57387     19.65828    459.71110
    -0.20000      0.57389     19.65689    459.73775
    -0.19800      0.57391     19.65554    459.76358
    -0.19600      0.57393     19.65424    459.78864
    -0.19400      0.57396     19.65297    459.81296
    -0.19200      0.57398     19.65174    459.83657
    -0.19000      0.57400     19.65055    459.85949
    -0.18800      0.57402     19.64939    459.88175
    -0.18600      0.57403     19.64827    459.90338
    -0.18400      0.57405     19.64717    459.92439
    -0.18200      0.57407     19.64611    459.94482
    -0.18000      0.57409     19.64507    459.96469
    -0.17800      0.57410     19.64407    459.98401
    -0.17600      0.57412     19.64309    460.00281
    -0.17400      0.57414     19.64214    460.02110
    -0.17200      0.57415     19.64121    460.03890
    -0.17000      0.57417     19.64031    460.05623
    -0.16800      0.57418     19.63943    460.07310
    -0.16600      0.57420     19.63858    460.08954
    -0.16400      0.57421     19.63774    460.10555
    -0.16200      0.57422     19.63693    460.12115
    -0.16000      0.57424     19.63614    460.13635
    -0.15800      0.57425     19.63537    460.15117
    -0.15600      0.57426     19.63462    460.16561
    -0.15400      0.57427     19.63388    460.17970
    -0.15200      0.57429     19.63317    460.19344
    -0.15000      0.57430     19.63247    460.20683
    -0.14800      0.57431     19.63179    460.21991
    -0.14600      0.57432     19.63113    460.23266
    -0.14400      0.57433     19.63048    460.24511
    -0.14200      0.57434     19.62985    460.25726
    -0.14000      0.57435     19.62923    460.26912
    -0.13800      0.57436     19.62862    460.28070
    -0.13600      0.57437     19.62804    460.29201
    -0.13400      0.57438     19.62746    460.30305
    -0.13200      0.57439     19.62690    460.31384
    -0.13000      0.57440     19.62635    460.32438
    -0.12800      0.57441     19.62581    460.33468
    -0.12600      0.57441     19.62529    460.34474
    -0.12400      0.57442     19.62478    460.35458
    -0.12200      0.57443     19.62428    460.36419
    -0.12000      0.57444     19.62379    460.37359
    -0.11800      0.57445     19.62331    460.38277
    -0.11600      0.57445     19.62284    460.39176
    -0.11400      0.57446     19.62239    460.40054
    -0.11200      0.57447     19.62194    460.40914
    -0.11000      0.57448     19.62150    460.41754
    -0.10800      0.57448     19.62107    460.42576
    -0.10600      0.57449     19.62065    460.43381
    -0.10400      0.57450     19.62024    460.44168
    -0.10200      0.57450     19.61984    460.44939
    -0.10000      0.57451     19.61945    460.45693
    -0.09800      0.57451     19.61906    460.46431
    -0.09600      0.57452     19.61869    460.47153
    -0.09400      0.57453     19.61832    460.47860
    -0.09200      0.57453     19.61796    460.48553
    -0.09000      0.57454     19.61761    460.49231
    -0.08800      0.57454     19.61726    460.49895
    -0.08600      0.57455     19.61692    460.50546
    -0.08400      0.57455     19.61659    460.51183
    -0.08200      0.57456     19.61626    460.51807
    -0.08000      0.57456     19.61594    460.52418
    -0.07800      0.57457     19.61563    460.53017
    -0.07600      0.57457     19.61533    460.53604
    -0.07400      0.57458     19.61503    460.54179
    -0.07200      0.57458     19.61473    460.54742
    -0.07000      0.57459     19.61445    460.55294
    -0.06800      0.57459     19.61416    460.55835
    -0.06600      0.57459     19.61389    460.56365
    -0.06400      0.57460     19.61362    460.56885
    -0.06200      0.57460     19.61335    460.57395
    -0.06000      0.57461     19.61309    460.57894
    -0.05800      0.57461     19.61283    460.58383
    -0.05600      0.57461     19.61258    460.58863
    -0.05400      0.57462     19.61234    460.59334
    -0.05200      0.57462     19.61210    460.59795
    -0.05000      0.57462     19.61186    460.60247
    -0.04800      0.57463     19.61163    460.60691
    -0.04600      0.57463     19.61140    460.61126
    -0.04400      0.57463     19.61118    460.61552
    -0.04200      0.57464     19.61096    460.61970
    -0.04000      0.57464     19.61075    460.62380
    -0.03800      0.57464     19.61054    460.62782
    -0.03600      0.57464     19.61033    460.63177
    -0.03400      0.57465     19.61013    460.63564
    -0.03200      0.57465     19.60993    460.63943
    -0.03000      0.57465     19.60974    460.64316
    -0.02800      0.57466     19.60955    460.64681
    -0.02600      0.57466     19.60936    460.65040
    -0.02400      0.57466     19.60918    460.65392
    -0.02200      0.57466     19.60900    460.65737
    -0.02000      0.57467     19.60882    460.66076
    -0.01800      0.57467     19.60864    460.66409
    -0.01600      0.57467     19.60847    460.66736
    -0.01400      0.57467     19.60831    460.67057
    -0.01200      0.57467     19.60814    460.67372
    -0.01000      0.57468     19.60798    460.67681
    -0.00800      0.57468     19.60782    460.67985
    -0.00600      0.57468     19.60767    460.68283
    -0.00400      0.57468     19.60751    460.68577
    -0.00200      0.57468     19.60736    460.68865
     0.00000      0.57469     19.60721    460.69148
     0.00200      0.57469     19.60707    460.69426
     0.00400      0.57469     19.60692    460.69699
     0.00600      0.57469     19.60678    460.69968
     0.00800      0.57469     19.60665    460.70232
     0.01000      0.57469     19.60651    460.70492
     0.01200      0.57470     19.60638    460.70747
     0.01400      0.57470     19.60624    460.70998
     0.01600      0.57470     19.60611    460.71244
     0.01800      0.57470     19.60599    460.71487
     0.02000      0.57470     19.60586    460.71725
     0.02200      0.57470     19.60574    460.71960
     0.02400      0.57470     19.60562    460.72191
     0.02600      0.57470     19.60550    460.72417
     0.02800      0.57471     19.60538    460.72641
     0.03000      0.57471     19.60527    460.72860
     0.03200      0.57471     19.60515    460.73076
     0.03400      0.57471     19.60504    460.73288
     0.03600      0.57471     19.60493    460.73497
     0.03800      0.57471     19.60483    460.73702
     0.04000      0.57471     19.60472    460.73904
     0.04200      0.57471     19.60462    460.74102
     0.04400      0.57471     19.60451    460.74297
     0.04600      0.57471     19.60441    460.74489
     0.04800      0.57471     19.60431    460.74678
     0.05000      0.57472     19.60422    460.74864
     0.05200      0.57472     19.60412    460.75047
     0.05400      0.57472     19.60403    460.75226
     0.05600      0.57472     19.60393    460.75403
     0.05800      0.57472     19.60384    460.75576
     0.06000      0.57472     19.60375    460.75747
     0.06200      0.57472     19.60366    460.75915
     0.06400      0.57472     19.60358    460.76080
     0.06600      0.57472     19.60349    460.76242
     0.06800      0.57472     19.60341    460.76401
     0.07000      0.57472     19.60332    460.76558
     0.07200      0.57472     19.60324    460.76712
     0.07400      0.57472     19.60316    460.76863
     0.07600      0.57472     19.60308    460.77012
     0.07800      0.57472     19.60301    460.77158
     0.08000      0.57472     19.60293    460.77301
     0.08200      0.57472     19.60286    460.77442
     0.08400      0.57472     19.60278    460.77581
     0.08600      0.57472     19.60271    460.77718
     0.08800      0.57472     19.60264    460.77852
     0.09000      0.57472     19.60257    460.77984
     0.09200      0.57472     19.60250    460.78113
     0.09400      0.57472     19.60244    460.78241
     0.09600      0.57472     19.60237    460.78366
     0.09800      0.57472     19.60230    460.78490
     0.10000      0.57472     19.60224    460.78612
     0.10200      0.57472     19.60218    460.78731
     0.10400      0.57472     19.60211    460.78849
     0.10600      0.57472     19.60205    460.78965
     0.10800      0.57472     19.60199    460.79079
     0.11000      0.57472     19.60193    460.79192
     0.11200      0.57472     19.60187    460.79302
     0.11400      0.57472     19.60181    460.79412
     0.11600      0.57472     19.60176    460.79519
     0.11800      0.57472     19.60170    460.79625
     0.12000      0.57472     19.60165    460.79730
     0.12200      0.57472     19.60159    460.79833
     0.12400      0.57472     19.60154    460.79935
     0.12600      0.57472     19.60148    460.80035
     0.12800      0.57472     19.60143    460.80134
     0.13000      0.57472     19.60138    460.80232
     0.13200      0.57472     19.60133    460.80328
     0.13400      0.57472     19.60128    460.80423
     0.13600      0.57472     19.60123    460.80516
     0.13800      0.57472     19.60118    460.80609
     0.14000      0.57472     19.60113    460.80700
     0.14200      0.57472     19.60108    460.80790
     0.14400      0.57471     19.60103    460.80879
     0.14600      0.57471     19.60099    460.80966
     0.14800      0.57471     19.60094    460.81052
     0.15000      0.57471     19.60089    460.81137
     0.15200      0.57471     19.60085    460.81221
     0.15400      0.57471     19.60080    460.81304
     0.15600      0.57471     19.60076    460.81386
     0.15800      0.57471     19.60072    460.81466
     0.16000      0.57471     19.60068    460.81545
     0.16200      0.57471     19.60063    460.81623
     0.16400      0.57471     19.60059    460.81700
     0.16600      0.57471     19.60055    460.81776
     0.16800      0.57470     19.60051    460.81850
     0.17000      0.57470     19.60047    460.81924
     0.17200      0.57470     19.60043    460.81996
     0.17400      0.57470     19.60039    460.82067
     0.17600      0.57470     19.60036    460.82137
     0.17800      0.57470     19.60032    460.82206
     0.18000      0.57470     19.60028    460.82274
     0.18200      0.57470     19.60025    460.82340
     0.18400      0.57470     19.60021    460.82406
     0.18600      0.57469     19.60018    460.82470
     0.18800      0.57469     19.60014    460.82533
     0.19000      0.57469     19.60011    460.82596
     0.19200      0.57469     19.60007    460.82657
     0.19400      0.57469     19.60004    460.82717
     0.19600      0.57469     19.60001    460.82776
     0.19800      0.57469     19.59998    460.82835
     0.20000      0.57468     19.59995    460.82892
     0.20200      0.57468     19.59992    460.82948
     0.20400      0.57468     19.59989    460.83004
     0.20600      0.57468     19.59986    460.83059
     0.20800      0.57468     19.59983    460.83113
     0.21000      0.57468     19.59980    460.83166
     0.21200      0.57468     19.59977    460.83218
     0.21400      0.57467     19.59974    460.83270
     0.21600      0.57467     19.59971    460.83321
     0.21800      0.57467     19.59968    460.83371
     0.22000      0.57467     19.59966    460.83420
     0.22200      0.57467     19.59963    460.83469
     0.22400      0.57466     19.59960    460.83518
     0.22600      0.57466     19.59958    460.83566
     0.22800      0.57466     19.59955    460.83613
     0.23000      0.57466     19.59953    460.83660
     0.23200      0.57466     19.59950    460.83706
     0.23400      0.57465     19.59947    460.83752
     0.23600      0.57465     19.59945    460.83797
     0.23800      0.57465     19.59942    460.83842
     0.24000      0.57465     19.59940    460.83886
     0.24200      0.57464     19.59938    460.83930
     0.24400      0.57464     19.59935    460.83973
     0.24600      0.57464     19.59933    460.84016
     0.24800      0.57464     19.59930    460.84058
     0.25000      0.57463     19.59928    460.84100
     0.25200      0.57463     19.59926    460.84142
     0.25400      0.57463     19.59923    460.84183
     0.25600      0.57463     19.59921    460.84224
     0.25800      0.57462     19.59919    460.84264
     0.26000      0.57462     19.59917    460.84304
     0.26200      0.57462     19.59914    460.84343
     0.26400      0.57462     19.59912    460.84382
     0.26600      0.57461     19.59910    460.84420
     0.26800      0.57461     19.59908    460.84458
     0.27000      0.57461     19.59906    460.84495
     0.27200      0.57460     19.59904    460.84532
     0.27400      0.57460     19.59902    460.84568
     0.27600      0.57460     19.59900    460.84604
     0.27800      0.57459     19.59898    460.84639
     0.28000      0.57459     19.59896    460.84674
     0.28200      0.57459     19.59894    460.84708
     0.28400      0.57458     19.59892    460.84742
     0.28600      0.57458     19.59890    460.84775
     0.28800      0.57458     19.59888    460.84807
     0.29000      0.57457     19.59886    460.84839
     0.29200      0.57457     19.59884    460.84870
     0.29400      0.57456     19.59883    460.84901
     0.29600      0.57456     19.59881    460.84932
     0.29800      0.57456     19.59879    460.84961
     0.30000      0.57455     19.59877    460.84990
     0.30200      0.57455     19.59876    460.85019
     0.30400      0.57454     19.59874    460.85047
     0.30600      0.57454     19.59873    460.85075
     0.30800      0.57453     19.59871    460.85102
     0.31000      0.57453     19.59869    460.85129
     0.31200      0.57452     19.59868    460.85155
     0.31400      0.57452     19.59866    460.85181
     0.31600      0.57451     19.59865    460.85207
     0.31800      0.57451     19.59863    460.85232
     0.32000      0.57450     19.59862    460.85257
     0.32200      0.57450     19.59860    460.85281
     0.32400      0.57449     19.59859    460.85305
     0.32600      0.57449     19.59858    460.85329
     0.32800      0.57448     19.59856    460.85353
     0.33000      0.57447     19.59855    460.85376
     0.33200      0.57447     19.59853    460.85400
     0.33400      0.57446     19.59852    460.85422
     0.33600      0.57446     19.59851    460.85445
     0.33800      0.57445     19.59849    460.85468
     0.34000      0.57444     19.59848    460.85490
     0.34200      0.57443     19.59846    460.85512
     0.34400      0.57443     19.59845    460.85534
     0.34600      0.57442     19.59844    460.85556
     0.34800      0.57441     19.59842    460.85578
     0.35000      0.57440     19.59841    460.85599
     0.35200      0.57440     19.59840    460.85621
     0.35400      0.57439     19.59839    460.85642
     0.35600      0.57438     19.59837    460.85663
     0.35800      0.57437     19.59836    460.85684
     0.36000      0.57436     19.59835    460.85705
     0.36200      0.57435     19.59833    460.85725
     0.36400      0.57434     19.59832    460.85746
     0.36600      0.57433     19.59831    460.85766
     0.36800      0.57432     19.59830    460.85786
     0.37000      0.57431     19.59828    460.85806
     0.37200      0.57430     19.59827    460.85826
     0.37400      0.57429     19.59826    460.85846
     0.37600      0.57428     19.59825    460.85865
     0.37800      0.57428     19.59824    460.85884
     0.38000      0.57427     19.59822    460.85903
     0.38200      0.57427     19.59821    460.85922
     0.38400      0.57427     19.59820    460.85940
     0.38600      0.57427     19.59819    460.85958
     0.38800      0.57429     19.59818    460.85976
     0.39000      0.57431     19.59817    460.85993
     0.39200      0.57435     19.59815    460.86010
     0.39400      0.57442     19.59814    460.86027
     0.39600      0.57451     19.59813    460.86044
     0.39800      0.57464     19.59812    460.86060
     0.40000      0.57482     19.59811    460.86076
     0.40200      0.57507     19.59810    460.86091
     0.40400      0.57541     19.59809    460.86107
     0.40600      0.57586     19.59808    460.86122
     0.40800      0.57647     19.59807    460.86136
     0.41000      0.57727     19.59806    460.86150
     0.41200      0.57831     19.59805    460.86164
     0.41400      0.57966     19.59804    460.86178
     0.41600      0.58139     19.59803    460.86192
     0.41800      0.58360     19.59803    460.86205
     0.42000      0.58640     19.59802    460.86218
     0.42200      0.58992     19.59801    460.86231
     0.42400      0.59432     19.59800    460.86244
     0.42600      0.59977     19.59799    460.86256
     0.42800      0.60649     19.59798    460.86269
     0.43000      0.61471     19.59797    460.86281
     0.43200      0.62469     19.59796    460.86294
     0.43400      0.63674     19.59796    460.86306
     0.43600      0.65119     19.59795    460.86319
     0.43800      0.66840     19.59794    460.86332
     0.44000      0.68877     19.59793    460.86345
     0.44200      0.71271     19.59792    460.86358
     0.44400      0.74067     19.59792    460.86372
     0.44600      0.77311     19.59791    460.86386
     0.44800      0.81051     19.59790    460.86401
     0.45000      0.85335     19.59789    460.86417
     0.45200      0.90210     19.59788    460.86433
     0.45400      0.95723     19.59787    460.86450
     0.45600      1.01918     19.59787    460.86469
     0.45800      1.08833     19.59786    460.86488
     0.46000      1.16503     19.59785    460.86510
     0.46200      1.24958     19.59784    460.86532
     0.46400      1.34219     19.59783    460.86556
     0.46600      1.44297     19.59783    460.86583
     0.46800      1.55196     19.59782    460.86611
     0.47000      1.66910     19.59781    460.86641
     0.47200      1.79418     19.59780    460.86672
     0.47400      1.92693     19.59780    460.86705
     0.47600      2.06691     19.59779    460.86741
     0.47800      2.21361     19.59778    460.86778
     0.48000      2.36639     19.59777    460.86817
     0.48200      2.52450     19.59777    460.86858
     0.48400      2.68712     19.59776    460.86901
     0.48600      2.85332     19.59776    460.86945
     0.48800      3.02215     19.59775    460.86992
     0.49000      3.19257     19.59775    460.87039
     0.49200      3.36352     19.59774    460.87088
     0.49400      3.53396     19.59774    460.87139
     0.49600      3.70284     19.59774    460.87191
     0.49800      3.86912     19.59773    460.87245
     0.50000      4.03184     19.59773    460.87302
     0.50200      4.19009     19.59773    460.87360
     0.50400      4.34305     19.59773    460.87422
     0.50600      4.48998     19.59773    460.87486
     0.50800      4.63024     19.59773    460.87554
     0.51000      4.76331     19.59772    460.87626
     0.51200      4.88879     19.59772    460.87702
     0.51400      5.00636     19.59772    460.87782
     0.51600      5.11586     19.59772    460.87866
     0.51800      5.21720     19.59772    460.87953
     0.52000      5.31041     19.59772    460.88044
     0.52200      5.39562     19.59772    460.88137
     0.52400      5.47302     19.59772    460.88233
     0.52600      5.54290     19.59773    460.88329
     0.52800      5.60559     19.59773    460.88426
     0.53000      5.66148     19.59773    460.88523
     0.53200      5.71100     19.59774    460.88620
     0.53400      5.75460     19.59774    460.88717
     0.53600      5.79275     19.59775    460.88814
     0.53800      5.82591     19.59776    460.88914
     0.54000      5.85456     19.59777    460.89016
     0.54200      5.87916     19.59778    460.89122
     0.54400      5.90014     19.59779    460.89234
     0.54600      5.91792     19.59780    460.89352
     0.54800      5.93290     19.59781    460.89476
     0.55000      5.94543     19.59782    460.89607
     0.55200      5.95585     19.59783    460.89745
     0.55400      5.96445     19.59784    460.89888
     0.55600      5.97151     19.59786    460.90035
     0.55800      5.97727     19.59787    460.90180
     0.56000      5.98193     19.59788    460.90311
     0.56200      5.98568     19.59788    460.90397
     0.56400      5.98866     19.59786    460.90361
     0.56600      5.99100     19.59780    460.90020
     0.56800      5.99277     19.59761    460.88921
     0.57000      5.99396     19.59713    460.85971
     0.57200      5.99440     19.59593    460.78459
     0.57400      5.99355     19.59292    460.59793
     0.57600      5.98995     19.58551    460.13711
     0.57800      5.97996     19.56728    459.00661
     0.58000      5.95463     19.52254    456.24039
     0.58200      5.89244     19.41281    449.52656
     0.58400      5.74297     19.14448    433.47563
     0.58600      5.39730     18.49109    396.56635
     0.58800      4.66276     16.92259    319.10040
     0.59000      3.37923     13.32552    188.08380
     0.59200      1.90180      6.53447     51.89185
     0.59400      1.12729      0.72549      2.22493
     0.59600      1.00457      0.00454      0.01253
     0.59800      1.00001      0.00000      0.01000
     0.60000      1.00000      0.00000      0.01000
     0.60200      1.00000      0.00000      0.01000
     0.60400      1.00000      0.00000      0.01000
     0.60600      1.00000      0.00000      0.01000
     0.60800      1.00000      0.00000      0.01000
     0.61000      1.00000      0.00000      0.01000
     0.61200      1.00000      0.00000      0.01000
     0.61400      1.00000      0.00000      0.01000
     0.61600      1.00000      0.00000      0.01000
     0.61800      1.00000      0.00000      0.01000
     0.62000      1.00000      0.00000      0.01000
     0.62200      1.00000      0.00000      0.01000
     0.62400      1.00000      0.00000      0.01000
     0.62600      1.00000      0.00000      0.01000
     0.62800      1.00000      0.00000      0.01000
     0.63000      1.00000      0.00000      0.01000
     0.63200      1.00000      0.00000      0.01000
     0.63400      1.00000      0.00000      0.01000
     0.63600      1.00000      0.00000      0.01000
     0.63800      1.00000      0.00000      0.01000
     0.64000      1.00000      0.00000      0.01000
     0.64200      1.00000      0.00000      0.01000
     0.64400      1.00000      0.00000      0.01000
     0.64600      1.00000      0.00000      0.01000
     0.64800      1.00000      0.00000      0.01000
     0.65000      1.00000      0.00000      0.01000
     0.65200      1.00000      0.00000      0.01000
     0.65400      1.00000      0.00000      0.01000
     0.65600      1.00000      0.00000      0.01000
     0.65800      1.00000      0.00000      0.01000
     0.66000      1.00000      0.00000      0.01000
     0.66200      1.00000      0.00000      0.01000
     0.66400      1.00000      0.00000      0.01000
     0.66600      1.00000      0.00000      0.01000
     0.66800      1.00000      0.00000      0.01000
     0.67000      1.00000      0.00000      0.01000
     0.67200      1.00000      0.00000      0.01000
     0.67400      1.00000      0.00000      0.01000
     0.67600      1.00000      0.00000      0.01000
     0.67800      1.00000      0.00000      0.01000
     0.68000      1.00000      0.00000      0.01000
     0.68200      1.00000      0.00000      0.01000
     0.68400      1.00000      0.00000      0.01000
     0.68600      1.00000      0.00000      0.01000
     0.68800      1.00000      0.00000      0.01000
     0.69000      1.00000      0.00000      0.01000
     0.69200      1.00000      0.00000      0.01000
     0.69400      1.00000      0.00000      0.01000
     0.69600      1.00000      0.00000      0.01000
     0.69800      1.00000      0.00000      0.01000
     0.70000      1.00000      0.00000      0.01000
     0.70200      1.00000      0.00000      0.01000
     0.70400      1.00000      0.00000      0.01000
     0.70600      1.00000      0.00000      0.01000
     0.70800      1.00000      0.00000      0.01000
     0.71000      1.00000      0.00000      0.01000
     0.71200      1.00000      0.00000      0.01000
     0.71400      1.00000      0.00000      0.01000
     0.71600      1.00000      0.00000      0.01000
     0.71800      1.00000      0.00000      0.01000
     0.72000      1.00000      0.00000      0.01000
     0.72200      1.00000      0.00000      0.01000
     0.72400      1.00000      0.00000      0.01000
     0.72600      1.00000      0.00000      0.01000
     0.72800      1.00000      0.00000      0.01000
     0.73000      1.00000      0.00000      0.01000
     0.73200      1.00000      0.00000      0.01000
     0.73400      1.00000      0.00000      0.01000
     0.73600      1.00000      0.00000      0.01000
     0.73800      1.00000      0.00000      0.01000
     0.74000      1.00000      0.00000      0.01000
     0.74200      1.00000      0.00000      0.01000
     0.74400      1.00000      0.00000      0.01000
     0.74600      1.00000      0.00000      0.01000
     0.74800      1.00000      0.00000      0.01000
     0.75000      1.00000      0.00000      0.01000
     0.75200      1.00000      0.00000      0.01000
     0.75400      1.00000      0.00000      0.01000
     0.75600      1.00000      0.00000      0.01000
     0.75800      1.00000      0.00000      0.01000
     0.76000      1.00000      0.00000      0.01000
     0.76200      1.00000      0.00000      0.01000
     0.76400      1.00000      0.00000      0.01000
     0.76600      1.00000      0.00000      0.01000
     0.76800      1.00000      0.00000      0.01000
     0.77000      1.00000      0.00000      0.01000
     0.77200      1.00000      0.00000      0.01000
     0.77400      1.00000      0.00000      0.01000
     0.77600      1.00000      0.00000      0.01000
     0.77800      1.00000      0.00000      0.01000
     0.78000      1.00000      0.00000      0.01000
     0.78200      1.00000      0.00000      0.01000
     0.78400      1.00000      0.00000      0.01000
     0.78600      1.00000      0.00000      0.01000
     0.78800      1.00000      0.00000      0.01000
     0.79000      1.00000      0.00000      0.01000
     0.79200      1.00000      0.00000      0.01000
     0.79400      1.00000      0.00000      0.01000
     0.79600      1.00000      0.00000      0.01000
     0.79800      1.00000      0.00000      0.01000
     0.80000      1.00000      0.00000      0.01000
     0.80200      1.00000      0.00000      0.01000
     0.80400      1.00000      0.00000      0.01000
     0.80600      1.00000      0.00000      0.01000
     0.80800      1.00000      0.00000      0.01000
     0.81000      1.00000      0.00000      0.01000
     0.81200      1.00000      0.00000      0.01000
     0.81400      1.00000      0.00000      0.01000
     0.81600      1.00000      0.00000      0.01000
     0.81800      1.00000      0.00000      0.01000
     0.82000      1.00000      0.00000      0.01000
     0.82200      1.00000      0.00000      0.01000
     0.82400      1.00000      0.00000      0.01000
     0.82600      1.00000      0.00000      0.01000
     0.82800      1.00000      0.00000      0.01000
     0.83000      1.00000      0.00000      0.01000
     0.83200      1.00000      0.00000      0.01000
     0.83400      1.00000      0.00000      0.01000
     0.83600      1.00000      0.00000      0.01000
     0.83800      1.00000      0.00000      0.01000
     0.84000      1.00000      0.00000      0.01000
     0.84200      1.00000      0.00000      0.01000
     0.84400      1.00000      0.00000      0.01000
     0.84600      1.00000      0.00000      0.01000
     0.84800      1.00000      0.00000      0.01000
     0.85000      1.00000      0.00000      0.01000
     0.85200      1.00000      0.00000      0.01000
     0.85400      1.00000      0.00000      0.01000
     0.85600      1.00000      0.00000      0.01000
     0.85800      1.00000      0.00000      0.01000
     0.86000      1.00000      0.00000      0.01000
     0.86200      1.00000      0.00000      0.01000
     0.86400      1.00000      0.00000      0.01000
     0.86600      1.00000      0.00000      0.01000
     0.86800      1.00000      0.00000      0.01000
     0.87000      1.00000      0.00000      0.01000
     0.87200      1.00000      0.00000      0.01000
     0.87400      1.00000      0.00000      0.01000
     0.87600      1.00000      0.00000      0.01000
     0.87800      1.00000      0.00000      0.01000
     0.88000      1.00000      0.00000      0.01000
     0.88200      1.00000      0.00000      0.01000
     0.88400      1.00000      0.00000      0.01000
     0.88600      1.00000      0.00000      0.01000
     0.88800      1.00000      0.00000      0.01000
     0.89000      1.00000      0.00000      0.01000
     0.89200      1.00000      0.00000      0.01000
     0.89400      1.00000      0.00000      0.01000
     0.89600      1.00000      0.00000      0.01000
     0.89800      1.00000      0.00000      0.01000
     0.90000      1.00000      0.00000      0.01000
     0.90200      1.00000      0.00000      0.01000
     0.90400      1.00000      0.00000      0.01000
     0.90600      1.00000      0.00000      0.01000
     0.90800      1.00000      0.00000      0.01000
     0.91000      1.00000      0.00000      0.01000
     0.91200      1.00000      0.00000      0.01000
     0.91400      1.00000      0.00000      0.01000
     0.91600      1.00000      0.00000      0.01000
     0.91800      1.00000      0.00000      0.01000
     0.92000      1.00000      0.00000      0.01000
     0.92200      1.00000      0.00000      0.01000
     0.92400      1.00000      0.00000      0.01000
     0.92600      1.00000      0.00000      0.01000
     0.92800      1.00000      0.00000      0.01000
     0.93000      1.00000      0.00000      0.01000
     0.93200      1.00000      0.00000      0.01000
     0.93400      1.00000      0.00000      0.01000
     0.93600      1.00000      0.00000      0.01000
     0.93800      1.00000      0.00000      0.01000
     0.94000      1.00000      0.00000      0.01000
     0.94200      1.00000      0.00000      0.01000
     0.94400      1.00000      0.00000      0.01000
     0.94600      1.00000      0.00000      0.01000
     0.94800      1.00000      0.00000      0.01000
     0.95000      1.00000      0.00000      0.01000
     0.95200      1.00000      0.00000      0.01000
     0.95400      1.00000      0.00000      0.01000
     0.95600      1.00000      0.00000      0.01000
     0.95800      1.00000      0.00000      0.01000
     0.96000      1.00000      0.00000      0.01000
     0.96200      1.00000      0.00000      0.01000
     0.96400      1.00000      0.00000      0.01000
     0.96600      1.00000      0.00000      0.01000
     0.96800      1.00000      0.00000      0.01000
     0.97000      1.00000      0.00000      0.01000
     0.97200      1.00000      0.00000      0.01000
     0.97400      1.00000      0.00000      0.01000
     0.97600      1.00000      0.00000      0.01000
     0.97800      1.00000      0.00000      0.01000
     0.98000      1.00000      0.00000      0.01000
     0.98200      1.00000      0.00000      0.01000
     0.98400      1.00000      0.00000      0.01000
     0.98600      1.00000      0.00000      0.01000
     0.98800      1.00000      0.00000      0.01000
     0.99000      1.00000      0.00000      0.01000
     0.99200      1.00000      0.00000      0.01000
     0.99400      1.00000      0.00000      0.01000
     0.99600      1.00000      0.00000      0.01000
     0.99800      1.00000      0.00000      0.01000
