t =     0.1000
           x          rho            u            p
    -1.00000      1.00000      0.00000      0.01000
    -0.99800      1.00000      0.00000      0.01000
    -0.99600      1.00000      0.00000      0.01000
    -0.99400      1.00000      0.00000      0.01000
    -0.99200      1.00000      0.00000      0.01000
    -0.99000      1.00000      0.00000      0.01000
    -0.98800      1.00000      0.00000      0.01000
    -0.98600      1.00000      0.00000      0.01000
    -0.98400      1.00000      0.00000      0.01000
    -0.98200      1.00000      0.00000      0.01000
    -0.98000      1.00000      0.00000      0.01000
    -0.97800      1.00000      0.00000      0.01000
    -0.97600      1.00000      0.00000      0.01000
    -0.97400      1.00000      0.00000      0.01000
    -0.97200      1.00000      0.00000      0.01000
    -0.97000      1.00000      0.00000      0.01000
    -0.96800      1.00000      0.00000      0.01000
    -0.96600      1.00000      0.00000      0.01000
    -0.96400      1.00000      0.00000      0.01000
    -0.96200      1.00000      0.00000      0.01000
    -0.96000      1.00000      0.00000      0.01000
    -0.95800      1.00000      0.00000      0.01000
    -0.95600      1.00000      0.00000      0.01000
    -0.95400      1.00000      0.00000      0.01000
    -0.95200      1.00000      0.00000      0.01000
    -0.95000      1.00000      0.00000      0.01000
    -0.94800      1.00000      0.00000      0.01000
    -0.94600      1.00000      0.00000      0.01000
    -0.94400      1.00000      0.00000      0.01000
    -0.94200      1.00000      0.00000      0.01000
    -0.94000      1.00000      0.00000      0.01000
    -0.93800      1.00000      0.00000      0.01000
    -0.93600      1.00000      0.00000      0.01000
    -0.93400      1.00000      0.00000      0.01000
    -0.93200      1.00000      0.00000      0.01000
    -0.93000      1.00000      0.00000      0.01000
    -0.92800      1.00000      0.00000      0.01000
    -0.92600      1.00000      0.00000      0.01000
    -0.92400      1.00000      0.00000      0.01000
    -0.92200      1.00000      0.00000      0.01000
    -0.92000      1.00000      0.00000      0.01000
    -0.91800      1.00000      0.00000      0.01000
    -0.91600      1.00000      0.00000      0.01000
    -0.91400      1.00000      0.00000      0.01000
    -0.91200      1.00000      0.00000      0.01000
    -0.91000      1.00000      0.00000      0.01000
    -0.90800      1.00000      0.00000      0.01000
    -0.90600      1.00000      0.00000      0.01000
    -0.90400      1.00000      0.00000      0.01000
    -0.90200      1.00000      0.00000      0.01000
    -0.90000      1.00000      0.00000      0.01000
    -0.89800      1.00000      0.00000      0.01000
    -0.89600      1.00000      0.00000      0.01000
    -0.89400      1.00000      0.00000      0.01000
    -0.89200      1.00000      0.00000      0.01000
    -0.89000      1.00000      0.00000      0.01000
    -0.88800      1.00000      0.00000      0.01000
    -0.88600      1.00000      0.00000      0.01000
    -0.88400      1.00000      0.00000      0.01000
    -0.88200      1.00000      0.00000      0.01000
    -0.88000      1.00000      0.00000      0.01000
    -0.87800      1.00000      0.00000      0.01000
    -0.87600      1.00000      0.00000      0.01000
    -0.87400      1.00000      0.00000      0.01000
    -0.87200      1.00000      0.00000      0.01000
    -0.87000      1.00000      0.00000      0.01000
    -0.86800      1.00000      0.00000      0.01000
    -0.86600      1.00000      0.00000      0.01000
    -0.86400      1.00000      0.00000      0.01000
    -0.86200      1.00000      0.00000      0.01000
    -0.86000      1.00000      0.00000      0.01000
    -0.85800      1.00000      0.00000      0.01000
    -0.85600      1.00000      0.00000      0.01000
    -0.85400      1.00000      0.00000      0.01000
    -0.85200      1.00000      0.00000      0.01000
    -0.85000      1.00000      0.00000      0.01000
    -0.84800      1.00000      0.00000      0.01000
    -0.84600      1.00000      0.00000      0.01000
    -0.84400      1.00000      0.00000      0.01000
    -0.84200      1.00000      0.00000      0.01000
    -0.84000      1.00000      0.00000      0.01000
    -0.83800      1.00000      0.00000      0.01000
    -0.83600      1.00000      0.00000      0.01000
    -0.83400      1.00000      0.00000      0.01000
    -0.83200      1.00000      0.00000      0.01000
    -0.83000      1.00000      0.00000      0.01000
    -0.82800      1.00000      0.00000      0.01000
    -0.82600      1.00000      0.00000      0.01000
    -0.82400      1.00000      0.00000      0.01000
    -0.82200      1.00000      0.00000      0.01000
    -0.82000      1.00000      0.00000      0.01000
    -0.81800      1.00000      0.00000      0.01000
    -0.81600      1.00000      0.00000      0.01000
    -0.81400      1.00000      0.00000      0.01000
    -0.81200      1.00000      0.00000      0.01000
    -0.81000      1.00000      0.00000      0.01000
    -0.80800      1.00000      0.00000      0.01000
    -0.80600      1.00000      0.00000      0.01000
    -0.80400      1.00000      0.00000      0.01000
    -0.80200      1.00000      0.00000      0.01000
    -0.80000      1.00000      0.00000      0.01000
    -0.79800      1.00000      0.00000      0.01000
    -0.79600      1.00000      0.00000      0.01000
    -0.79400      1.00000      0.00000      0.01000
    -0.79200      1.00000      0.00000      0.01000
    -0.79000      1.00000      0.00000      0.01000
    -0.78800      1.00000      0.00000      0.01000
    -0.78600      1.00000      0.00000      0.01000
    -0.78400      1.00000      0.00000      0.01000
    -0.78200      1.00000      0.00000      0.01000
    -0.78000      1.00000      0.00000      0.01000
    -0.77800      1.00000      0.00000      0.01000
    -0.77600      1.00000      0.00000      0.01000
    -0.77400      1.00000      0.00000      0.01000
    -0.77200      1.00000      0.00000      0.01000
    -0.77000      1.00000      0.00000      0.01000
    -0.76800      1.00000      0.00000      0.01000
    -0.76600      1.00000      0.00000      0.01000
    -0.76400      1.00000      0.00000      0.01000
    -0.76200      1.00000     -0.00000      0.01000
    -0.76000      1.00000     -0.00000      0.01000
    -0.75800      1.00000     -0.00000      0.01000
    -0.75600      1.00000     -0.00000      0.01000
    -0.75400      1.00098     -0.00062      0.01011
    -0.75200      1.07836     -0.16109      0.16611
    -0.75000      1.76644     -1.83737      4.33753
    -0.74800      3.20452     -4.03255     17.19988
    -0.74600      4.53438     -5.26001     30.65130
    -0.74400      5.32757     -5.80657     38.98462
    -0.74200      5.70811     -6.03627     43.04314
    -0.74000      5.87420     -6.13091     44.82510
    -0.73800      5.94374     -6.16966     45.57344
    -0.73600      5.97237     -6.18547     45.88231
    -0.73400      5.98402     -6.19192     46.00874
    -0.73200      5.98871     -6.19454     46.06034
    -0.73000      5.99053     -6.19561     46.08133
    -0.72800      5.99116     -6.19605     46.08979
    -0.72600      5.99127     -6.19622     46.09313
    -0.72400      5.99113     -6.19630     46.09436
    -0.72200      5.99083     -6.19634     46.09472
    -0.72000      5.99041     -6.19635     46.09475
    -0.71800      5.98988     -6.19636     46.09469
    -0.71600      5.98920     -6.19636     46.09462
    -0.71400      5.98836     -6.19636     46.09459
    -0.71200      5.98731     -6.19636     46.09459
    -0.71000      5.98601     -6.19635     46.09461
    -0.70800      5.98440     -6.19634     46.09465
    -0.70600      5.98242     -6.19634     46.09468
    -0.70400      5.97998     -6.19633     46.09470
    -0.70200      5.97701     -6.19633     46.09472
    -0.70000      5.97340     -6.19632     46.09473
    -0.69800      5.96903     -6.19632     46.09472
    -0.69600      5.96377     -6.19632     46.09469
    -0.69400      5.95748     -6.19632     46.09465
    -0.69200      5.94999     -6.19632     46.09458
    -0.69000      5.94111     -6.19632     46.09450
    -0.68800      5.93064     -6.19632     46.09440
    -0.68600      5.91836     -6.19632     46.09430
    -0.68400      5.90402     -6.19633     46.09420
    -0.68200      5.88736     -6.19633     46.09410
    -0.68000      5.86811     -6.19633     46.09403
    -0.67800      5.84596     -6.19633     46.09397
    -0.67600      5.82061     -6.19633     46.09394
    -0.67400      5.79173     -6.19633     46.09392
    -0.67200      5.75900     -6.19633     46.09393
    -0.67000      5.72208     -6.19632     46.09394
    -0.66800      5.68064     -6.19632     46.09396
    -0.66600      5.63435     -6.19632     46.09398
    -0.66400      5.58289     -6.19632     46.09399
    -0.66200      5.52597     -6.19631     46.09399
    -0.66000      5.46332     -6.19631     46.09398
    -0.65800      5.39469     -6.19631     46.09396
    -0.65600      5.31987     -6.19631     46.09393
    -0.65400      5.23872     -6.19631     46.09388
    -0.65200      5.15111     -6.19632     46.09383
    -0.65000      5.05700     -6.19632     46.09377
    -0.64800      4.95640     -6.19632     46.09371
    -0.64600      4.84937     -6.19632     46.09366
    -0.64400      4.73607     -6.19632     46.09360
    -0.64200      4.61670     -6.19633     46.09356
    -0.64000      4.49156     -6.19633     46.09352
    -0.63800      4.36099     -6.19633     46.09349
    -0.63600      4.22544     -6.19633     46.09347
    -0.63400      4.08538     -6.19633     46.09346
    -0.63200      3.94138     -6.19633     46.09346
    -0.63000      3.79405     -6.19633     46.09346
    -0.62800      3.64403     -6.19633     46.09347
    -0.62600      3.49204     -6.19633     46.09347
    -0.62400      3.33878     -6.19633     46.09348
    -0.62200      3.18500     -6.19632     46.09348
    -0.62000      3.03147     -6.19632     46.09348
    -0.61800      2.87891     -6.19632     46.09348
    -0.61600      2.72808     -6.19632     46.09347
    -0.61400      2.57967     -6.19633     46.09346
    -0.61200      2.43438     -6.19633     46.09344
    -0.61000      2.29282     -6.19633     46.09343
    -0.60800      2.15558     -6.19633     46.09341
    -0.60600      2.02318     -6.19633     46.09338
    -0.60400      1.89609     -6.19633     46.09336
    -0.60200      1.77468     -6.19633     46.09334
    -0.60000      1.65928     -6.19634     46.09332
    -0.59800      1.55184     -6.19634     46.09329
    -0.59600      1.45525     -6.19634     46.09327
    -0.59400      1.36866     -6.19634     46.09325
    -0.59200      1.29093     -6.19635     46.09323
    -0.59000      1.22106     -6.19635     46.09322
    -0.58800      1.15816     -6.19635     46.09320
    -0.58600      1.10149     -6.19635     46.09319
    -0.58400      1.05037     -6.19635     46.09318
    -0.58200      1.00422     -6.19635     46.09317
    -0.58000      0.96251     -6.19636     46.09316
    -0.57800      0.92480     -6.19636     46.09316
    -0.57600      0.89067     -6.19636     46.09315
    -0.57400      0.85977     -6.19636     46.09315
    -0.57200      0.83178     -6.19636     46.09315
    -0.57000      0.80642     -6.19636     46.09315
    -0.56800      0.78344     -6.19636     46.09315
    -0.56600      0.76262     -6.19636     46.09315
    -0.56400      0.74374     -6.19636     46.09315
    -0.56200      0.72664     -6.19636     46.09315
    -0.56000      0.71114     -6.19636     46.09315
    -0.55800      0.69710     -6.19636     46.09315
    -0.55600      0.68439     -6.19636     46.09316
    -0.55400      0.67290     -6.19636     46.09316
    -0.55200      0.66250     -6.19636     46.09316
    -0.55000      0.65310     -6.19636     46.09316
    -0.54800      0.64462     -6.19636     46.09316
    -0.54600      0.63697     -6.19636     46.09317
    -0.54400      0.63007     -6.19636     46.09317
    -0.54200      0.62387     -6.19636     46.09317
    -0.54000      0.61829     -6.19636     46.09317
    -0.53800      0.61328     -6.19636     46.09316
    -0.53600      0.60879     -6.19637     46.09316
    -0.53400      0.60476     -6.19637     46.09316
    -0.53200      0.60117     -6.19637     46.09316
    -0.53000      0.59795     -6.19637     46.09315
    -0.52800      0.59509     -6.19637     46.09315
    -0.52600      0.59255     -6.19637     46.09314
    -0.52400      0.59028     -6.19637     46.09314
    -0.52200      0.58828     -6.19637     46.09313
    -0.52000      0.58650     -6.19638     46.09312
    -0.51800      0.58494     -6.19638     46.09311
    -0.51600      0.58355     -6.19638     46.09310
    -0.51400      0.58234     -6.19638     46.09309
    -0.51200      0.58127     -6.19638     46.09308
    -0.51000      0.58034     -6.19639     46.09307
    -0.50800      0.57952     -6.19639     46.09306
    -0.50600      0.57881     -6.19639     46.09305
    -0.50400      0.57819     -6.19639     46.09304
    -0.50200      0.57765     -6.19640     46.09302
    -0.50000      0.57718     -6.19640     46.09301
    -0.49800      0.57678     -6.19640     46.09300
    -0.49600      0.57643     -6.19640     46.09298
    -0.49400      0.57614     -6.19641     46.09297
    -0.49200      0.57588     -6.19641     46.09296
    -0.49000      0.57566     -6.19641     46.09295
    -0.48800      0.57548     -6.19641     46.09294
    -0.48600      0.57532     -6.19641     46.09293
    -0.48400      0.57519     -6.19642     46.09291
    -0.48200      0.57507     -6.19642     46.09290
    -0.48000      0.57498     -6.19642     46.09289
    -0.47800      0.57490     -6.19642     46.09289
    -0.47600      0.57483     -6.19642     46.09288
    -0.47400      0.57478     -6.19643     46.09287
    -0.47200      0.57474     -6.19643     46.09286
    -0.47000      0.57470     -6.19643     46.09286
    -0.46800      0.57467     -6.19643     46.09285
    -0.46600      0.57465     -6.19643     46.09285
    -0.46400      0.57463     -6.19643     46.09284
    -0.46200      0.57461     -6.19643     46.09284
    -0.46000      0.57460     -6.19643     46.09284
    -0.45800      0.57460     -6.19644     46.09283
    -0.45600      0.57459     -6.19644     46.09283
    -0.45400      0.57459     -6.19644     46.09283
    -0.45200      0.57458     -6.19644     46.09283
    -0.45000      0.57458     -6.19644     46.09283
    -0.44800      0.57458     -6.19644     46.09283
    -0.44600      0.57459     -6.19644     46.09283
    -0.44400      0.57459     -6.19644     46.09282
    -0.44200      0.57459     -6.19644     46.09282
    -0.44000      0.57459     -6.19644     46.09282
    -0.43800      0.57460     -6.19644     46.09282
    -0.43600      0.57460     -6.19644     46.09282
    -0.43400      0.57460     -6.19644     46.09281
    -0.43200      0.57461     -6.19644     46.09281
    -0.43000      0.57461     -6.19645     46.09281
    -0.42800      0.57462     -6.19645     46.09280
    -0.42600      0.57462     -6.19645     46.09280
    -0.42400      0.57463     -6.19645     46.09279
    -0.42200      0.57463     -6.19645     46.09278
    -0.42000      0.57463     -6.19645     46.09277
    -0.41800      0.57464     -6.19645     46.09277
    -0.41600      0.57464     -6.19646     46.09276
    -0.41400      0.57465     -6.19646     46.09274
    -0.41200      0.57465     -6.19646     46.09273
    -0.41000      0.57465     -6.19646     46.09272
    -0.40800      0.57466     -6.19647     46.09271
    -0.40600      0.57466     -6.19647     46.09269
    -0.40400      0.57466     -6.19647     46.09268
    -0.40200      0.57467     -6.19647     46.09266
    -0.40000      0.57467     -6.19648     46.09265
    -0.39800      0.57468     -6.19648     46.09263
    -0.39600      0.57468     -6.19648     46.09261
    -0.39400      0.57468     -6.19649     46.09260
    -0.39200      0.57469     -6.19649     46.09258
    -0.39000      0.57469     -6.19649     46.09256
    -0.38800      0.57469     -6.19650     46.09254
    -0.38600      0.57469     -6.19650     46.09253
    -0.38400      0.57470     -6.19650     46.09251
    -0.38200      0.57470     -6.19651     46.09249
    -0.38000      0.57470     -6.19651     46.09247
    -0.37800      0.57471     -6.19651     46.09246
    -0.37600      0.57471     -6.19652     46.09244
    -0.37400      0.57471     -6.19652     46.09242
    -0.37200      0.57471     -6.19652     46.09241
    -0.37000      0.57472     -6.19652     46.09239
    -0.36800      0.57472     -6.19653     46.09238
    -0.36600      0.57472     -6.19653     46.09237
    -0.36400      0.57473     -6.19653     46.09235
    -0.36200      0.57473     -6.19653     46.09234
    -0.36000      0.57473     -6.19654     46.09233
    -0.35800      0.57473     -6.19654     46.09232
    -0.35600      0.57474     -6.19654     46.09231
    -0.35400      0.57474     -6.19654     46.09230
    -0.35200      0.57474     -6.19654     46.09229
    -0.35000      0.57474     -6.19655     46.09228
    -0.34800      0.57475     -6.19655     46.09228
    -0.34600      0.57475     -6.19655     46.09227
    -0.34400      0.57475     -6.19655     46.09226
    -0.34200      0.57475     -6.19655     46.09225
    -0.34000      0.57475     -6.19655     46.09225
    -0.33800      0.57476     -6.19656     46.09224
    -0.33600      0.57476     -6.19656     46.09223
    -0.33400      0.57476     -6.19656     46.09222
    -0.33200      0.57476     -6.19656     46.09222
    -0.33000      0.57476     -6.19656     46.09221
    -0.32800      0.57477     -6.19656     46.09220
    -0.32600      0.57477     -6.19657     46.09219
    -0.32400      0.57477     -6.19657     46.09218
    -0.32200      0.57477     -6.19657     46.09217
    -0.32000      0.57477     -6.19657     46.09216
    -0.31800      0.57478     -6.19657     46.09214
    -0.31600      0.57478     -6.19658     46.09213
    -0.31400      0.57478     -6.19658     46.09211
    -0.31200      0.57478     -6.19658     46.09210
    -0.31000      0.57478     -6.19659     46.09208
    -0.30800      0.57478     -6.19659     46.09206
    -0.30600      0.57479     -6.19659     46.09205
    -0.30400      0.57479     -6.19660     46.09203
    -0.30200      0.57479     -6.19660     46.09201
    -0.30000      0.57479     -6.19660     46.09198
    -0.29800      0.57479     -6.19661     46.09196
    -0.29600      0.57479     -6.19661     46.09194
    -0.29400      0.57480     -6.19662     46.09191
    -0.29200      0.57480     -6.19662     46.09189
    -0.29000      0.57480     -6.19663     46.09186
    -0.28800      0.57480     -6.19663     46.09184
    -0.28600      0.57480     -6.19663     46.09181
    -0.28400      0.57480     -6.19664     46.09178
    -0.28200      0.57480     -6.19664     46.09175
    -0.28000      0.57481     -6.19665     46.09173
    -0.27800      0.57481     -6.19665     46.09170
    -0.27600      0.57481     -6.19666     46.09167
    -0.27400      0.57481     -6.19666     46.09165
    -0.27200      0.57481     -6.19667     46.09162
    -0.27000      0.57481     -6.19667     46.09159
    -0.26800      0.57481     -6.19668     46.09157
    -0.26600      0.57481     -6.19668     46.09154
    -0.26400      0.57481     -6.19669     46.09151
    -0.26200      0.57482     -6.19669     46.09149
    -0.26000      0.57482     -6.19669     46.09147
    -0.25800      0.57482     -6.19670     46.09144
    -0.25600      0.57482     -6.19670     46.09142
    -0.25400      0.57482     -6.19671     46.09140
    -0.25200      0.57482     -6.19671     46.09138
    -0.25000      0.57482     -6.19671     46.09135
    -0.24800      0.57482     -6.19672     46.09133
    -0.24600      0.57483     -6.19672     46.09131
    -0.24400      0.57483     -6.19673     46.09130
    -0.24200      0.57483     -6.19673     46.09128
    -0.24000      0.57483     -6.19673     46.09126
    -0.23800      0.57483     -6.19674     46.09124
    -0.23600      0.57483     -6.19674     46.09122
    -0.23400      0.57483     -6.19674     46.09120
    -0.23200      0.57483     -6.19675     46.09118
    -0.23000      0.57483     -6.19675     46.09116
    -0.22800      0.57483     -6.19675     46.09114
    -0.22600      0.57484     -6.19676     46.09112
    -0.22400      0.57484     -6.19676     46.09110
    -0.22200      0.57484     -6.19676     46.09108
    -0.22000      0.57484     -6.19677     46.09106
    -0.21800      0.57484     -6.19677     46.09103
    -0.21600      0.57484     -6.19678     46.09101
    -0.21400      0.57484     -6.19678     46.09098
    -0.21200      0.57484     -6.19679     46.09096
    -0.21000      0.57484     -6.19679     46.09093
    -0.20800      0.57484     -6.19680     46.09090
    -0.20600      0.57484     -6.19680     46.09087
    -0.20400      0.57485     -6.19681     46.09084
    -0.20200      0.57485     -6.19681     46.09080
    -0.20000      0.57485     -6.19682     46.09077
    -0.19800      0.57485     -6.19682     46.09073
    -0.19600      0.57485     -6.19683     46.09070
    -0.19400      0.57485     -6.19684     46.09066
    -0.19200      0.57485     -6.19684     46.09062
    -0.19000      0.57485     -6.19685     46.09058
    -0.18800      0.57485     -6.19686     46.09054
    -0.18600      0.57485     -6.19687     46.09049
    -0.18400      0.57485     -6.19687     46.09045
    -0.18200      0.57485     -6.19688     46.09040
    -0.18000      0.57485     -6.19689     46.09036
    -0.17800      0.57485     -6.19690     46.09031
    -0.17600      0.57485     -6.19690     46.09027
    -0.17400      0.57485     -6.19691     46.09022
    -0.17200      0.57485     -6.19692     46.09018
    -0.17000      0.57486     -6.19693     46.09013
    -0.16800      0.57486     -6.19694     46.09008
    -0.16600      0.57486     -6.19694     46.09004
    -0.16400      0.57486     -6.19695     46.08999
    -0.16200      0.57486     -6.19696     46.08994
    -0.16000      0.57486     -6.19697     46.08990
    -0.15800      0.57486     -6.19697     46.08985
    -0.15600      0.57486     -6.19698     46.08981
    -0.15400      0.57486     -6.19699     46.08976
    -0.15200      0.57486     -6.19700     46.08972
    -0.15000      0.57486     -6.19700     46.08967
    -0.14800      0.57486     -6.19701     46.08963
    -0.14600      0.57486     -6.19702     46.08959
    -0.14400      0.57486     -6.19703     46.08954
    -0.14200      0.57486     -6.19703     46.08950
    -0.14000      0.57486     -6.19704     46.08946
    -0.13800      0.57486     -6.19705     46.08941
    -0.13600      0.57486     -6.19706     46.08937
    -0.13400      0.57486     -6.19706     46.08933
    -0.13200      0.57486     -6.19707     46.08928
    -0.13000      0.57486     -6.19708     46.08924
    -0.12800      0.57486     -6.19709     46.08920
    -0.12600      0.57486     -6.19709     46.08915
    -0.12400      0.57486     -6.19710     46.08911
    -0.12200      0.57487     -6.19711     46.08906
    -0.12000      0.57487     -6.19712     46.08901
    -0.11800      0.57487     -6.19713     46.08896
    -0.11600      0.57487     -6.19713     46.08891
    -0.11400      0.57487     -6.19714     46.08886
    -0.11200      0.57487     -6.19715     46.08881
    -0.11000      0.57487     -6.19716     46.08875
    -0.10800      0.57487     -6.19717     46.08870
    -0.10600      0.57487     -6.19718     46.08864
    -0.10400      0.57487     -6.19719     46.08858
    -0.10200      0.57487     -6.19720     46.08852
    -0.10000      0.57487     -6.19721     46.08846
    -0.09800      0.57487     -6.19722     46.08839
    -0.09600      0.57487     -6.19723     46.08832
    -0.09400      0.57487     -6.19724     46.08825
    -0.09200      0.57487     -6.19726     46.08818
    -0.09000      0.57487     -6.19727     46.08811
    -0.08800      0.57487     -6.19728     46.08804
    -0.08600      0.57487     -6.19729     46.08796
    -0.08400      0.57487     -6.19731     46.08788
    -0.08200      0.57487     -6.19732     46.08780
    -0.08000      0.57487     -6.19733     46.08772
    -0.07800      0.57487     -6.19735     46.08764
    -0.07600      0.57487     -6.19736     46.08755
    -0.07400      0.57487     -6.19738     46.08747
    -0.07200      0.57487     -6.19739     46.08738
    -0.07000      0.57487     -6.19740     46.08730
    -0.06800      0.57487     -6.19742     46.08721
    -0.06600      0.57487     -6.19743     46.08712
    -0.06400      0.57487     -6.19745     46.08703
    -0.06200      0.57487     -6.19746     46.08694
    -0.06000      0.57487     -6.19748     46.08685
    -0.05800      0.57487     -6.19749     46.08676
    -0.05600      0.57487     -6.19751     46.08667
    -0.05400      0.57486     -6.19753     46.08657
    -0.05200      0.57486     -6.19754     46.08648
    -0.05000      0.57486     -6.19756     46.08639
    -0.04800      0.57486     -6.19757     46.08630
    -0.04600      0.57486     -6.19759     46.08620
    -0.04400      0.57486     -6.19760     46.08611
    -0.04200      0.57486     -6.19762     46.08602
    -0.04000      0.57486     -6.19763     46.08592
    -0.03800      0.57486     -6.19765     46.08583
    -0.03600      0.57486     -6.19767     46.08573
    -0.03400      0.57486     -6.19768     46.08564
    -0.03200      0.57486     -6.19770     46.08554
    -0.03000      0.57486     -6.19771     46.08544
    -0.02800      0.57486     -6.19773     46.08534
    -0.02600      0.57486     -6.19775     46.08524
    -0.02400      0.57486     -6.19776     46.08514
    -0.02200      0.57486     -6.19778     46.08503
    -0.02000      0.57486     -6.19780     46.08493
    -0.01800      0.57486     -6.19782     46.08482
    -0.01600      0.57486     -6.19784     46.08471
    -0.01400      0.57486     -6.19785     46.08460
    -0.01200      0.57486     -6.19787     46.08449
    -0.01000      0.57486     -6.19789     46.08437
    -0.00800      0.57486     -6.19791     46.08425
    -0.00600      0.57486     -6.19793     46.08413
    -0.00400      0.57486     -6.19795     46.08400
    -0.00200      0.57485     -6.19797     46.08387
     0.00000      0.57485     -6.19800     46.08374
     0.00200      0.57485     -6.19802     46.08361
     0.00400      0.57485     -6.19804     46.08347
     0.00600      0.57485     -6.19806     46.08333
     0.00800      0.57485     -6.19809     46.08319
     0.01000      0.57485     -6.19811     46.08304
     0.01200      0.57485     -6.19814     46.08289
     0.01400      0.57485     -6.19816     46.08273
     0.01600      0.57485     -6.19819     46.08258
     0.01800      0.57485     -6.19822     46.08242
     0.02000      0.57485     -6.19824     46.08225
     0.02200      0.57484     -6.19827     46.08208
     0.02400      0.57484     -6.19830     46.08191
     0.02600      0.57484     -6.19833     46.08174
     0.02800      0.57484     -6.19836     46.08156
     0.03000      0.57484     -6.19839     46.08138
     0.03200      0.57484     -6.19842     46.08120
     0.03400      0.57484     -6.19845     46.08101
     0.03600      0.57484     -6.19848     46.08082
     0.03800      0.57483     -6.19851     46.08063
     0.04000      0.57483     -6.19854     46.08044
     0.04200      0.57483     -6.19858     46.08024
     0.04400      0.57483     -6.19861     46.08004
     0.04600      0.57483     -6.19864     46.07984
     0.04800      0.57483     -6.19868     46.07963
     0.05000      0.57483     -6.19871     46.07943
     0.05200      0.57483     -6.19874     46.07922
     0.05400      0.57482     -6.19878     46.07901
     0.05600      0.57482     -6.19882     46.07879
     0.05800      0.57482     -6.19885     46.07857
     0.06000      0.57482     -6.19889     46.07835
     0.06200      0.57482     -6.19892     46.07813
     0.06400      0.57482     -6.19896     46.07791
     0.06600      0.57481     -6.19900     46.07768
     0.06800      0.57481     -6.19904     46.07745
     0.07000      0.57481     -6.19908     46.07722
     0.07200      0.57481     -6.19911     46.07698
     0.07400      0.57481     -6.19915     46.07674
     0.07600      0.57481     -6.19919     46.07649
     0.07800      0.57480     -6.19924     46.07624
     0.08000      0.57480     -6.19928     46.07599
     0.08200      0.57480     -6.19932     46.07573
     0.08400      0.57480     -6.19936     46.07547
     0.08600      0.57480     -6.19941     46.07521
     0.08800      0.57479     -6.19945     46.07494
     0.09000      0.57479     -6.19950     46.07466
     0.09200      0.57479     -6.19954     46.07438
     0.09400      0.57479     -6.19959     46.07409
     0.09600      0.57479     -6.19964     46.07380
     0.09800      0.57478     -6.19969     46.07350
     0.10000      0.57478     -6.19974     46.07320
     0.10200      0.57478     -6.19979     46.07289
     0.10400      0.57478     -6.19984     46.07257
     0.10600      0.57477     -6.19989     46.07225
     0.10800      0.57477     -6.19995     46.07192
     0.11000      0.57477     -6.20000     46.07158
     0.11200      0.57477     -6.20006     46.07124
     0.11400      0.57476     -6.20012     46.07088
     0.11600      0.57476     -6.20018     46.07052
     0.11800      0.57476     -6.20024     46.07015
     0.12000      0.57475     -6.20030     46.06978
     0.12200      0.57475     -6.20037     46.06939
     0.12400      0.57475     -6.20043     46.06900
     0.12600      0.57474     -6.20050     46.06860
     0.12800      0.57474     -6.20056     46.06819
     0.13000      0.57474     -6.20063     46.06777
     0.13200      0.57473     -6.20070     46.06734
     0.13400      0.57473     -6.20077     46.06691
     0.13600      0.57473     -6.20085     46.06646
     0.13800      0.57472     -6.20092     46.06600
     0.14000      0.57472     -6.20100     46.06554
     0.14200      0.57472     -6.20108     46.06506
     0.14400      0.57471     -6.20116     46.06458
     0.14600      0.57471     -6.20124     46.06409
     0.14800      0.57470     -6.20132     46.06358
     0.15000      0.57470     -6.20141     46.06307
     0.15200      0.57469     -6.20149     46.06254
     0.15400      0.57469     -6.20158     46.06201
     0.15600      0.57469     -6.20167     46.06146
     0.15800      0.57468     -6.20176     46.06091
     0.16000      0.57468     -6.20186     46.06034
     0.16200      0.57467     -6.20195     46.05976
     0.16400      0.57467     -6.20205     46.05917
     0.16600      0.57466     -6.20215     46.05857
     0.16800      0.57466     -6.20225     46.05796
     0.17000      0.57465     -6.20235     46.05734
     0.17200      0.57465     -6.20245     46.05670
     0.17400      0.57464     -6.20256     46.05605
     0.17600      0.57463     -6.20267     46.05539
     0.17800      0.57463     -6.20278     46.05472
     0.18000      0.57462     -6.20289     46.05403
     0.18200      0.57462     -6.20301     46.05333
     0.18400      0.57461     -6.20313     46.05262
     0.18600      0.57460     -6.20325     46.05189
     0.18800      0.57460     -6.20337     46.05114
     0.19000      0.57459     -6.20349     46.05038
     0.19200      0.57459     -6.20362     46.04961
     0.19400      0.57458     -6.20375     46.04881
     0.19600      0.57457     -6.20389     46.04800
     0.19800      0.57456     -6.20402     46.04717
     0.20000      0.57456     -6.20416     46.04633
     0.20200      0.57455     -6.20430     46.04546
     0.20400      0.57454     -6.20445     46.04458
     0.20600      0.57453     -6.20460     46.04367
     0.20800      0.57453     -6.20475     46.04275
     0.21000      0.57452     -6.20491     46.04180
     0.21200      0.57451     -6.20506     46.04084
     0.21400      0.57450     -6.20523     46.03984
     0.21600      0.57449     -6.20539     46.03883
     0.21800      0.57448     -6.20557     46.03779
     0.22000      0.57447     -6.20574     46.03673
     0.22200      0.57447     -6.20592     46.03564
     0.22400      0.57446     -6.20610     46.03453
     0.22600      0.57445     -6.20629     46.03339
     0.22800      0.57444     -6.20648     46.03222
     0.23000      0.57442     -6.20668     46.03102
     0.23200      0.57441     -6.20688     46.02979
     0.23400      0.57440     -6.20709     46.02853
     0.23600      0.57439     -6.20730     46.02724
     0.23800      0.57438     -6.20752     46.02592
     0.24000      0.57437     -6.20774     46.02457
     0.24200      0.57436     -6.20797     46.02318
     0.24400      0.57434     -6.20820     46.02175
     0.24600      0.57433     -6.20844     46.02029
     0.24800      0.57432     -6.20869     46.01879
     0.25000      0.57430     -6.20894     46.01725
     0.25200      0.57429     -6.20920     46.01567
     0.25400      0.57428     -6.20947     46.01405
     0.25600      0.57426     -6.20975     46.01238
     0.25800      0.57425     -6.21003     46.01067
     0.26000      0.57423     -6.21032     46.00891
     0.26200      0.57422     -6.21061     46.00711
     0.26400      0.57420     -6.21092     46.00525
     0.26600      0.57418     -6.21123     46.00335
     0.26800      0.57417     -6.21155     46.00139
     0.27000      0.57415     -6.21189     45.99937
     0.27200      0.57413     -6.21223     45.99730
     0.27400      0.57411     -6.21258     45.99516
     0.27600      0.57409     -6.21294     45.99296
     0.27800      0.57407     -6.21331     45.99070
     0.28000      0.57405     -6.21370     45.98837
     0.28200      0.57403     -6.21409     45.98596
     0.28400      0.57401     -6.21450     45.98349
     0.28600      0.57399     -6.21492     45.98093
     0.28800      0.57396     -6.21536     45.97829
     0.29000      0.57394     -6.21580     45.97557
     0.29200      0.57391     -6.21627     45.97275
     0.29400      0.57389     -6.21675     45.96985
     0.29600      0.57386     -6.21724     45.96684
     0.29800      0.57383     -6.21775     45.96372
     0.30000      0.57380     -6.21828     45.96050
     0.30200      0.57378     -6.21883     45.95716
     0.30400      0.57374     -6.21940     45.95370
     0.30600      0.57371     -6.21999     45.95010
     0.30800      0.57368     -6.22061     45.94637
     0.31000      0.57365     -6.22125     45.94249
     0.31200      0.57361     -6.22191     45.93845
     0.31400      0.57357     -6.22261     45.93425
     0.31600      0.57353     -6.22333     45.92986
     0.31800      0.57349     -6.22408     45.92529
     0.32000      0.57345     -6.22487     45.92051
     0.32200      0.57341     -6.22569     45.91551
     0.32400      0.57336     -6.22655     45.91028
     0.32600      0.57331     -6.22746     45.90480
     0.32800      0.57326     -6.22840     45.89905
     0.33000      0.57321     -6.22940     45.89302
     0.33200      0.57315     -6.23044     45.88669
     0.33400      0.57309     -6.23154     45.88003
     0.33600      0.57303     -6.23269     45.87305
     0.33800      0.57296     -6.23390     45.86570
     0.34000      0.57289     -6.23517     45.85800
     0.34200      0.57282     -6.23651     45.84991
     0.34400      0.57275     -6.23790     45.84145
     0.34600      0.57267     -6.23936     45.83261
     0.34800      0.57259     -6.24088     45.82340
     0.35000      0.57250     -6.24246     45.81384
     0.35200      0.57241     -6.24409     45.80396
     0.35400      0.57232     -6.24576     45.79381
     0.35600      0.57223     -6.24747     45.78344
     0.35800      0.57214     -6.24921     45.77295
     0.36000      0.57204     -6.25095     45.76243
     0.36200      0.57195     -6.25267     45.75200
     0.36400      0.57186     -6.25435     45.74180
     0.36600      0.57177     -6.25597     45.73201
     0.36800      0.57169     -6.25750     45.72279
     0.37000      0.57162     -6.25889     45.71436
     0.37200      0.57155     -6.26012     45.70694
     0.37400      0.57149     -6.26114     45.70075
     0.37600      0.57145     -6.26192     45.69605
     0.37800      0.57143     -6.26241     45.69307
     0.38000      0.57142     -6.26258     45.69207
     0.38200      0.57143     -6.26238     45.69327
     0.38400      0.57146     -6.26178     45.69691
     0.38600      0.57152     -6.26074     45.70320
     0.38800      0.57160     -6.25923     45.71232
     0.39000      0.57171     -6.25722     45.72445
     0.39200      0.57184     -6.25470     45.73971
     0.39400      0.57201     -6.25164     45.75822
     0.39600      0.57220     -6.24803     45.78007
     0.39800      0.57243     -6.24387     45.80530
     0.40000      0.57269     -6.23914     45.83394
     0.40200      0.57297     -6.23386     45.86598
     0.40400      0.57329     -6.22802     45.90140
     0.40600      0.57363     -6.22164     45.94016
     0.40800      0.57401     -6.21473     45.98218
     0.41000      0.57441     -6.20729     46.02738
     0.41200      0.57484     -6.19936     46.07567
     0.41400      0.57530     -6.19094     46.12694
     0.41600      0.57578     -6.18207     46.18108
     0.41800      0.57629     -6.17275     46.23798
     0.42000      0.57682     -6.16301     46.29750
     0.42200      0.57737     -6.15287     46.35953
     0.42400      0.57794     -6.14235     46.42394
     0.42600      0.57854     -6.13148     46.49062
     0.42800      0.57915     -6.12027     46.55945
     0.43000      0.57978     -6.10875     46.63031
     0.43200      0.58043     -6.09693     46.70309
     0.43400      0.58109     -6.08482     46.77769
     0.43600      0.58177     -6.07246     46.85400
     0.43800      0.58246     -6.05986     46.93193
     0.44000      0.58316     -6.04702     47.01139
     0.44200      0.58388     -6.03397     47.09230
     0.44400      0.58461     -6.02073     47.17456
     0.44600      0.58535     -6.00729     47.25812
     0.44800      0.58610     -5.99368     47.34289
     0.45000      0.58686     -5.97991     47.42881
     0.45200      0.58763     -5.96598     47.51582
     0.45400      0.58840     -5.95191     47.60385
     0.45600      0.58919     -5.93771     47.69287
     0.45800      0.58998     -5.92338     47.78281
     0.46000      0.59078     -5.90894     47.87363
     0.46200      0.59159     -5.89438     47.96529
     0.46400      0.59241     -5.87973     48.05774
     0.46600      0.59323     -5.86498     48.15095
     0.46800      0.59405     -5.85013     48.24488
     0.47000      0.59489     -5.83521     48.33951
     0.47200      0.59572     -5.82021     48.43479
     0.47400      0.59657     -5.80513     48.53071
     0.47600      0.59741     -5.78998     48.62724
     0.47800      0.59827     -5.77477     48.72434
     0.48000      0.59912     -5.75949     48.82201
     0.48200      0.59998     -5.74416     48.92021
     0.48400      0.60085     -5.72877     49.01894
     0.48600      0.60172     -5.71334     49.11816
     0.48800      0.60259     -5.69785     49.21787
     0.49000      0.60347     -5.68232     49.31804
     0.49200      0.60435     -5.66674     49.41867
     0.49400      0.60523     -5.65113     49.51974
     0.49600      0.60612     -5.63548     49.62123
     0.49800      0.60700     -5.61979     49.72314
     0.50000      0.60790     -5.60406     49.82545
     0.50200      0.60879     -5.58830     49.92816
     0.50400      0.60969     -5.57252     50.03124
     0.50600      0.61059     -5.55670     50.13470
     0.50800      0.61149     -5.54085     50.23853
     0.51000      0.61240     -5.52498     50.34271
     0.51200      0.61331     -5.50909     50.44724
     0.51400      0.61422     -5.49317     50.55211
     0.51600      0.61513     -5.47723     50.65732
     0.51800      0.61605     -5.46126     50.76285
     0.52000      0.61697     -5.44528     50.86871
     0.52200      0.61788     -5.42928     50.97489
     0.52400      0.61881     -5.41326     51.08138
     0.52600      0.61973     -5.39722     51.18818
     0.52800      0.62066     -5.38116     51.29528
     0.53000      0.62159     -5.36509     51.40268
     0.53200      0.62252     -5.34900     51.51037
     0.53400      0.62345     -5.33290     51.61836
     0.53600      0.62438     -5.31679     51.72663
     0.53800      0.62532     -5.30066     51.83518
     0.54000      0.62626     -5.28452     51.94402
     0.54200      0.62720     -5.26837     52.05314
     0.54400      0.62814     -5.25220     52.16252
     0.54600      0.62908     -5.23602     52.27218
     0.54800      0.63003     -5.21984     52.38211
     0.55000      0.63097     -5.20364     52.49231
     0.55200      0.63192     -5.18744     52.60277
     0.55400      0.63287     -5.17122     52.71350
     0.55600      0.63382     -5.15500     52.82448
     0.55800      0.63478     -5.13876     52.93573
     0.56000      0.63573     -5.12252     53.04723
     0.56200      0.63669     -5.10627     53.15899
     0.56400      0.63765     -5.09002     53.27100
     0.56600      0.63861     -5.07375     53.38326
     0.56800      0.63957     -5.05748     53.49577
     0.57000      0.64053     -5.04121     53.60854
     0.57200      0.64150     -5.02492     53.72155
     0.57400      0.64246     -5.00863     53.83480
     0.57600      0.64343     -4.99234     53.94831
     0.57800      0.64440     -4.97604     54.06205
     0.58000      0.64537     -4.95973     54.17605
     0.58200      0.64634     -4.94342     54.29028
     0.58400      0.64731     -4.92710     54.40476
     0.58600      0.64829     -4.91078     54.51947
     0.58800      0.64927     -4.89445     54.63443
     0.59000      0.65024     -4.87812     54.74963
     0.59200      0.65122     -4.86179     54.86506
     0.59400      0.65220     -4.84545     54.98073
     0.59600      0.65319     -4.82911     55.09664
     0.59800      0.65417     -4.81276     55.21279
     0.60000      0.65516     -4.79641     55.32917
     0.60200      0.65614     -4.78005     55.44579
     0.60400      0.65713     -4.76370     55.56264
     0.60600      0.65812     -4.74733     55.67973
     0.60800      0.65911     -4.73097     55.79705
     0.61000      0.66010     -4.71460     55.91461
     0.61200      0.66109     -4.69823     56.03240
     0.61400      0.66209     -4.68186     56.15042
     0.61600      0.66309     -4.66548     56.26867
     0.61800      0.66408     -4.64911     56.38716
     0.62000      0.66508     -4.63273     56.50588
     0.62200      0.66608     -4.61634     56.62483
     0.62400      0.66708     -4.59996     56.74401
     0.62600      0.66809     -4.58357     56.86342
     0.62800      0.66909     -4.56718     56.98307
     0.63000      0.67010     -4.55079     57.10294
     0.63200      0.67110     -4.53439     57.22305
     0.63400      0.67211     -4.51800     57.34339
     0.63600      0.67312     -4.50160     57.46395
     0.63800      0.67413     -4.48520     57.58475
     0.64000      0.67514     -4.46880     57.70578
     0.64200      0.67616     -4.45240     57.82704
     0.64400      0.67717     -4.43599     57.94852
     0.64600      0.67819     -4.41959     58.07024
     0.64800      0.67920     -4.40318     58.19219
     0.65000      0.68022     -4.38677     58.31437
     0.65200      0.68124     -4.37036     58.43677
     0.65400      0.68226     -4.35395     58.55941
     0.65600      0.68329     -4.33754     58.68227
     0.65800      0.68431     -4.32112     58.80537
     0.66000      0.68534     -4.30471     58.92869
     0.66200      0.68636     -4.28829     59.05225
     0.66400      0.68739     -4.27188     59.17603
     0.66600      0.68842     -4.25546     59.30005
     0.66800      0.68945     -4.23904     59.42429
     0.67000      0.69048     -4.22262     59.54876
     0.67200      0.69151     -4.20620     59.67347
     0.67400      0.69255     -4.18978     59.79840
     0.67600      0.69358     -4.17336     59.92356
     0.67800      0.69462     -4.15693     60.04895
     0.68000      0.69566     -4.14051     60.17458
     0.68200      0.69670     -4.12409     60.30043
     0.68400      0.69774     -4.10766     60.42651
     0.68600      0.69878     -4.09124     60.55282
     0.68800      0.69982     -4.07481     60.67937
     0.69000      0.70087     -4.05839     60.80614
     0.69200      0.70191     -4.04196     60.93314
     0.69400      0.70296     -4.02553     61.06038
     0.69600      0.70401     -4.00911     61.18784
     0.69800      0.70506     -3.99268     61.31554
     0.70000      0.70611     -3.97625     61.44347
     0.70200      0.70716     -3.95982     61.57163
     0.70400      0.70821     -3.94339     61.70001
     0.70600      0.70927     -3.92696     61.82863
     0.70800      0.71032     -3.91054     61.95749
     0.71000      0.71138     -3.89411     62.08657
     0.71200      0.71244     -3.87768     62.21588
     0.71400      0.71350     -3.86125     62.34543
     0.71600      0.71456     -3.84482     62.47521
     0.71800      0.71562     -3.82839     62.60522
     0.72000      0.71669     -3.81196     62.73546
     0.72200      0.71775     -3.79553     62.86594
     0.72400      0.71882     -3.77910     62.99665
     0.72600      0.71988     -3.76267     63.12759
     0.72800      0.72095     -3.74624     63.25876
     0.73000      0.72202     -3.72981     63.39017
     0.73200      0.72309     -3.71338     63.52180
     0.73400      0.72417     -3.69695     63.65368
     0.73600      0.72524     -3.68052     63.78578
     0.73800      0.72631     -3.66410     63.91812
     0.74000      0.72739     -3.64767     64.05069
     0.74200      0.72847     -3.63124     64.18350
     0.74400      0.72955     -3.61481     64.31654
     0.74600      0.73063     -3.59838     64.44982
     0.74800      0.73171     -3.58195     64.58333
     0.75000      0.73279     -3.56553     64.71707
     0.75200      0.73387     -3.54910     64.85105
     0.75400      0.73496     -3.53267     64.98526
     0.75600      0.73604     -3.51625     65.11971
     0.75800      0.73713     -3.49982     65.25439
     0.76000      0.73822     -3.48340     65.38931
     0.76200      0.73931     -3.46697     65.52447
     0.76400      0.74040     -3.45055     65.65986
     0.76600      0.74149     -3.43412     65.79548
     0.76800      0.74259     -3.41770     65.93134
     0.77000      0.74368     -3.40127     66.06744
     0.77200      0.74478     -3.38485     66.20377
     0.77400      0.74588     -3.36843     66.34034
     0.77600      0.74697     -3.35201     66.47715
     0.77800      0.74807     -3.33559     66.61419
     0.78000      0.74918     -3.31917     66.75147
     0.78200      0.75028     -3.30275     66.88899
     0.78400      0.75138     -3.28633     67.02675
     0.78600      0.75249     -3.26991     67.16474
     0.78800      0.75359     -3.25349     67.30297
     0.79000      0.75470     -3.23707     67.44143
     0.79200      0.75581     -3.22066     67.58014
     0.79400      0.75692     -3.20424     67.71908
     0.79600      0.75803     -3.18783     67.85826
     0.79800      0.75914     -3.17141     67.99768
     0.80000      0.76026     -3.15500     68.13733
     0.80200      0.76137     -3.13859     68.27723
     0.80400      0.76249     -3.12218     68.41736
     0.80600      0.76360     -3.10577     68.55774
     0.80800      0.76472     -3.08936     68.69835
     0.81000      0.76584     -3.07295     68.83920
     0.81200      0.76696     -3.05654     68.98029
     0.81400      0.76809     -3.04013     69.12162
     0.81600      0.76921     -3.02373     69.26319
     0.81800      0.77034     -3.00732     69.40499
     0.82000      0.77146     -2.99092     69.54704
     0.82200      0.77259     -2.97452     69.68933
     0.82400      0.77372     -2.95812     69.83186
     0.82600      0.77485     -2.94172     69.97462
     0.82800      0.77598     -2.92532     70.11763
     0.83000      0.77711     -2.90892     70.26088
     0.83200      0.77825     -2.89252     70.40436
     0.83400      0.77938     -2.87613     70.54809
     0.83600      0.78052     -2.85973     70.69206
     0.83800      0.78165     -2.84334     70.83627
     0.84000      0.78279     -2.82695     70.98072
     0.84200      0.78393     -2.81056     71.12541
     0.84400      0.78507     -2.79417     71.27034
     0.84600      0.78621     -2.77778     71.41551
     0.84800      0.78736     -2.76139     71.56092
     0.85000      0.78850     -2.74501     71.70658
     0.85200      0.78965     -2.72862     71.85247
     0.85400      0.79080     -2.71224     71.99861
     0.85600      0.79194     -2.69586     72.14498
     0.85800      0.79309     -2.67948     72.29160
     0.86000      0.79424     -2.66311     72.43846
     0.86200      0.79540     -2.64673     72.58556
     0.86400      0.79655     -2.63036     72.73290
     0.86600      0.79770     -2.61398     72.88048
     0.86800      0.79886     -2.59761     73.02830
     0.87000      0.80002     -2.58124     73.17636
     0.87200      0.80118     -2.56488     73.32467
     0.87400      0.80233     -2.54851     73.47321
     0.87600      0.80350     -2.53215     73.62200
     0.87800      0.80466     -2.51579     73.77103
     0.88000      0.80582     -2.49943     73.92029
     0.88200      0.80698     -2.48307     74.06980
     0.88400      0.80815     -2.46671     74.21955
     0.88600      0.80932     -2.45036     74.36954
     0.88800      0.81048     -2.43401     74.51977
     0.89000      0.81165     -2.41766     74.67024
     0.89200      0.81282     -2.40131     74.82095
     0.89400      0.81399     -2.38497     74.97190
     0.89600      0.81517     -2.36862     75.12309
     0.89800      0.81634     -2.35228     75.27452
     0.90000      0.81752     -2.33595     75.42619
     0.90200      0.81869     -2.31961     75.57810
     0.90400      0.81987     -2.30328     75.73025
     0.90600      0.82105     -2.28695     75.88264
     0.90800      0.82223     -2.27062     76.03527
     0.91000      0.82341     -2.25429     76.18813
     0.91200      0.82459     -2.23797     76.34124
     0.91400      0.82577     -2.22165     76.49458
     0.91600      0.82696     -2.20533     76.64816
     0.91800      0.82814     -2.18902     76.80197
     0.92000      0.82933     -2.17271     76.95603
     0.92200      0.83052     -2.15640     77.11032
     0.92400      0.83171     -2.14009     77.26484
     0.92600      0.83290     -2.12379     77.41960
     0.92800      0.83409     -2.10749     77.57460
     0.93000      0.83528     -2.09120     77.72984
     0.93200      0.83647     -2.07490     77.88530
     0.93400      0.83767     -2.05861     78.04101
     0.93600      0.83886     -2.04233     78.19694
     0.93800      0.84006     -2.02605     78.35311
     0.94000      0.84126     -2.00977     78.50951
     0.94200      0.84245     -1.99349     78.66615
     0.94400      0.84365     -1.97722     78.82301
     0.94600      0.84486     -1.96095     78.98011
     0.94800      0.84606     -1.94469     79.13743
     0.95000      0.84726     -1.92843     79.29499
     0.95200      0.84847     -1.91218     79.45277
     0.95400      0.84967     -1.89592     79.61078
     0.95600      0.85088     -1.87968     79.76902
     0.95800      0.85208     -1.86344     79.92749
     0.96000      0.85329     -1.84720     80.08618
     0.96200      0.85450     -1.83096     80.24510
     0.96400      0.85571     -1.81474     80.40424
     0.96600      0.85692     -1.79851     80.56360
     0.96800      0.85814     -1.78229     80.72318
     0.97000      0.85935     -1.76608     80.88299
     0.97200      0.86056     -1.74987     81.04301
     0.97400      0.86178     -1.73367     81.20325
     0.97600      0.86299     -1.71747     81.36371
     0.97800      0.86421     -1.70128     81.52438
     0.98000      0.86543     -1.68509     81.68527
     0.98200      0.86665     -1.66891     81.84638
     0.98400      0.86787     -1.65274     82.00769
     0.98600      0.86909     -1.63657     82.16921
     0.98800      0.87031     -1.62041     82.33095
     0.99000      0.87153     -1.60426     82.49289
     0.99200      0.87276     -1.58811     82.65503
     0.99400      0.87398     -1.57197     82.81738
     0.99600      0.87521     -1.55583     82.97993
     0.99800      0.87643     -1.53971     83.14268
